2024-06-22 14:42:40,5379,Success Audit,Microsoft-Windows-Security-Auditing,DESKTOP-QUV3S97,"('S-1-5-21-1915879001-2348363783-178924610-1001', 'Adnan', 'DESKTOP-QUV3S97', '0xc04c4', 'Adobe User Info(Part1)', '1', '1', '%%8099', '0', '2024-06-22T08:42:39.9605146Z', '14972')"
2024-06-22 14:42:42,5379,Success Audit,Microsoft-Windows-Security-Auditing,DESKTOP-QUV3S97,"('S-1-5-21-1915879001-2348363783-178924610-1001', 'Adnan', 'DESKTOP-QUV3S97', '0xc04c4', 'Adobe User Info(Part1)', '1', '1', '%%8099', '0', '2024-06-22T08:42:39.9605146Z', '14972')"
2024-06-22 14:42:47,4797,Success Audit,Microsoft-Windows-Security-Auditing,DESKTOP-QUV3S97,"('S-1-5-21-1915879001-2348363783-178924610-1001', 'Adnan', 'DESKTOP-QUV3S97', '0xc04c4', 'DESKTOP-QUV3S97', 'Administrator', 'DESKTOP-QUV3S97')"
2024-06-22 14:43:06,5379,Success Audit,Microsoft-Windows-Security-Auditing,DESKTOP-QUV3S97,"('S-1-5-21-1915879001-2348363783-178924610-1001', 'Adnan', 'DESKTOP-QUV3S97', '0xc04c4', 'ACCC.com.adobe.acc.pmp.D2BB18355D01068F0A495C16.ThirdPartyPluginsInstall', '1', '1', '%%8099', '0', '2024-06-22T08:41:46.9606610Z', '18132')"
2024-06-22 14:43:08,5379,Success Audit,Microsoft-Windows-Security-Auditing,DESKTOP-QUV3S97,"('S-1-5-21-1915879001-2348363783-178924610-1001', 'Adnan', 'DESKTOP-QUV3S97', '0xc04c4', 'Adobe App Info (Q0NMaWJyYXJ5Mnt9MjAxODA3MjAwMQ)(Part1)', '1', '1', '%%8099', '0', '2024-06-22T08:42:21.8346789Z', '19436')"
2024-06-22 14:43:09,5379,Success Audit,Microsoft-Windows-Security-Auditing,DESKTOP-QUV3S97,"('S-1-5-21-1915879001-2348363783-178924610-1001', 'Adnan', 'DESKTOP-QUV3S97', '0xc04c4', 'Adobe User Info(Part1)', '1', '1', '%%8099', '0', '2024-06-22T08:42:21.8346789Z', '19436')"
2024-06-22 14:43:10,5379,Success Audit,Microsoft-Windows-Security-Auditing,DESKTOP-QUV3S97,"('S-1-5-21-1915879001-2348363783-178924610-1001', 'Adnan', 'DESKTOP-QUV3S97', '0xc04c4', 'Adobe User Info(Part1)', '1', '1', '%%8099', '0', '2024-06-22T08:42:21.8346789Z', '19436')"
2024-06-22 14:43:54,4798,Success Audit,Microsoft-Windows-Security-Auditing,DESKTOP-QUV3S97,"('Administrator', 'DESKTOP-QUV3S97', 'S-1-5-21-1915879001-2348363783-178924610-500', 'S-1-5-18', 'DESKTOP-QUV3S97$', 'WORKGROUP', '0x3e7', '0x3658', 'C:\\Windows\\System32\\svchost.exe')"
2024-06-22 14:44:55,4624,Success Audit,Microsoft-Windows-Security-Auditing,DESKTOP-QUV3S97,"('S-1-5-18', 'DESKTOP-QUV3S97$', 'WORKGROUP', '0x3e7', 'S-1-5-18', 'SYSTEM', 'NT AUTHORITY', '0x3e7', '5', 'Advapi  ', 'Negotiate', '-', '{00000000-0000-0000-0000-000000000000}', '-', '-', '0', '0x4b8', 'C:\\Windows\\System32\\services.exe', '-', '-', '%%1833', '-', '-', '-', '-', '%%1843', '0x0', '%%1842')"
2024-06-22 14:45:06,4798,Success Audit,Microsoft-Windows-Security-Auditing,DESKTOP-QUV3S97,"('Administrator', 'DESKTOP-QUV3S97', 'S-1-5-21-1915879001-2348363783-178924610-500', 'S-1-5-18', 'DESKTOP-QUV3S97$', 'WORKGROUP', '0x3e7', '0x3658', 'C:\\Windows\\System32\\svchost.exe')"
2024-06-22 14:45:24,5382,Success Audit,Microsoft-Windows-Security-Auditing,DESKTOP-QUV3S97,"('S-1-5-18', 'DESKTOP-QUV3S97$', 'WORKGROUP', '0x3e7', 'NGC Local Accoount Logon Vault Resource Schema', '{1d4350a3-330d-4af9-b3ff-a927a45998ac}', 'NGC Local Accoount Logon Vault Resource', '01050000000000051500000059FE31720730F98B422CAA0AE9030000', '', '0', '1168', '2024-06-22T08:39:34.3549086Z', '4644')"
2024-06-22 14:45:30,5379,Success Audit,Microsoft-Windows-Security-Auditing,DESKTOP-QUV3S97,"('S-1-5-21-1915879001-2348363783-178924610-1001', 'Adnan', 'DESKTOP-QUV3S97', '0xc04c4', 'Adobe User Info(Part1)', '1', '1', '%%8099', '0', '2024-06-22T08:40:29.9015458Z', '16160')"
2024-06-22 14:46:29,4624,Success Audit,Microsoft-Windows-Security-Auditing,DESKTOP-QUV3S97,"('S-1-5-18', 'DESKTOP-QUV3S97$', 'WORKGROUP', '0x3e7', 'S-1-5-18', 'SYSTEM', 'NT AUTHORITY', '0x3e7', '5', 'Advapi  ', 'Negotiate', '-', '{00000000-0000-0000-0000-000000000000}', '-', '-', '0', '0x4b8', 'C:\\Windows\\System32\\services.exe', '-', '-', '%%1833', '-', '-', '-', '-', '%%1843', '0x0', '%%1842')"
2024-06-22 14:46:30,4624,Success Audit,Microsoft-Windows-Security-Auditing,DESKTOP-QUV3S97,"('S-1-5-18', 'DESKTOP-QUV3S97$', 'WORKGROUP', '0x3e7', 'S-1-5-18', 'SYSTEM', 'NT AUTHORITY', '0x3e7', '5', 'Advapi  ', 'Negotiate', '-', '{00000000-0000-0000-0000-000000000000}', '-', '-', '0', '0x4b8', 'C:\\Windows\\System32\\services.exe', '-', '-', '%%1833', '-', '-', '-', '-', '%%1843', '0x0', '%%1842')"
2024-06-22 14:46:31,4624,Success Audit,Microsoft-Windows-Security-Auditing,DESKTOP-QUV3S97,"('S-1-5-18', 'DESKTOP-QUV3S97$', 'WORKGROUP', '0x3e7', 'S-1-5-18', 'SYSTEM', 'NT AUTHORITY', '0x3e7', '5', 'Advapi  ', 'Negotiate', '-', '{00000000-0000-0000-0000-000000000000}', '-', '-', '0', '0x4b8', 'C:\\Windows\\System32\\services.exe', '-', '-', '%%1833', '-', '-', '-', '-', '%%1843', '0x0', '%%1842')"
2024-06-22 14:46:34,5379,Success Audit,Microsoft-Windows-Security-Auditing,DESKTOP-QUV3S97,"('S-1-5-18', 'DESKTOP-QUV3S97$', 'WORKGROUP', '0x3e7', 'MicrosoftAccount:user=02egmqpvpyrjqfeo', '0', '0', '%%8100', '3221226021', '2024-06-22T08:39:53.5605743Z', '9260')"
2024-06-22 14:46:35,5379,Success Audit,Microsoft-Windows-Security-Auditing,DESKTOP-QUV3S97,"('S-1-5-18', 'DESKTOP-QUV3S97$', 'WORKGROUP', '0x3e7', 'MicrosoftAccount:user=02egmqpvpyrjqfeo', '0', '0', '%%8100', '3221226021', '2024-06-22T08:39:53.5605743Z', '9260')"
2024-06-22 14:46:42,4798,Success Audit,Microsoft-Windows-Security-Auditing,DESKTOP-QUV3S97,"('Administrator', 'DESKTOP-QUV3S97', 'S-1-5-21-1915879001-2348363783-178924610-500', 'S-1-5-18', 'DESKTOP-QUV3S97$', 'WORKGROUP', '0x3e7', '0x3658', 'C:\\Windows\\System32\\svchost.exe')"
2024-06-22 14:46:45,5379,Success Audit,Microsoft-Windows-Security-Auditing,DESKTOP-QUV3S97,"('S-1-5-21-1915879001-2348363783-178924610-1001', 'Adnan', 'DESKTOP-QUV3S97', '0xc04c4', 'MicrosoftAccount:user=win11217229@gmail.com', '0', '1', '%%8100', '0', '2024-06-22T08:39:53.5605743Z', '9260')"
2024-06-22 14:46:46,5379,Success Audit,Microsoft-Windows-Security-Auditing,DESKTOP-QUV3S97,"('S-1-5-21-1915879001-2348363783-178924610-1001', 'Adnan', 'DESKTOP-QUV3S97', '0xc04c4', 'MicrosoftAccount:user=adnanjohan54@gmail.com', '0', '1', '%%8100', '0', '2024-06-22T08:39:53.5605743Z', '9260')"
2024-06-22 14:46:48,5379,Success Audit,Microsoft-Windows-Security-Auditing,DESKTOP-QUV3S97,"('S-1-5-21-1915879001-2348363783-178924610-1001', 'Adnan', 'DESKTOP-QUV3S97', '0xc04c4', 'MicrosoftAccount:user=adnanjohan54@gmail.com', '0', '1', '%%8100', '0', '2024-06-22T08:39:53.5605743Z', '9260')"
2024-06-22 14:46:49,5379,Success Audit,Microsoft-Windows-Security-Auditing,DESKTOP-QUV3S97,"('S-1-5-21-1915879001-2348363783-178924610-1001', 'Adnan', 'DESKTOP-QUV3S97', '0xc04c4', 'MicrosoftAccount:user=02qmteouloqmaorb', '0', '0', '%%8100', '3221226021', '2024-06-22T08:39:53.5605743Z', '9260')"
2024-06-22 14:47:18,4624,Success Audit,Microsoft-Windows-Security-Auditing,DESKTOP-QUV3S97,"('S-1-5-18', 'DESKTOP-QUV3S97$', 'WORKGROUP', '0x3e7', 'S-1-5-18', 'SYSTEM', 'NT AUTHORITY', '0x3e7', '5', 'Advapi  ', 'Negotiate', '-', '{00000000-0000-0000-0000-000000000000}', '-', '-', '0', '0x4b8', 'C:\\Windows\\System32\\services.exe', '-', '-', '%%1833', '-', '-', '-', '-', '%%1843', '0x0', '%%1842')"
2024-06-22 14:47:22,4624,Success Audit,Microsoft-Windows-Security-Auditing,DESKTOP-QUV3S97,"('S-1-5-18', 'DESKTOP-QUV3S97$', 'WORKGROUP', '0x3e7', 'S-1-5-18', 'SYSTEM', 'NT AUTHORITY', '0x3e7', '5', 'Advapi  ', 'Negotiate', '-', '{00000000-0000-0000-0000-000000000000}', '-', '-', '0', '0x4b8', 'C:\\Windows\\System32\\services.exe', '-', '-', '%%1833', '-', '-', '-', '-', '%%1843', '0x0', '%%1842')"
2024-06-22 14:47:30,5379,Success Audit,Microsoft-Windows-Security-Auditing,DESKTOP-QUV3S97,"('S-1-5-21-1915879001-2348363783-178924610-1001', 'Adnan', 'DESKTOP-QUV3S97', '0xc04c4', 'MicrosoftAccount:user=win11217229@gmail.com', '0', '1', '%%8100', '0', '2024-06-22T08:39:53.5605743Z', '9260')"
2024-06-22 14:47:31,5379,Success Audit,Microsoft-Windows-Security-Auditing,DESKTOP-QUV3S97,"('S-1-5-21-1915879001-2348363783-178924610-1001', 'Adnan', 'DESKTOP-QUV3S97', '0xc04c4', 'MicrosoftAccount:user=win11217229@gmail.com', '0', '1', '%%8100', '0', '2024-06-22T08:39:53.5605743Z', '9260')"
2024-06-22 14:48:20,4799,Success Audit,Microsoft-Windows-Security-Auditing,DESKTOP-QUV3S97,"('Users', 'Builtin', 'S-1-5-32-545', 'S-1-5-18', 'DESKTOP-QUV3S97$', 'WORKGROUP', '0x3e7', '0x1b98', 'C:\\Program Files (x86)\\Microsoft\\EdgeUpdate\\Install\\{8E576DE3-1933-4AD9-9283-38392382B0E2}\\EDGEMITMP_7E07D.tmp\\setup.exe')"
2024-06-22 14:48:45,5058,Success Audit,Microsoft-Windows-Security-Auditing,DESKTOP-QUV3S97,"('S-1-5-21-1915879001-2348363783-178924610-1001', 'Adnan', 'DESKTOP-QUV3S97', '0xc04c4', '18172', '2024-06-22T08:48:43.6340265Z', 'Microsoft Software Key Storage Provider', 'ECDSA_P256', 'Microsoft-Edge-TB-test-key', '%%2500', 'C:\\Users\\win11\\AppData\\Roaming\\Microsoft\\Crypto\\Keys\\53caafca80232173a709de019a7d9dbb_63674727-7a53-478c-ab09-bed1da73ae69', '%%2459', '0x0')"
2024-06-22 14:48:47,5058,Success Audit,Microsoft-Windows-Security-Auditing,DESKTOP-QUV3S97,"('S-1-5-21-1915879001-2348363783-178924610-1001', 'Adnan', 'DESKTOP-QUV3S97', '0xc04c4', '17780', '2024-06-22T08:48:42.6608591Z', 'Microsoft Software Key Storage Provider', 'ECDSA_P256', 'ChromeMetricsTestKey', '%%2500', 'C:\\Users\\win11\\AppData\\Roaming\\Microsoft\\Crypto\\Keys\\1e313dfb17707690d41bc1ce552b952a_63674727-7a53-478c-ab09-bed1da73ae69', '%%2459', '0x0')"
2024-06-22 14:48:48,5379,Success Audit,Microsoft-Windows-Security-Auditing,DESKTOP-QUV3S97,"('S-1-5-21-1915879001-2348363783-178924610-1001', 'Adnan', 'DESKTOP-QUV3S97', '0xc04c4', 'MicrosoftAccount:user=adnanjohan54@gmail.com', '0', '1', '%%8100', '0', '2024-06-22T08:39:53.5605743Z', '9260')"
2024-06-22 14:48:49,5379,Success Audit,Microsoft-Windows-Security-Auditing,DESKTOP-QUV3S97,"('S-1-5-21-1915879001-2348363783-178924610-1001', 'Adnan', 'DESKTOP-QUV3S97', '0xc04c4', 'MicrosoftAccount:user=adnanjohan54@gmail.com', '0', '1', '%%8100', '0', '2024-06-22T08:39:53.5605743Z', '9260')"
2024-06-22 14:49:00,4798,Success Audit,Microsoft-Windows-Security-Auditing,DESKTOP-QUV3S97,"('Administrator', 'DESKTOP-QUV3S97', 'S-1-5-21-1915879001-2348363783-178924610-500', 'S-1-5-18', 'DESKTOP-QUV3S97$', 'WORKGROUP', '0x3e7', '0x3658', 'C:\\Windows\\System32\\svchost.exe')"
2024-06-22 14:49:15,4624,Success Audit,Microsoft-Windows-Security-Auditing,DESKTOP-QUV3S97,"('S-1-5-18', 'DESKTOP-QUV3S97$', 'WORKGROUP', '0x3e7', 'S-1-5-18', 'SYSTEM', 'NT AUTHORITY', '0x3e7', '5', 'Advapi  ', 'Negotiate', '-', '{00000000-0000-0000-0000-000000000000}', '-', '-', '0', '0x4b8', 'C:\\Windows\\System32\\services.exe', '-', '-', '%%1833', '-', '-', '-', '-', '%%1843', '0x0', '%%1842')"
2024-06-22 14:49:19,5379,Success Audit,Microsoft-Windows-Security-Auditing,DESKTOP-QUV3S97,"('S-1-5-18', 'DESKTOP-QUV3S97$', 'WORKGROUP', '0x3e7', 'MicrosoftAccount:user=02egmqpvpyrjqfeo', '0', '0', '%%8100', '3221226021', '2024-06-22T08:39:53.5605743Z', '9260')"
2024-06-22 14:50:00,5382,Success Audit,Microsoft-Windows-Security-Auditing,DESKTOP-QUV3S97,"('S-1-5-18', 'DESKTOP-QUV3S97$', 'WORKGROUP', '0x3e7', 'NGC Local Accoount Logon Vault Resource Schema', '{1d4350a3-330d-4af9-b3ff-a927a45998ac}', 'NGC Local Accoount Logon Vault Resource', '01050000000000051500000059FE31720730F98B422CAA0AE9030000', '', '0', '1168', '2024-06-22T08:39:34.3549086Z', '4644')"
2024-06-22 14:51:45,4798,Success Audit,Microsoft-Windows-Security-Auditing,DESKTOP-QUV3S97,"('Administrator', 'DESKTOP-QUV3S97', 'S-1-5-21-1915879001-2348363783-178924610-500', 'S-1-5-18', 'DESKTOP-QUV3S97$', 'WORKGROUP', '0x3e7', '0x3658', 'C:\\Windows\\System32\\svchost.exe')"
2024-06-22 14:52:36,4624,Success Audit,Microsoft-Windows-Security-Auditing,DESKTOP-QUV3S97,"('S-1-5-18', 'DESKTOP-QUV3S97$', 'WORKGROUP', '0x3e7', 'S-1-5-18', 'SYSTEM', 'NT AUTHORITY', '0x3e7', '5', 'Advapi  ', 'Negotiate', '-', '{00000000-0000-0000-0000-000000000000}', '-', '-', '0', '0x4b8', 'C:\\Windows\\System32\\services.exe', '-', '-', '%%1833', '-', '-', '-', '-', '%%1843', '0x0', '%%1842')"
2024-06-22 14:54:37,4798,Success Audit,Microsoft-Windows-Security-Auditing,DESKTOP-QUV3S97,"('Administrator', 'DESKTOP-QUV3S97', 'S-1-5-21-1915879001-2348363783-178924610-500', 'S-1-5-18', 'DESKTOP-QUV3S97$', 'WORKGROUP', '0x3e7', '0x3658', 'C:\\Windows\\System32\\svchost.exe')"
2024-06-22 14:54:47,4798,Success Audit,Microsoft-Windows-Security-Auditing,DESKTOP-QUV3S97,"('Administrator', 'DESKTOP-QUV3S97', 'S-1-5-21-1915879001-2348363783-178924610-500', 'S-1-5-21-1915879001-2348363783-178924610-1001', 'Adnan', 'DESKTOP-QUV3S97', '0xc04c4', '0x2428', 'C:\\Windows\\System32\\taskhostw.exe')"
2024-06-22 14:54:48,5379,Success Audit,Microsoft-Windows-Security-Auditing,DESKTOP-QUV3S97,"('S-1-5-21-1915879001-2348363783-178924610-1001', 'Adnan', 'DESKTOP-QUV3S97', '0xc04c4', 'MicrosoftAccount:user=adnanjohan54@gmail.com', '0', '1', '%%8100', '0', '2024-06-22T08:39:53.5605743Z', '9260')"
2024-06-22 14:54:50,5379,Success Audit,Microsoft-Windows-Security-Auditing,DESKTOP-QUV3S97,"('S-1-5-21-1915879001-2348363783-178924610-1001', 'Adnan', 'DESKTOP-QUV3S97', '0xc04c4', 'MicrosoftAccount:user=adnanjohan54@gmail.com', '0', '1', '%%8100', '0', '2024-06-22T08:39:53.5605743Z', '9260')"
2024-06-22 14:54:53,5379,Success Audit,Microsoft-Windows-Security-Auditing,DESKTOP-QUV3S97,"('S-1-5-21-1915879001-2348363783-178924610-1001', 'Adnan', 'DESKTOP-QUV3S97', '0xc04c4', 'MicrosoftAccount:user=win11217229@gmail.com', '0', '1', '%%8100', '0', '2024-06-22T08:39:53.5605743Z', '9260')"
2024-06-22 14:55:16,4798,Success Audit,Microsoft-Windows-Security-Auditing,DESKTOP-QUV3S97,"('Administrator', 'DESKTOP-QUV3S97', 'S-1-5-21-1915879001-2348363783-178924610-500', 'S-1-5-18', 'DESKTOP-QUV3S97$', 'WORKGROUP', '0x3e7', '0x3658', 'C:\\Windows\\System32\\svchost.exe')"
2024-06-22 14:56:56,5379,Success Audit,Microsoft-Windows-Security-Auditing,DESKTOP-QUV3S97,"('S-1-5-21-1915879001-2348363783-178924610-1001', 'Adnan', 'DESKTOP-QUV3S97', '0xc04c4', 'Adobe App Info (Q29yZVN5bmMxe30yMDE4MDcyMDAx)(Part1)', '1', '1', '%%8099', '0', '2024-06-22T08:41:53.2638598Z', '9044')"
2024-06-22 14:56:57,5379,Success Audit,Microsoft-Windows-Security-Auditing,DESKTOP-QUV3S97,"('S-1-5-21-1915879001-2348363783-178924610-1001', 'Adnan', 'DESKTOP-QUV3S97', '0xc04c4', 'Adobe App Info (Q3JlYXRpdmVDbG91ZDJ7fTIwMTgwNzIwMDE)(Part1)', '1', '1', '%%8099', '0', '2024-06-22T08:41:48.8996287Z', '17504')"
2024-06-22 14:57:30,5379,Success Audit,Microsoft-Windows-Security-Auditing,DESKTOP-QUV3S97,"('S-1-5-21-1915879001-2348363783-178924610-1001', 'Adnan', 'DESKTOP-QUV3S97', '0xc04c4', 'Adobe App Info (Q0NMaWJyYXJ5Mnt9MjAxODA3MjAwMQ)(Part1)', '1', '1', '%%8099', '0', '2024-06-22T08:42:21.8346789Z', '19436')"
2024-06-22 14:58:21,4624,Success Audit,Microsoft-Windows-Security-Auditing,DESKTOP-QUV3S97,"('S-1-5-18', 'DESKTOP-QUV3S97$', 'WORKGROUP', '0x3e7', 'S-1-5-18', 'SYSTEM', 'NT AUTHORITY', '0x3e7', '5', 'Advapi  ', 'Negotiate', '-', '{00000000-0000-0000-0000-000000000000}', '-', '-', '0', '0x4b8', 'C:\\Windows\\System32\\services.exe', '-', '-', '%%1833', '-', '-', '-', '-', '%%1843', '0x0', '%%1842')"
2024-06-22 14:58:25,4799,Success Audit,Microsoft-Windows-Security-Auditing,DESKTOP-QUV3S97,"('Administrators', 'Builtin', 'S-1-5-32-544', 'S-1-5-18', 'DESKTOP-QUV3S97$', 'WORKGROUP', '0x3e7', '0x34bc', 'C:\\Windows\\System32\\svchost.exe')"
2024-06-22 14:58:43,4798,Success Audit,Microsoft-Windows-Security-Auditing,DESKTOP-QUV3S97,"('Administrator', 'DESKTOP-QUV3S97', 'S-1-5-21-1915879001-2348363783-178924610-500', 'S-1-5-18', 'DESKTOP-QUV3S97$', 'WORKGROUP', '0x3e7', '0x3658', 'C:\\Windows\\System32\\svchost.exe')"
2024-06-22 15:00:30,5379,Success Audit,Microsoft-Windows-Security-Auditing,DESKTOP-QUV3S97,"('S-1-5-21-1915879001-2348363783-178924610-1001', 'Adnan', 'DESKTOP-QUV3S97', '0xc04c4', 'Adobe User Info(Part1)', '1', '1', '%%8099', '0', '2024-06-22T08:40:29.9015458Z', '16160')"
2024-06-22 15:01:48,5379,Success Audit,Microsoft-Windows-Security-Auditing,DESKTOP-QUV3S97,"('S-1-5-21-1915879001-2348363783-178924610-1001', 'Adnan', 'DESKTOP-QUV3S97', '0xc04c4', 'Adobe User Info(Part1)', '1', '1', '%%8099', '0', '2024-06-22T08:41:48.8996287Z', '17504')"
2024-06-22 15:01:53,5379,Success Audit,Microsoft-Windows-Security-Auditing,DESKTOP-QUV3S97,"('S-1-5-21-1915879001-2348363783-178924610-1001', 'Adnan', 'DESKTOP-QUV3S97', '0xc04c4', 'Adobe User Info(Part1)', '1', '1', '%%8099', '0', '2024-06-22T08:41:53.2638598Z', '9044')"
2024-06-22 15:02:05,4798,Success Audit,Microsoft-Windows-Security-Auditing,DESKTOP-QUV3S97,"('Administrator', 'DESKTOP-QUV3S97', 'S-1-5-21-1915879001-2348363783-178924610-500', 'S-1-5-18', 'DESKTOP-QUV3S97$', 'WORKGROUP', '0x3e7', '0x3658', 'C:\\Windows\\System32\\svchost.exe')"
2024-06-22 15:02:24,5379,Success Audit,Microsoft-Windows-Security-Auditing,DESKTOP-QUV3S97,"('S-1-5-21-1915879001-2348363783-178924610-1001', 'Adnan', 'DESKTOP-QUV3S97', '0xc04c4', 'Adobe User Info(Part1)', '1', '1', '%%8099', '0', '2024-06-22T08:42:21.8346789Z', '19436')"
2024-06-22 15:05:21,4798,Success Audit,Microsoft-Windows-Security-Auditing,DESKTOP-QUV3S97,"('Administrator', 'DESKTOP-QUV3S97', 'S-1-5-21-1915879001-2348363783-178924610-500', 'S-1-5-18', 'DESKTOP-QUV3S97$', 'WORKGROUP', '0x3e7', '0x3658', 'C:\\Windows\\System32\\svchost.exe')"
2024-06-22 15:08:44,4798,Success Audit,Microsoft-Windows-Security-Auditing,DESKTOP-QUV3S97,"('Administrator', 'DESKTOP-QUV3S97', 'S-1-5-21-1915879001-2348363783-178924610-500', 'S-1-5-18', 'DESKTOP-QUV3S97$', 'WORKGROUP', '0x3e7', '0x3658', 'C:\\Windows\\System32\\svchost.exe')"
2024-06-22 15:09:38,4798,Success Audit,Microsoft-Windows-Security-Auditing,DESKTOP-QUV3S97,"('Administrator', 'DESKTOP-QUV3S97', 'S-1-5-21-1915879001-2348363783-178924610-500', 'S-1-5-18', 'DESKTOP-QUV3S97$', 'WORKGROUP', '0x3e7', '0x3658', 'C:\\Windows\\System32\\svchost.exe')"
2024-06-22 15:11:58,5379,Success Audit,Microsoft-Windows-Security-Auditing,DESKTOP-QUV3S97,"('S-1-5-21-1915879001-2348363783-178924610-1001', 'Adnan', 'DESKTOP-QUV3S97', '0xc04c4', 'Adobe App Info (Q3JlYXRpdmVDbG91ZDJ7fTIwMTgwNzIwMDE)(Part1)', '1', '1', '%%8099', '0', '2024-06-22T08:41:48.8996287Z', '17504')"
2024-06-22 15:12:01,5379,Success Audit,Microsoft-Windows-Security-Auditing,DESKTOP-QUV3S97,"('S-1-5-21-1915879001-2348363783-178924610-1001', 'Adnan', 'DESKTOP-QUV3S97', '0xc04c4', 'Adobe App Info (Q29yZVN5bmMxe30yMDE4MDcyMDAx)(Part1)', '1', '1', '%%8099', '0', '2024-06-22T08:41:53.2638598Z', '9044')"
2024-06-22 15:12:03,4798,Success Audit,Microsoft-Windows-Security-Auditing,DESKTOP-QUV3S97,"('Administrator', 'DESKTOP-QUV3S97', 'S-1-5-21-1915879001-2348363783-178924610-500', 'S-1-5-18', 'DESKTOP-QUV3S97$', 'WORKGROUP', '0x3e7', '0x3658', 'C:\\Windows\\System32\\svchost.exe')"
2024-06-22 15:12:40,5379,Success Audit,Microsoft-Windows-Security-Auditing,DESKTOP-QUV3S97,"('S-1-5-21-1915879001-2348363783-178924610-1001', 'Adnan', 'DESKTOP-QUV3S97', '0xc04c4', 'Adobe App Info (Q0NMaWJyYXJ5Mnt9MjAxODA3MjAwMQ)(Part1)', '1', '1', '%%8099', '0', '2024-06-22T08:42:21.8346789Z', '19436')"
2024-06-22 15:12:54,5379,Success Audit,Microsoft-Windows-Security-Auditing,DESKTOP-QUV3S97,"('S-1-5-21-1915879001-2348363783-178924610-1001', 'Adnan', 'DESKTOP-QUV3S97', '0xc04c4', 'Adobe User OS Info(Part1)', '1', '1', '%%8099', '0', '2024-06-22T09:12:51.7199009Z', '7044')"
2024-06-22 15:12:55,5379,Success Audit,Microsoft-Windows-Security-Auditing,DESKTOP-QUV3S97,"('S-1-5-21-1915879001-2348363783-178924610-1001', 'Adnan', 'DESKTOP-QUV3S97', '0xc04c4', 'Adobe App Info (Q0NYUHJvY2VzczF7fTIwMTgwNzIwMDE)(Part1)', '1', '1', '%%8099', '0', '2024-06-22T09:12:51.7199009Z', '7044')"
2024-06-22 15:12:56,5379,Success Audit,Microsoft-Windows-Security-Auditing,DESKTOP-QUV3S97,"('S-1-5-21-1915879001-2348363783-178924610-1001', 'Adnan', 'DESKTOP-QUV3S97', '0xc04c4', 'Adobe User Info(Part1)', '1', '1', '%%8099', '0', '2024-06-22T09:12:51.7199009Z', '7044')"
2024-06-22 15:15:37,4798,Success Audit,Microsoft-Windows-Security-Auditing,DESKTOP-QUV3S97,"('Administrator', 'DESKTOP-QUV3S97', 'S-1-5-21-1915879001-2348363783-178924610-500', 'S-1-5-18', 'DESKTOP-QUV3S97$', 'WORKGROUP', '0x3e7', '0x3658', 'C:\\Windows\\System32\\svchost.exe')"
2024-06-22 15:16:09,4624,Success Audit,Microsoft-Windows-Security-Auditing,DESKTOP-QUV3S97,"('S-1-5-18', 'DESKTOP-QUV3S97$', 'WORKGROUP', '0x3e7', 'S-1-5-18', 'SYSTEM', 'NT AUTHORITY', '0x3e7', '5', 'Advapi  ', 'Negotiate', '-', '{00000000-0000-0000-0000-000000000000}', '-', '-', '0', '0x4b8', 'C:\\Windows\\System32\\services.exe', '-', '-', '%%1833', '-', '-', '-', '-', '%%1843', '0x0', '%%1842')"
2024-06-22 15:17:54,5379,Success Audit,Microsoft-Windows-Security-Auditing,DESKTOP-QUV3S97,"('S-1-5-21-1915879001-2348363783-178924610-1001', 'Adnan', 'DESKTOP-QUV3S97', '0xc04c4', 'Adobe User Info(Part1)', '1', '1', '%%8099', '0', '2024-06-22T09:12:51.7199009Z', '7044')"
2024-06-22 15:18:56,4798,Success Audit,Microsoft-Windows-Security-Auditing,DESKTOP-QUV3S97,"('Administrator', 'DESKTOP-QUV3S97', 'S-1-5-21-1915879001-2348363783-178924610-500', 'S-1-5-18', 'DESKTOP-QUV3S97$', 'WORKGROUP', '0x3e7', '0x3658', 'C:\\Windows\\System32\\svchost.exe')"
2024-06-22 15:22:15,4798,Success Audit,Microsoft-Windows-Security-Auditing,DESKTOP-QUV3S97,"('Administrator', 'DESKTOP-QUV3S97', 'S-1-5-21-1915879001-2348363783-178924610-500', 'S-1-5-18', 'DESKTOP-QUV3S97$', 'WORKGROUP', '0x3e7', '0x3658', 'C:\\Windows\\System32\\svchost.exe')"
2024-06-22 15:24:39,4798,Success Audit,Microsoft-Windows-Security-Auditing,DESKTOP-QUV3S97,"('Administrator', 'DESKTOP-QUV3S97', 'S-1-5-21-1915879001-2348363783-178924610-500', 'S-1-5-18', 'DESKTOP-QUV3S97$', 'WORKGROUP', '0x3e7', '0x3658', 'C:\\Windows\\System32\\svchost.exe')"
2024-06-22 15:24:40,4798,Success Audit,Microsoft-Windows-Security-Auditing,DESKTOP-QUV3S97,"('Administrator', 'DESKTOP-QUV3S97', 'S-1-5-21-1915879001-2348363783-178924610-500', 'S-1-5-18', 'DESKTOP-QUV3S97$', 'WORKGROUP', '0x3e7', '0x3658', 'C:\\Windows\\System32\\svchost.exe')"
2024-06-22 15:25:38,4798,Success Audit,Microsoft-Windows-Security-Auditing,DESKTOP-QUV3S97,"('Administrator', 'DESKTOP-QUV3S97', 'S-1-5-21-1915879001-2348363783-178924610-500', 'S-1-5-18', 'DESKTOP-QUV3S97$', 'WORKGROUP', '0x3e7', '0x3658', 'C:\\Windows\\System32\\svchost.exe')"
2024-06-22 15:27:02,5379,Success Audit,Microsoft-Windows-Security-Auditing,DESKTOP-QUV3S97,"('S-1-5-21-1915879001-2348363783-178924610-1001', 'Adnan', 'DESKTOP-QUV3S97', '0xc04c4', 'Adobe App Info (Q3JlYXRpdmVDbG91ZDJ7fTIwMTgwNzIwMDE)(Part1)', '1', '1', '%%8099', '0', '2024-06-22T08:41:48.8996287Z', '17504')"
2024-06-22 15:27:03,5379,Success Audit,Microsoft-Windows-Security-Auditing,DESKTOP-QUV3S97,"('S-1-5-21-1915879001-2348363783-178924610-1001', 'Adnan', 'DESKTOP-QUV3S97', '0xc04c4', 'Adobe App Prefetched Info (Q3JlYXRpdmVDbG91ZDJ7fTIwMTgwNzIwMDE)(Part1)', '1', '1', '%%8099', '3221226021', '2024-06-22T08:41:48.8996287Z', '17504')"
2024-06-22 15:27:05,5379,Success Audit,Microsoft-Windows-Security-Auditing,DESKTOP-QUV3S97,"('S-1-5-21-1915879001-2348363783-178924610-1001', 'Adnan', 'DESKTOP-QUV3S97', '0xc04c4', 'Adobe App Info (Q29yZVN5bmMxe30yMDE4MDcyMDAx)(Part1)', '1', '1', '%%8099', '0', '2024-06-22T08:41:53.2638598Z', '9044')"
2024-06-22 15:27:44,5379,Success Audit,Microsoft-Windows-Security-Auditing,DESKTOP-QUV3S97,"('S-1-5-21-1915879001-2348363783-178924610-1001', 'Adnan', 'DESKTOP-QUV3S97', '0xc04c4', 'Adobe App Info (Q0NMaWJyYXJ5Mnt9MjAxODA3MjAwMQ)(Part1)', '1', '1', '%%8099', '0', '2024-06-22T08:42:21.8346789Z', '19436')"
2024-06-22 15:28:43,4798,Success Audit,Microsoft-Windows-Security-Auditing,DESKTOP-QUV3S97,"('Administrator', 'DESKTOP-QUV3S97', 'S-1-5-21-1915879001-2348363783-178924610-500', 'S-1-5-18', 'DESKTOP-QUV3S97$', 'WORKGROUP', '0x3e7', '0x3658', 'C:\\Windows\\System32\\svchost.exe')"
2024-06-22 15:31:46,4798,Success Audit,Microsoft-Windows-Security-Auditing,DESKTOP-QUV3S97,"('Administrator', 'DESKTOP-QUV3S97', 'S-1-5-21-1915879001-2348363783-178924610-500', 'S-1-5-18', 'DESKTOP-QUV3S97$', 'WORKGROUP', '0x3e7', '0x3658', 'C:\\Windows\\System32\\svchost.exe')"
2024-06-22 15:32:54,5379,Success Audit,Microsoft-Windows-Security-Auditing,DESKTOP-QUV3S97,"('S-1-5-21-1915879001-2348363783-178924610-1001', 'Adnan', 'DESKTOP-QUV3S97', '0xc04c4', 'Adobe User Info(Part1)', '1', '1', '%%8099', '0', '2024-06-22T09:12:51.7199009Z', '7044')"
2024-06-22 15:34:58,4798,Success Audit,Microsoft-Windows-Security-Auditing,DESKTOP-QUV3S97,"('Administrator', 'DESKTOP-QUV3S97', 'S-1-5-21-1915879001-2348363783-178924610-500', 'S-1-5-18', 'DESKTOP-QUV3S97$', 'WORKGROUP', '0x3e7', '0x3658', 'C:\\Windows\\System32\\svchost.exe')"
2024-06-22 15:35:33,5379,Success Audit,Microsoft-Windows-Security-Auditing,DESKTOP-QUV3S97,"('S-1-5-21-1915879001-2348363783-178924610-1001', 'Adnan', 'DESKTOP-QUV3S97', '0xc04c4', 'MicrosoftAccount:user=adnanjohan54@gmail.com', '0', '1', '%%8100', '0', '2024-06-22T08:39:53.5605743Z', '9260')"
2024-06-22 15:35:35,5379,Success Audit,Microsoft-Windows-Security-Auditing,DESKTOP-QUV3S97,"('S-1-5-21-1915879001-2348363783-178924610-1001', 'Adnan', 'DESKTOP-QUV3S97', '0xc04c4', 'MicrosoftAccount:user=adnanjohan54@gmail.com', '0', '1', '%%8100', '0', '2024-06-22T08:39:53.5605743Z', '9260')"
2024-06-22 15:38:06,4798,Success Audit,Microsoft-Windows-Security-Auditing,DESKTOP-QUV3S97,"('Administrator', 'DESKTOP-QUV3S97', 'S-1-5-21-1915879001-2348363783-178924610-500', 'S-1-5-18', 'DESKTOP-QUV3S97$', 'WORKGROUP', '0x3e7', '0x3658', 'C:\\Windows\\System32\\svchost.exe')"
2024-06-22 15:39:41,4798,Success Audit,Microsoft-Windows-Security-Auditing,DESKTOP-QUV3S97,"('Administrator', 'DESKTOP-QUV3S97', 'S-1-5-21-1915879001-2348363783-178924610-500', 'S-1-5-18', 'DESKTOP-QUV3S97$', 'WORKGROUP', '0x3e7', '0x3658', 'C:\\Windows\\System32\\svchost.exe')"
2024-06-22 15:40:50,4798,Success Audit,Microsoft-Windows-Security-Auditing,DESKTOP-QUV3S97,"('Administrator', 'DESKTOP-QUV3S97', 'S-1-5-21-1915879001-2348363783-178924610-500', 'S-1-5-18', 'DESKTOP-QUV3S97$', 'WORKGROUP', '0x3e7', '0x3658', 'C:\\Windows\\System32\\svchost.exe')"
2024-06-22 15:42:08,5379,Success Audit,Microsoft-Windows-Security-Auditing,DESKTOP-QUV3S97,"('S-1-5-21-1915879001-2348363783-178924610-1001', 'Adnan', 'DESKTOP-QUV3S97', '0xc04c4', 'Adobe App Info (Q29yZVN5bmMxe30yMDE4MDcyMDAx)(Part1)', '1', '1', '%%8099', '0', '2024-06-22T08:41:53.2638598Z', '9044')"
2024-06-22 15:42:12,5379,Success Audit,Microsoft-Windows-Security-Auditing,DESKTOP-QUV3S97,"('S-1-5-21-1915879001-2348363783-178924610-1001', 'Adnan', 'DESKTOP-QUV3S97', '0xc04c4', 'Adobe App Info (Q3JlYXRpdmVDbG91ZDJ7fTIwMTgwNzIwMDE)(Part1)', '1', '1', '%%8099', '0', '2024-06-22T08:41:48.8996287Z', '17504')"
2024-06-22 15:42:52,5379,Success Audit,Microsoft-Windows-Security-Auditing,DESKTOP-QUV3S97,"('S-1-5-21-1915879001-2348363783-178924610-1001', 'Adnan', 'DESKTOP-QUV3S97', '0xc04c4', 'Adobe App Info (Q0NMaWJyYXJ5Mnt9MjAxODA3MjAwMQ)(Part1)', '1', '1', '%%8099', '0', '2024-06-22T08:42:21.8346789Z', '19436')"
2024-06-22 15:43:47,4798,Success Audit,Microsoft-Windows-Security-Auditing,DESKTOP-QUV3S97,"('Administrator', 'DESKTOP-QUV3S97', 'S-1-5-21-1915879001-2348363783-178924610-500', 'S-1-5-18', 'DESKTOP-QUV3S97$', 'WORKGROUP', '0x3e7', '0x3658', 'C:\\Windows\\System32\\svchost.exe')"
2024-06-22 15:45:11,5379,Success Audit,Microsoft-Windows-Security-Auditing,DESKTOP-QUV3S97,"('S-1-5-21-1915879001-2348363783-178924610-1001', 'Adnan', 'DESKTOP-QUV3S97', '0xc04c4', 'Adobe User OS Info(Part1)', '1', '1', '%%8099', '0', '2024-06-22T09:45:10.0271832Z', '584')"
2024-06-22 15:45:12,5379,Success Audit,Microsoft-Windows-Security-Auditing,DESKTOP-QUV3S97,"('S-1-5-21-1915879001-2348363783-178924610-1001', 'Adnan', 'DESKTOP-QUV3S97', '0xc04c4', 'Adobe App Info (Q0NYUHJvY2VzczF7fTIwMTgwNzIwMDE)(Part1)', '1', '1', '%%8099', '0', '2024-06-22T09:45:10.0271832Z', '584')"
2024-06-22 15:45:13,5379,Success Audit,Microsoft-Windows-Security-Auditing,DESKTOP-QUV3S97,"('S-1-5-21-1915879001-2348363783-178924610-1001', 'Adnan', 'DESKTOP-QUV3S97', '0xc04c4', 'Adobe User Info(Part1)', '1', '1', '%%8099', '0', '2024-06-22T09:45:10.0271832Z', '584')"
2024-06-22 15:47:02,5382,Success Audit,Microsoft-Windows-Security-Auditing,DESKTOP-QUV3S97,"('S-1-5-18', 'DESKTOP-QUV3S97$', 'WORKGROUP', '0x3e7', 'NGC Local Accoount Logon Vault Resource Schema', '{1d4350a3-330d-4af9-b3ff-a927a45998ac}', 'NGC Local Accoount Logon Vault Resource', '01050000000000051500000059FE31720730F98B422CAA0AE9030000', '', '0', '1168', '2024-06-22T08:39:34.3549086Z', '4644')"
2024-06-22 15:47:12,4798,Success Audit,Microsoft-Windows-Security-Auditing,DESKTOP-QUV3S97,"('Administrator', 'DESKTOP-QUV3S97', 'S-1-5-21-1915879001-2348363783-178924610-500', 'S-1-5-18', 'DESKTOP-QUV3S97$', 'WORKGROUP', '0x3e7', '0x3658', 'C:\\Windows\\System32\\svchost.exe')"
2024-06-22 15:50:02,4624,Success Audit,Microsoft-Windows-Security-Auditing,DESKTOP-QUV3S97,"('S-1-5-18', 'DESKTOP-QUV3S97$', 'WORKGROUP', '0x3e7', 'S-1-5-18', 'SYSTEM', 'NT AUTHORITY', '0x3e7', '5', 'Advapi  ', 'Negotiate', '-', '{00000000-0000-0000-0000-000000000000}', '-', '-', '0', '0x4b8', 'C:\\Windows\\System32\\services.exe', '-', '-', '%%1833', '-', '-', '-', '-', '%%1843', '0x0', '%%1842')"
2024-06-22 15:50:11,5379,Success Audit,Microsoft-Windows-Security-Auditing,DESKTOP-QUV3S97,"('S-1-5-21-1915879001-2348363783-178924610-1001', 'Adnan', 'DESKTOP-QUV3S97', '0xc04c4', 'Adobe User Info(Part1)', '1', '1', '%%8099', '0', '2024-06-22T09:45:10.0271832Z', '584')"
2024-06-22 15:52:02,4624,Success Audit,Microsoft-Windows-Security-Auditing,DESKTOP-QUV3S97,"('S-1-5-18', 'DESKTOP-QUV3S97$', 'WORKGROUP', '0x3e7', 'S-1-5-18', 'SYSTEM', 'NT AUTHORITY', '0x3e7', '5', 'Advapi  ', 'Negotiate', '-', '{00000000-0000-0000-0000-000000000000}', '-', '-', '0', '0x4b8', 'C:\\Windows\\System32\\services.exe', '-', '-', '%%1833', '-', '-', '-', '-', '%%1843', '0x0', '%%1842')"
2024-06-22 15:57:09,5379,Success Audit,Microsoft-Windows-Security-Auditing,DESKTOP-QUV3S97,"('S-1-5-21-1915879001-2348363783-178924610-1001', 'Adnan', 'DESKTOP-QUV3S97', '0xc04c4', 'Adobe App Info (Q29yZVN5bmMxe30yMDE4MDcyMDAx)(Part1)', '1', '1', '%%8099', '0', '2024-06-22T08:41:53.2638598Z', '9044')"
2024-06-22 15:57:21,5379,Success Audit,Microsoft-Windows-Security-Auditing,DESKTOP-QUV3S97,"('S-1-5-21-1915879001-2348363783-178924610-1001', 'Adnan', 'DESKTOP-QUV3S97', '0xc04c4', 'Adobe App Info (Q3JlYXRpdmVDbG91ZDJ7fTIwMTgwNzIwMDE)(Part1)', '1', '1', '%%8099', '0', '2024-06-22T08:41:48.8996287Z', '17504')"
2024-06-22 15:57:59,5379,Success Audit,Microsoft-Windows-Security-Auditing,DESKTOP-QUV3S97,"('S-1-5-21-1915879001-2348363783-178924610-1001', 'Adnan', 'DESKTOP-QUV3S97', '0xc04c4', 'Adobe App Info (Q0NMaWJyYXJ5Mnt9MjAxODA3MjAwMQ)(Part1)', '1', '1', '%%8099', '0', '2024-06-22T08:42:21.8346789Z', '19436')"
2024-06-22 16:05:11,5379,Success Audit,Microsoft-Windows-Security-Auditing,DESKTOP-QUV3S97,"('S-1-5-21-1915879001-2348363783-178924610-1001', 'Adnan', 'DESKTOP-QUV3S97', '0xc04c4', 'Adobe User Info(Part1)', '1', '1', '%%8099', '0', '2024-06-22T09:45:10.0271832Z', '584')"
2024-06-22 16:12:14,5379,Success Audit,Microsoft-Windows-Security-Auditing,DESKTOP-QUV3S97,"('S-1-5-21-1915879001-2348363783-178924610-1001', 'Adnan', 'DESKTOP-QUV3S97', '0xc04c4', 'Adobe App Info (Q29yZVN5bmMxe30yMDE4MDcyMDAx)(Part1)', '1', '1', '%%8099', '0', '2024-06-22T08:41:53.2638598Z', '9044')"
2024-06-22 16:12:27,5379,Success Audit,Microsoft-Windows-Security-Auditing,DESKTOP-QUV3S97,"('S-1-5-21-1915879001-2348363783-178924610-1001', 'Adnan', 'DESKTOP-QUV3S97', '0xc04c4', 'Adobe App Info (Q3JlYXRpdmVDbG91ZDJ7fTIwMTgwNzIwMDE)(Part1)', '1', '1', '%%8099', '0', '2024-06-22T08:41:48.8996287Z', '17504')"
2024-06-22 16:13:02,5379,Success Audit,Microsoft-Windows-Security-Auditing,DESKTOP-QUV3S97,"('S-1-5-21-1915879001-2348363783-178924610-1001', 'Adnan', 'DESKTOP-QUV3S97', '0xc04c4', 'Adobe App Info (Q0NMaWJyYXJ5Mnt9MjAxODA3MjAwMQ)(Part1)', '1', '1', '%%8099', '0', '2024-06-22T08:42:21.8346789Z', '19436')"
2024-06-22 16:17:28,5379,Success Audit,Microsoft-Windows-Security-Auditing,DESKTOP-QUV3S97,"('S-1-5-21-1915879001-2348363783-178924610-1001', 'Adnan', 'DESKTOP-QUV3S97', '0xc04c4', 'Adobe User OS Info(Part1)', '1', '1', '%%8099', '0', '2024-06-22T10:17:28.2226608Z', '2200')"
2024-06-22 16:17:29,5379,Success Audit,Microsoft-Windows-Security-Auditing,DESKTOP-QUV3S97,"('S-1-5-21-1915879001-2348363783-178924610-1001', 'Adnan', 'DESKTOP-QUV3S97', '0xc04c4', 'Adobe App Info (Q0NYUHJvY2VzczF7fTIwMTgwNzIwMDE)(Part1)', '1', '1', '%%8099', '0', '2024-06-22T10:17:28.2226608Z', '2200')"
2024-06-22 16:17:30,5379,Success Audit,Microsoft-Windows-Security-Auditing,DESKTOP-QUV3S97,"('S-1-5-21-1915879001-2348363783-178924610-1001', 'Adnan', 'DESKTOP-QUV3S97', '0xc04c4', 'Adobe User Info(Part1)', '1', '1', '%%8099', '0', '2024-06-22T10:17:28.2226608Z', '2200')"
2024-06-22 16:17:33,5379,Success Audit,Microsoft-Windows-Security-Auditing,DESKTOP-QUV3S97,"('S-1-5-21-1915879001-2348363783-178924610-1001', 'Adnan', 'DESKTOP-QUV3S97', '0xc04c4', 'MicrosoftAccount:user=adnanjohan54@gmail.com', '0', '1', '%%8100', '0', '2024-06-22T10:17:32.4595792Z', '9736')"
2024-06-22 16:17:38,5379,Success Audit,Microsoft-Windows-Security-Auditing,DESKTOP-QUV3S97,"('S-1-5-21-1915879001-2348363783-178924610-1001', 'Adnan', 'DESKTOP-QUV3S97', '0xc04c4', 'MicrosoftAccount:user=adnanjohan54@gmail.com', '0', '1', '%%8100', '0', '2024-06-22T10:17:32.4595792Z', '9736')"
2024-06-22 16:17:39,5379,Success Audit,Microsoft-Windows-Security-Auditing,DESKTOP-QUV3S97,"('S-1-5-21-1915879001-2348363783-178924610-1001', 'Adnan', 'DESKTOP-QUV3S97', '0xc04c4', 'MicrosoftAccount:user=adnanjohan54@gmail.com', '0', '1', '%%8100', '0', '2024-06-22T10:17:32.4595792Z', '9736')"
2024-06-22 16:18:04,5379,Success Audit,Microsoft-Windows-Security-Auditing,DESKTOP-QUV3S97,"('S-1-5-21-1915879001-2348363783-178924610-1001', 'Adnan', 'DESKTOP-QUV3S97', '0xc04c4', 'MicrosoftAccount:user=adnanjohan54@gmail.com', '0', '1', '%%8100', '0', '2024-06-22T10:17:32.4595792Z', '9736')"
2024-06-22 16:18:06,5379,Success Audit,Microsoft-Windows-Security-Auditing,DESKTOP-QUV3S97,"('S-1-5-21-1915879001-2348363783-178924610-1001', 'Adnan', 'DESKTOP-QUV3S97', '0xc04c4', 'MicrosoftAccount:user=adnanjohan54@gmail.com', '0', '1', '%%8100', '0', '2024-06-22T10:17:32.4595792Z', '9736')"
2024-06-22 16:18:07,4624,Success Audit,Microsoft-Windows-Security-Auditing,DESKTOP-QUV3S97,"('S-1-5-18', 'DESKTOP-QUV3S97$', 'WORKGROUP', '0x3e7', 'S-1-5-18', 'SYSTEM', 'NT AUTHORITY', '0x3e7', '5', 'Advapi  ', 'Negotiate', '-', '{00000000-0000-0000-0000-000000000000}', '-', '-', '0', '0x4b8', 'C:\\Windows\\System32\\services.exe', '-', '-', '%%1833', '-', '-', '-', '-', '%%1843', '0x0', '%%1842')"
2024-06-22 16:20:09,4798,Success Audit,Microsoft-Windows-Security-Auditing,DESKTOP-QUV3S97,"('Administrator', 'DESKTOP-QUV3S97', 'S-1-5-21-1915879001-2348363783-178924610-500', 'S-1-5-18', 'DESKTOP-QUV3S97$', 'WORKGROUP', '0x3e7', '0x21d4', 'C:\\Windows\\System32\\taskhostw.exe')"
2024-06-22 16:20:10,4624,Success Audit,Microsoft-Windows-Security-Auditing,DESKTOP-QUV3S97,"('S-1-5-18', 'DESKTOP-QUV3S97$', 'WORKGROUP', '0x3e7', 'S-1-5-18', 'SYSTEM', 'NT AUTHORITY', '0x3e7', '5', 'Advapi  ', 'Negotiate', '-', '{00000000-0000-0000-0000-000000000000}', '-', '-', '0', '0x4b8', 'C:\\Windows\\System32\\services.exe', '-', '-', '%%1833', '-', '-', '-', '-', '%%1843', '0x0', '%%1842')"
2024-06-22 16:20:11,4624,Success Audit,Microsoft-Windows-Security-Auditing,DESKTOP-QUV3S97,"('S-1-5-18', 'DESKTOP-QUV3S97$', 'WORKGROUP', '0x3e7', 'S-1-5-18', 'SYSTEM', 'NT AUTHORITY', '0x3e7', '5', 'Advapi  ', 'Negotiate', '-', '{00000000-0000-0000-0000-000000000000}', '-', '-', '0', '0x4b8', 'C:\\Windows\\System32\\services.exe', '-', '-', '%%1833', '-', '-', '-', '-', '%%1843', '0x0', '%%1842')"
2024-06-22 16:20:13,5382,Success Audit,Microsoft-Windows-Security-Auditing,DESKTOP-QUV3S97,"('S-1-5-18', 'DESKTOP-QUV3S97$', 'WORKGROUP', '0x3e7', 'NGC Local Accoount Logon Vault Resource Schema', '{1d4350a3-330d-4af9-b3ff-a927a45998ac}', 'NGC Local Accoount Logon Vault Resource', '01050000000000051500000059FE31720730F98B422CAA0AE9030000', '', '0', '1168', '2024-06-22T08:39:34.3549086Z', '4644')"
2024-06-22 16:20:14,5379,Success Audit,Microsoft-Windows-Security-Auditing,DESKTOP-QUV3S97,"('S-1-5-18', 'DESKTOP-QUV3S97$', 'WORKGROUP', '0x3e7', 'MicrosoftAccount:user=02egmqpvpyrjqfeo', '0', '0', '%%8100', '3221226021', '2024-06-22T10:17:32.4595792Z', '9736')"
2024-06-22 16:20:16,4798,Success Audit,Microsoft-Windows-Security-Auditing,DESKTOP-QUV3S97,"('Administrator', 'DESKTOP-QUV3S97', 'S-1-5-21-1915879001-2348363783-178924610-500', 'S-1-5-18', 'DESKTOP-QUV3S97$', 'WORKGROUP', '0x3e7', '0x21d4', 'C:\\Windows\\System32\\taskhostw.exe')"
2024-06-22 16:21:25,4624,Success Audit,Microsoft-Windows-Security-Auditing,DESKTOP-QUV3S97,"('S-1-5-18', 'DESKTOP-QUV3S97$', 'WORKGROUP', '0x3e7', 'S-1-5-18', 'SYSTEM', 'NT AUTHORITY', '0x3e7', '5', 'Advapi  ', 'Negotiate', '-', '{00000000-0000-0000-0000-000000000000}', '-', '-', '0', '0x4b8', 'C:\\Windows\\System32\\services.exe', '-', '-', '%%1833', '-', '-', '-', '-', '%%1843', '0x0', '%%1842')"
2024-06-22 16:21:41,5379,Success Audit,Microsoft-Windows-Security-Auditing,DESKTOP-QUV3S97,"('S-1-5-19', 'LOCAL SERVICE', 'NT AUTHORITY', '0x3e5', 'MicrosoftAccount:user=02qpajlrbzgjhxxq', '0', '0', '%%8100', '3221226021', '2024-06-22T10:17:32.4595792Z', '9736')"
2024-06-22 16:21:46,5379,Success Audit,Microsoft-Windows-Security-Auditing,DESKTOP-QUV3S97,"('S-1-5-21-1915879001-2348363783-178924610-1001', 'Adnan', 'DESKTOP-QUV3S97', '0xc043d', 'MicrosoftAccount:user=win11217229@gmail.com', '0', '1', '%%8100', '0', '2024-06-22T10:17:32.4595792Z', '9736')"
2024-06-22 16:22:15,4624,Success Audit,Microsoft-Windows-Security-Auditing,DESKTOP-QUV3S97,"('S-1-5-18', 'DESKTOP-QUV3S97$', 'WORKGROUP', '0x3e7', 'S-1-5-18', 'SYSTEM', 'NT AUTHORITY', '0x3e7', '5', 'Advapi  ', 'Negotiate', '-', '{00000000-0000-0000-0000-000000000000}', '-', '-', '0', '0x4b8', 'C:\\Windows\\System32\\services.exe', '-', '-', '%%1833', '-', '-', '-', '-', '%%1843', '0x0', '%%1842')"
2024-06-22 16:22:19,4799,Success Audit,Microsoft-Windows-Security-Auditing,DESKTOP-QUV3S97,"('Administrators', 'Builtin', 'S-1-5-32-544', 'S-1-5-18', 'DESKTOP-QUV3S97$', 'WORKGROUP', '0x3e7', '0x489c', 'C:\\Windows\\System32\\svchost.exe')"
2024-06-22 16:22:29,5379,Success Audit,Microsoft-Windows-Security-Auditing,DESKTOP-QUV3S97,"('S-1-5-21-1915879001-2348363783-178924610-1001', 'Adnan', 'DESKTOP-QUV3S97', '0xc04c4', 'Adobe User Info(Part1)', '1', '1', '%%8099', '0', '2024-06-22T10:17:28.2226608Z', '2200')"
2024-06-22 16:27:20,5379,Success Audit,Microsoft-Windows-Security-Auditing,DESKTOP-QUV3S97,"('S-1-5-21-1915879001-2348363783-178924610-1001', 'Adnan', 'DESKTOP-QUV3S97', '0xc04c4', 'Adobe App Info (Q29yZVN5bmMxe30yMDE4MDcyMDAx)(Part1)', '1', '1', '%%8099', '0', '2024-06-22T08:41:53.2638598Z', '9044')"
2024-06-22 16:27:31,5379,Success Audit,Microsoft-Windows-Security-Auditing,DESKTOP-QUV3S97,"('S-1-5-21-1915879001-2348363783-178924610-1001', 'Adnan', 'DESKTOP-QUV3S97', '0xc04c4', 'Adobe App Info (Q3JlYXRpdmVDbG91ZDJ7fTIwMTgwNzIwMDE)(Part1)', '1', '1', '%%8099', '0', '2024-06-22T08:41:48.8996287Z', '17504')"
2024-06-22 16:28:11,5379,Success Audit,Microsoft-Windows-Security-Auditing,DESKTOP-QUV3S97,"('S-1-5-21-1915879001-2348363783-178924610-1001', 'Adnan', 'DESKTOP-QUV3S97', '0xc04c4', 'Adobe App Info (Q0NMaWJyYXJ5Mnt9MjAxODA3MjAwMQ)(Part1)', '1', '1', '%%8099', '0', '2024-06-22T08:42:21.8346789Z', '19436')"
2024-06-22 16:28:58,4624,Success Audit,Microsoft-Windows-Security-Auditing,DESKTOP-QUV3S97,"('S-1-5-18', 'DESKTOP-QUV3S97$', 'WORKGROUP', '0x3e7', 'S-1-5-18', 'SYSTEM', 'NT AUTHORITY', '0x3e7', '5', 'Advapi  ', 'Negotiate', '-', '{00000000-0000-0000-0000-000000000000}', '-', '-', '0', '0x4b8', 'C:\\Windows\\System32\\services.exe', '-', '-', '%%1833', '-', '-', '-', '-', '%%1843', '0x0', '%%1842')"
2024-06-22 16:30:36,4624,Success Audit,Microsoft-Windows-Security-Auditing,DESKTOP-QUV3S97,"('S-1-5-18', 'DESKTOP-QUV3S97$', 'WORKGROUP', '0x3e7', 'S-1-5-18', 'SYSTEM', 'NT AUTHORITY', '0x3e7', '5', 'Advapi  ', 'Negotiate', '-', '{00000000-0000-0000-0000-000000000000}', '-', '-', '0', '0x4b8', 'C:\\Windows\\System32\\services.exe', '-', '-', '%%1833', '-', '-', '-', '-', '%%1843', '0x0', '%%1842')"
2024-06-22 16:30:37,5379,Success Audit,Microsoft-Windows-Security-Auditing,DESKTOP-QUV3S97,"('S-1-5-21-1915879001-2348363783-178924610-1001', 'Adnan', 'DESKTOP-QUV3S97', '0xc04c4', 'MicrosoftAccount:user=adnanjohan54@gmail.com', '0', '1', '%%8100', '0', '2024-06-22T10:30:36.3418857Z', '10528')"
2024-06-22 16:30:38,5379,Success Audit,Microsoft-Windows-Security-Auditing,DESKTOP-QUV3S97,"('S-1-5-21-1915879001-2348363783-178924610-1001', 'Adnan', 'DESKTOP-QUV3S97', '0xc04c4', 'MicrosoftAccount:user=adnanjohan54@gmail.com', '0', '1', '%%8100', '0', '2024-06-22T10:30:36.3418857Z', '10528')"
2024-06-22 16:30:39,5379,Success Audit,Microsoft-Windows-Security-Auditing,DESKTOP-QUV3S97,"('S-1-5-21-1915879001-2348363783-178924610-1001', 'Adnan', 'DESKTOP-QUV3S97', '0xc04c4', 'MicrosoftAccount:user=adnanjohan54@gmail.com', '0', '1', '%%8100', '0', '2024-06-22T10:30:36.3418857Z', '10528')"
2024-06-22 16:33:01,4798,Success Audit,Microsoft-Windows-Security-Auditing,DESKTOP-QUV3S97,"('Administrator', 'DESKTOP-QUV3S97', 'S-1-5-21-1915879001-2348363783-178924610-500', 'S-1-5-18', 'DESKTOP-QUV3S97$', 'WORKGROUP', '0x3e7', '0x390c', 'C:\\Windows\\System32\\taskhostw.exe')"
2024-06-22 16:33:05,5382,Success Audit,Microsoft-Windows-Security-Auditing,DESKTOP-QUV3S97,"('S-1-5-18', 'DESKTOP-QUV3S97$', 'WORKGROUP', '0x3e7', 'NGC Local Accoount Logon Vault Resource Schema', '{1d4350a3-330d-4af9-b3ff-a927a45998ac}', 'NGC Local Accoount Logon Vault Resource', '01050000000000051500000059FE31720730F98B422CAA0AE9030000', '', '0', '1168', '2024-06-22T08:39:34.3549086Z', '4644')"
2024-06-22 16:37:28,5379,Success Audit,Microsoft-Windows-Security-Auditing,DESKTOP-QUV3S97,"('S-1-5-21-1915879001-2348363783-178924610-1001', 'Adnan', 'DESKTOP-QUV3S97', '0xc04c4', 'Adobe User Info(Part1)', '1', '1', '%%8099', '0', '2024-06-22T10:17:28.2226608Z', '2200')"
2024-06-22 16:42:26,5379,Success Audit,Microsoft-Windows-Security-Auditing,DESKTOP-QUV3S97,"('S-1-5-21-1915879001-2348363783-178924610-1001', 'Adnan', 'DESKTOP-QUV3S97', '0xc04c4', 'Adobe App Info (Q29yZVN5bmMxe30yMDE4MDcyMDAx)(Part1)', '1', '1', '%%8099', '0', '2024-06-22T08:41:53.2638598Z', '9044')"
2024-06-22 16:42:32,5379,Success Audit,Microsoft-Windows-Security-Auditing,DESKTOP-QUV3S97,"('S-1-5-21-1915879001-2348363783-178924610-1001', 'Adnan', 'DESKTOP-QUV3S97', '0xc04c4', 'Adobe App Info (Q3JlYXRpdmVDbG91ZDJ7fTIwMTgwNzIwMDE)(Part1)', '1', '1', '%%8099', '0', '2024-06-22T08:41:48.8996287Z', '17504')"
2024-06-22 16:43:13,5379,Success Audit,Microsoft-Windows-Security-Auditing,DESKTOP-QUV3S97,"('S-1-5-21-1915879001-2348363783-178924610-1001', 'Adnan', 'DESKTOP-QUV3S97', '0xc04c4', 'Adobe App Info (Q0NMaWJyYXJ5Mnt9MjAxODA3MjAwMQ)(Part1)', '1', '1', '%%8099', '0', '2024-06-22T08:42:21.8346789Z', '19436')"
2024-06-22 16:46:30,4624,Success Audit,Microsoft-Windows-Security-Auditing,DESKTOP-QUV3S97,"('S-1-5-18', 'DESKTOP-QUV3S97$', 'WORKGROUP', '0x3e7', 'S-1-5-18', 'SYSTEM', 'NT AUTHORITY', '0x3e7', '5', 'Advapi  ', 'Negotiate', '-', '{00000000-0000-0000-0000-000000000000}', '-', '-', '0', '0x4b8', 'C:\\Windows\\System32\\services.exe', '-', '-', '%%1833', '-', '-', '-', '-', '%%1843', '0x0', '%%1842')"
2024-06-22 16:49:47,5379,Success Audit,Microsoft-Windows-Security-Auditing,DESKTOP-QUV3S97,"('S-1-5-21-1915879001-2348363783-178924610-1001', 'Adnan', 'DESKTOP-QUV3S97', '0xc04c4', 'Adobe User OS Info(Part1)', '1', '1', '%%8099', '0', '2024-06-22T10:49:46.5550427Z', '2468')"
2024-06-22 16:49:48,5379,Success Audit,Microsoft-Windows-Security-Auditing,DESKTOP-QUV3S97,"('S-1-5-21-1915879001-2348363783-178924610-1001', 'Adnan', 'DESKTOP-QUV3S97', '0xc04c4', 'Adobe App Info (Q0NYUHJvY2VzczF7fTIwMTgwNzIwMDE)(Part1)', '1', '1', '%%8099', '0', '2024-06-22T10:49:46.5550427Z', '2468')"
2024-06-22 16:49:49,5379,Success Audit,Microsoft-Windows-Security-Auditing,DESKTOP-QUV3S97,"('S-1-5-21-1915879001-2348363783-178924610-1001', 'Adnan', 'DESKTOP-QUV3S97', '0xc04c4', 'Adobe Proxy Username(Part1)', '1', '1', '%%8099', '3221226021', '2024-06-22T10:49:46.5550427Z', '2468')"
2024-06-22 16:53:39,4624,Success Audit,Microsoft-Windows-Security-Auditing,DESKTOP-QUV3S97,"('S-1-5-18', 'DESKTOP-QUV3S97$', 'WORKGROUP', '0x3e7', 'S-1-5-18', 'SYSTEM', 'NT AUTHORITY', '0x3e7', '5', 'Advapi  ', 'Negotiate', '-', '{00000000-0000-0000-0000-000000000000}', '-', '-', '0', '0x4b8', 'C:\\Windows\\System32\\services.exe', '-', '-', '%%1833', '-', '-', '-', '-', '%%1843', '0x0', '%%1842')"
2024-06-22 16:54:47,5379,Success Audit,Microsoft-Windows-Security-Auditing,DESKTOP-QUV3S97,"('S-1-5-21-1915879001-2348363783-178924610-1001', 'Adnan', 'DESKTOP-QUV3S97', '0xc04c4', 'Adobe User Info(Part1)', '1', '1', '%%8099', '0', '2024-06-22T10:49:46.5550427Z', '2468')"
2024-06-22 16:57:33,5379,Success Audit,Microsoft-Windows-Security-Auditing,DESKTOP-QUV3S97,"('S-1-5-21-1915879001-2348363783-178924610-1001', 'Adnan', 'DESKTOP-QUV3S97', '0xc04c4', 'Adobe App Info (Q29yZVN5bmMxe30yMDE4MDcyMDAx)(Part1)', '1', '1', '%%8099', '0', '2024-06-22T08:41:53.2638598Z', '9044')"
2024-06-22 16:57:38,5379,Success Audit,Microsoft-Windows-Security-Auditing,DESKTOP-QUV3S97,"('S-1-5-21-1915879001-2348363783-178924610-1001', 'Adnan', 'DESKTOP-QUV3S97', '0xc04c4', 'Adobe App Info (Q3JlYXRpdmVDbG91ZDJ7fTIwMTgwNzIwMDE)(Part1)', '1', '1', '%%8099', '0', '2024-06-22T08:41:48.8996287Z', '17504')"
2024-06-22 16:58:21,5379,Success Audit,Microsoft-Windows-Security-Auditing,DESKTOP-QUV3S97,"('S-1-5-21-1915879001-2348363783-178924610-1001', 'Adnan', 'DESKTOP-QUV3S97', '0xc04c4', 'Adobe App Info (Q0NMaWJyYXJ5Mnt9MjAxODA3MjAwMQ)(Part1)', '1', '1', '%%8099', '0', '2024-06-22T08:42:21.8346789Z', '19436')"
2024-06-22 16:59:02,4798,Success Audit,Microsoft-Windows-Security-Auditing,DESKTOP-QUV3S97,"('Adnan', 'DESKTOP-QUV3S97', 'S-1-5-21-1915879001-2348363783-178924610-1001', 'S-1-5-18', 'DESKTOP-QUV3S97$', 'WORKGROUP', '0x3e7', '0x53e0', 'C:\\Windows\\System32\\LogonUI.exe')"
2024-06-22 19:40:38,4624,Success Audit,Microsoft-Windows-Security-Auditing,DESKTOP-QUV3S97,"('S-1-5-18', 'DESKTOP-QUV3S97$', 'WORKGROUP', '0x3e7', 'S-1-5-18', 'SYSTEM', 'NT AUTHORITY', '0x3e7', '5', 'Advapi  ', 'Negotiate', '-', '{00000000-0000-0000-0000-000000000000}', '-', '-', '0', '0x4b8', 'C:\\Windows\\System32\\services.exe', '-', '-', '%%1833', '-', '-', '-', '-', '%%1843', '0x0', '%%1842')"
2024-06-22 19:41:08,4624,Success Audit,Microsoft-Windows-Security-Auditing,DESKTOP-QUV3S97,"('S-1-5-18', 'DESKTOP-QUV3S97$', 'WORKGROUP', '0x3e7', 'S-1-5-18', 'SYSTEM', 'NT AUTHORITY', '0x3e7', '5', 'Advapi  ', 'Negotiate', '-', '{00000000-0000-0000-0000-000000000000}', '-', '-', '0', '0x4b8', 'C:\\Windows\\System32\\services.exe', '-', '-', '%%1833', '-', '-', '-', '-', '%%1843', '0x0', '%%1842')"
2024-06-22 19:43:52,4624,Success Audit,Microsoft-Windows-Security-Auditing,DESKTOP-QUV3S97,"('S-1-5-18', 'DESKTOP-QUV3S97$', 'WORKGROUP', '0x3e7', 'S-1-5-18', 'SYSTEM', 'NT AUTHORITY', '0x3e7', '5', 'Advapi  ', 'Negotiate', '-', '{00000000-0000-0000-0000-000000000000}', '-', '-', '0', '0x4b8', 'C:\\Windows\\System32\\services.exe', '-', '-', '%%1833', '-', '-', '-', '-', '%%1843', '0x0', '%%1842')"
2024-06-22 19:43:53,4624,Success Audit,Microsoft-Windows-Security-Auditing,DESKTOP-QUV3S97,"('S-1-5-18', 'DESKTOP-QUV3S97$', 'WORKGROUP', '0x3e7', 'S-1-5-18', 'SYSTEM', 'NT AUTHORITY', '0x3e7', '5', 'Advapi  ', 'Negotiate', '-', '{00000000-0000-0000-0000-000000000000}', '-', '-', '0', '0x4b8', 'C:\\Windows\\System32\\services.exe', '-', '-', '%%1833', '-', '-', '-', '-', '%%1843', '0x0', '%%1842')"
2024-06-22 20:12:56,4624,Success Audit,Microsoft-Windows-Security-Auditing,DESKTOP-QUV3S97,"('S-1-5-18', 'DESKTOP-QUV3S97$', 'WORKGROUP', '0x3e7', 'S-1-5-18', 'SYSTEM', 'NT AUTHORITY', '0x3e7', '5', 'Advapi  ', 'Negotiate', '-', '{00000000-0000-0000-0000-000000000000}', '-', '-', '0', '0x4b8', 'C:\\Windows\\System32\\services.exe', '-', '-', '%%1833', '-', '-', '-', '-', '%%1843', '0x0', '%%1842')"
2024-06-22 20:12:57,5379,Success Audit,Microsoft-Windows-Security-Auditing,DESKTOP-QUV3S97,"('S-1-5-21-1915879001-2348363783-178924610-1001', 'Adnan', 'DESKTOP-QUV3S97', '0xc04c4', 'MicrosoftAccount:user=win11217229@gmail.com', '0', '1', '%%8100', '0', '2024-06-22T14:12:56.3036817Z', '19128')"
2024-06-22 20:12:58,5379,Success Audit,Microsoft-Windows-Security-Auditing,DESKTOP-QUV3S97,"('S-1-5-21-1915879001-2348363783-178924610-1001', 'Adnan', 'DESKTOP-QUV3S97', '0xc04c4', 'MicrosoftAccount:user=win11217229@gmail.com', '0', '1', '%%8100', '0', '2024-06-22T14:12:56.3036817Z', '19128')"
2024-06-22 20:12:59,5379,Success Audit,Microsoft-Windows-Security-Auditing,DESKTOP-QUV3S97,"('S-1-5-21-1915879001-2348363783-178924610-1001', 'Adnan', 'DESKTOP-QUV3S97', '0xc04c4', 'MicrosoftAccount:user=adnanjohan54@gmail.com', '0', '1', '%%8100', '0', '2024-06-22T14:12:56.3036817Z', '19128')"
2024-06-22 20:13:02,5379,Success Audit,Microsoft-Windows-Security-Auditing,DESKTOP-QUV3S97,"('S-1-5-21-1915879001-2348363783-178924610-1001', 'Adnan', 'DESKTOP-QUV3S97', '0xc04c4', 'MicrosoftAccount:user=adnanjohan54@gmail.com', '0', '1', '%%8100', '0', '2024-06-22T14:12:56.3036817Z', '19128')"
2024-06-22 20:13:04,4738,Success Audit,Microsoft-Windows-Security-Auditing,DESKTOP-QUV3S97,"('-', 'Adnan', 'DESKTOP-QUV3S97', 'S-1-5-21-1915879001-2348363783-178924610-1001', 'S-1-5-18', 'DESKTOP-QUV3S97$', 'WORKGROUP', '0x3e7', '-', '-', 'adnan mehdi', '-', '-', '-', '-', '-', '-', '-', '-', '-', '-', '-', '-', '-', '-', '-', '-')"
