2024-06-24 10:28:28,19,Information,Microsoft-Windows-WindowsUpdateClient,DESKTOP-QUV3S97,"('Security Intelligence Update for Microsoft Defender Antivirus - KB2267602 (Version 1.413.480.0) - Current Channel (Broad)', '{00b9ce75-55c7-4a23-8219-3e5b5d321df4}', '200', '{9482f4b4-e343-43b6-b170-9a65bc822c77}')"
2024-06-24 11:13:02,2,Information,Microsoft-Windows-IsolatedUserMode,DESKTOP-QUV3S97,"('0', '0', '0')"
2024-06-24 11:14:12,114,Information,Microsoft-Windows-HttpService,DESKTOP-QUV3S97,"('18302628894760501251', 'http://*:2869/upnp/eventing/', '12044', '\\Device\\HarddiskVolume3\\Windows\\System32\\svchost.exe', 'S-1-5-19')"
2024-06-24 11:14:32,114,Information,Microsoft-Windows-HttpService,DESKTOP-QUV3S97,"('18302628929120239623', 'http://*:2869/upnp/eventing/', '12044', '\\Device\\HarddiskVolume3\\Windows\\System32\\svchost.exe', 'S-1-5-19')"
2024-06-24 11:14:56,114,Information,Microsoft-Windows-HttpService,DESKTOP-QUV3S97,"('18302628933415206915', 'http://*:2869/upnp/eventing/', '12044', '\\Device\\HarddiskVolume3\\Windows\\System32\\svchost.exe', 'S-1-5-19')"
2024-06-24 11:17:00,7040,Information,Service Control Manager,DESKTOP-QUV3S97,"('Background Intelligent Transfer Service', 'auto start', 'demand start', 'BITS')"
2024-06-24 11:48:58,44,Information,Microsoft-Windows-WindowsUpdateClient,DESKTOP-QUV3S97,"('9NP9QTRNK38Q-Microsoft.Ink.Handwriting.en-US.1.0', '{f9c55cd9-222a-43ae-b091-57ad953fb572}', '1')"
2024-06-24 12:00:00,6013,Information,EventLog,DESKTOP-QUV3S97,"('', '', '', '', '163238', '60', '')"
2024-06-24 12:24:51,10016,Warning,DCOM,DESKTOP-QUV3S97,"('application-specific', 'Local', 'Activation', '{2593F8B9-4EAF-457C-B68A-50F6B8EA6B54}', '{15C20B67-12E7-4BB6-92BB-7AFF07997402}', 'DESKTOP-QUV3S97', 'Adnan', 'S-1-5-21-1915879001-2348363783-178924610-1001', 'LocalHost (Using LRPC)', 'Microsoft.SkypeApp_15.122.3205.0_x64__kzf8qxf38zg5c', 'Unavailable')"
2024-06-24 12:24:52,10016,Warning,DCOM,DESKTOP-QUV3S97,"('application-specific', 'Local', 'Activation', '{2593F8B9-4EAF-457C-B68A-50F6B8EA6B54}', '{15C20B67-12E7-4BB6-92BB-7AFF07997402}', 'DESKTOP-QUV3S97', 'Adnan', 'S-1-5-21-1915879001-2348363783-178924610-1001', 'LocalHost (Using LRPC)', 'Microsoft.SkypeApp_15.122.3205.0_x64__kzf8qxf38zg5c', 'Unavailable')"
2024-06-24 15:13:03,2,Information,Microsoft-Windows-IsolatedUserMode,DESKTOP-QUV3S97,"('0', '0', '0')"
2024-06-24 15:14:04,113,Information,Microsoft-Windows-HttpService,DESKTOP-QUV3S97,"('18302628933415206917', 'http://*:2869/upnp/eventing/', '0', '12044', '\\Device\\HarddiskVolume3\\Windows\\System32\\svchost.exe', 'S-1-5-19')"
2024-06-24 15:14:08,114,Information,Microsoft-Windows-HttpService,DESKTOP-QUV3S97,"('18302628933415206917', 'http://*:2869/upnp/eventing/', '12044', '\\Device\\HarddiskVolume3\\Windows\\System32\\svchost.exe', 'S-1-5-19')"
2024-06-24 15:14:25,114,Information,Microsoft-Windows-HttpService,DESKTOP-QUV3S97,"('18302628929120239626', 'http://*:2869/upnp/eventing/', '12044', '\\Device\\HarddiskVolume3\\Windows\\System32\\svchost.exe', 'S-1-5-19')"
2024-06-24 15:15:24,114,Information,Microsoft-Windows-HttpService,DESKTOP-QUV3S97,"('18302628929120239627', 'http://*:2869/upnp/eventing/', '12044', '\\Device\\HarddiskVolume3\\Windows\\System32\\svchost.exe', 'S-1-5-19')"
2024-06-24 15:15:25,113,Information,Microsoft-Windows-HttpService,DESKTOP-QUV3S97,"('18302628933415206919', 'http://*:2869/upnp/eventing/', '0', '12044', '\\Device\\HarddiskVolume3\\Windows\\System32\\svchost.exe', 'S-1-5-19')"
2024-06-24 15:15:29,114,Information,Microsoft-Windows-HttpService,DESKTOP-QUV3S97,"('18302628933415206919', 'http://*:2869/upnp/eventing/', '12044', '\\Device\\HarddiskVolume3\\Windows\\System32\\svchost.exe', 'S-1-5-19')"
2024-06-24 15:17:33,7040,Information,Service Control Manager,DESKTOP-QUV3S97,"('Background Intelligent Transfer Service', 'auto start', 'demand start', 'BITS')"
2024-06-24 19:10:07,107,Information,Microsoft-Windows-Kernel-Power,DESKTOP-QUV3S97,"('6', '5', '5', '1601-01-01T00:00:00.0000000Z', '1601-01-01T00:00:00.0000000Z', '0', '0')"
2024-06-25 10:30:41,1,Information,Microsoft-Windows-Kernel-General,DESKTOP-QUV3S97,"('2024-06-25T04:30:41.5000000Z', '2024-06-24T13:10:07.3375413Z', '55234162', '2', '', '4', '2024-06-25T10:30:41.5000000Z', '-360', 'false', 'false')"
2024-06-25 10:31:27,134,Warning,Microsoft-Windows-Time-Service,DESKTOP-QUV3S97,"('No such host is known. (0x80072AF9)', '15', 'time.windows.com,0x9')"
2024-06-25 10:32:48,134,Warning,Microsoft-Windows-Time-Service,DESKTOP-QUV3S97,"('No such host is known. (0x80072AF9)', '15', 'time.windows.com,0x9')"
2024-06-25 10:34:35,4001,Information,Microsoft-Windows-WLAN-AutoConfig,DESKTOP-QUV3S97,
2024-06-25 10:34:38,109,Information,Microsoft-Windows-Kernel-Power,DESKTOP-QUV3S97,"('5', '0', '5')"
2024-06-25 10:34:39,577,Information,Microsoft-Windows-Kernel-Power,DESKTOP-QUV3S97,"('0', 'false', '279')"
2024-06-25 10:34:47,12,Information,Microsoft-Windows-Kernel-General,DESKTOP-QUV3S97,"('10', '0', '22621', '3733', '0', '0', '2024-06-25T04:34:47.5000000Z')"
2024-06-25 10:34:48,6,Information,Microsoft-Windows-FilterManager,DESKTOP-QUV3S97,"('0x0', '10', '0', '8', 'FileInfo', '2079-02-27T04:03:00.0000000Z')"
2024-06-25 10:34:49,98,Information,Microsoft-Windows-Ntfs,DESKTOP-QUV3S97,"('D:', '\\Device\\HarddiskVolume4', '0')"
2024-06-25 10:34:52,521,Information,Microsoft-Windows-Kernel-Power,DESKTOP-QUV3S97,"('0', '0', '0')"
2024-06-25 10:34:54,10118,Information,Microsoft-Windows-DriverFrameworks-UserMode,DESKTOP-QUV3S97,
2024-06-25 10:36:12,7040,Information,Service Control Manager,DESKTOP-QUV3S97,"('Background Intelligent Transfer Service', 'demand start', 'auto start', 'BITS')"
2024-06-25 10:36:21,114,Information,Microsoft-Windows-HttpService,DESKTOP-QUV3S97,"('18302628929120239617', 'http://*:2869/upnp/eventing/', '15924', '\\Device\\HarddiskVolume3\\Windows\\System32\\svchost.exe', 'S-1-5-19')"
2024-06-25 10:37:01,37,Information,Microsoft-Windows-Time-Service,DESKTOP-QUV3S97,"('time.windows.com,0x9 (ntp.m|0x9|0.0.0.0:123->40.81.94.65:123)',)"
2024-06-25 10:37:15,35,Information,Microsoft-Windows-Time-Service,DESKTOP-QUV3S97,"('time.windows.com,0x9 (ntp.m|0x9|0.0.0.0:123->40.81.94.65:123)', '1096700200', '4')"
2024-06-25 10:37:36,10016,Warning,DCOM,DESKTOP-QUV3S97,"('application-specific', 'Local', 'Activation', '{2593F8B9-4EAF-457C-B68A-50F6B8EA6B54}', '{15C20B67-12E7-4BB6-92BB-7AFF07997402}', 'DESKTOP-QUV3S97', 'Adnan', 'S-1-5-21-1915879001-2348363783-178924610-1001', 'LocalHost (Using LRPC)', 'Unavailable', 'Unavailable')"
2024-06-25 10:39:53,114,Information,Microsoft-Windows-HttpService,DESKTOP-QUV3S97,"('18302628933415206913', 'http://*:2869/upnp/eventing/', '15924', '\\Device\\HarddiskVolume3\\Windows\\System32\\svchost.exe', 'S-1-5-19')"
2024-06-25 10:39:57,114,Information,Microsoft-Windows-HttpService,DESKTOP-QUV3S97,"('18302628924825272321', 'http://*:2869/upnp/eventing/', '15924', '\\Device\\HarddiskVolume3\\Windows\\System32\\svchost.exe', 'S-1-5-19')"
2024-06-25 10:41:18,114,Information,Microsoft-Windows-HttpService,DESKTOP-QUV3S97,"('18302628929120239620', 'http://*:2869/upnp/eventing/', '15924', '\\Device\\HarddiskVolume3\\Windows\\System32\\svchost.exe', 'S-1-5-19')"
2024-06-25 10:41:37,16,Information,Microsoft-Windows-Kernel-General,DESKTOP-QUV3S97,"('110', '\\??\\C:\\Users\\win11\\AppData\\Local\\Packages\\Microsoft.Windows.Photos_8wekyb3d8bbwe\\SystemAppData\\Helium\\User.dat', '18', '1')"
2024-06-25 10:42:01,7040,Information,Service Control Manager,DESKTOP-QUV3S97,"('Background Intelligent Transfer Service', 'auto start', 'demand start', 'BITS')"
2024-06-25 10:45:40,44,Information,Microsoft-Windows-WindowsUpdateClient,DESKTOP-QUV3S97,"('Security Intelligence Update for Microsoft Defender Antivirus - KB2267602 (Version 1.413.503.0) - Current Channel (Broad)', '{8acce551-32f4-4e55-bba6-f61ad822372c}', '200')"
2024-06-25 10:45:45,19,Information,Microsoft-Windows-WindowsUpdateClient,DESKTOP-QUV3S97,"('Security Intelligence Update for Microsoft Defender Antivirus - KB2267602 (Version 1.413.503.0) - Current Channel (Broad)', '{8acce551-32f4-4e55-bba6-f61ad822372c}', '200', '{9482f4b4-e343-43b6-b170-9a65bc822c77}')"
2024-06-25 10:54:19,158,Information,Microsoft-Windows-Time-Service,DESKTOP-QUV3S97,"('VMICTimeProvider',)"
2024-06-25 10:59:06,10016,Warning,DCOM,DESKTOP-QUV3S97,"('application-specific', 'Local', 'Activation', '{2593F8B9-4EAF-457C-B68A-50F6B8EA6B54}', '{15C20B67-12E7-4BB6-92BB-7AFF07997402}', 'DESKTOP-QUV3S97', 'Adnan', 'S-1-5-21-1915879001-2348363783-178924610-1001', 'LocalHost (Using LRPC)', 'Microsoft.SkypeApp_15.122.3205.0_x64__kzf8qxf38zg5c', 'Unavailable')"
2024-06-25 10:59:07,10016,Warning,DCOM,DESKTOP-QUV3S97,"('application-specific', 'Local', 'Activation', '{2593F8B9-4EAF-457C-B68A-50F6B8EA6B54}', '{15C20B67-12E7-4BB6-92BB-7AFF07997402}', 'DESKTOP-QUV3S97', 'Adnan', 'S-1-5-21-1915879001-2348363783-178924610-1001', 'LocalHost (Using LRPC)', 'Microsoft.SkypeApp_15.122.3205.0_x64__kzf8qxf38zg5c', 'Unavailable')"
2024-06-25 11:11:23,158,Information,Microsoft-Windows-Time-Service,DESKTOP-QUV3S97,"('VMICTimeProvider',)"
2024-06-25 11:18:59,10016,Warning,DCOM,DESKTOP-QUV3S97,"('application-specific', 'Local', 'Activation', '{2593F8B9-4EAF-457C-B68A-50F6B8EA6B54}', '{15C20B67-12E7-4BB6-92BB-7AFF07997402}', 'DESKTOP-QUV3S97', 'Adnan', 'S-1-5-21-1915879001-2348363783-178924610-1001', 'LocalHost (Using LRPC)', 'Unavailable', 'Unavailable')"
2024-06-25 11:20:43,2,Information,Microsoft-Windows-IsolatedUserMode,DESKTOP-QUV3S97,"('0', '0', '0')"
2024-06-25 11:21:33,10016,Warning,DCOM,DESKTOP-QUV3S97,"('application-specific', 'Local', 'Activation', '{2593F8B9-4EAF-457C-B68A-50F6B8EA6B54}', '{15C20B67-12E7-4BB6-92BB-7AFF07997402}', 'DESKTOP-QUV3S97', 'Adnan', 'S-1-5-21-1915879001-2348363783-178924610-1001', 'LocalHost (Using LRPC)', 'Unavailable', 'Unavailable')"
2024-06-25 11:21:53,114,Information,Microsoft-Windows-HttpService,DESKTOP-QUV3S97,"('18302628929120239621', 'http://*:2869/upnp/eventing/', '15924', '\\Device\\HarddiskVolume3\\Windows\\System32\\svchost.exe', 'S-1-5-19')"
2024-06-25 11:22:33,114,Information,Microsoft-Windows-HttpService,DESKTOP-QUV3S97,"('18302628929120239622', 'http://*:2869/upnp/eventing/', '15924', '\\Device\\HarddiskVolume3\\Windows\\System32\\svchost.exe', 'S-1-5-19')"
2024-06-25 11:22:37,114,Information,Microsoft-Windows-HttpService,DESKTOP-QUV3S97,"('18302628903350435841', 'http://*:2869/upnp/eventing/', '15924', '\\Device\\HarddiskVolume3\\Windows\\System32\\svchost.exe', 'S-1-5-19')"
2024-06-25 11:24:41,7040,Information,Service Control Manager,DESKTOP-QUV3S97,"('Background Intelligent Transfer Service', 'auto start', 'demand start', 'BITS')"
2024-06-25 11:28:27,158,Information,Microsoft-Windows-Time-Service,DESKTOP-QUV3S97,"('VMICTimeProvider',)"
2024-06-25 11:45:31,158,Information,Microsoft-Windows-Time-Service,DESKTOP-QUV3S97,"('VMICTimeProvider',)"
2024-06-25 11:59:59,6013,Information,EventLog,DESKTOP-QUV3S97,"('', '', '', '', '5112', '60', '')"
2024-06-25 12:00:00,6013,Information,EventLog,DESKTOP-QUV3S97,"('', '', '', '', '5113', '60', '')"
2024-06-25 14:43:21,566,Information,Microsoft-Windows-Kernel-Power,DESKTOP-QUV3S97,"('70', '11', '3', '0', '5452558235', '45680', '45680', '45680', '45680', '4', '1', 'true', '11')"
2024-06-25 15:13:33,566,Information,Microsoft-Windows-Kernel-Power,DESKTOP-QUV3S97,"('70', '0', '9', '0', '25479895', '45680', '45680', '45680', '45680', '10', '1', 'true', '0')"
2024-06-25 15:13:34,566,Information,Microsoft-Windows-Kernel-Power,DESKTOP-QUV3S97,"('70', '0', '10', '1', '323217', '45680', '45680', '45680', '45680', '11', '2', 'true', '0')"
2024-06-25 15:36:15,114,Information,Microsoft-Windows-HttpService,DESKTOP-QUV3S97,"('18302628894760501249', 'http://*:2869/upnp/eventing/', '15924', '\\Device\\HarddiskVolume3\\Windows\\System32\\svchost.exe', 'S-1-5-19')"
2024-06-25 15:36:39,114,Information,Microsoft-Windows-HttpService,DESKTOP-QUV3S97,"('18302628929120239623', 'http://*:2869/upnp/eventing/', '15924', '\\Device\\HarddiskVolume3\\Windows\\System32\\svchost.exe', 'S-1-5-19')"
2024-06-25 15:38:47,7040,Information,Service Control Manager,DESKTOP-QUV3S97,"('Background Intelligent Transfer Service', 'auto start', 'demand start', 'BITS')"
2024-06-25 16:05:49,105,Information,Microsoft-Windows-Kernel-Power,DESKTOP-QUV3S97,"('true', '41750', '45630')"
2024-06-25 16:51:29,16,Information,Microsoft-Windows-Kernel-General,DESKTOP-QUV3S97,"('105', '\\??\\C:\\Users\\win11\\AppData\\Local\\Packages\\Clipchamp.Clipchamp_yxz26nhyzhsrt\\SystemAppData\\Helium\\User.dat', '1', '1')"
2024-06-25 19:20:44,2,Information,Microsoft-Windows-IsolatedUserMode,DESKTOP-QUV3S97,"('0', '0', '0')"
2024-06-25 19:21:54,114,Information,Microsoft-Windows-HttpService,DESKTOP-QUV3S97,"('18302628890465533953', 'http://*:2869/upnp/eventing/', '15924', '\\Device\\HarddiskVolume3\\Windows\\System32\\svchost.exe', 'S-1-5-19')"
2024-06-25 19:22:22,114,Information,Microsoft-Windows-HttpService,DESKTOP-QUV3S97,"('18302628886170566657', 'http://*:2869/upnp/eventing/', '15924', '\\Device\\HarddiskVolume3\\Windows\\System32\\svchost.exe', 'S-1-5-19')"
2024-06-25 19:22:26,114,Information,Microsoft-Windows-HttpService,DESKTOP-QUV3S97,"('18302628899055468545', 'http://*:2869/upnp/eventing/', '15924', '\\Device\\HarddiskVolume3\\Windows\\System32\\svchost.exe', 'S-1-5-19')"
2024-06-25 19:22:27,113,Information,Microsoft-Windows-HttpService,DESKTOP-QUV3S97,"('18302628890465533954', 'http://*:2869/upnp/eventing/', '0', '15924', '\\Device\\HarddiskVolume3\\Windows\\System32\\svchost.exe', 'S-1-5-19')"
2024-06-25 19:23:19,107,Information,Microsoft-Windows-Kernel-Power,DESKTOP-QUV3S97,"('6', '5', '5', '1601-01-01T00:00:00.0000000Z', '1601-01-01T00:00:00.0000000Z', '0', '0')"
2024-06-26 11:19:56,1,Information,Microsoft-Windows-Kernel-General,DESKTOP-QUV3S97,"('2024-06-26T05:19:56.5000000Z', '2024-06-25T13:23:19.7562153Z', '57396743', '2', '', '4', '2024-06-26T11:19:56.5000000Z', '-360', 'false', 'false')"
2024-06-26 11:20:03,111,Information,Microsoft-Windows-HttpService,DESKTOP-QUV3S97,"('18302628886170566659', '0', '15460', '\\Device\\HarddiskVolume3\\Windows\\System32\\svchost.exe', 'S-1-5-19')"
2024-06-26 11:20:10,2,Information,Microsoft-Windows-IsolatedUserMode,DESKTOP-QUV3S97,"('0', '0', '0')"
2024-06-26 11:21:07,7040,Information,Service Control Manager,DESKTOP-QUV3S97,"('Background Intelligent Transfer Service', 'auto start', 'demand start', 'BITS')"
2024-06-26 11:22:09,114,Information,Microsoft-Windows-HttpService,DESKTOP-QUV3S97,"('18302628916235337730', 'http://*:2869/upnp/eventing/', '15924', '\\Device\\HarddiskVolume3\\Windows\\System32\\svchost.exe', 'S-1-5-19')"
2024-06-26 11:22:52,114,Information,Microsoft-Windows-HttpService,DESKTOP-QUV3S97,"('18302628899055468546', 'http://*:2869/upnp/eventing/', '15924', '\\Device\\HarddiskVolume3\\Windows\\System32\\svchost.exe', 'S-1-5-19')"
2024-06-26 11:22:53,113,Information,Microsoft-Windows-HttpService,DESKTOP-QUV3S97,"('18302628933415206916', 'http://*:2869/upnp/eventing/', '0', '15924', '\\Device\\HarddiskVolume3\\Windows\\System32\\svchost.exe', 'S-1-5-19')"
2024-06-26 11:22:54,113,Information,Microsoft-Windows-HttpService,DESKTOP-QUV3S97,"('18302628933415206917', 'http://*:2869/upnp/eventing/', '0', '15924', '\\Device\\HarddiskVolume3\\Windows\\System32\\svchost.exe', 'S-1-5-19')"
2024-06-26 11:23:21,114,Information,Microsoft-Windows-HttpService,DESKTOP-QUV3S97,"('18302628933415206917', 'http://*:2869/upnp/eventing/', '15924', '\\Device\\HarddiskVolume3\\Windows\\System32\\svchost.exe', 'S-1-5-19')"
2024-06-26 11:23:25,114,Information,Microsoft-Windows-HttpService,DESKTOP-QUV3S97,"('18302628916235337732', 'http://*:2869/upnp/eventing/', '15924', '\\Device\\HarddiskVolume3\\Windows\\System32\\svchost.exe', 'S-1-5-19')"
2024-06-26 11:23:26,114,Information,Microsoft-Windows-HttpService,DESKTOP-QUV3S97,"('18302628933415206918', 'http://*:2869/upnp/eventing/', '15924', '\\Device\\HarddiskVolume3\\Windows\\System32\\svchost.exe', 'S-1-5-19')"
2024-06-26 11:30:56,114,Information,Microsoft-Windows-HttpService,DESKTOP-QUV3S97,"('18302628929120239625', 'http://*:2869/upnp/eventing/', '15924', '\\Device\\HarddiskVolume3\\Windows\\System32\\svchost.exe', 'S-1-5-19')"
2024-06-26 11:31:46,44,Information,Microsoft-Windows-WindowsUpdateClient,DESKTOP-QUV3S97,"('Security Intelligence Update for Microsoft Defender Antivirus - KB2267602 (Version 1.413.521.0) - Current Channel (Broad)', '{ca61329a-5a5c-4290-933a-d1dcb7c2c73a}', '200')"
2024-06-26 11:31:48,43,Information,Microsoft-Windows-WindowsUpdateClient,DESKTOP-QUV3S97,"('Security Intelligence Update for Microsoft Defender Antivirus - KB2267602 (Version 1.413.521.0) - Current Channel (Broad)', '{ca61329a-5a5c-4290-933a-d1dcb7c2c73a}', '200')"
2024-06-26 11:31:54,19,Information,Microsoft-Windows-WindowsUpdateClient,DESKTOP-QUV3S97,"('Security Intelligence Update for Microsoft Defender Antivirus - KB2267602 (Version 1.413.521.0) - Current Channel (Broad)', '{ca61329a-5a5c-4290-933a-d1dcb7c2c73a}', '200', '{9482f4b4-e343-43b6-b170-9a65bc822c77}')"
2024-06-26 11:33:55,7040,Information,Service Control Manager,DESKTOP-QUV3S97,"('Background Intelligent Transfer Service', 'auto start', 'demand start', 'BITS')"
2024-06-26 11:36:23,44,Information,Microsoft-Windows-WindowsUpdateClient,DESKTOP-QUV3S97,"('2024-06 Cumulative Update Preview for Windows 11 Version 23H2 for x64-based Systems (KB5039302)', '{7e91f353-b5bd-44b2-8c2d-86c2a77a02f8}', '1')"
2024-06-26 11:36:45,7040,Information,Service Control Manager,DESKTOP-QUV3S97,"('Windows Modules Installer', 'demand start', 'auto start', 'TrustedInstaller')"
2024-06-26 11:38:07,7040,Information,Service Control Manager,DESKTOP-QUV3S97,"('Windows Modules Installer', 'auto start', 'demand start', 'TrustedInstaller')"
2024-06-26 11:44:07,1014,Warning,Microsoft-Windows-DNS-Client,DESKTOP-QUV3S97,"('www.bing.com', '128', '02000000C0A80001000000000000000000000000000000000000000000000000000000000000000000000000000000000000000000000000000000000000000000000000000000000000000000000000000000000000000000000000000000000000000000000000000000000000000000000000000000000000000000000000', '6484')"
2024-06-26 12:00:00,6013,Information,EventLog,DESKTOP-QUV3S97,"('', '', '', '', '91513', '60', '')"
2024-06-26 12:07:42,10016,Warning,DCOM,DESKTOP-QUV3S97,"('application-specific', 'Local', 'Activation', '{2593F8B9-4EAF-457C-B68A-50F6B8EA6B54}', '{15C20B67-12E7-4BB6-92BB-7AFF07997402}', 'DESKTOP-QUV3S97', 'Adnan', 'S-1-5-21-1915879001-2348363783-178924610-1001', 'LocalHost (Using LRPC)', 'Microsoft.SkypeApp_15.122.3205.0_x64__kzf8qxf38zg5c', 'Unavailable')"
2024-06-26 12:07:43,10016,Warning,DCOM,DESKTOP-QUV3S97,"('application-specific', 'Local', 'Activation', '{2593F8B9-4EAF-457C-B68A-50F6B8EA6B54}', '{15C20B67-12E7-4BB6-92BB-7AFF07997402}', 'DESKTOP-QUV3S97', 'Adnan', 'S-1-5-21-1915879001-2348363783-178924610-1001', 'LocalHost (Using LRPC)', 'Microsoft.SkypeApp_15.122.3205.0_x64__kzf8qxf38zg5c', 'Unavailable')"
2024-06-26 12:49:30,102,Error,TestSource,DESKTOP-QUV3S97,"('This is a test error log entry.',)"
2024-06-26 12:49:31,102,Error,TestSource,DESKTOP-QUV3S97,"('This is a test error log entry.',)"
2024-06-26 12:50:11,4624,Success Audit,Microsoft-Windows-Security-Auditing,DESKTOP-QUV3S97,"('S-1-5-18', 'DESKTOP-QUV3S97$', 'WORKGROUP', '0x3e7', 'S-1-5-18', 'SYSTEM', 'NT AUTHORITY', '0x3e7', '5', 'Advapi  ', 'Negotiate', '-', '{00000000-0000-0000-0000-000000000000}', '-', '-', '0', '0x4e4', 'C:\\Windows\\System32\\services.exe', '-', '-', '%%1833', '-', '-', '-', '-', '%%1843', '0x0', '%%1842')"
2024-06-26 12:52:15,5379,Success Audit,Microsoft-Windows-Security-Auditing,DESKTOP-QUV3S97,"('S-1-5-21-1915879001-2348363783-178924610-1001', 'Adnan', 'DESKTOP-QUV3S97', '0x757c7c7', 'Adobe App Info (Q3JlYXRpdmVDbG91ZDJ7fTIwMTgwNzIwMDE)(Part1)', '1', '1', '%%8099', '0', '2024-06-26T05:21:59.2152907Z', '3820')"
2024-06-26 12:52:26,1001,Information,Windows Error Reporting,DESKTOP-QUV3S97,"('', '0', 'AppHangTransient', 'Not available', '0', 'python.exe', '3.12.3150.1013', '66154bab', 'unknown', 'unknown', 'unknown', 'unknown', '', '', '', '\r\n\\\\?\\C:\\ProgramData\\Microsoft\\Windows\\WER\\Temp\\WER.ec03f55d-02d6-45e2-98fd-42d923260bad.tmp.WERInternalMetadata.xml\r\nWPR_initiated_DiagTrackMiniLogger_OneTrace_User_Logger_20240622_1_EC_0_inject.etl\r\n\\\\?\\C:\\ProgramData\\Microsoft\\Windows\\WER\\Temp\\WER.0233a63d-7074-4174-a726-c1689d84efd9.tmp.etl\r\nWPR_initiated_DiagTrackMiniLogger_WPR System Collector_inject.etl\r\n\\\\?\\C:\\ProgramData\\Microsoft\\Windows\\WER\\Temp\\WER.5945e33c-0ebe-4617-93f3-8036814c6282.tmp.etl\r\n\\\\?\\C:\\ProgramData\\Microsoft\\Windows\\WER\\Temp\\WER.b45aa966-daf5-489b-b93e-7e779ca39078.tmp.csv\r\n\\\\?\\C:\\ProgramData\\Microsoft\\Windows\\WER\\Temp\\WER.eae06258-db3a-434a-b0a7-73e57295caea.tmp.txt', 'NULL', '', '0', 'a8b75bda-39be-4ab5-8f65-ddfe3b00a06a', '2049', '', '0')"
2024-06-26 12:52:35,5379,Success Audit,Microsoft-Windows-Security-Auditing,DESKTOP-QUV3S97,"('S-1-5-21-1915879001-2348363783-178924610-1001', 'Adnan', 'DESKTOP-QUV3S97', '0x757c7c7', 'Adobe App Info (Q29yZVN5bmMxe30yMDE4MDcyMDAx)(Part1)', '1', '1', '%%8099', '0', '2024-06-26T05:22:04.7358998Z', '17164')"
2024-06-26 12:53:14,102,Error,TestSource,DESKTOP-QUV3S97,"('This is a test error log entry.',)"
2024-06-26 12:53:16,102,Error,TestSource,DESKTOP-QUV3S97,"('This is a test error log entry.',)"
2024-06-26 12:55:07,102,Error,TestSource,DESKTOP-QUV3S97,"('This is a test error log entry.',)"
2024-06-26 12:58:07,4624,Success Audit,Microsoft-Windows-Security-Auditing,DESKTOP-QUV3S97,"('S-1-5-18', 'DESKTOP-QUV3S97$', 'WORKGROUP', '0x3e7', 'S-1-5-18', 'SYSTEM', 'NT AUTHORITY', '0x3e7', '5', 'Advapi  ', 'Negotiate', '-', '{00000000-0000-0000-0000-000000000000}', '-', '-', '0', '0x4e4', 'C:\\Windows\\System32\\services.exe', '-', '-', '%%1833', '-', '-', '-', '-', '%%1843', '0x0', '%%1842')"
2024-06-26 12:58:17,102,Error,TestSource,DESKTOP-QUV3S97,"('This is a test error log entry.',)"
2024-06-26 13:01:17,1001,Information,Windows Error Reporting,DESKTOP-QUV3S97,"('1997314111870718874', '5', 'AppHangB1', 'Not available', '0', 'python.exe', '3.12.3150.1013', '66154bab', '6826', '134217728', '', '', '', '', '', '\r\n\\\\?\\C:\\ProgramData\\Microsoft\\Windows\\WER\\Temp\\WER.bdae5726-5a03-429b-badb-d56434aed3fb.tmp.WERInternalMetadata.xml\r\nWPR_initiated_DiagTrackMiniLogger_OneTrace_User_Logger_20240622_1_EC_0_inject.etl\r\n\\\\?\\C:\\ProgramData\\Microsoft\\Windows\\WER\\Temp\\WER.7c2d2900-a262-44e7-9486-0693b5dd4821.tmp.etl\r\nWPR_initiated_DiagTrackMiniLogger_WPR System Collector_inject.etl\r\n\\\\?\\C:\\ProgramData\\Microsoft\\Windows\\WER\\Temp\\WER.59cb8b75-dba8-46b0-ab21-368983c35806.tmp.etl\r\n\\\\?\\C:\\ProgramData\\Microsoft\\Windows\\WER\\Temp\\WER.a7173338-4218-4e22-a515-a5a9ccac1ac6.tmp.csv\r\n\\\\?\\C:\\ProgramData\\Microsoft\\Windows\\WER\\Temp\\WER.8de8c7a9-d462-46ad-989c-dc759d3d5588.tmp.txt\r\n\\\\?\\C:\\Users\\win11\\AppData\\Local\\Temp\\WER.f466c4f8-4ea4-417b-8da0-ddb9ddc39d98.tmp.appcompat.txt\r\n\\\\?\\C:\\ProgramData\\Microsoft\\Windows\\WER\\Temp\\WER.3b7a90b2-b395-4024-a1ea-b5af4b9f172a.tmp.xml', '\\\\?\\C:\\ProgramData\\Microsoft\\Windows\\WER\\ReportArchive\\AppHang_python.exe_7f5c88a591f93e159da1712e20f0ae5ec3452_816b6c4e_daf33ae7-275e-4feb-818d-3736eba30628', '', '0', 'a11eecda-ff0e-42fb-9780-5188f3ecacae', '268435456', '929e615a831cbebbcbb7e29a3eedd39a', '0')"
2024-06-26 13:01:10,4624,Success Audit,Microsoft-Windows-Security-Auditing,DESKTOP-QUV3S97,"('S-1-5-18', 'DESKTOP-QUV3S97$', 'WORKGROUP', '0x3e7', 'S-1-5-18', 'SYSTEM', 'NT AUTHORITY', '0x3e7', '5', 'Advapi  ', 'Negotiate', '-', '{00000000-0000-0000-0000-000000000000}', '-', '-', '0', '0x4e4', 'C:\\Windows\\System32\\services.exe', '-', '-', '%%1833', '-', '-', '-', '-', '%%1843', '0x0', '%%1842')"
2024-06-26 13:01:39,102,Error,TestSource,DESKTOP-QUV3S97,"('This is a test error log entry.',)"
2024-06-26 13:02:33,102,Error,TestSource,DESKTOP-QUV3S97,"('This is a test error log entry.',)"
2024-06-26 13:03:51,102,Error,TestSource,DESKTOP-QUV3S97,"('This is a test error log entry.',)"
2024-06-26 13:05:20,102,Error,TestSource,DESKTOP-QUV3S97,"('This is a test error log entry.',)"
2024-06-26 13:05:21,102,Error,TestSource,DESKTOP-QUV3S97,"('This is a test error log entry.',)"
2024-06-26 13:07:23,5379,Success Audit,Microsoft-Windows-Security-Auditing,DESKTOP-QUV3S97,"('S-1-5-21-1915879001-2348363783-178924610-1001', 'Adnan', 'DESKTOP-QUV3S97', '0x757c7c7', 'Adobe App Info (Q3JlYXRpdmVDbG91ZDJ7fTIwMTgwNzIwMDE)(Part1)', '1', '1', '%%8099', '0', '2024-06-26T05:21:59.2152907Z', '3820')"
2024-06-26 13:07:37,5379,Success Audit,Microsoft-Windows-Security-Auditing,DESKTOP-QUV3S97,"('S-1-5-21-1915879001-2348363783-178924610-1001', 'Adnan', 'DESKTOP-QUV3S97', '0x757c7c7', 'Adobe App Info (Q29yZVN5bmMxe30yMDE4MDcyMDAx)(Part1)', '1', '1', '%%8099', '0', '2024-06-26T05:22:04.7358998Z', '17164')"
2024-06-26 13:12:17,4624,Success Audit,Microsoft-Windows-Security-Auditing,DESKTOP-QUV3S97,"('S-1-5-18', 'DESKTOP-QUV3S97$', 'WORKGROUP', '0x3e7', 'S-1-5-18', 'SYSTEM', 'NT AUTHORITY', '0x3e7', '5', 'Advapi  ', 'Negotiate', '-', '{00000000-0000-0000-0000-000000000000}', '-', '-', '0', '0x4e4', 'C:\\Windows\\System32\\services.exe', '-', '-', '%%1833', '-', '-', '-', '-', '%%1843', '0x0', '%%1842')"
2024-06-26 13:12:18,5379,Success Audit,Microsoft-Windows-Security-Auditing,DESKTOP-QUV3S97,"('S-1-5-21-1915879001-2348363783-178924610-1001', 'Adnan', 'DESKTOP-QUV3S97', '0x757c7c7', 'MicrosoftAccount:user=adnanjohan54@gmail.com', '0', '1', '%%8100', '0', '2024-06-26T07:12:17.2236613Z', '20280')"
2024-06-26 13:12:31,5379,Success Audit,Microsoft-Windows-Security-Auditing,DESKTOP-QUV3S97,"('S-1-5-21-1915879001-2348363783-178924610-1001', 'Adnan', 'DESKTOP-QUV3S97', '0x757c7c7', 'MicrosoftAccount:user=02qmteouloqmaorb', '0', '0', '%%8100', '3221226021', '2024-06-26T07:12:17.2236613Z', '20280')"
2024-06-26 13:12:32,5379,Success Audit,Microsoft-Windows-Security-Auditing,DESKTOP-QUV3S97,"('S-1-5-21-1915879001-2348363783-178924610-1001', 'Adnan', 'DESKTOP-QUV3S97', '0x757c7c7', 'MicrosoftAccount:user=02qmteouloqmaorb', '0', '0', '%%8100', '3221226021', '2024-06-26T07:12:17.2236613Z', '20280')"
2024-06-26 13:13:24,5379,Success Audit,Microsoft-Windows-Security-Auditing,DESKTOP-QUV3S97,"('S-1-5-21-1915879001-2348363783-178924610-1001', 'Adnan', 'DESKTOP-QUV3S97', '0x757c7c7', 'MicrosoftAccount:user=adnanjohan54@gmail.com', '0', '1', '%%8100', '0', '2024-06-26T07:12:17.2236613Z', '20280')"
2024-06-26 13:13:25,5379,Success Audit,Microsoft-Windows-Security-Auditing,DESKTOP-QUV3S97,"('S-1-5-21-1915879001-2348363783-178924610-1001', 'Adnan', 'DESKTOP-QUV3S97', '0x757c7c7', 'MicrosoftAccount:user=adnanjohan54@gmail.com', '0', '1', '%%8100', '0', '2024-06-26T07:12:17.2236613Z', '20280')"
2024-06-26 13:14:02,102,Error,TestSource,DESKTOP-QUV3S97,"('This is a test error log entry.',)"
2024-06-26 13:14:32,102,Error,TestSource,DESKTOP-QUV3S97,"('This is a test error log entry.',)"
2024-06-26 13:15:58,16394,Information,Software Protection Platform Service,DESKTOP-QUV3S97,Offline downlevel migration succeeded.
2024-06-26 13:16:10,4624,Success Audit,Microsoft-Windows-Security-Auditing,DESKTOP-QUV3S97,"('S-1-5-18', 'DESKTOP-QUV3S97$', 'WORKGROUP', '0x3e7', 'S-1-5-18', 'SYSTEM', 'NT AUTHORITY', '0x3e7', '5', 'Advapi  ', 'Negotiate', '-', '{00000000-0000-0000-0000-000000000000}', '-', '-', '0', '0x4e4', 'C:\\Windows\\System32\\services.exe', '-', '-', '%%1833', '-', '-', '-', '-', '%%1843', '0x0', '%%1842')"
2024-06-26 13:16:15,5379,Success Audit,Microsoft-Windows-Security-Auditing,DESKTOP-QUV3S97,"('S-1-5-21-1915879001-2348363783-178924610-1001', 'Adnan', 'DESKTOP-QUV3S97', '0x757c7c7', 'MicrosoftAccount:user=adnanjohan54@gmail.com', '0', '1', '%%8100', '0', '2024-06-26T07:12:17.2236613Z', '20280')"
2024-06-26 13:16:16,5379,Success Audit,Microsoft-Windows-Security-Auditing,DESKTOP-QUV3S97,"('S-1-5-21-1915879001-2348363783-178924610-1001', 'Adnan', 'DESKTOP-QUV3S97', '0x757c7c7', 'MicrosoftAccount:user=adnanjohan54@gmail.com', '0', '1', '%%8100', '0', '2024-06-26T07:12:17.2236613Z', '20280')"
