2024-06-20 19:24:10,5379,Success Audit,Microsoft-Windows-Security-Auditing,DESKTOP-QUV3S97,"('S-1-5-21-1915879001-2348363783-178924610-1001', 'Adnan', 'DESKTOP-QUV3S97', '0xb5c76d4', 'MicrosoftAccount:user=adnanjohan54@gmail.com', '0', '1', '%%8100', '0', '2024-06-20T13:24:09.5182231Z', '23856')"
2024-06-20 19:24:13,5379,Success Audit,Microsoft-Windows-Security-Auditing,DESKTOP-QUV3S97,"('S-1-5-21-1915879001-2348363783-178924610-1001', 'Adnan', 'DESKTOP-QUV3S97', '0xb5c76d4', 'Adobe App Info (Q0NMaWJyYXJ5Mnt9MjAxODA3MjAwMQ)(Part1)', '1', '1', '%%8099', '0', '2024-06-20T04:35:54.8473323Z', '17520')"
2024-06-20 19:26:00,4624,Success Audit,Microsoft-Windows-Security-Auditing,DESKTOP-QUV3S97,"('S-1-5-18', 'DESKTOP-QUV3S97$', 'WORKGROUP', '0x3e7', 'S-1-5-18', 'SYSTEM', 'NT AUTHORITY', '0x3e7', '5', 'Advapi  ', 'Negotiate', '-', '{00000000-0000-0000-0000-000000000000}', '-', '-', '0', '0x530', 'C:\\Windows\\System32\\services.exe', '-', '-', '%%1833', '-', '-', '-', '-', '%%1843', '0x0', '%%1842')"
2024-06-20 19:27:43,4624,Success Audit,Microsoft-Windows-Security-Auditing,DESKTOP-QUV3S97,"('S-1-5-18', 'DESKTOP-QUV3S97$', 'WORKGROUP', '0x3e7', 'S-1-5-18', 'SYSTEM', 'NT AUTHORITY', '0x3e7', '5', 'Advapi  ', 'Negotiate', '-', '{00000000-0000-0000-0000-000000000000}', '-', '-', '0', '0x530', 'C:\\Windows\\System32\\services.exe', '-', '-', '%%1833', '-', '-', '-', '-', '%%1843', '0x0', '%%1842')"
2024-06-20 19:36:32,4624,Success Audit,Microsoft-Windows-Security-Auditing,DESKTOP-QUV3S97,"('S-1-5-18', 'DESKTOP-QUV3S97$', 'WORKGROUP', '0x3e7', 'S-1-5-18', 'SYSTEM', 'NT AUTHORITY', '0x3e7', '5', 'Advapi  ', 'Negotiate', '-', '{00000000-0000-0000-0000-000000000000}', '-', '-', '0', '0x530', 'C:\\Windows\\System32\\services.exe', '-', '-', '%%1833', '-', '-', '-', '-', '%%1843', '0x0', '%%1842')"
2024-06-20 19:38:32,5379,Success Audit,Microsoft-Windows-Security-Auditing,DESKTOP-QUV3S97,"('S-1-5-21-1915879001-2348363783-178924610-1001', 'Adnan', 'DESKTOP-QUV3S97', '0xb5c76d4', 'Adobe App Info (Q29yZVN5bmMxe30yMDE4MDcyMDAx)(Part1)', '1', '1', '%%8099', '0', '2024-06-20T04:35:38.3885692Z', '16316')"
2024-06-20 19:39:10,5379,Success Audit,Microsoft-Windows-Security-Auditing,DESKTOP-QUV3S97,"('S-1-5-21-1915879001-2348363783-178924610-1001', 'Adnan', 'DESKTOP-QUV3S97', '0xb5c76d4', 'Adobe App Info (Q3JlYXRpdmVDbG91ZDJ7fTIwMTgwNzIwMDE)(Part1)', '1', '1', '%%8099', '0', '2024-06-20T04:35:31.5363762Z', '9808')"
2024-06-20 19:39:11,5379,Success Audit,Microsoft-Windows-Security-Auditing,DESKTOP-QUV3S97,"('S-1-5-21-1915879001-2348363783-178924610-1001', 'Adnan', 'DESKTOP-QUV3S97', '0xb5c76d4', 'Adobe App Prefetched Info (Q3JlYXRpdmVDbG91ZDJ7fTIwMTgwNzIwMDE)(Part1)', '1', '1', '%%8099', '3221226021', '2024-06-20T04:35:31.5363762Z', '9808')"
2024-06-20 19:39:22,5379,Success Audit,Microsoft-Windows-Security-Auditing,DESKTOP-QUV3S97,"('S-1-5-21-1915879001-2348363783-178924610-1001', 'Adnan', 'DESKTOP-QUV3S97', '0xb5c76d4', 'Adobe App Info (Q0NMaWJyYXJ5Mnt9MjAxODA3MjAwMQ)(Part1)', '1', '1', '%%8099', '0', '2024-06-20T04:35:54.8473323Z', '17520')"
2024-06-20 19:43:17,4624,Success Audit,Microsoft-Windows-Security-Auditing,DESKTOP-QUV3S97,"('S-1-5-18', 'DESKTOP-QUV3S97$', 'WORKGROUP', '0x3e7', 'S-1-5-18', 'SYSTEM', 'NT AUTHORITY', '0x3e7', '5', 'Advapi  ', 'Negotiate', '-', '{00000000-0000-0000-0000-000000000000}', '-', '-', '0', '0x530', 'C:\\Windows\\System32\\services.exe', '-', '-', '%%1833', '-', '-', '-', '-', '%%1843', '0x0', '%%1842')"
2024-06-20 19:45:43,4624,Success Audit,Microsoft-Windows-Security-Auditing,DESKTOP-QUV3S97,"('S-1-5-18', 'DESKTOP-QUV3S97$', 'WORKGROUP', '0x3e7', 'S-1-5-18', 'SYSTEM', 'NT AUTHORITY', '0x3e7', '5', 'Advapi  ', 'Negotiate', '-', '{00000000-0000-0000-0000-000000000000}', '-', '-', '0', '0x530', 'C:\\Windows\\System32\\services.exe', '-', '-', '%%1833', '-', '-', '-', '-', '%%1843', '0x0', '%%1842')"
2024-06-20 19:45:44,5379,Success Audit,Microsoft-Windows-Security-Auditing,DESKTOP-QUV3S97,"('S-1-5-21-1915879001-2348363783-178924610-1001', 'Adnan', 'DESKTOP-QUV3S97', '0xb5c76d4', 'MicrosoftAccount:user=adnanjohan54@gmail.com', '0', '1', '%%8100', '0', '2024-06-20T13:45:43.5181835Z', '26964')"
2024-06-20 19:53:34,5379,Success Audit,Microsoft-Windows-Security-Auditing,DESKTOP-QUV3S97,"('S-1-5-21-1915879001-2348363783-178924610-1001', 'Adnan', 'DESKTOP-QUV3S97', '0xb5c76d4', 'Adobe App Info (Q29yZVN5bmMxe30yMDE4MDcyMDAx)(Part1)', '1', '1', '%%8099', '0', '2024-06-20T04:35:38.3885692Z', '16316')"
2024-06-20 19:54:17,5379,Success Audit,Microsoft-Windows-Security-Auditing,DESKTOP-QUV3S97,"('S-1-5-21-1915879001-2348363783-178924610-1001', 'Adnan', 'DESKTOP-QUV3S97', '0xb5c76d4', 'Adobe App Info (Q3JlYXRpdmVDbG91ZDJ7fTIwMTgwNzIwMDE)(Part1)', '1', '1', '%%8099', '0', '2024-06-20T04:35:31.5363762Z', '9808')"
2024-06-20 19:54:26,5379,Success Audit,Microsoft-Windows-Security-Auditing,DESKTOP-QUV3S97,"('S-1-5-21-1915879001-2348363783-178924610-1001', 'Adnan', 'DESKTOP-QUV3S97', '0xb5c76d4', 'Adobe App Info (Q0NMaWJyYXJ5Mnt9MjAxODA3MjAwMQ)(Part1)', '1', '1', '%%8099', '0', '2024-06-20T04:35:54.8473323Z', '17520')"
2024-06-20 19:54:27,5379,Success Audit,Microsoft-Windows-Security-Auditing,DESKTOP-QUV3S97,"('S-1-5-21-1915879001-2348363783-178924610-1001', 'Adnan', 'DESKTOP-QUV3S97', '0xb5c76d4', 'Adobe Proxy Password(Part1)', '1', '1', '%%8099', '3221226021', '2024-06-20T04:35:54.8473323Z', '17520')"
2024-06-20 19:56:09,4624,Success Audit,Microsoft-Windows-Security-Auditing,DESKTOP-QUV3S97,"('S-1-5-18', 'DESKTOP-QUV3S97$', 'WORKGROUP', '0x3e7', 'S-1-5-18', 'SYSTEM', 'NT AUTHORITY', '0x3e7', '5', 'Advapi  ', 'Negotiate', '-', '{00000000-0000-0000-0000-000000000000}', '-', '-', '0', '0x530', 'C:\\Windows\\System32\\services.exe', '-', '-', '%%1833', '-', '-', '-', '-', '%%1843', '0x0', '%%1842')"
2024-06-20 19:56:10,5379,Success Audit,Microsoft-Windows-Security-Auditing,DESKTOP-QUV3S97,"('S-1-5-19', 'LOCAL SERVICE', 'NT AUTHORITY', '0x3e5', 'MicrosoftAccount:user=02qpajlrbzgjhxxq', '0', '0', '%%8100', '3221226021', '2024-06-20T13:56:09.8137831Z', '19520')"
2024-06-20 19:56:11,5379,Success Audit,Microsoft-Windows-Security-Auditing,DESKTOP-QUV3S97,"('S-1-5-21-1915879001-2348363783-178924610-1001', 'Adnan', 'DESKTOP-QUV3S97', '0xb5c76d4', 'MicrosoftAccount:user=adnanjohan54@gmail.com', '0', '1', '%%8100', '0', '2024-06-20T13:56:09.8137831Z', '19520')"
2024-06-20 20:06:12,4624,Success Audit,Microsoft-Windows-Security-Auditing,DESKTOP-QUV3S97,"('S-1-5-18', 'DESKTOP-QUV3S97$', 'WORKGROUP', '0x3e7', 'S-1-5-18', 'SYSTEM', 'NT AUTHORITY', '0x3e7', '5', 'Advapi  ', 'Negotiate', '-', '{00000000-0000-0000-0000-000000000000}', '-', '-', '0', '0x530', 'C:\\Windows\\System32\\services.exe', '-', '-', '%%1833', '-', '-', '-', '-', '%%1843', '0x0', '%%1842')"
2024-06-20 20:06:16,4624,Success Audit,Microsoft-Windows-Security-Auditing,DESKTOP-QUV3S97,"('S-1-5-18', 'DESKTOP-QUV3S97$', 'WORKGROUP', '0x3e7', 'S-1-5-18', 'SYSTEM', 'NT AUTHORITY', '0x3e7', '5', 'Advapi  ', 'Negotiate', '-', '{00000000-0000-0000-0000-000000000000}', '-', '-', '0', '0x530', 'C:\\Windows\\System32\\services.exe', '-', '-', '%%1833', '-', '-', '-', '-', '%%1843', '0x0', '%%1842')"
2024-06-20 20:06:17,5379,Success Audit,Microsoft-Windows-Security-Auditing,DESKTOP-QUV3S97,"('S-1-5-21-1915879001-2348363783-178924610-1001', 'Adnan', 'DESKTOP-QUV3S97', '0xb5c76d4', 'MicrosoftAccount:user=adnanjohan54@gmail.com', '0', '1', '%%8100', '0', '2024-06-20T14:06:16.9329260Z', '9100')"
2024-06-20 20:06:18,5379,Success Audit,Microsoft-Windows-Security-Auditing,DESKTOP-QUV3S97,"('S-1-5-21-1915879001-2348363783-178924610-1001', 'Adnan', 'DESKTOP-QUV3S97', '0xb5c76d4', 'MicrosoftAccount:user=adnanjohan54@gmail.com', '0', '1', '%%8100', '0', '2024-06-20T14:06:16.9329260Z', '9100')"
2024-06-20 20:06:19,4797,Success Audit,Microsoft-Windows-Security-Auditing,DESKTOP-QUV3S97,"('S-1-5-21-1915879001-2348363783-178924610-1001', 'Adnan', 'DESKTOP-QUV3S97', '0xb5c76d4', 'DESKTOP-QUV3S97', 'Administrator', 'DESKTOP-QUV3S97')"
2024-06-20 20:06:23,5379,Success Audit,Microsoft-Windows-Security-Auditing,DESKTOP-QUV3S97,"('S-1-5-21-1915879001-2348363783-178924610-1001', 'Adnan', 'DESKTOP-QUV3S97', '0xb5c76d4', 'MicrosoftAccount:user=adnanjohan54@gmail.com', '0', '1', '%%8100', '0', '2024-06-20T14:06:16.9329260Z', '9100')"
2024-06-20 20:06:24,5379,Success Audit,Microsoft-Windows-Security-Auditing,DESKTOP-QUV3S97,"('S-1-5-21-1915879001-2348363783-178924610-1001', 'Adnan', 'DESKTOP-QUV3S97', '0xb5c76d4', 'MicrosoftAccount:user=adnanjohan54@gmail.com', '0', '1', '%%8100', '0', '2024-06-20T14:06:16.9329260Z', '9100')"
2024-06-20 20:08:39,5379,Success Audit,Microsoft-Windows-Security-Auditing,DESKTOP-QUV3S97,"('S-1-5-21-1915879001-2348363783-178924610-1001', 'Adnan', 'DESKTOP-QUV3S97', '0xb5c76d4', 'Adobe App Info (Q29yZVN5bmMxe30yMDE4MDcyMDAx)(Part1)', '1', '1', '%%8099', '0', '2024-06-20T04:35:38.3885692Z', '16316')"
2024-06-20 20:08:40,5379,Success Audit,Microsoft-Windows-Security-Auditing,DESKTOP-QUV3S97,"('S-1-5-21-1915879001-2348363783-178924610-1001', 'Adnan', 'DESKTOP-QUV3S97', '0xb5c76d4', 'Adobe User Info(Part1)', '1', '1', '%%8099', '0', '2024-06-20T04:35:38.3885692Z', '16316')"
2024-06-20 20:09:24,5379,Success Audit,Microsoft-Windows-Security-Auditing,DESKTOP-QUV3S97,"('S-1-5-21-1915879001-2348363783-178924610-1001', 'Adnan', 'DESKTOP-QUV3S97', '0xb5c76d4', 'Adobe App Info (Q3JlYXRpdmVDbG91ZDJ7fTIwMTgwNzIwMDE)(Part1)', '1', '1', '%%8099', '0', '2024-06-20T04:35:31.5363762Z', '9808')"
2024-06-20 20:09:32,5379,Success Audit,Microsoft-Windows-Security-Auditing,DESKTOP-QUV3S97,"('S-1-5-21-1915879001-2348363783-178924610-1001', 'Adnan', 'DESKTOP-QUV3S97', '0xb5c76d4', 'Adobe App Info (Q0NMaWJyYXJ5Mnt9MjAxODA3MjAwMQ)(Part1)', '1', '1', '%%8099', '0', '2024-06-20T04:35:54.8473323Z', '17520')"
2024-06-20 20:11:17,4624,Success Audit,Microsoft-Windows-Security-Auditing,DESKTOP-QUV3S97,"('S-1-5-18', 'DESKTOP-QUV3S97$', 'WORKGROUP', '0x3e7', 'S-1-5-18', 'SYSTEM', 'NT AUTHORITY', '0x3e7', '5', 'Advapi  ', 'Negotiate', '-', '{00000000-0000-0000-0000-000000000000}', '-', '-', '0', '0x530', 'C:\\Windows\\System32\\services.exe', '-', '-', '%%1833', '-', '-', '-', '-', '%%1843', '0x0', '%%1842')"
2024-06-20 20:23:42,5379,Success Audit,Microsoft-Windows-Security-Auditing,DESKTOP-QUV3S97,"('S-1-5-21-1915879001-2348363783-178924610-1001', 'Adnan', 'DESKTOP-QUV3S97', '0xb5c76d4', 'Adobe App Info (Q29yZVN5bmMxe30yMDE4MDcyMDAx)(Part1)', '1', '1', '%%8099', '0', '2024-06-20T04:35:38.3885692Z', '16316')"
2024-06-20 20:24:09,4624,Success Audit,Microsoft-Windows-Security-Auditing,DESKTOP-QUV3S97,"('S-1-5-18', 'DESKTOP-QUV3S97$', 'WORKGROUP', '0x3e7', 'S-1-5-18', 'SYSTEM', 'NT AUTHORITY', '0x3e7', '5', 'Advapi  ', 'Negotiate', '-', '{00000000-0000-0000-0000-000000000000}', '-', '-', '0', '0x530', 'C:\\Windows\\System32\\services.exe', '-', '-', '%%1833', '-', '-', '-', '-', '%%1843', '0x0', '%%1842')"
2024-06-20 20:24:10,4624,Success Audit,Microsoft-Windows-Security-Auditing,DESKTOP-QUV3S97,"('S-1-5-18', 'DESKTOP-QUV3S97$', 'WORKGROUP', '0x3e7', 'S-1-5-18', 'SYSTEM', 'NT AUTHORITY', '0x3e7', '5', 'Advapi  ', 'Negotiate', '-', '{00000000-0000-0000-0000-000000000000}', '-', '-', '0', '0x530', 'C:\\Windows\\System32\\services.exe', '-', '-', '%%1833', '-', '-', '-', '-', '%%1843', '0x0', '%%1842')"
2024-06-20 20:24:15,4624,Success Audit,Microsoft-Windows-Security-Auditing,DESKTOP-QUV3S97,"('S-1-5-18', 'DESKTOP-QUV3S97$', 'WORKGROUP', '0x3e7', 'S-1-5-18', 'SYSTEM', 'NT AUTHORITY', '0x3e7', '5', 'Advapi  ', 'Negotiate', '-', '{00000000-0000-0000-0000-000000000000}', '-', '-', '0', '0x530', 'C:\\Windows\\System32\\services.exe', '-', '-', '%%1833', '-', '-', '-', '-', '%%1843', '0x0', '%%1842')"
2024-06-20 20:24:26,5379,Success Audit,Microsoft-Windows-Security-Auditing,DESKTOP-QUV3S97,"('S-1-5-21-1915879001-2348363783-178924610-1001', 'Adnan', 'DESKTOP-QUV3S97', '0xb5c76d4', 'Adobe App Info (Q3JlYXRpdmVDbG91ZDJ7fTIwMTgwNzIwMDE)(Part1)', '1', '1', '%%8099', '0', '2024-06-20T04:35:31.5363762Z', '9808')"
2024-06-20 20:24:27,5379,Success Audit,Microsoft-Windows-Security-Auditing,DESKTOP-QUV3S97,"('S-1-5-21-1915879001-2348363783-178924610-1001', 'Adnan', 'DESKTOP-QUV3S97', '0xb5c76d4', 'Adobe User Info(Part1)', '1', '1', '%%8099', '0', '2024-06-20T04:35:31.5363762Z', '9808')"
2024-06-20 20:24:34,5379,Success Audit,Microsoft-Windows-Security-Auditing,DESKTOP-QUV3S97,"('S-1-5-21-1915879001-2348363783-178924610-1001', 'Adnan', 'DESKTOP-QUV3S97', '0xb5c76d4', 'Adobe App Info (Q0NMaWJyYXJ5Mnt9MjAxODA3MjAwMQ)(Part1)', '1', '1', '%%8099', '0', '2024-06-20T04:35:54.8473323Z', '17520')"
2024-06-20 20:38:47,5379,Success Audit,Microsoft-Windows-Security-Auditing,DESKTOP-QUV3S97,"('S-1-5-21-1915879001-2348363783-178924610-1001', 'Adnan', 'DESKTOP-QUV3S97', '0xb5c76d4', 'Adobe App Info (Q29yZVN5bmMxe30yMDE4MDcyMDAx)(Part1)', '1', '1', '%%8099', '0', '2024-06-20T04:35:38.3885692Z', '16316')"
2024-06-20 20:39:12,5379,Success Audit,Microsoft-Windows-Security-Auditing,DESKTOP-QUV3S97,"('S-1-5-20', 'DESKTOP-QUV3S97$', 'WORKGROUP', '0x3e4', '', '0', '0', '%%8100', '3221226021', '2024-06-20T14:39:12.9599186Z', '20276')"
2024-06-20 20:39:17,4624,Success Audit,Microsoft-Windows-Security-Auditing,DESKTOP-QUV3S97,"('S-1-5-18', 'DESKTOP-QUV3S97$', 'WORKGROUP', '0x3e7', 'S-1-5-18', 'SYSTEM', 'NT AUTHORITY', '0x3e7', '5', 'Advapi  ', 'Negotiate', '-', '{00000000-0000-0000-0000-000000000000}', '-', '-', '0', '0x530', 'C:\\Windows\\System32\\services.exe', '-', '-', '%%1833', '-', '-', '-', '-', '%%1843', '0x0', '%%1842')"
2024-06-20 20:39:33,5379,Success Audit,Microsoft-Windows-Security-Auditing,DESKTOP-QUV3S97,"('S-1-5-21-1915879001-2348363783-178924610-1001', 'Adnan', 'DESKTOP-QUV3S97', '0xb5c76d4', 'Adobe App Info (Q3JlYXRpdmVDbG91ZDJ7fTIwMTgwNzIwMDE)(Part1)', '1', '1', '%%8099', '0', '2024-06-20T04:35:31.5363762Z', '9808')"
2024-06-20 20:39:43,5379,Success Audit,Microsoft-Windows-Security-Auditing,DESKTOP-QUV3S97,"('S-1-5-21-1915879001-2348363783-178924610-1001', 'Adnan', 'DESKTOP-QUV3S97', '0xb5c76d4', 'Adobe App Info (Q0NMaWJyYXJ5Mnt9MjAxODA3MjAwMQ)(Part1)', '1', '1', '%%8099', '0', '2024-06-20T04:35:54.8473323Z', '17520')"
2024-06-20 20:40:45,4624,Success Audit,Microsoft-Windows-Security-Auditing,DESKTOP-QUV3S97,"('S-1-5-18', 'DESKTOP-QUV3S97$', 'WORKGROUP', '0x3e7', 'S-1-5-18', 'SYSTEM', 'NT AUTHORITY', '0x3e7', '5', 'Advapi  ', 'Negotiate', '-', '{00000000-0000-0000-0000-000000000000}', '-', '-', '0', '0x530', 'C:\\Windows\\System32\\services.exe', '-', '-', '%%1833', '-', '-', '-', '-', '%%1843', '0x0', '%%1842')"
2024-06-20 20:53:50,5379,Success Audit,Microsoft-Windows-Security-Auditing,DESKTOP-QUV3S97,"('S-1-5-21-1915879001-2348363783-178924610-1001', 'Adnan', 'DESKTOP-QUV3S97', '0xb5c76d4', 'Adobe App Info (Q29yZVN5bmMxe30yMDE4MDcyMDAx)(Part1)', '1', '1', '%%8099', '0', '2024-06-20T04:35:38.3885692Z', '16316')"
2024-06-20 20:54:41,5379,Success Audit,Microsoft-Windows-Security-Auditing,DESKTOP-QUV3S97,"('S-1-5-21-1915879001-2348363783-178924610-1001', 'Adnan', 'DESKTOP-QUV3S97', '0xb5c76d4', 'Adobe App Info (Q3JlYXRpdmVDbG91ZDJ7fTIwMTgwNzIwMDE)(Part1)', '1', '1', '%%8099', '0', '2024-06-20T04:35:31.5363762Z', '9808')"
2024-06-20 20:54:51,5379,Success Audit,Microsoft-Windows-Security-Auditing,DESKTOP-QUV3S97,"('S-1-5-21-1915879001-2348363783-178924610-1001', 'Adnan', 'DESKTOP-QUV3S97', '0xb5c76d4', 'Adobe App Info (Q0NMaWJyYXJ5Mnt9MjAxODA3MjAwMQ)(Part1)', '1', '1', '%%8099', '0', '2024-06-20T04:35:54.8473323Z', '17520')"
2024-06-20 21:00:17,4624,Success Audit,Microsoft-Windows-Security-Auditing,DESKTOP-QUV3S97,"('S-1-5-18', 'DESKTOP-QUV3S97$', 'WORKGROUP', '0x3e7', 'S-1-5-18', 'SYSTEM', 'NT AUTHORITY', '0x3e7', '5', 'Advapi  ', 'Negotiate', '-', '{00000000-0000-0000-0000-000000000000}', '-', '-', '0', '0x530', 'C:\\Windows\\System32\\services.exe', '-', '-', '%%1833', '-', '-', '-', '-', '%%1843', '0x0', '%%1842')"
2024-06-20 21:08:57,5379,Success Audit,Microsoft-Windows-Security-Auditing,DESKTOP-QUV3S97,"('S-1-5-21-1915879001-2348363783-178924610-1001', 'Adnan', 'DESKTOP-QUV3S97', '0xb5c76d4', 'Adobe App Info (Q29yZVN5bmMxe30yMDE4MDcyMDAx)(Part1)', '1', '1', '%%8099', '0', '2024-06-20T04:35:38.3885692Z', '16316')"
2024-06-20 21:09:51,5379,Success Audit,Microsoft-Windows-Security-Auditing,DESKTOP-QUV3S97,"('S-1-5-21-1915879001-2348363783-178924610-1001', 'Adnan', 'DESKTOP-QUV3S97', '0xb5c76d4', 'Adobe App Info (Q3JlYXRpdmVDbG91ZDJ7fTIwMTgwNzIwMDE)(Part1)', '1', '1', '%%8099', '0', '2024-06-20T04:35:31.5363762Z', '9808')"
2024-06-20 21:09:59,5379,Success Audit,Microsoft-Windows-Security-Auditing,DESKTOP-QUV3S97,"('S-1-5-21-1915879001-2348363783-178924610-1001', 'Adnan', 'DESKTOP-QUV3S97', '0xb5c76d4', 'Adobe App Info (Q0NMaWJyYXJ5Mnt9MjAxODA3MjAwMQ)(Part1)', '1', '1', '%%8099', '0', '2024-06-20T04:35:54.8473323Z', '17520')"
2024-06-20 21:13:23,4624,Success Audit,Microsoft-Windows-Security-Auditing,DESKTOP-QUV3S97,"('S-1-5-18', 'DESKTOP-QUV3S97$', 'WORKGROUP', '0x3e7', 'S-1-5-18', 'SYSTEM', 'NT AUTHORITY', '0x3e7', '5', 'Advapi  ', 'Negotiate', '-', '{00000000-0000-0000-0000-000000000000}', '-', '-', '0', '0x530', 'C:\\Windows\\System32\\services.exe', '-', '-', '%%1833', '-', '-', '-', '-', '%%1843', '0x0', '%%1842')"
2024-06-20 21:15:17,4624,Success Audit,Microsoft-Windows-Security-Auditing,DESKTOP-QUV3S97,"('S-1-5-18', 'DESKTOP-QUV3S97$', 'WORKGROUP', '0x3e7', 'S-1-5-18', 'SYSTEM', 'NT AUTHORITY', '0x3e7', '5', 'Advapi  ', 'Negotiate', '-', '{00000000-0000-0000-0000-000000000000}', '-', '-', '0', '0x530', 'C:\\Windows\\System32\\services.exe', '-', '-', '%%1833', '-', '-', '-', '-', '%%1843', '0x0', '%%1842')"
2024-06-20 21:24:05,5379,Success Audit,Microsoft-Windows-Security-Auditing,DESKTOP-QUV3S97,"('S-1-5-21-1915879001-2348363783-178924610-1001', 'Adnan', 'DESKTOP-QUV3S97', '0xb5c76d4', 'Adobe App Info (Q29yZVN5bmMxe30yMDE4MDcyMDAx)(Part1)', '1', '1', '%%8099', '0', '2024-06-20T04:35:38.3885692Z', '16316')"
2024-06-20 21:24:09,4624,Success Audit,Microsoft-Windows-Security-Auditing,DESKTOP-QUV3S97,"('S-1-5-18', 'DESKTOP-QUV3S97$', 'WORKGROUP', '0x3e7', 'S-1-5-18', 'SYSTEM', 'NT AUTHORITY', '0x3e7', '5', 'Advapi  ', 'Negotiate', '-', '{00000000-0000-0000-0000-000000000000}', '-', '-', '0', '0x530', 'C:\\Windows\\System32\\services.exe', '-', '-', '%%1833', '-', '-', '-', '-', '%%1843', '0x0', '%%1842')"
2024-06-20 21:25:01,5379,Success Audit,Microsoft-Windows-Security-Auditing,DESKTOP-QUV3S97,"('S-1-5-21-1915879001-2348363783-178924610-1001', 'Adnan', 'DESKTOP-QUV3S97', '0xb5c76d4', 'Adobe App Info (Q3JlYXRpdmVDbG91ZDJ7fTIwMTgwNzIwMDE)(Part1)', '1', '1', '%%8099', '0', '2024-06-20T04:35:31.5363762Z', '9808')"
2024-06-20 21:25:08,5379,Success Audit,Microsoft-Windows-Security-Auditing,DESKTOP-QUV3S97,"('S-1-5-21-1915879001-2348363783-178924610-1001', 'Adnan', 'DESKTOP-QUV3S97', '0xb5c76d4', 'Adobe App Info (Q0NMaWJyYXJ5Mnt9MjAxODA3MjAwMQ)(Part1)', '1', '1', '%%8099', '0', '2024-06-20T04:35:54.8473323Z', '17520')"
2024-06-20 21:30:19,4624,Success Audit,Microsoft-Windows-Security-Auditing,DESKTOP-QUV3S97,"('S-1-5-18', 'DESKTOP-QUV3S97$', 'WORKGROUP', '0x3e7', 'S-1-5-18', 'SYSTEM', 'NT AUTHORITY', '0x3e7', '5', 'Advapi  ', 'Negotiate', '-', '{00000000-0000-0000-0000-000000000000}', '-', '-', '0', '0x530', 'C:\\Windows\\System32\\services.exe', '-', '-', '%%1833', '-', '-', '-', '-', '%%1843', '0x0', '%%1842')"
2024-06-20 21:35:46,4624,Success Audit,Microsoft-Windows-Security-Auditing,DESKTOP-QUV3S97,"('S-1-5-18', 'DESKTOP-QUV3S97$', 'WORKGROUP', '0x3e7', 'S-1-5-18', 'SYSTEM', 'NT AUTHORITY', '0x3e7', '5', 'Advapi  ', 'Negotiate', '-', '{00000000-0000-0000-0000-000000000000}', '-', '-', '0', '0x530', 'C:\\Windows\\System32\\services.exe', '-', '-', '%%1833', '-', '-', '-', '-', '%%1843', '0x0', '%%1842')"
2024-06-20 21:35:47,5379,Success Audit,Microsoft-Windows-Security-Auditing,DESKTOP-QUV3S97,"('S-1-5-21-1915879001-2348363783-178924610-1001', 'Adnan', 'DESKTOP-QUV3S97', '0xb5c76d4', 'MicrosoftAccount:user=adnanjohan54@gmail.com', '0', '1', '%%8100', '0', '2024-06-20T15:35:46.1074327Z', '17952')"
2024-06-20 21:39:14,5379,Success Audit,Microsoft-Windows-Security-Auditing,DESKTOP-QUV3S97,"('S-1-5-21-1915879001-2348363783-178924610-1001', 'Adnan', 'DESKTOP-QUV3S97', '0xb5c76d4', 'Adobe App Info (Q29yZVN5bmMxe30yMDE4MDcyMDAx)(Part1)', '1', '1', '%%8099', '0', '2024-06-20T04:35:38.3885692Z', '16316')"
2024-06-20 21:40:09,5379,Success Audit,Microsoft-Windows-Security-Auditing,DESKTOP-QUV3S97,"('S-1-5-21-1915879001-2348363783-178924610-1001', 'Adnan', 'DESKTOP-QUV3S97', '0xb5c76d4', 'Adobe App Info (Q3JlYXRpdmVDbG91ZDJ7fTIwMTgwNzIwMDE)(Part1)', '1', '1', '%%8099', '0', '2024-06-20T04:35:31.5363762Z', '9808')"
2024-06-20 21:40:14,5379,Success Audit,Microsoft-Windows-Security-Auditing,DESKTOP-QUV3S97,"('S-1-5-21-1915879001-2348363783-178924610-1001', 'Adnan', 'DESKTOP-QUV3S97', '0xb5c76d4', 'Adobe App Info (Q0NMaWJyYXJ5Mnt9MjAxODA3MjAwMQ)(Part1)', '1', '1', '%%8099', '0', '2024-06-20T04:35:54.8473323Z', '17520')"
2024-06-20 21:40:37,4624,Success Audit,Microsoft-Windows-Security-Auditing,DESKTOP-QUV3S97,"('S-1-5-18', 'DESKTOP-QUV3S97$', 'WORKGROUP', '0x3e7', 'S-1-5-18', 'SYSTEM', 'NT AUTHORITY', '0x3e7', '5', 'Advapi  ', 'Negotiate', '-', '{00000000-0000-0000-0000-000000000000}', '-', '-', '0', '0x530', 'C:\\Windows\\System32\\services.exe', '-', '-', '%%1833', '-', '-', '-', '-', '%%1843', '0x0', '%%1842')"
2024-06-20 21:48:22,4624,Success Audit,Microsoft-Windows-Security-Auditing,DESKTOP-QUV3S97,"('S-1-5-18', 'DESKTOP-QUV3S97$', 'WORKGROUP', '0x3e7', 'S-1-5-18', 'SYSTEM', 'NT AUTHORITY', '0x3e7', '5', 'Advapi  ', 'Negotiate', '-', '{00000000-0000-0000-0000-000000000000}', '-', '-', '0', '0x530', 'C:\\Windows\\System32\\services.exe', '-', '-', '%%1833', '-', '-', '-', '-', '%%1843', '0x0', '%%1842')"
2024-06-20 21:48:23,4624,Success Audit,Microsoft-Windows-Security-Auditing,DESKTOP-QUV3S97,"('S-1-5-18', 'DESKTOP-QUV3S97$', 'WORKGROUP', '0x3e7', 'S-1-5-18', 'SYSTEM', 'NT AUTHORITY', '0x3e7', '5', 'Advapi  ', 'Negotiate', '-', '{00000000-0000-0000-0000-000000000000}', '-', '-', '0', '0x530', 'C:\\Windows\\System32\\services.exe', '-', '-', '%%1833', '-', '-', '-', '-', '%%1843', '0x0', '%%1842')"
2024-06-20 21:48:24,5379,Success Audit,Microsoft-Windows-Security-Auditing,DESKTOP-QUV3S97,"('S-1-5-18', 'DESKTOP-QUV3S97$', 'WORKGROUP', '0x3e7', 'MicrosoftAccount:user=02egmqpvpyrjqfeo', '0', '0', '%%8100', '3221226021', '2024-06-20T15:48:23.2896395Z', '13372')"
2024-06-20 21:50:37,5379,Success Audit,Microsoft-Windows-Security-Auditing,DESKTOP-QUV3S97,"('S-1-5-21-1915879001-2348363783-178924610-1001', 'Adnan', 'DESKTOP-QUV3S97', '0xb5c76d4', 'MicrosoftAccount:user=adnanjohan54@gmail.com', '0', '1', '%%8100', '0', '2024-06-20T15:48:23.2896395Z', '13372')"
2024-06-20 21:50:38,5379,Success Audit,Microsoft-Windows-Security-Auditing,DESKTOP-QUV3S97,"('S-1-5-21-1915879001-2348363783-178924610-1001', 'Adnan', 'DESKTOP-QUV3S97', '0xb5c76d4', 'MicrosoftAccount:user=adnanjohan54@gmail.com', '0', '1', '%%8100', '0', '2024-06-20T15:48:23.2896395Z', '13372')"
2024-06-20 21:50:44,4647,Success Audit,Microsoft-Windows-Security-Auditing,DESKTOP-QUV3S97,"('S-1-5-21-1915879001-2348363783-178924610-1001', 'Adnan', 'DESKTOP-QUV3S97', '0xb5c76d4')"
2024-06-20 21:50:59,4907,Success Audit,Microsoft-Windows-Security-Auditing,DESKTOP-QUV3S97,"('S-1-5-18', 'DESKTOP-QUV3S97$', 'WORKGROUP', '0x3e7', 'Security', 'File', 'C:\\Windows\\Boot\\PCAT\\bootmgr', '0x78', 'S:AINO_ACCESS_CONTROL', 'S:ARAI(AU;SAFA;DCLCRPCRSDWDWO;;;WD)', '0x4bc8', 'C:\\Windows\\System32\\poqexec.exe')"
2024-06-20 21:51:00,4907,Success Audit,Microsoft-Windows-Security-Auditing,DESKTOP-QUV3S97,"('S-1-5-18', 'DESKTOP-QUV3S97$', 'WORKGROUP', '0x3e7', 'Security', 'File', 'C:\\Windows\\Boot\\EFI\\ru-RU\\bootmgfw.efi.mui', '0x7c', 'S:AINO_ACCESS_CONTROL', 'S:ARAI(AU;SAFA;DCLCRPCRSDWDWO;;;WD)', '0x4bc8', 'C:\\Windows\\System32\\poqexec.exe')"
2024-06-20 21:51:04,4624,Success Audit,Microsoft-Windows-Security-Auditing,DESKTOP-QUV3S97,"('S-1-5-18', 'DESKTOP-QUV3S97$', 'WORKGROUP', '0x3e7', 'S-1-5-18', 'SYSTEM', 'NT AUTHORITY', '0x3e7', '5', 'Advapi  ', 'Negotiate', '-', '{00000000-0000-0000-0000-000000000000}', '-', '-', '0', '0x530', 'C:\\Windows\\System32\\services.exe', '-', '-', '%%1833', '-', '-', '-', '-', '%%1843', '0x0', '%%1842')"
2024-06-20 21:51:27,4688,Success Audit,Microsoft-Windows-Security-Auditing,DESKTOP-QUV3S97,"('S-1-5-18', '-', '-', '0x3e7', '0x8c', '', '%%1936', '0x4', '', 'S-1-0-0', '-', '-', '0x0', '', 'S-1-16-16384')"
2024-06-20 21:51:29,4688,Success Audit,Microsoft-Windows-Security-Auditing,DESKTOP-QUV3S97,"('S-1-5-18', '-', '-', '0x3e7', '0x2f8', 'C:\\Windows\\System32\\smss.exe', '%%1936', '0x28c', '', 'S-1-0-0', '-', '-', '0x0', 'C:\\Windows\\System32\\smss.exe', 'S-1-16-16384')"
2024-06-20 21:51:32,4688,Success Audit,Microsoft-Windows-Security-Auditing,DESKTOP-QUV3S97,"('S-1-5-18', '-', '-', '0x3e7', '0x424', 'C:\\Windows\\System32\\csrss.exe', '%%1936', '0x2f8', '', 'S-1-0-0', '-', '-', '0x0', 'C:\\Windows\\System32\\smss.exe', 'S-1-16-16384')"
2024-06-20 21:51:42,4624,Success Audit,Microsoft-Windows-Security-Auditing,DESKTOP-QUV3S97,"('S-1-5-18', 'DESKTOP-QUV3S97$', 'WORKGROUP', '0x3e7', 'S-1-5-18', 'SYSTEM', 'NT AUTHORITY', '0x3e7', '5', 'Advapi  ', 'Negotiate', '-', '{00000000-0000-0000-0000-000000000000}', '-', '-', '0', '0x4fc', 'C:\\Windows\\System32\\services.exe', '-', '-', '%%1833', '-', '-', '-', '-', '%%1843', '0x0', '%%1842')"
2024-06-20 21:51:43,5379,Success Audit,Microsoft-Windows-Security-Auditing,DESKTOP-QUV3S97,"('S-1-5-18', 'DESKTOP-QUV3S97$', 'WORKGROUP', '0x3e7', 'MicrosoftAccount:user=02egmqpvpyrjqfeo', '0', '0', '%%8100', '3221226021', '2024-06-20T15:51:42.2398139Z', '6464')"
2024-06-20 21:53:23,4624,Success Audit,Microsoft-Windows-Security-Auditing,DESKTOP-QUV3S97,"('S-1-5-18', 'DESKTOP-QUV3S97$', 'WORKGROUP', '0x3e7', 'S-1-5-18', 'SYSTEM', 'NT AUTHORITY', '0x3e7', '5', 'Advapi  ', 'Negotiate', '-', '{00000000-0000-0000-0000-000000000000}', '-', '-', '0', '0x4fc', 'C:\\Windows\\System32\\services.exe', '-', '-', '%%1833', '-', '-', '-', '-', '%%1843', '0x0', '%%1842')"
2024-06-20 21:53:42,4624,Success Audit,Microsoft-Windows-Security-Auditing,DESKTOP-QUV3S97,"('S-1-5-18', 'DESKTOP-QUV3S97$', 'WORKGROUP', '0x3e7', 'S-1-5-18', 'SYSTEM', 'NT AUTHORITY', '0x3e7', '5', 'Advapi  ', 'Negotiate', '-', '{00000000-0000-0000-0000-000000000000}', '-', '-', '0', '0x4fc', 'C:\\Windows\\System32\\services.exe', '-', '-', '%%1833', '-', '-', '-', '-', '%%1843', '0x0', '%%1842')"
2024-06-22 14:39:26,4688,Success Audit,Microsoft-Windows-Security-Auditing,DESKTOP-QUV3S97,"('S-1-5-18', '-', '-', '0x3e7', '0x8c', '', '%%1936', '0x4', '', 'S-1-0-0', '-', '-', '0x0', '', 'S-1-16-16384')"
2024-06-22 14:39:27,4688,Success Audit,Microsoft-Windows-Security-Auditing,DESKTOP-QUV3S97,"('S-1-5-18', '-', '-', '0x3e7', '0x2e8', 'C:\\Windows\\System32\\smss.exe', '%%1936', '0x280', '', 'S-1-0-0', '-', '-', '0x0', 'C:\\Windows\\System32\\smss.exe', 'S-1-16-16384')"
2024-06-22 14:39:31,4688,Success Audit,Microsoft-Windows-Security-Auditing,DESKTOP-QUV3S97,"('S-1-5-18', '-', '-', '0x3e7', '0x29c', 'C:\\Windows\\System32\\csrss.exe', '%%1936', '0x2e8', '', 'S-1-0-0', '-', '-', '0x0', 'C:\\Windows\\System32\\smss.exe', 'S-1-16-16384')"
2024-06-22 14:39:32,4688,Success Audit,Microsoft-Windows-Security-Auditing,DESKTOP-QUV3S97,"('S-1-5-18', '-', '-', '0x3e7', '0x464', 'C:\\Windows\\System32\\smss.exe', '%%1936', '0x280', '', 'S-1-0-0', '-', '-', '0x0', 'C:\\Windows\\System32\\smss.exe', 'S-1-16-16384')"
2024-06-22 14:39:45,5382,Success Audit,Microsoft-Windows-Security-Auditing,DESKTOP-QUV3S97,"('S-1-5-18', 'DESKTOP-QUV3S97$', 'WORKGROUP', '0x3e7', 'WinBio Key Schema', '{f62c1ede-aa25-4575-ba52-c81ccfdd6dc6}', 'WinBio Key Resource', '01050000000000051500000059FE31720730F98B422CAA0AE9030000', '', '0', '0', '2024-06-22T08:39:34.3550070Z', '4652')"
2024-06-22 14:39:49,4798,Success Audit,Microsoft-Windows-Security-Auditing,DESKTOP-QUV3S97,"('Adnan', 'DESKTOP-QUV3S97', 'S-1-5-21-1915879001-2348363783-178924610-1001', 'S-1-5-21-1915879001-2348363783-178924610-1001', 'Adnan', 'DESKTOP-QUV3S97', '0xc04c4', '0x20c8', 'C:\\Windows\\System32\\SynTPEnh.exe')"
2024-06-22 14:39:51,4624,Success Audit,Microsoft-Windows-Security-Auditing,DESKTOP-QUV3S97,"('S-1-5-18', 'DESKTOP-QUV3S97$', 'WORKGROUP', '0x3e7', 'S-1-5-18', 'SYSTEM', 'NT AUTHORITY', '0x3e7', '5', 'Advapi  ', 'Negotiate', '-', '{00000000-0000-0000-0000-000000000000}', '-', '-', '0', '0x4b8', 'C:\\Windows\\System32\\services.exe', '-', '-', '%%1833', '-', '-', '-', '-', '%%1843', '0x0', '%%1842')"
2024-06-22 14:39:53,4624,Success Audit,Microsoft-Windows-Security-Auditing,DESKTOP-QUV3S97,"('S-1-5-18', 'DESKTOP-QUV3S97$', 'WORKGROUP', '0x3e7', 'S-1-5-18', 'SYSTEM', 'NT AUTHORITY', '0x3e7', '5', 'Advapi  ', 'Negotiate', '-', '{00000000-0000-0000-0000-000000000000}', '-', '-', '0', '0x4b8', 'C:\\Windows\\System32\\services.exe', '-', '-', '%%1833', '-', '-', '-', '-', '%%1843', '0x0', '%%1842')"
2024-06-22 14:39:54,4624,Success Audit,Microsoft-Windows-Security-Auditing,DESKTOP-QUV3S97,"('S-1-5-18', 'DESKTOP-QUV3S97$', 'WORKGROUP', '0x3e7', 'S-1-5-18', 'SYSTEM', 'NT AUTHORITY', '0x3e7', '5', 'Advapi  ', 'Negotiate', '-', '{00000000-0000-0000-0000-000000000000}', '-', '-', '0', '0x4b8', 'C:\\Windows\\System32\\services.exe', '-', '-', '%%1833', '-', '-', '-', '-', '%%1843', '0x0', '%%1842')"
2024-06-22 14:39:55,5379,Success Audit,Microsoft-Windows-Security-Auditing,DESKTOP-QUV3S97,"('S-1-5-18', 'DESKTOP-QUV3S97$', 'WORKGROUP', '0x3e7', 'MicrosoftAccount:user=02egmqpvpyrjqfeo', '0', '0', '%%8100', '3221226021', '2024-06-22T08:39:53.5605743Z', '9260')"
2024-06-22 14:39:56,5379,Success Audit,Microsoft-Windows-Security-Auditing,DESKTOP-QUV3S97,"('S-1-5-21-1915879001-2348363783-178924610-1001', 'Adnan', 'DESKTOP-QUV3S97', '0xc04c4', 'MicrosoftAccount:user=adnanjohan54@gmail.com', '0', '1', '%%8100', '0', '2024-06-22T08:39:53.5605743Z', '9260')"
2024-06-22 14:39:58,5379,Success Audit,Microsoft-Windows-Security-Auditing,DESKTOP-QUV3S97,"('S-1-5-21-1915879001-2348363783-178924610-1001', 'Adnan', 'DESKTOP-QUV3S97', '0xc04c4', 'MicrosoftAccount:user=adnanjohan54@gmail.com', '0', '1', '%%8100', '0', '2024-06-22T08:39:53.5605743Z', '9260')"
2024-06-22 14:39:59,5379,Success Audit,Microsoft-Windows-Security-Auditing,DESKTOP-QUV3S97,"('S-1-5-21-1915879001-2348363783-178924610-1001', 'Adnan', 'DESKTOP-QUV3S97', '0xc04c4', 'MicrosoftAccount:user=02qmteouloqmaorb', '0', '0', '%%8100', '3221226021', '2024-06-22T08:39:53.5605743Z', '9260')"
2024-06-22 14:40:00,5379,Success Audit,Microsoft-Windows-Security-Auditing,DESKTOP-QUV3S97,"('S-1-5-21-1915879001-2348363783-178924610-1001', 'Adnan', 'DESKTOP-QUV3S97', '0xc04c4', 'MicrosoftAccount:user=adnanjohan54@gmail.com', '0', '1', '%%8100', '0', '2024-06-22T08:39:53.5605743Z', '9260')"
2024-06-22 14:40:02,5379,Success Audit,Microsoft-Windows-Security-Auditing,DESKTOP-QUV3S97,"('S-1-5-21-1915879001-2348363783-178924610-1001', 'Adnan', 'DESKTOP-QUV3S97', '0xc04c4', 'MicrosoftAccount:user=02qmteouloqmaorb', '0', '0', '%%8100', '3221226021', '2024-06-22T08:39:53.5605743Z', '9260')"
2024-06-22 14:40:03,5379,Success Audit,Microsoft-Windows-Security-Auditing,DESKTOP-QUV3S97,"('S-1-5-21-1915879001-2348363783-178924610-1001', 'Adnan', 'DESKTOP-QUV3S97', '0xc04c4', 'MicrosoftAccount:user=02qmteouloqmaorb', '0', '0', '%%8100', '3221226021', '2024-06-22T08:39:53.5605743Z', '9260')"
2024-06-22 14:40:04,5379,Success Audit,Microsoft-Windows-Security-Auditing,DESKTOP-QUV3S97,"('S-1-5-21-1915879001-2348363783-178924610-1001', 'Adnan', 'DESKTOP-QUV3S97', '0xc04c4', 'MicrosoftAccount:user=adnanjohan54@gmail.com', '0', '1', '%%8100', '0', '2024-06-22T08:39:53.5605743Z', '9260')"
2024-06-22 14:40:05,5379,Success Audit,Microsoft-Windows-Security-Auditing,DESKTOP-QUV3S97,"('S-1-5-21-1915879001-2348363783-178924610-1001', 'Adnan', 'DESKTOP-QUV3S97', '0xc04c4', 'MicrosoftAccount:user=adnanjohan54@gmail.com', '0', '1', '%%8100', '0', '2024-06-22T08:39:53.5605743Z', '9260')"
2024-06-22 14:40:06,5379,Success Audit,Microsoft-Windows-Security-Auditing,DESKTOP-QUV3S97,"('S-1-5-21-1915879001-2348363783-178924610-1001', 'Adnan', 'DESKTOP-QUV3S97', '0xc04c4', 'MicrosoftAccount:user=win11217229@gmail.com', '0', '1', '%%8100', '0', '2024-06-22T08:39:53.5605743Z', '9260')"
2024-06-22 14:40:07,5058,Success Audit,Microsoft-Windows-Security-Auditing,DESKTOP-QUV3S97,"('S-1-5-21-1915879001-2348363783-178924610-1001', 'Adnan', 'DESKTOP-QUV3S97', '0xc04c4', '12628', '2024-06-22T08:40:03.6869413Z', 'Microsoft Software Key Storage Provider', 'ECDSA_P256', 'ChromeMetricsTestKey', '%%2500', 'C:\\Users\\win11\\AppData\\Roaming\\Microsoft\\Crypto\\Keys\\1e313dfb17707690d41bc1ce552b952a_63674727-7a53-478c-ab09-bed1da73ae69', '%%2459', '0x0')"
2024-06-22 14:40:08,5379,Success Audit,Microsoft-Windows-Security-Auditing,DESKTOP-QUV3S97,"('S-1-5-21-1915879001-2348363783-178924610-1001', 'Adnan', 'DESKTOP-QUV3S97', '0xc04c4', 'MicrosoftAccount:user=adnanjohan54@gmail.com', '0', '1', '%%8100', '0', '2024-06-22T08:39:53.5605743Z', '9260')"
2024-06-22 14:40:09,4624,Success Audit,Microsoft-Windows-Security-Auditing,DESKTOP-QUV3S97,"('S-1-5-18', 'DESKTOP-QUV3S97$', 'WORKGROUP', '0x3e7', 'S-1-5-18', 'SYSTEM', 'NT AUTHORITY', '0x3e7', '5', 'Advapi  ', 'Negotiate', '-', '{00000000-0000-0000-0000-000000000000}', '-', '-', '0', '0x4b8', 'C:\\Windows\\System32\\services.exe', '-', '-', '%%1833', '-', '-', '-', '-', '%%1843', '0x0', '%%1842')"
2024-06-22 14:40:10,5379,Success Audit,Microsoft-Windows-Security-Auditing,DESKTOP-QUV3S97,"('S-1-5-21-1915879001-2348363783-178924610-1001', 'Adnan', 'DESKTOP-QUV3S97', '0xc04c4', 'MicrosoftAccount:user=adnanjohan54@gmail.com', '0', '1', '%%8100', '0', '2024-06-22T08:39:53.5605743Z', '9260')"
2024-06-22 14:40:11,5379,Success Audit,Microsoft-Windows-Security-Auditing,DESKTOP-QUV3S97,"('S-1-5-21-1915879001-2348363783-178924610-1001', 'Adnan', 'DESKTOP-QUV3S97', '0xc04c4', 'MicrosoftAccount:user=adnanjohan54@gmail.com', '0', '1', '%%8100', '0', '2024-06-22T08:39:53.5605743Z', '9260')"
2024-06-22 14:40:12,5379,Success Audit,Microsoft-Windows-Security-Auditing,DESKTOP-QUV3S97,"('S-1-5-21-1915879001-2348363783-178924610-1001', 'Adnan', 'DESKTOP-QUV3S97', '0xc04c4', 'MicrosoftAccount:user=adnanjohan54@gmail.com', '0', '1', '%%8100', '0', '2024-06-22T08:39:53.5605743Z', '9260')"
2024-06-22 14:40:13,5379,Success Audit,Microsoft-Windows-Security-Auditing,DESKTOP-QUV3S97,"('S-1-5-21-1915879001-2348363783-178924610-1001', 'Adnan', 'DESKTOP-QUV3S97', '0xc04c4', 'MicrosoftAccount:user=adnanjohan54@gmail.com', '0', '1', '%%8100', '0', '2024-06-22T08:39:53.5605743Z', '9260')"
2024-06-22 14:40:14,4798,Success Audit,Microsoft-Windows-Security-Auditing,DESKTOP-QUV3S97,"('Administrator', 'DESKTOP-QUV3S97', 'S-1-5-21-1915879001-2348363783-178924610-500', 'S-1-5-18', 'DESKTOP-QUV3S97$', 'WORKGROUP', '0x3e7', '0x3658', 'C:\\Windows\\System32\\svchost.exe')"
2024-06-22 14:40:16,5058,Success Audit,Microsoft-Windows-Security-Auditing,DESKTOP-QUV3S97,"('S-1-5-21-1915879001-2348363783-178924610-1001', 'Adnan', 'DESKTOP-QUV3S97', '0xc04c4', '14756', '2024-06-22T08:40:15.5498536Z', 'Microsoft Software Key Storage Provider', 'ECDSA_P256', 'Microsoft-Edge-TB-test-key', '%%2500', 'C:\\Users\\win11\\AppData\\Roaming\\Microsoft\\Crypto\\Keys\\53caafca80232173a709de019a7d9dbb_63674727-7a53-478c-ab09-bed1da73ae69', '%%2459', '0x0')"
2024-06-22 14:40:17,5379,Success Audit,Microsoft-Windows-Security-Auditing,DESKTOP-QUV3S97,"('S-1-5-21-1915879001-2348363783-178924610-1001', 'Adnan', 'DESKTOP-QUV3S97', '0xc04c4', 'MicrosoftOffice16_Data:live:cid=*', '0', '0', '%%8100', '3221226021', '2024-06-22T08:40:14.2980848Z', '13884')"
2024-06-22 14:40:18,5379,Success Audit,Microsoft-Windows-Security-Auditing,DESKTOP-QUV3S97,"('S-1-5-21-1915879001-2348363783-178924610-1001', 'Adnan', 'DESKTOP-QUV3S97', '0xc04c4', 'MicrosoftAccount:user=adnanjohan54@gmail.com', '0', '1', '%%8100', '0', '2024-06-22T08:39:53.5605743Z', '9260')"
2024-06-22 14:40:19,5379,Success Audit,Microsoft-Windows-Security-Auditing,DESKTOP-QUV3S97,"('S-1-5-21-1915879001-2348363783-178924610-1001', 'Adnan', 'DESKTOP-QUV3S97', '0xc04c4', 'MicrosoftAccount:user=adnanjohan54@gmail.com', '0', '1', '%%8100', '0', '2024-06-22T08:39:53.5605743Z', '9260')"
2024-06-22 14:40:20,5379,Success Audit,Microsoft-Windows-Security-Auditing,DESKTOP-QUV3S97,"('S-1-5-21-1915879001-2348363783-178924610-1001', 'Adnan', 'DESKTOP-QUV3S97', '0xc04c4', 'MicrosoftAccount:user=adnanjohan54@gmail.com', '0', '1', '%%8100', '0', '2024-06-22T08:39:53.5605743Z', '9260')"
2024-06-22 14:40:21,5379,Success Audit,Microsoft-Windows-Security-Auditing,DESKTOP-QUV3S97,"('S-1-5-21-1915879001-2348363783-178924610-1001', 'Adnan', 'DESKTOP-QUV3S97', '0xc04c4', 'MicrosoftAccount:user=adnanjohan54@gmail.com', '0', '1', '%%8100', '0', '2024-06-22T08:39:53.5605743Z', '9260')"
2024-06-22 14:40:22,5058,Success Audit,Microsoft-Windows-Security-Auditing,DESKTOP-QUV3S97,"('S-1-5-21-1915879001-2348363783-178924610-1001', 'Adnan', 'DESKTOP-QUV3S97', '0xc04c4', '14424', '2024-06-22T08:40:15.2873195Z', 'Microsoft Software Key Storage Provider', 'ECDSA_P256', 'ChromeMetricsTestKey', '%%2500', 'C:\\Users\\win11\\AppData\\Roaming\\Microsoft\\Crypto\\Keys\\1e313dfb17707690d41bc1ce552b952a_63674727-7a53-478c-ab09-bed1da73ae69', '%%2459', '0x0')"
2024-06-22 14:40:26,5379,Success Audit,Microsoft-Windows-Security-Auditing,DESKTOP-QUV3S97,"('S-1-5-21-1915879001-2348363783-178924610-1001', 'Adnan', 'DESKTOP-QUV3S97', '0xc04c4', 'MSIX-Skype for Desktop/live:adnanjohan54', '1', '1', '%%8099', '0', '2024-06-22T08:40:21.3759463Z', '2480')"
2024-06-22 14:40:27,5379,Success Audit,Microsoft-Windows-Security-Auditing,DESKTOP-QUV3S97,"('S-1-5-21-1915879001-2348363783-178924610-1001', 'Adnan', 'DESKTOP-QUV3S97', '0xc04c4', 'MicrosoftAccount:user=adnanjohan54@gmail.com', '0', '1', '%%8100', '0', '2024-06-22T08:39:53.5605743Z', '9260')"
2024-06-22 14:40:29,5379,Success Audit,Microsoft-Windows-Security-Auditing,DESKTOP-QUV3S97,"('S-1-5-21-1915879001-2348363783-178924610-1001', 'Adnan', 'DESKTOP-QUV3S97', '0xc04c4', 'MSIX-SkypeLocalPrivateConversations19:a22d2b7e11766571b9e98cea4819b33a9515a1917fcb4bf03eef835e93d17e68@encrypted.skype/live:adnanjohan54', '1', '1', '%%8099', '3221226021', '2024-06-22T08:40:21.3759463Z', '2480')"
2024-06-22 14:40:30,5379,Success Audit,Microsoft-Windows-Security-Auditing,DESKTOP-QUV3S97,"('S-1-5-21-1915879001-2348363783-178924610-1001', 'Adnan', 'DESKTOP-QUV3S97', '0xc04c4', 'MicrosoftAccount:user=adnanjohan54@gmail.com', '0', '1', '%%8100', '0', '2024-06-22T08:39:53.5605743Z', '9260')"
2024-06-22 14:40:31,5379,Success Audit,Microsoft-Windows-Security-Auditing,DESKTOP-QUV3S97,"('S-1-5-21-1915879001-2348363783-178924610-1001', 'Adnan', 'DESKTOP-QUV3S97', '0xc04c4', 'MicrosoftAccount:user=adnanjohan54@gmail.com', '0', '1', '%%8100', '0', '2024-06-22T08:39:53.5605743Z', '9260')"
2024-06-22 14:40:32,5379,Success Audit,Microsoft-Windows-Security-Auditing,DESKTOP-QUV3S97,"('S-1-5-21-1915879001-2348363783-178924610-1001', 'Adnan', 'DESKTOP-QUV3S97', '0xc04c4', 'MicrosoftAccount:user=adnanjohan54@gmail.com', '0', '1', '%%8100', '0', '2024-06-22T08:39:53.5605743Z', '9260')"
2024-06-22 14:40:33,5379,Success Audit,Microsoft-Windows-Security-Auditing,DESKTOP-QUV3S97,"('S-1-5-21-1915879001-2348363783-178924610-1001', 'Adnan', 'DESKTOP-QUV3S97', '0xc04c4', 'MicrosoftAccount:user=adnanjohan54@gmail.com', '0', '1', '%%8100', '0', '2024-06-22T08:39:53.5605743Z', '9260')"
2024-06-22 14:40:35,5379,Success Audit,Microsoft-Windows-Security-Auditing,DESKTOP-QUV3S97,"('S-1-5-21-1915879001-2348363783-178924610-1001', 'Adnan', 'DESKTOP-QUV3S97', '0xc04c4', 'Adobe User Info(Part1)', '1', '1', '%%8099', '0', '2024-06-22T08:40:29.9015458Z', '16160')"
2024-06-22 14:40:37,5379,Success Audit,Microsoft-Windows-Security-Auditing,DESKTOP-QUV3S97,"('S-1-5-21-1915879001-2348363783-178924610-1001', 'Adnan', 'DESKTOP-QUV3S97', '0xc04c4', 'Adobe User Info(Part1)', '1', '1', '%%8099', '0', '2024-06-22T08:40:29.9015458Z', '16160')"
2024-06-22 14:40:57,5379,Success Audit,Microsoft-Windows-Security-Auditing,DESKTOP-QUV3S97,"('S-1-5-18', 'DESKTOP-QUV3S97$', 'WORKGROUP', '0x3e7', 'MicrosoftAccount:user=02egmqpvpyrjqfeo', '0', '0', '%%8100', '3221226021', '2024-06-22T08:39:53.5605743Z', '9260')"
2024-06-22 14:40:58,5379,Success Audit,Microsoft-Windows-Security-Auditing,DESKTOP-QUV3S97,"('S-1-5-18', 'DESKTOP-QUV3S97$', 'WORKGROUP', '0x3e7', 'MicrosoftAccount:user=02egmqpvpyrjqfeo', '0', '0', '%%8100', '3221226021', '2024-06-22T08:39:53.5605743Z', '9260')"
2024-06-22 14:41:09,5379,Success Audit,Microsoft-Windows-Security-Auditing,DESKTOP-QUV3S97,"('S-1-5-21-1915879001-2348363783-178924610-1001', 'Adnan', 'DESKTOP-QUV3S97', '0xc04c4', 'MicrosoftAccount:user=adnanjohan54@gmail.com', '0', '1', '%%8100', '0', '2024-06-22T08:39:53.5605743Z', '9260')"
2024-06-22 14:41:13,5379,Success Audit,Microsoft-Windows-Security-Auditing,DESKTOP-QUV3S97,"('S-1-5-21-1915879001-2348363783-178924610-1001', 'Adnan', 'DESKTOP-QUV3S97', '0xc04c4', 'MicrosoftAccount:user=adnanjohan54@gmail.com', '0', '1', '%%8100', '0', '2024-06-22T08:39:53.5605743Z', '9260')"
2024-06-22 14:41:14,4624,Success Audit,Microsoft-Windows-Security-Auditing,DESKTOP-QUV3S97,"('S-1-5-18', 'DESKTOP-QUV3S97$', 'WORKGROUP', '0x3e7', 'S-1-5-18', 'SYSTEM', 'NT AUTHORITY', '0x3e7', '5', 'Advapi  ', 'Negotiate', '-', '{00000000-0000-0000-0000-000000000000}', '-', '-', '0', '0x4b8', 'C:\\Windows\\System32\\services.exe', '-', '-', '%%1833', '-', '-', '-', '-', '%%1843', '0x0', '%%1842')"
2024-06-22 14:41:15,5379,Success Audit,Microsoft-Windows-Security-Auditing,DESKTOP-QUV3S97,"('S-1-5-18', 'DESKTOP-QUV3S97$', 'WORKGROUP', '0x3e7', 'MicrosoftAccount:user=02egmqpvpyrjqfeo', '0', '0', '%%8100', '3221226021', '2024-06-22T08:39:53.5605743Z', '9260')"
2024-06-22 14:41:16,4624,Success Audit,Microsoft-Windows-Security-Auditing,DESKTOP-QUV3S97,"('S-1-5-18', 'DESKTOP-QUV3S97$', 'WORKGROUP', '0x3e7', 'S-1-5-18', 'SYSTEM', 'NT AUTHORITY', '0x3e7', '5', 'Advapi  ', 'Negotiate', '-', '{00000000-0000-0000-0000-000000000000}', '-', '-', '0', '0x4b8', 'C:\\Windows\\System32\\services.exe', '-', '-', '%%1833', '-', '-', '-', '-', '%%1843', '0x0', '%%1842')"
2024-06-22 14:41:20,4799,Success Audit,Microsoft-Windows-Security-Auditing,DESKTOP-QUV3S97,"('Administrators', 'Builtin', 'S-1-5-32-544', 'S-1-5-18', 'DESKTOP-QUV3S97$', 'WORKGROUP', '0x3e7', '0x2eec', 'C:\\Windows\\System32\\svchost.exe')"
2024-06-22 14:41:23,4624,Success Audit,Microsoft-Windows-Security-Auditing,DESKTOP-QUV3S97,"('S-1-5-18', 'DESKTOP-QUV3S97$', 'WORKGROUP', '0x3e7', 'S-1-5-18', 'SYSTEM', 'NT AUTHORITY', '0x3e7', '5', 'Advapi  ', 'Negotiate', '-', '{00000000-0000-0000-0000-000000000000}', '-', '-', '0', '0x4b8', 'C:\\Windows\\System32\\services.exe', '-', '-', '%%1833', '-', '-', '-', '-', '%%1843', '0x0', '%%1842')"
2024-06-22 14:41:25,5379,Success Audit,Microsoft-Windows-Security-Auditing,DESKTOP-QUV3S97,"('S-1-5-18', 'DESKTOP-QUV3S97$', 'WORKGROUP', '0x3e7', 'MicrosoftAccount:user=02egmqpvpyrjqfeo', '0', '0', '%%8100', '3221226021', '2024-06-22T08:39:53.5605743Z', '9260')"
2024-06-22 14:41:32,5379,Success Audit,Microsoft-Windows-Security-Auditing,DESKTOP-QUV3S97,"('S-1-5-21-1915879001-2348363783-178924610-1001', 'Adnan', 'DESKTOP-QUV3S97', '0xc04c4', 'MicrosoftAccount:user=win11217229@gmail.com', '0', '1', '%%8100', '0', '2024-06-22T08:39:53.5605743Z', '9260')"
2024-06-22 14:41:36,4624,Success Audit,Microsoft-Windows-Security-Auditing,DESKTOP-QUV3S97,"('S-1-5-18', 'DESKTOP-QUV3S97$', 'WORKGROUP', '0x3e7', 'S-1-5-18', 'SYSTEM', 'NT AUTHORITY', '0x3e7', '5', 'Advapi  ', 'Negotiate', '-', '{00000000-0000-0000-0000-000000000000}', '-', '-', '0', '0x4b8', 'C:\\Windows\\System32\\services.exe', '-', '-', '%%1833', '-', '-', '-', '-', '%%1843', '0x0', '%%1842')"
2024-06-22 14:41:38,4798,Success Audit,Microsoft-Windows-Security-Auditing,DESKTOP-QUV3S97,"('Administrator', 'DESKTOP-QUV3S97', 'S-1-5-21-1915879001-2348363783-178924610-500', 'S-1-5-18', 'DESKTOP-QUV3S97$', 'WORKGROUP', '0x3e7', '0x3658', 'C:\\Windows\\System32\\svchost.exe')"
2024-06-22 14:41:51,5379,Success Audit,Microsoft-Windows-Security-Auditing,DESKTOP-QUV3S97,"('S-1-5-21-1915879001-2348363783-178924610-1001', 'Adnan', 'DESKTOP-QUV3S97', '0xc04c4', 'Adobe User OS Info(Part1)', '1', '1', '%%8099', '0', '2024-06-22T08:41:48.8996287Z', '17504')"
2024-06-22 14:41:52,5379,Success Audit,Microsoft-Windows-Security-Auditing,DESKTOP-QUV3S97,"('S-1-5-21-1915879001-2348363783-178924610-1001', 'Adnan', 'DESKTOP-QUV3S97', '0xc04c4', 'Adobe User Info(Part1)', '1', '1', '%%8099', '0', '2024-06-22T08:41:48.8996287Z', '17504')"
2024-06-22 14:41:50,4616,Success Audit,Microsoft-Windows-Security-Auditing,DESKTOP-QUV3S97,"('S-1-5-19', 'LOCAL SERVICE', 'NT AUTHORITY', '0x3e5', '2024-06-22T08:41:52.6832545Z', '2024-06-22T08:41:50.2754508Z', '0x2de8', 'C:\\Windows\\System32\\svchost.exe')"
2024-06-22 14:41:53,5379,Success Audit,Microsoft-Windows-Security-Auditing,DESKTOP-QUV3S97,"('S-1-5-21-1915879001-2348363783-178924610-1001', 'Adnan', 'DESKTOP-QUV3S97', '0xc04c4', 'Adobe User Info(Part1)', '1', '1', '%%8099', '0', '2024-06-22T08:41:48.8996287Z', '17504')"
2024-06-22 14:41:54,5379,Success Audit,Microsoft-Windows-Security-Auditing,DESKTOP-QUV3S97,"('S-1-5-21-1915879001-2348363783-178924610-1001', 'Adnan', 'DESKTOP-QUV3S97', '0xc04c4', 'Adobe User Info(Part1)', '1', '1', '%%8099', '0', '2024-06-22T08:41:53.2638598Z', '9044')"
2024-06-22 14:41:55,5058,Success Audit,Microsoft-Windows-Security-Auditing,DESKTOP-QUV3S97,"('S-1-5-21-1915879001-2348363783-178924610-1001', 'Adnan', 'DESKTOP-QUV3S97', '0xc04c4', '12580', '2024-06-22T08:41:55.0434292Z', 'Microsoft Software Key Storage Provider', 'ECDSA_P256', 'Microsoft-Edge-TB-test-key', '%%2500', 'C:\\Users\\win11\\AppData\\Roaming\\Microsoft\\Crypto\\Keys\\53caafca80232173a709de019a7d9dbb_63674727-7a53-478c-ab09-bed1da73ae69', '%%2459', '0x0')"
2024-06-22 14:41:56,5379,Success Audit,Microsoft-Windows-Security-Auditing,DESKTOP-QUV3S97,"('S-1-5-21-1915879001-2348363783-178924610-1001', 'Adnan', 'DESKTOP-QUV3S97', '0xc04c4', 'Adobe User Info(Part1)', '1', '1', '%%8099', '0', '2024-06-22T08:41:48.8996287Z', '17504')"
2024-06-22 14:41:57,5379,Success Audit,Microsoft-Windows-Security-Auditing,DESKTOP-QUV3S97,"('S-1-5-21-1915879001-2348363783-178924610-1001', 'Adnan', 'DESKTOP-QUV3S97', '0xc04c4', 'Adobe User Info(Part1)', '1', '1', '%%8099', '0', '2024-06-22T08:41:48.8996287Z', '17504')"
2024-06-22 14:41:58,5379,Success Audit,Microsoft-Windows-Security-Auditing,DESKTOP-QUV3S97,"('S-1-5-21-1915879001-2348363783-178924610-1001', 'Adnan', 'DESKTOP-QUV3S97', '0xc04c4', 'MicrosoftAccount:user=adnanjohan54@gmail.com', '0', '1', '%%8100', '0', '2024-06-22T08:39:53.5605743Z', '9260')"
2024-06-22 14:41:59,5058,Success Audit,Microsoft-Windows-Security-Auditing,DESKTOP-QUV3S97,"('S-1-5-21-1915879001-2348363783-178924610-1001', 'Adnan', 'DESKTOP-QUV3S97', '0xc04c4', '2748', '2024-06-22T08:41:54.7934262Z', 'Microsoft Software Key Storage Provider', 'ECDSA_P256', 'ChromeMetricsTestKey', '%%2500', 'C:\\Users\\win11\\AppData\\Roaming\\Microsoft\\Crypto\\Keys\\1e313dfb17707690d41bc1ce552b952a_63674727-7a53-478c-ab09-bed1da73ae69', '%%2459', '0x0')"
2024-06-22 14:42:00,5379,Success Audit,Microsoft-Windows-Security-Auditing,DESKTOP-QUV3S97,"('S-1-5-21-1915879001-2348363783-178924610-1001', 'Adnan', 'DESKTOP-QUV3S97', '0xc04c4', 'MicrosoftAccount:user=adnanjohan54@gmail.com', '0', '1', '%%8100', '0', '2024-06-22T08:39:53.5605743Z', '9260')"
2024-06-22 14:42:01,5379,Success Audit,Microsoft-Windows-Security-Auditing,DESKTOP-QUV3S97,"('S-1-5-21-1915879001-2348363783-178924610-1001', 'Adnan', 'DESKTOP-QUV3S97', '0xc04c4', 'MicrosoftAccount:user=adnanjohan54@gmail.com', '0', '1', '%%8100', '0', '2024-06-22T08:39:53.5605743Z', '9260')"
2024-06-22 14:42:08,5379,Success Audit,Microsoft-Windows-Security-Auditing,DESKTOP-QUV3S97,"('S-1-5-21-1915879001-2348363783-178924610-1001', 'Adnan', 'DESKTOP-QUV3S97', '0xc04c4', 'ACCC.com.adobe.acc.pmp.D2BB18355D01068F0A495C16.ThirdPartyPluginsInstall', '1', '1', '%%8099', '0', '2024-06-22T08:41:46.9606610Z', '18132')"
2024-06-22 14:42:10,5058,Success Audit,Microsoft-Windows-Security-Auditing,DESKTOP-QUV3S97,"('S-1-5-21-1915879001-2348363783-178924610-1001', 'Adnan', 'DESKTOP-QUV3S97', '0xc04c4', '19108', '2024-06-22T08:42:07.0623588Z', 'Microsoft Software Key Storage Provider', 'ECDSA_P256', 'ChromeMetricsTestKey', '%%2500', 'C:\\Users\\win11\\AppData\\Roaming\\Microsoft\\Crypto\\Keys\\1e313dfb17707690d41bc1ce552b952a_63674727-7a53-478c-ab09-bed1da73ae69', '%%2459', '0x0')"
2024-06-22 14:42:11,5379,Success Audit,Microsoft-Windows-Security-Auditing,DESKTOP-QUV3S97,"('S-1-5-21-1915879001-2348363783-178924610-1001', 'Adnan', 'DESKTOP-QUV3S97', '0xc04c4', 'ACCC.com.adobe.acc.container.D2BB18355D01068F0A495C16.assets.download.location', '1', '1', '%%8099', '3221226021', '2024-06-22T08:41:46.9606610Z', '18132')"
2024-06-22 14:42:24,5379,Success Audit,Microsoft-Windows-Security-Auditing,DESKTOP-QUV3S97,"('S-1-5-21-1915879001-2348363783-178924610-1001', 'Adnan', 'DESKTOP-QUV3S97', '0xc04c4', 'Adobe User OS Info(Part1)', '1', '1', '%%8099', '0', '2024-06-22T08:42:21.8346789Z', '19436')"
2024-06-22 14:42:25,5379,Success Audit,Microsoft-Windows-Security-Auditing,DESKTOP-QUV3S97,"('S-1-5-21-1915879001-2348363783-178924610-1001', 'Adnan', 'DESKTOP-QUV3S97', '0xc04c4', 'Adobe User Info(Part1)', '1', '1', '%%8099', '0', '2024-06-22T08:42:21.8346789Z', '19436')"
2024-06-22 14:42:39,5379,Success Audit,Microsoft-Windows-Security-Auditing,DESKTOP-QUV3S97,"('S-1-5-21-1915879001-2348363783-178924610-1001', 'Adnan', 'DESKTOP-QUV3S97', '0xc04c4', 'Adobe User Info(Part1)', '1', '1', '%%8099', '0', '2024-06-22T08:41:48.8996287Z', '17504')"
