2024-06-23 12:41:54,4624,Success Audit,Microsoft-Windows-Security-Auditing,DESKTOP-QUV3S97,"('S-1-5-18', 'DESKTOP-QUV3S97$', 'WORKGROUP', '0x3e7', 'S-1-5-18', 'SYSTEM', 'NT AUTHORITY', '0x3e7', '5', 'Advapi  ', 'Negotiate', '-', '{00000000-0000-0000-0000-000000000000}', '-', '-', '0', '0x4b8', 'C:\\Windows\\System32\\services.exe', '-', '-', '%%1833', '-', '-', '-', '-', '%%1843', '0x0', '%%1842')"
2024-06-23 12:44:34,4624,Success Audit,Microsoft-Windows-Security-Auditing,DESKTOP-QUV3S97,"('S-1-5-18', 'DESKTOP-QUV3S97$', 'WORKGROUP', '0x3e7', 'S-1-5-18', 'SYSTEM', 'NT AUTHORITY', '0x3e7', '5', 'Advapi  ', 'Negotiate', '-', '{00000000-0000-0000-0000-000000000000}', '-', '-', '0', '0x4b8', 'C:\\Windows\\System32\\services.exe', '-', '-', '%%1833', '-', '-', '-', '-', '%%1843', '0x0', '%%1842')"
2024-06-23 12:46:06,5379,Success Audit,Microsoft-Windows-Security-Auditing,DESKTOP-QUV3S97,"('S-1-5-21-1915879001-2348363783-178924610-1001', 'Adnan', 'DESKTOP-QUV3S97', '0x493e352', 'Adobe User Info(Part1)', '1', '1', '%%8099', '0', '2024-06-23T06:26:06.1104909Z', '20596')"
2024-06-23 12:46:30,4624,Success Audit,Microsoft-Windows-Security-Auditing,DESKTOP-QUV3S97,"('S-1-5-18', 'DESKTOP-QUV3S97$', 'WORKGROUP', '0x3e7', 'S-1-5-18', 'SYSTEM', 'NT AUTHORITY', '0x3e7', '5', 'Advapi  ', 'Negotiate', '-', '{00000000-0000-0000-0000-000000000000}', '-', '-', '0', '0x4b8', 'C:\\Windows\\System32\\services.exe', '-', '-', '%%1833', '-', '-', '-', '-', '%%1843', '0x0', '%%1842')"
2024-06-23 12:47:14,4624,Success Audit,Microsoft-Windows-Security-Auditing,DESKTOP-QUV3S97,"('S-1-5-18', 'DESKTOP-QUV3S97$', 'WORKGROUP', '0x3e7', 'S-1-5-18', 'SYSTEM', 'NT AUTHORITY', '0x3e7', '5', 'Advapi  ', 'Negotiate', '-', '{00000000-0000-0000-0000-000000000000}', '-', '-', '0', '0x4b8', 'C:\\Windows\\System32\\services.exe', '-', '-', '%%1833', '-', '-', '-', '-', '%%1843', '0x0', '%%1842')"
2024-06-23 12:49:08,5379,Success Audit,Microsoft-Windows-Security-Auditing,DESKTOP-QUV3S97,"('S-1-5-21-1915879001-2348363783-178924610-1001', 'Adnan', 'DESKTOP-QUV3S97', '0x493e352', 'Adobe App Info (Q3JlYXRpdmVDbG91ZDJ7fTIwMTgwNzIwMDE)(Part1)', '1', '1', '%%8099', '0', '2024-06-23T04:18:25.0589934Z', '9584')"
2024-06-23 12:49:09,5379,Success Audit,Microsoft-Windows-Security-Auditing,DESKTOP-QUV3S97,"('S-1-5-21-1915879001-2348363783-178924610-1001', 'Adnan', 'DESKTOP-QUV3S97', '0x493e352', 'Adobe User Info(Part1)', '1', '1', '%%8099', '0', '2024-06-23T04:18:25.0589934Z', '9584')"
2024-06-23 12:49:20,5379,Success Audit,Microsoft-Windows-Security-Auditing,DESKTOP-QUV3S97,"('S-1-5-21-1915879001-2348363783-178924610-1001', 'Adnan', 'DESKTOP-QUV3S97', '0x493e352', 'Adobe App Info (Q29yZVN5bmMxe30yMDE4MDcyMDAx)(Part1)', '1', '1', '%%8099', '0', '2024-06-23T04:18:29.6779500Z', '3012')"
2024-06-23 12:49:36,5382,Success Audit,Microsoft-Windows-Security-Auditing,DESKTOP-QUV3S97,"('S-1-5-18', 'DESKTOP-QUV3S97$', 'WORKGROUP', '0x3e7', 'NGC Local Accoount Logon Vault Resource Schema', '{1d4350a3-330d-4af9-b3ff-a927a45998ac}', 'NGC Local Accoount Logon Vault Resource', '01050000000000051500000059FE31720730F98B422CAA0AE9030000', '', '0', '1168', '2024-06-22T08:39:34.3549086Z', '4644')"
2024-06-23 12:49:39,5379,Success Audit,Microsoft-Windows-Security-Auditing,DESKTOP-QUV3S97,"('S-1-5-21-1915879001-2348363783-178924610-1001', 'Adnan', 'DESKTOP-QUV3S97', '0x493e352', 'Adobe App Info (Q0NMaWJyYXJ5Mnt9MjAxODA3MjAwMQ)(Part1)', '1', '1', '%%8099', '0', '2024-06-23T04:18:44.2769100Z', '17792')"
2024-06-23 12:49:54,4624,Success Audit,Microsoft-Windows-Security-Auditing,DESKTOP-QUV3S97,"('S-1-5-18', 'DESKTOP-QUV3S97$', 'WORKGROUP', '0x3e7', 'S-1-5-18', 'SYSTEM', 'NT AUTHORITY', '0x3e7', '5', 'Advapi  ', 'Negotiate', '-', '{00000000-0000-0000-0000-000000000000}', '-', '-', '0', '0x4b8', 'C:\\Windows\\System32\\services.exe', '-', '-', '%%1833', '-', '-', '-', '-', '%%1843', '0x0', '%%1842')"
2024-06-23 12:52:34,4624,Success Audit,Microsoft-Windows-Security-Auditing,DESKTOP-QUV3S97,"('S-1-5-18', 'DESKTOP-QUV3S97$', 'WORKGROUP', '0x3e7', 'S-1-5-18', 'SYSTEM', 'NT AUTHORITY', '0x3e7', '5', 'Advapi  ', 'Negotiate', '-', '{00000000-0000-0000-0000-000000000000}', '-', '-', '0', '0x4b8', 'C:\\Windows\\System32\\services.exe', '-', '-', '%%1833', '-', '-', '-', '-', '%%1843', '0x0', '%%1842')"
2024-06-23 12:55:14,4624,Success Audit,Microsoft-Windows-Security-Auditing,DESKTOP-QUV3S97,"('S-1-5-18', 'DESKTOP-QUV3S97$', 'WORKGROUP', '0x3e7', 'S-1-5-18', 'SYSTEM', 'NT AUTHORITY', '0x3e7', '5', 'Advapi  ', 'Negotiate', '-', '{00000000-0000-0000-0000-000000000000}', '-', '-', '0', '0x4b8', 'C:\\Windows\\System32\\services.exe', '-', '-', '%%1833', '-', '-', '-', '-', '%%1843', '0x0', '%%1842')"
2024-06-23 12:56:10,4624,Success Audit,Microsoft-Windows-Security-Auditing,DESKTOP-QUV3S97,"('S-1-5-18', 'DESKTOP-QUV3S97$', 'WORKGROUP', '0x3e7', 'S-1-5-18', 'SYSTEM', 'NT AUTHORITY', '0x3e7', '5', 'Advapi  ', 'Negotiate', '-', '{00000000-0000-0000-0000-000000000000}', '-', '-', '0', '0x4b8', 'C:\\Windows\\System32\\services.exe', '-', '-', '%%1833', '-', '-', '-', '-', '%%1843', '0x0', '%%1842')"
2024-06-23 12:57:54,4624,Success Audit,Microsoft-Windows-Security-Auditing,DESKTOP-QUV3S97,"('S-1-5-18', 'DESKTOP-QUV3S97$', 'WORKGROUP', '0x3e7', 'S-1-5-18', 'SYSTEM', 'NT AUTHORITY', '0x3e7', '5', 'Advapi  ', 'Negotiate', '-', '{00000000-0000-0000-0000-000000000000}', '-', '-', '0', '0x4b8', 'C:\\Windows\\System32\\services.exe', '-', '-', '%%1833', '-', '-', '-', '-', '%%1843', '0x0', '%%1842')"
2024-06-23 12:59:13,4624,Success Audit,Microsoft-Windows-Security-Auditing,DESKTOP-QUV3S97,"('S-1-5-18', 'DESKTOP-QUV3S97$', 'WORKGROUP', '0x3e7', 'S-1-5-18', 'SYSTEM', 'NT AUTHORITY', '0x3e7', '5', 'Advapi  ', 'Negotiate', '-', '{00000000-0000-0000-0000-000000000000}', '-', '-', '0', '0x4b8', 'C:\\Windows\\System32\\services.exe', '-', '-', '%%1833', '-', '-', '-', '-', '%%1843', '0x0', '%%1842')"
2024-06-23 13:00:34,4624,Success Audit,Microsoft-Windows-Security-Auditing,DESKTOP-QUV3S97,"('S-1-5-18', 'DESKTOP-QUV3S97$', 'WORKGROUP', '0x3e7', 'S-1-5-18', 'SYSTEM', 'NT AUTHORITY', '0x3e7', '5', 'Advapi  ', 'Negotiate', '-', '{00000000-0000-0000-0000-000000000000}', '-', '-', '0', '0x4b8', 'C:\\Windows\\System32\\services.exe', '-', '-', '%%1833', '-', '-', '-', '-', '%%1843', '0x0', '%%1842')"
2024-06-23 13:01:53,4624,Success Audit,Microsoft-Windows-Security-Auditing,DESKTOP-QUV3S97,"('S-1-5-18', 'DESKTOP-QUV3S97$', 'WORKGROUP', '0x3e7', 'S-1-5-18', 'SYSTEM', 'NT AUTHORITY', '0x3e7', '5', 'Advapi  ', 'Negotiate', '-', '{00000000-0000-0000-0000-000000000000}', '-', '-', '0', '0x4b8', 'C:\\Windows\\System32\\services.exe', '-', '-', '%%1833', '-', '-', '-', '-', '%%1843', '0x0', '%%1842')"
2024-06-23 13:01:54,5379,Success Audit,Microsoft-Windows-Security-Auditing,DESKTOP-QUV3S97,"('S-1-5-21-1915879001-2348363783-178924610-1001', 'Adnan', 'DESKTOP-QUV3S97', '0x493e352', 'MicrosoftAccount:user=adnanjohan54@gmail.com', '0', '1', '%%8100', '0', '2024-06-23T07:01:53.0936587Z', '8544')"
2024-06-23 13:03:14,4624,Success Audit,Microsoft-Windows-Security-Auditing,DESKTOP-QUV3S97,"('S-1-5-18', 'DESKTOP-QUV3S97$', 'WORKGROUP', '0x3e7', 'S-1-5-18', 'SYSTEM', 'NT AUTHORITY', '0x3e7', '5', 'Advapi  ', 'Negotiate', '-', '{00000000-0000-0000-0000-000000000000}', '-', '-', '0', '0x4b8', 'C:\\Windows\\System32\\services.exe', '-', '-', '%%1833', '-', '-', '-', '-', '%%1843', '0x0', '%%1842')"
2024-06-23 13:04:12,5379,Success Audit,Microsoft-Windows-Security-Auditing,DESKTOP-QUV3S97,"('S-1-5-21-1915879001-2348363783-178924610-1001', 'Adnan', 'DESKTOP-QUV3S97', '0x493e352', 'Adobe App Info (Q3JlYXRpdmVDbG91ZDJ7fTIwMTgwNzIwMDE)(Part1)', '1', '1', '%%8099', '0', '2024-06-23T04:18:25.0589934Z', '9584')"
2024-06-23 13:04:25,5379,Success Audit,Microsoft-Windows-Security-Auditing,DESKTOP-QUV3S97,"('S-1-5-21-1915879001-2348363783-178924610-1001', 'Adnan', 'DESKTOP-QUV3S97', '0x493e352', 'Adobe App Info (Q29yZVN5bmMxe30yMDE4MDcyMDAx)(Part1)', '1', '1', '%%8099', '0', '2024-06-23T04:18:29.6779500Z', '3012')"
2024-06-23 13:04:43,5379,Success Audit,Microsoft-Windows-Security-Auditing,DESKTOP-QUV3S97,"('S-1-5-21-1915879001-2348363783-178924610-1001', 'Adnan', 'DESKTOP-QUV3S97', '0x493e352', 'Adobe App Info (Q0NMaWJyYXJ5Mnt9MjAxODA3MjAwMQ)(Part1)', '1', '1', '%%8099', '0', '2024-06-23T04:18:44.2769100Z', '17792')"
2024-06-23 13:05:54,4624,Success Audit,Microsoft-Windows-Security-Auditing,DESKTOP-QUV3S97,"('S-1-5-18', 'DESKTOP-QUV3S97$', 'WORKGROUP', '0x3e7', 'S-1-5-18', 'SYSTEM', 'NT AUTHORITY', '0x3e7', '5', 'Advapi  ', 'Negotiate', '-', '{00000000-0000-0000-0000-000000000000}', '-', '-', '0', '0x4b8', 'C:\\Windows\\System32\\services.exe', '-', '-', '%%1833', '-', '-', '-', '-', '%%1843', '0x0', '%%1842')"
2024-06-23 13:08:34,4624,Success Audit,Microsoft-Windows-Security-Auditing,DESKTOP-QUV3S97,"('S-1-5-18', 'DESKTOP-QUV3S97$', 'WORKGROUP', '0x3e7', 'S-1-5-18', 'SYSTEM', 'NT AUTHORITY', '0x3e7', '5', 'Advapi  ', 'Negotiate', '-', '{00000000-0000-0000-0000-000000000000}', '-', '-', '0', '0x4b8', 'C:\\Windows\\System32\\services.exe', '-', '-', '%%1833', '-', '-', '-', '-', '%%1843', '0x0', '%%1842')"
2024-06-23 13:11:14,4624,Success Audit,Microsoft-Windows-Security-Auditing,DESKTOP-QUV3S97,"('S-1-5-18', 'DESKTOP-QUV3S97$', 'WORKGROUP', '0x3e7', 'S-1-5-18', 'SYSTEM', 'NT AUTHORITY', '0x3e7', '5', 'Advapi  ', 'Negotiate', '-', '{00000000-0000-0000-0000-000000000000}', '-', '-', '0', '0x4b8', 'C:\\Windows\\System32\\services.exe', '-', '-', '%%1833', '-', '-', '-', '-', '%%1843', '0x0', '%%1842')"
2024-06-23 13:11:48,4624,Success Audit,Microsoft-Windows-Security-Auditing,DESKTOP-QUV3S97,"('S-1-5-18', 'DESKTOP-QUV3S97$', 'WORKGROUP', '0x3e7', 'S-1-5-18', 'SYSTEM', 'NT AUTHORITY', '0x3e7', '5', 'Advapi  ', 'Negotiate', '-', '{00000000-0000-0000-0000-000000000000}', '-', '-', '0', '0x4b8', 'C:\\Windows\\System32\\services.exe', '-', '-', '%%1833', '-', '-', '-', '-', '%%1843', '0x0', '%%1842')"
2024-06-23 13:11:49,5379,Success Audit,Microsoft-Windows-Security-Auditing,DESKTOP-QUV3S97,"('S-1-5-21-1915879001-2348363783-178924610-1001', 'Adnan', 'DESKTOP-QUV3S97', '0x493e352', 'MicrosoftAccount:user=adnanjohan54@gmail.com', '0', '1', '%%8100', '0', '2024-06-23T07:11:48.9338414Z', '4820')"
2024-06-23 13:11:50,5379,Success Audit,Microsoft-Windows-Security-Auditing,DESKTOP-QUV3S97,"('S-1-5-21-1915879001-2348363783-178924610-1001', 'Adnan', 'DESKTOP-QUV3S97', '0x493e352', 'MicrosoftAccount:user=adnanjohan54@gmail.com', '0', '1', '%%8100', '0', '2024-06-23T07:11:48.9338414Z', '4820')"
2024-06-23 13:13:54,4624,Success Audit,Microsoft-Windows-Security-Auditing,DESKTOP-QUV3S97,"('S-1-5-18', 'DESKTOP-QUV3S97$', 'WORKGROUP', '0x3e7', 'S-1-5-18', 'SYSTEM', 'NT AUTHORITY', '0x3e7', '5', 'Advapi  ', 'Negotiate', '-', '{00000000-0000-0000-0000-000000000000}', '-', '-', '0', '0x4b8', 'C:\\Windows\\System32\\services.exe', '-', '-', '%%1833', '-', '-', '-', '-', '%%1843', '0x0', '%%1842')"
2024-06-23 13:14:13,4624,Success Audit,Microsoft-Windows-Security-Auditing,DESKTOP-QUV3S97,"('S-1-5-18', 'DESKTOP-QUV3S97$', 'WORKGROUP', '0x3e7', 'S-1-5-18', 'SYSTEM', 'NT AUTHORITY', '0x3e7', '5', 'Advapi  ', 'Negotiate', '-', '{00000000-0000-0000-0000-000000000000}', '-', '-', '0', '0x4b8', 'C:\\Windows\\System32\\services.exe', '-', '-', '%%1833', '-', '-', '-', '-', '%%1843', '0x0', '%%1842')"
2024-06-23 13:16:34,4624,Success Audit,Microsoft-Windows-Security-Auditing,DESKTOP-QUV3S97,"('S-1-5-18', 'DESKTOP-QUV3S97$', 'WORKGROUP', '0x3e7', 'S-1-5-18', 'SYSTEM', 'NT AUTHORITY', '0x3e7', '5', 'Advapi  ', 'Negotiate', '-', '{00000000-0000-0000-0000-000000000000}', '-', '-', '0', '0x4b8', 'C:\\Windows\\System32\\services.exe', '-', '-', '%%1833', '-', '-', '-', '-', '%%1843', '0x0', '%%1842')"
2024-06-23 13:17:23,4624,Success Audit,Microsoft-Windows-Security-Auditing,DESKTOP-QUV3S97,"('S-1-5-18', 'DESKTOP-QUV3S97$', 'WORKGROUP', '0x3e7', 'S-1-5-18', 'SYSTEM', 'NT AUTHORITY', '0x3e7', '5', 'Advapi  ', 'Negotiate', '-', '{00000000-0000-0000-0000-000000000000}', '-', '-', '0', '0x4b8', 'C:\\Windows\\System32\\services.exe', '-', '-', '%%1833', '-', '-', '-', '-', '%%1843', '0x0', '%%1842')"
2024-06-23 13:18:19,5058,Success Audit,Microsoft-Windows-Security-Auditing,DESKTOP-QUV3S97,"('S-1-5-21-1915879001-2348363783-178924610-1001', 'Adnan', 'DESKTOP-QUV3S97', '0x493e352', '24624', '2024-06-23T07:18:17.5873406Z', 'Microsoft Software Key Storage Provider', 'ECDSA_P256', 'Microsoft-Edge-TB-test-key', '%%2500', 'C:\\Users\\win11\\AppData\\Roaming\\Microsoft\\Crypto\\Keys\\53caafca80232173a709de019a7d9dbb_63674727-7a53-478c-ab09-bed1da73ae69', '%%2459', '0x0')"
2024-06-23 13:18:22,5058,Success Audit,Microsoft-Windows-Security-Auditing,DESKTOP-QUV3S97,"('S-1-5-21-1915879001-2348363783-178924610-1001', 'Adnan', 'DESKTOP-QUV3S97', '0x493e352', '24428', '2024-06-23T07:18:17.3341612Z', 'Microsoft Software Key Storage Provider', 'ECDSA_P256', 'ChromeMetricsTestKey', '%%2500', 'C:\\Users\\win11\\AppData\\Roaming\\Microsoft\\Crypto\\Keys\\1e313dfb17707690d41bc1ce552b952a_63674727-7a53-478c-ab09-bed1da73ae69', '%%2459', '0x0')"
2024-06-23 13:19:14,4624,Success Audit,Microsoft-Windows-Security-Auditing,DESKTOP-QUV3S97,"('S-1-5-18', 'DESKTOP-QUV3S97$', 'WORKGROUP', '0x3e7', 'S-1-5-18', 'SYSTEM', 'NT AUTHORITY', '0x3e7', '5', 'Advapi  ', 'Negotiate', '-', '{00000000-0000-0000-0000-000000000000}', '-', '-', '0', '0x4b8', 'C:\\Windows\\System32\\services.exe', '-', '-', '%%1833', '-', '-', '-', '-', '%%1843', '0x0', '%%1842')"
2024-06-23 13:19:16,5379,Success Audit,Microsoft-Windows-Security-Auditing,DESKTOP-QUV3S97,"('S-1-5-21-1915879001-2348363783-178924610-1001', 'Adnan', 'DESKTOP-QUV3S97', '0x493e352', 'Adobe App Info (Q3JlYXRpdmVDbG91ZDJ7fTIwMTgwNzIwMDE)(Part1)', '1', '1', '%%8099', '0', '2024-06-23T04:18:25.0589934Z', '9584')"
2024-06-23 13:19:17,5379,Success Audit,Microsoft-Windows-Security-Auditing,DESKTOP-QUV3S97,"('S-1-5-21-1915879001-2348363783-178924610-1001', 'Adnan', 'DESKTOP-QUV3S97', '0x493e352', 'Adobe User OS Info(Part1)', '1', '1', '%%8099', '0', '2024-06-23T04:18:25.0589934Z', '9584')"
2024-06-23 13:19:18,4624,Success Audit,Microsoft-Windows-Security-Auditing,DESKTOP-QUV3S97,"('S-1-5-18', 'DESKTOP-QUV3S97$', 'WORKGROUP', '0x3e7', 'S-1-5-18', 'SYSTEM', 'NT AUTHORITY', '0x3e7', '5', 'Advapi  ', 'Negotiate', '-', '{00000000-0000-0000-0000-000000000000}', '-', '-', '0', '0x4b8', 'C:\\Windows\\System32\\services.exe', '-', '-', '%%1833', '-', '-', '-', '-', '%%1843', '0x0', '%%1842')"
2024-06-23 13:19:22,4799,Success Audit,Microsoft-Windows-Security-Auditing,DESKTOP-QUV3S97,"('Administrators', 'Builtin', 'S-1-5-32-544', 'S-1-5-18', 'DESKTOP-QUV3S97$', 'WORKGROUP', '0x3e7', '0x464c', 'C:\\Windows\\System32\\svchost.exe')"
2024-06-23 13:19:26,5379,Success Audit,Microsoft-Windows-Security-Auditing,DESKTOP-QUV3S97,"('S-1-5-21-1915879001-2348363783-178924610-1001', 'Adnan', 'DESKTOP-QUV3S97', '0x493e352', 'Adobe App Info (Q29yZVN5bmMxe30yMDE4MDcyMDAx)(Part1)', '1', '1', '%%8099', '0', '2024-06-23T04:18:29.6779500Z', '3012')"
2024-06-23 13:19:49,5379,Success Audit,Microsoft-Windows-Security-Auditing,DESKTOP-QUV3S97,"('S-1-5-21-1915879001-2348363783-178924610-1001', 'Adnan', 'DESKTOP-QUV3S97', '0x493e352', 'Adobe App Info (Q0NMaWJyYXJ5Mnt9MjAxODA3MjAwMQ)(Part1)', '1', '1', '%%8099', '0', '2024-06-23T04:18:44.2769100Z', '17792')"
2024-06-23 13:21:54,4624,Success Audit,Microsoft-Windows-Security-Auditing,DESKTOP-QUV3S97,"('S-1-5-18', 'DESKTOP-QUV3S97$', 'WORKGROUP', '0x3e7', 'S-1-5-18', 'SYSTEM', 'NT AUTHORITY', '0x3e7', '5', 'Advapi  ', 'Negotiate', '-', '{00000000-0000-0000-0000-000000000000}', '-', '-', '0', '0x4b8', 'C:\\Windows\\System32\\services.exe', '-', '-', '%%1833', '-', '-', '-', '-', '%%1843', '0x0', '%%1842')"
2024-06-23 13:24:34,4624,Success Audit,Microsoft-Windows-Security-Auditing,DESKTOP-QUV3S97,"('S-1-5-18', 'DESKTOP-QUV3S97$', 'WORKGROUP', '0x3e7', 'S-1-5-18', 'SYSTEM', 'NT AUTHORITY', '0x3e7', '5', 'Advapi  ', 'Negotiate', '-', '{00000000-0000-0000-0000-000000000000}', '-', '-', '0', '0x4b8', 'C:\\Windows\\System32\\services.exe', '-', '-', '%%1833', '-', '-', '-', '-', '%%1843', '0x0', '%%1842')"
2024-06-23 13:27:14,4624,Success Audit,Microsoft-Windows-Security-Auditing,DESKTOP-QUV3S97,"('S-1-5-18', 'DESKTOP-QUV3S97$', 'WORKGROUP', '0x3e7', 'S-1-5-18', 'SYSTEM', 'NT AUTHORITY', '0x3e7', '5', 'Advapi  ', 'Negotiate', '-', '{00000000-0000-0000-0000-000000000000}', '-', '-', '0', '0x4b8', 'C:\\Windows\\System32\\services.exe', '-', '-', '%%1833', '-', '-', '-', '-', '%%1843', '0x0', '%%1842')"
2024-06-23 13:29:54,4624,Success Audit,Microsoft-Windows-Security-Auditing,DESKTOP-QUV3S97,"('S-1-5-18', 'DESKTOP-QUV3S97$', 'WORKGROUP', '0x3e7', 'S-1-5-18', 'SYSTEM', 'NT AUTHORITY', '0x3e7', '5', 'Advapi  ', 'Negotiate', '-', '{00000000-0000-0000-0000-000000000000}', '-', '-', '0', '0x4b8', 'C:\\Windows\\System32\\services.exe', '-', '-', '%%1833', '-', '-', '-', '-', '%%1843', '0x0', '%%1842')"
2024-06-23 13:30:37,4624,Success Audit,Microsoft-Windows-Security-Auditing,DESKTOP-QUV3S97,"('S-1-5-18', 'DESKTOP-QUV3S97$', 'WORKGROUP', '0x3e7', 'S-1-5-18', 'SYSTEM', 'NT AUTHORITY', '0x3e7', '5', 'Advapi  ', 'Negotiate', '-', '{00000000-0000-0000-0000-000000000000}', '-', '-', '0', '0x4b8', 'C:\\Windows\\System32\\services.exe', '-', '-', '%%1833', '-', '-', '-', '-', '%%1843', '0x0', '%%1842')"
2024-06-23 13:32:34,4624,Success Audit,Microsoft-Windows-Security-Auditing,DESKTOP-QUV3S97,"('S-1-5-18', 'DESKTOP-QUV3S97$', 'WORKGROUP', '0x3e7', 'S-1-5-18', 'SYSTEM', 'NT AUTHORITY', '0x3e7', '5', 'Advapi  ', 'Negotiate', '-', '{00000000-0000-0000-0000-000000000000}', '-', '-', '0', '0x4b8', 'C:\\Windows\\System32\\services.exe', '-', '-', '%%1833', '-', '-', '-', '-', '%%1843', '0x0', '%%1842')"
2024-06-23 13:34:21,5379,Success Audit,Microsoft-Windows-Security-Auditing,DESKTOP-QUV3S97,"('S-1-5-21-1915879001-2348363783-178924610-1001', 'Adnan', 'DESKTOP-QUV3S97', '0x493e352', 'Adobe App Info (Q3JlYXRpdmVDbG91ZDJ7fTIwMTgwNzIwMDE)(Part1)', '1', '1', '%%8099', '0', '2024-06-23T04:18:25.0589934Z', '9584')"
2024-06-23 13:34:32,5379,Success Audit,Microsoft-Windows-Security-Auditing,DESKTOP-QUV3S97,"('S-1-5-21-1915879001-2348363783-178924610-1001', 'Adnan', 'DESKTOP-QUV3S97', '0x493e352', 'Adobe App Info (Q29yZVN5bmMxe30yMDE4MDcyMDAx)(Part1)', '1', '1', '%%8099', '0', '2024-06-23T04:18:29.6779500Z', '3012')"
2024-06-23 13:34:49,5379,Success Audit,Microsoft-Windows-Security-Auditing,DESKTOP-QUV3S97,"('S-1-5-21-1915879001-2348363783-178924610-1001', 'Adnan', 'DESKTOP-QUV3S97', '0x493e352', 'Adobe App Info (Q0NMaWJyYXJ5Mnt9MjAxODA3MjAwMQ)(Part1)', '1', '1', '%%8099', '0', '2024-06-23T04:18:44.2769100Z', '17792')"
2024-06-23 13:35:14,4624,Success Audit,Microsoft-Windows-Security-Auditing,DESKTOP-QUV3S97,"('S-1-5-18', 'DESKTOP-QUV3S97$', 'WORKGROUP', '0x3e7', 'S-1-5-18', 'SYSTEM', 'NT AUTHORITY', '0x3e7', '5', 'Advapi  ', 'Negotiate', '-', '{00000000-0000-0000-0000-000000000000}', '-', '-', '0', '0x4b8', 'C:\\Windows\\System32\\services.exe', '-', '-', '%%1833', '-', '-', '-', '-', '%%1843', '0x0', '%%1842')"
2024-06-23 13:35:41,4624,Success Audit,Microsoft-Windows-Security-Auditing,DESKTOP-QUV3S97,"('S-1-5-18', 'DESKTOP-QUV3S97$', 'WORKGROUP', '0x3e7', 'S-1-5-18', 'SYSTEM', 'NT AUTHORITY', '0x3e7', '5', 'Advapi  ', 'Negotiate', '-', '{00000000-0000-0000-0000-000000000000}', '-', '-', '0', '0x4b8', 'C:\\Windows\\System32\\services.exe', '-', '-', '%%1833', '-', '-', '-', '-', '%%1843', '0x0', '%%1842')"
2024-06-23 13:37:54,4624,Success Audit,Microsoft-Windows-Security-Auditing,DESKTOP-QUV3S97,"('S-1-5-18', 'DESKTOP-QUV3S97$', 'WORKGROUP', '0x3e7', 'S-1-5-18', 'SYSTEM', 'NT AUTHORITY', '0x3e7', '5', 'Advapi  ', 'Negotiate', '-', '{00000000-0000-0000-0000-000000000000}', '-', '-', '0', '0x4b8', 'C:\\Windows\\System32\\services.exe', '-', '-', '%%1833', '-', '-', '-', '-', '%%1843', '0x0', '%%1842')"
2024-06-23 13:40:29,4624,Success Audit,Microsoft-Windows-Security-Auditing,DESKTOP-QUV3S97,"('S-1-5-18', 'DESKTOP-QUV3S97$', 'WORKGROUP', '0x3e7', 'S-1-5-18', 'SYSTEM', 'NT AUTHORITY', '0x3e7', '5', 'Advapi  ', 'Negotiate', '-', '{00000000-0000-0000-0000-000000000000}', '-', '-', '0', '0x4b8', 'C:\\Windows\\System32\\services.exe', '-', '-', '%%1833', '-', '-', '-', '-', '%%1843', '0x0', '%%1842')"
2024-06-23 13:40:34,4624,Success Audit,Microsoft-Windows-Security-Auditing,DESKTOP-QUV3S97,"('S-1-5-18', 'DESKTOP-QUV3S97$', 'WORKGROUP', '0x3e7', 'S-1-5-18', 'SYSTEM', 'NT AUTHORITY', '0x3e7', '5', 'Advapi  ', 'Negotiate', '-', '{00000000-0000-0000-0000-000000000000}', '-', '-', '0', '0x4b8', 'C:\\Windows\\System32\\services.exe', '-', '-', '%%1833', '-', '-', '-', '-', '%%1843', '0x0', '%%1842')"
2024-06-23 13:43:14,4624,Success Audit,Microsoft-Windows-Security-Auditing,DESKTOP-QUV3S97,"('S-1-5-18', 'DESKTOP-QUV3S97$', 'WORKGROUP', '0x3e7', 'S-1-5-18', 'SYSTEM', 'NT AUTHORITY', '0x3e7', '5', 'Advapi  ', 'Negotiate', '-', '{00000000-0000-0000-0000-000000000000}', '-', '-', '0', '0x4b8', 'C:\\Windows\\System32\\services.exe', '-', '-', '%%1833', '-', '-', '-', '-', '%%1843', '0x0', '%%1842')"
2024-06-23 13:44:13,4624,Success Audit,Microsoft-Windows-Security-Auditing,DESKTOP-QUV3S97,"('S-1-5-18', 'DESKTOP-QUV3S97$', 'WORKGROUP', '0x3e7', 'S-1-5-18', 'SYSTEM', 'NT AUTHORITY', '0x3e7', '5', 'Advapi  ', 'Negotiate', '-', '{00000000-0000-0000-0000-000000000000}', '-', '-', '0', '0x4b8', 'C:\\Windows\\System32\\services.exe', '-', '-', '%%1833', '-', '-', '-', '-', '%%1843', '0x0', '%%1842')"
2024-06-23 13:45:54,4624,Success Audit,Microsoft-Windows-Security-Auditing,DESKTOP-QUV3S97,"('S-1-5-18', 'DESKTOP-QUV3S97$', 'WORKGROUP', '0x3e7', 'S-1-5-18', 'SYSTEM', 'NT AUTHORITY', '0x3e7', '5', 'Advapi  ', 'Negotiate', '-', '{00000000-0000-0000-0000-000000000000}', '-', '-', '0', '0x4b8', 'C:\\Windows\\System32\\services.exe', '-', '-', '%%1833', '-', '-', '-', '-', '%%1843', '0x0', '%%1842')"
2024-06-23 13:46:30,4624,Success Audit,Microsoft-Windows-Security-Auditing,DESKTOP-QUV3S97,"('S-1-5-18', 'DESKTOP-QUV3S97$', 'WORKGROUP', '0x3e7', 'S-1-5-18', 'SYSTEM', 'NT AUTHORITY', '0x3e7', '5', 'Advapi  ', 'Negotiate', '-', '{00000000-0000-0000-0000-000000000000}', '-', '-', '0', '0x4b8', 'C:\\Windows\\System32\\services.exe', '-', '-', '%%1833', '-', '-', '-', '-', '%%1843', '0x0', '%%1842')"
2024-06-23 13:48:34,4624,Success Audit,Microsoft-Windows-Security-Auditing,DESKTOP-QUV3S97,"('S-1-5-18', 'DESKTOP-QUV3S97$', 'WORKGROUP', '0x3e7', 'S-1-5-18', 'SYSTEM', 'NT AUTHORITY', '0x3e7', '5', 'Advapi  ', 'Negotiate', '-', '{00000000-0000-0000-0000-000000000000}', '-', '-', '0', '0x4b8', 'C:\\Windows\\System32\\services.exe', '-', '-', '%%1833', '-', '-', '-', '-', '%%1843', '0x0', '%%1842')"
2024-06-23 13:49:29,5379,Success Audit,Microsoft-Windows-Security-Auditing,DESKTOP-QUV3S97,"('S-1-5-21-1915879001-2348363783-178924610-1001', 'Adnan', 'DESKTOP-QUV3S97', '0x493e352', 'Adobe App Info (Q3JlYXRpdmVDbG91ZDJ7fTIwMTgwNzIwMDE)(Part1)', '1', '1', '%%8099', '0', '2024-06-23T04:18:25.0589934Z', '9584')"
2024-06-23 13:49:41,5379,Success Audit,Microsoft-Windows-Security-Auditing,DESKTOP-QUV3S97,"('S-1-5-21-1915879001-2348363783-178924610-1001', 'Adnan', 'DESKTOP-QUV3S97', '0x493e352', 'Adobe App Info (Q29yZVN5bmMxe30yMDE4MDcyMDAx)(Part1)', '1', '1', '%%8099', '0', '2024-06-23T04:18:29.6779500Z', '3012')"
2024-06-23 13:49:56,5379,Success Audit,Microsoft-Windows-Security-Auditing,DESKTOP-QUV3S97,"('S-1-5-21-1915879001-2348363783-178924610-1001', 'Adnan', 'DESKTOP-QUV3S97', '0x493e352', 'Adobe App Info (Q0NMaWJyYXJ5Mnt9MjAxODA3MjAwMQ)(Part1)', '1', '1', '%%8099', '0', '2024-06-23T04:18:44.2769100Z', '17792')"
2024-06-23 13:51:14,4624,Success Audit,Microsoft-Windows-Security-Auditing,DESKTOP-QUV3S97,"('S-1-5-18', 'DESKTOP-QUV3S97$', 'WORKGROUP', '0x3e7', 'S-1-5-18', 'SYSTEM', 'NT AUTHORITY', '0x3e7', '5', 'Advapi  ', 'Negotiate', '-', '{00000000-0000-0000-0000-000000000000}', '-', '-', '0', '0x4b8', 'C:\\Windows\\System32\\services.exe', '-', '-', '%%1833', '-', '-', '-', '-', '%%1843', '0x0', '%%1842')"
2024-06-23 13:53:55,4624,Success Audit,Microsoft-Windows-Security-Auditing,DESKTOP-QUV3S97,"('S-1-5-18', 'DESKTOP-QUV3S97$', 'WORKGROUP', '0x3e7', 'S-1-5-18', 'SYSTEM', 'NT AUTHORITY', '0x3e7', '5', 'Advapi  ', 'Negotiate', '-', '{00000000-0000-0000-0000-000000000000}', '-', '-', '0', '0x4b8', 'C:\\Windows\\System32\\services.exe', '-', '-', '%%1833', '-', '-', '-', '-', '%%1843', '0x0', '%%1842')"
2024-06-23 13:56:24,4624,Success Audit,Microsoft-Windows-Security-Auditing,DESKTOP-QUV3S97,"('S-1-5-18', 'DESKTOP-QUV3S97$', 'WORKGROUP', '0x3e7', 'S-1-5-18', 'SYSTEM', 'NT AUTHORITY', '0x3e7', '5', 'Advapi  ', 'Negotiate', '-', '{00000000-0000-0000-0000-000000000000}', '-', '-', '0', '0x4b8', 'C:\\Windows\\System32\\services.exe', '-', '-', '%%1833', '-', '-', '-', '-', '%%1843', '0x0', '%%1842')"
2024-06-23 13:56:35,4624,Success Audit,Microsoft-Windows-Security-Auditing,DESKTOP-QUV3S97,"('S-1-5-18', 'DESKTOP-QUV3S97$', 'WORKGROUP', '0x3e7', 'S-1-5-18', 'SYSTEM', 'NT AUTHORITY', '0x3e7', '5', 'Advapi  ', 'Negotiate', '-', '{00000000-0000-0000-0000-000000000000}', '-', '-', '0', '0x4b8', 'C:\\Windows\\System32\\services.exe', '-', '-', '%%1833', '-', '-', '-', '-', '%%1843', '0x0', '%%1842')"
2024-06-23 13:56:54,4624,Success Audit,Microsoft-Windows-Security-Auditing,DESKTOP-QUV3S97,"('S-1-5-18', 'DESKTOP-QUV3S97$', 'WORKGROUP', '0x3e7', 'S-1-5-18', 'SYSTEM', 'NT AUTHORITY', '0x3e7', '5', 'Advapi  ', 'Negotiate', '-', '{00000000-0000-0000-0000-000000000000}', '-', '-', '0', '0x4b8', 'C:\\Windows\\System32\\services.exe', '-', '-', '%%1833', '-', '-', '-', '-', '%%1843', '0x0', '%%1842')"
2024-06-23 13:56:57,5379,Success Audit,Microsoft-Windows-Security-Auditing,DESKTOP-QUV3S97,"('S-1-5-21-1915879001-2348363783-178924610-1001', 'Adnan', 'DESKTOP-QUV3S97', '0x493e352', 'MicrosoftAccount:user=adnanjohan54@gmail.com', '0', '1', '%%8100', '0', '2024-06-23T07:56:54.3693647Z', '25792')"
2024-06-23 13:59:15,4624,Success Audit,Microsoft-Windows-Security-Auditing,DESKTOP-QUV3S97,"('S-1-5-18', 'DESKTOP-QUV3S97$', 'WORKGROUP', '0x3e7', 'S-1-5-18', 'SYSTEM', 'NT AUTHORITY', '0x3e7', '5', 'Advapi  ', 'Negotiate', '-', '{00000000-0000-0000-0000-000000000000}', '-', '-', '0', '0x4b8', 'C:\\Windows\\System32\\services.exe', '-', '-', '%%1833', '-', '-', '-', '-', '%%1843', '0x0', '%%1842')"
2024-06-23 14:01:55,4624,Success Audit,Microsoft-Windows-Security-Auditing,DESKTOP-QUV3S97,"('S-1-5-18', 'DESKTOP-QUV3S97$', 'WORKGROUP', '0x3e7', 'S-1-5-18', 'SYSTEM', 'NT AUTHORITY', '0x3e7', '5', 'Advapi  ', 'Negotiate', '-', '{00000000-0000-0000-0000-000000000000}', '-', '-', '0', '0x4b8', 'C:\\Windows\\System32\\services.exe', '-', '-', '%%1833', '-', '-', '-', '-', '%%1843', '0x0', '%%1842')"
2024-06-23 14:03:16,4624,Success Audit,Microsoft-Windows-Security-Auditing,DESKTOP-QUV3S97,"('S-1-5-18', 'DESKTOP-QUV3S97$', 'WORKGROUP', '0x3e7', 'S-1-5-18', 'SYSTEM', 'NT AUTHORITY', '0x3e7', '5', 'Advapi  ', 'Negotiate', '-', '{00000000-0000-0000-0000-000000000000}', '-', '-', '0', '0x4b8', 'C:\\Windows\\System32\\services.exe', '-', '-', '%%1833', '-', '-', '-', '-', '%%1843', '0x0', '%%1842')"
2024-06-23 14:04:31,5379,Success Audit,Microsoft-Windows-Security-Auditing,DESKTOP-QUV3S97,"('S-1-5-21-1915879001-2348363783-178924610-1001', 'Adnan', 'DESKTOP-QUV3S97', '0x493e352', 'Adobe App Info (Q3JlYXRpdmVDbG91ZDJ7fTIwMTgwNzIwMDE)(Part1)', '1', '1', '%%8099', '0', '2024-06-23T04:18:25.0589934Z', '9584')"
2024-06-23 14:04:35,4624,Success Audit,Microsoft-Windows-Security-Auditing,DESKTOP-QUV3S97,"('S-1-5-18', 'DESKTOP-QUV3S97$', 'WORKGROUP', '0x3e7', 'S-1-5-18', 'SYSTEM', 'NT AUTHORITY', '0x3e7', '5', 'Advapi  ', 'Negotiate', '-', '{00000000-0000-0000-0000-000000000000}', '-', '-', '0', '0x4b8', 'C:\\Windows\\System32\\services.exe', '-', '-', '%%1833', '-', '-', '-', '-', '%%1843', '0x0', '%%1842')"
2024-06-23 14:04:43,5379,Success Audit,Microsoft-Windows-Security-Auditing,DESKTOP-QUV3S97,"('S-1-5-21-1915879001-2348363783-178924610-1001', 'Adnan', 'DESKTOP-QUV3S97', '0x493e352', 'Adobe App Info (Q29yZVN5bmMxe30yMDE4MDcyMDAx)(Part1)', '1', '1', '%%8099', '0', '2024-06-23T04:18:29.6779500Z', '3012')"
2024-06-23 14:05:05,5379,Success Audit,Microsoft-Windows-Security-Auditing,DESKTOP-QUV3S97,"('S-1-5-21-1915879001-2348363783-178924610-1001', 'Adnan', 'DESKTOP-QUV3S97', '0x493e352', 'Adobe App Info (Q0NMaWJyYXJ5Mnt9MjAxODA3MjAwMQ)(Part1)', '1', '1', '%%8099', '0', '2024-06-23T04:18:44.2769100Z', '17792')"
2024-06-23 14:07:15,4624,Success Audit,Microsoft-Windows-Security-Auditing,DESKTOP-QUV3S97,"('S-1-5-18', 'DESKTOP-QUV3S97$', 'WORKGROUP', '0x3e7', 'S-1-5-18', 'SYSTEM', 'NT AUTHORITY', '0x3e7', '5', 'Advapi  ', 'Negotiate', '-', '{00000000-0000-0000-0000-000000000000}', '-', '-', '0', '0x4b8', 'C:\\Windows\\System32\\services.exe', '-', '-', '%%1833', '-', '-', '-', '-', '%%1843', '0x0', '%%1842')"
2024-06-23 14:09:55,4624,Success Audit,Microsoft-Windows-Security-Auditing,DESKTOP-QUV3S97,"('S-1-5-18', 'DESKTOP-QUV3S97$', 'WORKGROUP', '0x3e7', 'S-1-5-18', 'SYSTEM', 'NT AUTHORITY', '0x3e7', '5', 'Advapi  ', 'Negotiate', '-', '{00000000-0000-0000-0000-000000000000}', '-', '-', '0', '0x4b8', 'C:\\Windows\\System32\\services.exe', '-', '-', '%%1833', '-', '-', '-', '-', '%%1843', '0x0', '%%1842')"
2024-06-23 14:12:29,4624,Success Audit,Microsoft-Windows-Security-Auditing,DESKTOP-QUV3S97,"('S-1-5-18', 'DESKTOP-QUV3S97$', 'WORKGROUP', '0x3e7', 'S-1-5-18', 'SYSTEM', 'NT AUTHORITY', '0x3e7', '5', 'Advapi  ', 'Negotiate', '-', '{00000000-0000-0000-0000-000000000000}', '-', '-', '0', '0x4b8', 'C:\\Windows\\System32\\services.exe', '-', '-', '%%1833', '-', '-', '-', '-', '%%1843', '0x0', '%%1842')"
2024-06-23 14:13:26,4624,Success Audit,Microsoft-Windows-Security-Auditing,DESKTOP-QUV3S97,"('S-1-5-18', 'DESKTOP-QUV3S97$', 'WORKGROUP', '0x3e7', 'S-1-5-18', 'SYSTEM', 'NT AUTHORITY', '0x3e7', '5', 'Advapi  ', 'Negotiate', '-', '{00000000-0000-0000-0000-000000000000}', '-', '-', '0', '0x4b8', 'C:\\Windows\\System32\\services.exe', '-', '-', '%%1833', '-', '-', '-', '-', '%%1843', '0x0', '%%1842')"
2024-06-23 14:14:13,4624,Success Audit,Microsoft-Windows-Security-Auditing,DESKTOP-QUV3S97,"('S-1-5-18', 'DESKTOP-QUV3S97$', 'WORKGROUP', '0x3e7', 'S-1-5-18', 'SYSTEM', 'NT AUTHORITY', '0x3e7', '5', 'Advapi  ', 'Negotiate', '-', '{00000000-0000-0000-0000-000000000000}', '-', '-', '0', '0x4b8', 'C:\\Windows\\System32\\services.exe', '-', '-', '%%1833', '-', '-', '-', '-', '%%1843', '0x0', '%%1842')"
2024-06-23 14:14:54,4624,Success Audit,Microsoft-Windows-Security-Auditing,DESKTOP-QUV3S97,"('S-1-5-18', 'DESKTOP-QUV3S97$', 'WORKGROUP', '0x3e7', 'S-1-5-18', 'SYSTEM', 'NT AUTHORITY', '0x3e7', '5', 'Advapi  ', 'Negotiate', '-', '{00000000-0000-0000-0000-000000000000}', '-', '-', '0', '0x4b8', 'C:\\Windows\\System32\\services.exe', '-', '-', '%%1833', '-', '-', '-', '-', '%%1843', '0x0', '%%1842')"
2024-06-23 14:14:58,5382,Success Audit,Microsoft-Windows-Security-Auditing,DESKTOP-QUV3S97,"('S-1-5-18', 'DESKTOP-QUV3S97$', 'WORKGROUP', '0x3e7', 'NGC Local Accoount Logon Vault Resource Schema', '{1d4350a3-330d-4af9-b3ff-a927a45998ac}', 'NGC Local Accoount Logon Vault Resource', '01050000000000051500000059FE31720730F98B422CAA0AE9030000', '', '0', '1168', '2024-06-22T08:39:34.3549086Z', '4644')"
2024-06-23 14:14:59,4798,Success Audit,Microsoft-Windows-Security-Auditing,DESKTOP-QUV3S97,"('Administrator', 'DESKTOP-QUV3S97', 'S-1-5-21-1915879001-2348363783-178924610-500', 'S-1-5-18', 'DESKTOP-QUV3S97$', 'WORKGROUP', '0x3e7', '0x5028', 'C:\\Windows\\System32\\taskhostw.exe')"
2024-06-23 14:17:55,4624,Success Audit,Microsoft-Windows-Security-Auditing,DESKTOP-QUV3S97,"('S-1-5-18', 'DESKTOP-QUV3S97$', 'WORKGROUP', '0x3e7', 'S-1-5-18', 'SYSTEM', 'NT AUTHORITY', '0x3e7', '5', 'Advapi  ', 'Negotiate', '-', '{00000000-0000-0000-0000-000000000000}', '-', '-', '0', '0x4b8', 'C:\\Windows\\System32\\services.exe', '-', '-', '%%1833', '-', '-', '-', '-', '%%1843', '0x0', '%%1842')"
2024-06-23 14:19:40,5379,Success Audit,Microsoft-Windows-Security-Auditing,DESKTOP-QUV3S97,"('S-1-5-21-1915879001-2348363783-178924610-1001', 'Adnan', 'DESKTOP-QUV3S97', '0x493e352', 'Adobe App Info (Q3JlYXRpdmVDbG91ZDJ7fTIwMTgwNzIwMDE)(Part1)', '1', '1', '%%8099', '0', '2024-06-23T04:18:25.0589934Z', '9584')"
2024-06-23 14:19:46,5379,Success Audit,Microsoft-Windows-Security-Auditing,DESKTOP-QUV3S97,"('S-1-5-21-1915879001-2348363783-178924610-1001', 'Adnan', 'DESKTOP-QUV3S97', '0x493e352', 'Adobe App Info (Q29yZVN5bmMxe30yMDE4MDcyMDAx)(Part1)', '1', '1', '%%8099', '0', '2024-06-23T04:18:29.6779500Z', '3012')"
2024-06-23 14:19:55,4624,Success Audit,Microsoft-Windows-Security-Auditing,DESKTOP-QUV3S97,"('S-1-5-18', 'DESKTOP-QUV3S97$', 'WORKGROUP', '0x3e7', 'S-1-5-18', 'SYSTEM', 'NT AUTHORITY', '0x3e7', '5', 'Advapi  ', 'Negotiate', '-', '{00000000-0000-0000-0000-000000000000}', '-', '-', '0', '0x4b8', 'C:\\Windows\\System32\\services.exe', '-', '-', '%%1833', '-', '-', '-', '-', '%%1843', '0x0', '%%1842')"
2024-06-23 14:20:10,5379,Success Audit,Microsoft-Windows-Security-Auditing,DESKTOP-QUV3S97,"('S-1-5-21-1915879001-2348363783-178924610-1001', 'Adnan', 'DESKTOP-QUV3S97', '0x493e352', 'Adobe App Info (Q0NMaWJyYXJ5Mnt9MjAxODA3MjAwMQ)(Part1)', '1', '1', '%%8099', '0', '2024-06-23T04:18:44.2769100Z', '17792')"
2024-06-23 14:21:28,4624,Success Audit,Microsoft-Windows-Security-Auditing,DESKTOP-QUV3S97,"('S-1-5-18', 'DESKTOP-QUV3S97$', 'WORKGROUP', '0x3e7', 'S-1-5-18', 'SYSTEM', 'NT AUTHORITY', '0x3e7', '5', 'Advapi  ', 'Negotiate', '-', '{00000000-0000-0000-0000-000000000000}', '-', '-', '0', '0x4b8', 'C:\\Windows\\System32\\services.exe', '-', '-', '%%1833', '-', '-', '-', '-', '%%1843', '0x0', '%%1842')"
2024-06-23 14:22:35,4624,Success Audit,Microsoft-Windows-Security-Auditing,DESKTOP-QUV3S97,"('S-1-5-18', 'DESKTOP-QUV3S97$', 'WORKGROUP', '0x3e7', 'S-1-5-18', 'SYSTEM', 'NT AUTHORITY', '0x3e7', '5', 'Advapi  ', 'Negotiate', '-', '{00000000-0000-0000-0000-000000000000}', '-', '-', '0', '0x4b8', 'C:\\Windows\\System32\\services.exe', '-', '-', '%%1833', '-', '-', '-', '-', '%%1843', '0x0', '%%1842')"
2024-06-23 14:24:35,4624,Success Audit,Microsoft-Windows-Security-Auditing,DESKTOP-QUV3S97,"('S-1-5-18', 'DESKTOP-QUV3S97$', 'WORKGROUP', '0x3e7', 'S-1-5-18', 'SYSTEM', 'NT AUTHORITY', '0x3e7', '5', 'Advapi  ', 'Negotiate', '-', '{00000000-0000-0000-0000-000000000000}', '-', '-', '0', '0x4b8', 'C:\\Windows\\System32\\services.exe', '-', '-', '%%1833', '-', '-', '-', '-', '%%1843', '0x0', '%%1842')"
2024-06-23 14:26:35,4624,Success Audit,Microsoft-Windows-Security-Auditing,DESKTOP-QUV3S97,"('S-1-5-18', 'DESKTOP-QUV3S97$', 'WORKGROUP', '0x3e7', 'S-1-5-18', 'SYSTEM', 'NT AUTHORITY', '0x3e7', '5', 'Advapi  ', 'Negotiate', '-', '{00000000-0000-0000-0000-000000000000}', '-', '-', '0', '0x4b8', 'C:\\Windows\\System32\\services.exe', '-', '-', '%%1833', '-', '-', '-', '-', '%%1843', '0x0', '%%1842')"
2024-06-23 14:28:35,4624,Success Audit,Microsoft-Windows-Security-Auditing,DESKTOP-QUV3S97,"('S-1-5-18', 'DESKTOP-QUV3S97$', 'WORKGROUP', '0x3e7', 'S-1-5-18', 'SYSTEM', 'NT AUTHORITY', '0x3e7', '5', 'Advapi  ', 'Negotiate', '-', '{00000000-0000-0000-0000-000000000000}', '-', '-', '0', '0x4b8', 'C:\\Windows\\System32\\services.exe', '-', '-', '%%1833', '-', '-', '-', '-', '%%1843', '0x0', '%%1842')"
2024-06-23 14:29:13,4624,Success Audit,Microsoft-Windows-Security-Auditing,DESKTOP-QUV3S97,"('S-1-5-18', 'DESKTOP-QUV3S97$', 'WORKGROUP', '0x3e7', 'S-1-5-18', 'SYSTEM', 'NT AUTHORITY', '0x3e7', '5', 'Advapi  ', 'Negotiate', '-', '{00000000-0000-0000-0000-000000000000}', '-', '-', '0', '0x4b8', 'C:\\Windows\\System32\\services.exe', '-', '-', '%%1833', '-', '-', '-', '-', '%%1843', '0x0', '%%1842')"
2024-06-23 14:30:35,4624,Success Audit,Microsoft-Windows-Security-Auditing,DESKTOP-QUV3S97,"('S-1-5-18', 'DESKTOP-QUV3S97$', 'WORKGROUP', '0x3e7', 'S-1-5-18', 'SYSTEM', 'NT AUTHORITY', '0x3e7', '5', 'Advapi  ', 'Negotiate', '-', '{00000000-0000-0000-0000-000000000000}', '-', '-', '0', '0x4b8', 'C:\\Windows\\System32\\services.exe', '-', '-', '%%1833', '-', '-', '-', '-', '%%1843', '0x0', '%%1842')"
2024-06-23 14:32:35,4624,Success Audit,Microsoft-Windows-Security-Auditing,DESKTOP-QUV3S97,"('S-1-5-18', 'DESKTOP-QUV3S97$', 'WORKGROUP', '0x3e7', 'S-1-5-18', 'SYSTEM', 'NT AUTHORITY', '0x3e7', '5', 'Advapi  ', 'Negotiate', '-', '{00000000-0000-0000-0000-000000000000}', '-', '-', '0', '0x4b8', 'C:\\Windows\\System32\\services.exe', '-', '-', '%%1833', '-', '-', '-', '-', '%%1843', '0x0', '%%1842')"
2024-06-23 14:34:07,4624,Success Audit,Microsoft-Windows-Security-Auditing,DESKTOP-QUV3S97,"('S-1-5-18', 'DESKTOP-QUV3S97$', 'WORKGROUP', '0x3e7', 'S-1-5-18', 'SYSTEM', 'NT AUTHORITY', '0x3e7', '5', 'Advapi  ', 'Negotiate', '-', '{00000000-0000-0000-0000-000000000000}', '-', '-', '0', '0x4b8', 'C:\\Windows\\System32\\services.exe', '-', '-', '%%1833', '-', '-', '-', '-', '%%1843', '0x0', '%%1842')"
2024-06-23 14:34:35,4624,Success Audit,Microsoft-Windows-Security-Auditing,DESKTOP-QUV3S97,"('S-1-5-18', 'DESKTOP-QUV3S97$', 'WORKGROUP', '0x3e7', 'S-1-5-18', 'SYSTEM', 'NT AUTHORITY', '0x3e7', '5', 'Advapi  ', 'Negotiate', '-', '{00000000-0000-0000-0000-000000000000}', '-', '-', '0', '0x4b8', 'C:\\Windows\\System32\\services.exe', '-', '-', '%%1833', '-', '-', '-', '-', '%%1843', '0x0', '%%1842')"
2024-06-23 14:34:47,5379,Success Audit,Microsoft-Windows-Security-Auditing,DESKTOP-QUV3S97,"('S-1-5-21-1915879001-2348363783-178924610-1001', 'Adnan', 'DESKTOP-QUV3S97', '0x493e352', 'Adobe App Info (Q3JlYXRpdmVDbG91ZDJ7fTIwMTgwNzIwMDE)(Part1)', '1', '1', '%%8099', '0', '2024-06-23T04:18:25.0589934Z', '9584')"
2024-06-23 14:34:48,5379,Success Audit,Microsoft-Windows-Security-Auditing,DESKTOP-QUV3S97,"('S-1-5-21-1915879001-2348363783-178924610-1001', 'Adnan', 'DESKTOP-QUV3S97', '0x493e352', 'Adobe App Info (Q29yZVN5bmMxe30yMDE4MDcyMDAx)(Part1)', '1', '1', '%%8099', '0', '2024-06-23T04:18:29.6779500Z', '3012')"
2024-06-23 14:35:11,5379,Success Audit,Microsoft-Windows-Security-Auditing,DESKTOP-QUV3S97,"('S-1-5-21-1915879001-2348363783-178924610-1001', 'Adnan', 'DESKTOP-QUV3S97', '0x493e352', 'Adobe App Info (Q0NMaWJyYXJ5Mnt9MjAxODA3MjAwMQ)(Part1)', '1', '1', '%%8099', '0', '2024-06-23T04:18:44.2769100Z', '17792')"
2024-06-23 14:36:35,4624,Success Audit,Microsoft-Windows-Security-Auditing,DESKTOP-QUV3S97,"('S-1-5-18', 'DESKTOP-QUV3S97$', 'WORKGROUP', '0x3e7', 'S-1-5-18', 'SYSTEM', 'NT AUTHORITY', '0x3e7', '5', 'Advapi  ', 'Negotiate', '-', '{00000000-0000-0000-0000-000000000000}', '-', '-', '0', '0x4b8', 'C:\\Windows\\System32\\services.exe', '-', '-', '%%1833', '-', '-', '-', '-', '%%1843', '0x0', '%%1842')"
2024-06-23 14:38:35,4624,Success Audit,Microsoft-Windows-Security-Auditing,DESKTOP-QUV3S97,"('S-1-5-18', 'DESKTOP-QUV3S97$', 'WORKGROUP', '0x3e7', 'S-1-5-18', 'SYSTEM', 'NT AUTHORITY', '0x3e7', '5', 'Advapi  ', 'Negotiate', '-', '{00000000-0000-0000-0000-000000000000}', '-', '-', '0', '0x4b8', 'C:\\Windows\\System32\\services.exe', '-', '-', '%%1833', '-', '-', '-', '-', '%%1843', '0x0', '%%1842')"
2024-06-23 14:39:47,4624,Success Audit,Microsoft-Windows-Security-Auditing,DESKTOP-QUV3S97,"('S-1-5-18', 'DESKTOP-QUV3S97$', 'WORKGROUP', '0x3e7', 'S-1-5-18', 'SYSTEM', 'NT AUTHORITY', '0x3e7', '5', 'Advapi  ', 'Negotiate', '-', '{00000000-0000-0000-0000-000000000000}', '-', '-', '0', '0x4b8', 'C:\\Windows\\System32\\services.exe', '-', '-', '%%1833', '-', '-', '-', '-', '%%1843', '0x0', '%%1842')"
2024-06-23 14:43:15,4624,Success Audit,Microsoft-Windows-Security-Auditing,DESKTOP-QUV3S97,"('S-1-5-18', 'DESKTOP-QUV3S97$', 'WORKGROUP', '0x3e7', 'S-1-5-18', 'SYSTEM', 'NT AUTHORITY', '0x3e7', '5', 'Advapi  ', 'Negotiate', '-', '{00000000-0000-0000-0000-000000000000}', '-', '-', '0', '0x4b8', 'C:\\Windows\\System32\\services.exe', '-', '-', '%%1833', '-', '-', '-', '-', '%%1843', '0x0', '%%1842')"
2024-06-23 14:44:57,4624,Success Audit,Microsoft-Windows-Security-Auditing,DESKTOP-QUV3S97,"('S-1-5-18', 'DESKTOP-QUV3S97$', 'WORKGROUP', '0x3e7', 'S-1-5-18', 'SYSTEM', 'NT AUTHORITY', '0x3e7', '5', 'Advapi  ', 'Negotiate', '-', '{00000000-0000-0000-0000-000000000000}', '-', '-', '0', '0x4b8', 'C:\\Windows\\System32\\services.exe', '-', '-', '%%1833', '-', '-', '-', '-', '%%1843', '0x0', '%%1842')"
2024-06-23 14:45:15,4624,Success Audit,Microsoft-Windows-Security-Auditing,DESKTOP-QUV3S97,"('S-1-5-18', 'DESKTOP-QUV3S97$', 'WORKGROUP', '0x3e7', 'S-1-5-18', 'SYSTEM', 'NT AUTHORITY', '0x3e7', '5', 'Advapi  ', 'Negotiate', '-', '{00000000-0000-0000-0000-000000000000}', '-', '-', '0', '0x4b8', 'C:\\Windows\\System32\\services.exe', '-', '-', '%%1833', '-', '-', '-', '-', '%%1843', '0x0', '%%1842')"
2024-06-23 14:46:51,4624,Success Audit,Microsoft-Windows-Security-Auditing,DESKTOP-QUV3S97,"('S-1-5-18', 'DESKTOP-QUV3S97$', 'WORKGROUP', '0x3e7', 'S-1-5-18', 'SYSTEM', 'NT AUTHORITY', '0x3e7', '5', 'Advapi  ', 'Negotiate', '-', '{00000000-0000-0000-0000-000000000000}', '-', '-', '0', '0x4b8', 'C:\\Windows\\System32\\services.exe', '-', '-', '%%1833', '-', '-', '-', '-', '%%1843', '0x0', '%%1842')"
2024-06-23 14:46:52,5379,Success Audit,Microsoft-Windows-Security-Auditing,DESKTOP-QUV3S97,"('S-1-5-18', 'DESKTOP-QUV3S97$', 'WORKGROUP', '0x3e7', 'MicrosoftAccount:user=02egmqpvpyrjqfeo', '0', '0', '%%8100', '3221226021', '2024-06-23T08:46:51.7817549Z', '26432')"
2024-06-23 14:47:15,4624,Success Audit,Microsoft-Windows-Security-Auditing,DESKTOP-QUV3S97,"('S-1-5-18', 'DESKTOP-QUV3S97$', 'WORKGROUP', '0x3e7', 'S-1-5-18', 'SYSTEM', 'NT AUTHORITY', '0x3e7', '5', 'Advapi  ', 'Negotiate', '-', '{00000000-0000-0000-0000-000000000000}', '-', '-', '0', '0x4b8', 'C:\\Windows\\System32\\services.exe', '-', '-', '%%1833', '-', '-', '-', '-', '%%1843', '0x0', '%%1842')"
2024-06-23 14:49:15,4624,Success Audit,Microsoft-Windows-Security-Auditing,DESKTOP-QUV3S97,"('S-1-5-18', 'DESKTOP-QUV3S97$', 'WORKGROUP', '0x3e7', 'S-1-5-18', 'SYSTEM', 'NT AUTHORITY', '0x3e7', '5', 'Advapi  ', 'Negotiate', '-', '{00000000-0000-0000-0000-000000000000}', '-', '-', '0', '0x4b8', 'C:\\Windows\\System32\\services.exe', '-', '-', '%%1833', '-', '-', '-', '-', '%%1843', '0x0', '%%1842')"
2024-06-23 14:49:54,5379,Success Audit,Microsoft-Windows-Security-Auditing,DESKTOP-QUV3S97,"('S-1-5-21-1915879001-2348363783-178924610-1001', 'Adnan', 'DESKTOP-QUV3S97', '0x493e352', 'Adobe App Info (Q29yZVN5bmMxe30yMDE4MDcyMDAx)(Part1)', '1', '1', '%%8099', '0', '2024-06-23T04:18:29.6779500Z', '3012')"
2024-06-23 14:49:55,5379,Success Audit,Microsoft-Windows-Security-Auditing,DESKTOP-QUV3S97,"('S-1-5-21-1915879001-2348363783-178924610-1001', 'Adnan', 'DESKTOP-QUV3S97', '0x493e352', 'Adobe App Info (Q3JlYXRpdmVDbG91ZDJ7fTIwMTgwNzIwMDE)(Part1)', '1', '1', '%%8099', '0', '2024-06-23T04:18:25.0589934Z', '9584')"
2024-06-23 14:49:56,5379,Success Audit,Microsoft-Windows-Security-Auditing,DESKTOP-QUV3S97,"('S-1-5-21-1915879001-2348363783-178924610-1001', 'Adnan', 'DESKTOP-QUV3S97', '0x493e352', 'Adobe Package Info ()(Part1)', '1', '1', '%%8099', '3221226021', '2024-06-23T04:18:25.0589934Z', '9584')"
2024-06-23 14:50:13,5379,Success Audit,Microsoft-Windows-Security-Auditing,DESKTOP-QUV3S97,"('S-1-5-21-1915879001-2348363783-178924610-1001', 'Adnan', 'DESKTOP-QUV3S97', '0x493e352', 'Adobe App Info (Q0NMaWJyYXJ5Mnt9MjAxODA3MjAwMQ)(Part1)', '1', '1', '%%8099', '0', '2024-06-23T04:18:44.2769100Z', '17792')"
2024-06-23 14:51:15,4624,Success Audit,Microsoft-Windows-Security-Auditing,DESKTOP-QUV3S97,"('S-1-5-18', 'DESKTOP-QUV3S97$', 'WORKGROUP', '0x3e7', 'S-1-5-18', 'SYSTEM', 'NT AUTHORITY', '0x3e7', '5', 'Advapi  ', 'Negotiate', '-', '{00000000-0000-0000-0000-000000000000}', '-', '-', '0', '0x4b8', 'C:\\Windows\\System32\\services.exe', '-', '-', '%%1833', '-', '-', '-', '-', '%%1843', '0x0', '%%1842')"
2024-06-23 14:51:57,4624,Success Audit,Microsoft-Windows-Security-Auditing,DESKTOP-QUV3S97,"('S-1-5-18', 'DESKTOP-QUV3S97$', 'WORKGROUP', '0x3e7', 'S-1-5-18', 'SYSTEM', 'NT AUTHORITY', '0x3e7', '5', 'Advapi  ', 'Negotiate', '-', '{00000000-0000-0000-0000-000000000000}', '-', '-', '0', '0x4b8', 'C:\\Windows\\System32\\services.exe', '-', '-', '%%1833', '-', '-', '-', '-', '%%1843', '0x0', '%%1842')"
2024-06-23 14:51:58,5379,Success Audit,Microsoft-Windows-Security-Auditing,DESKTOP-QUV3S97,"('S-1-5-21-1915879001-2348363783-178924610-1001', 'Adnan', 'DESKTOP-QUV3S97', '0x493e352', 'MicrosoftAccount:user=adnanjohan54@gmail.com', '0', '1', '%%8100', '0', '2024-06-23T08:51:57.2386027Z', '13464')"
2024-06-23 14:52:02,5382,Success Audit,Microsoft-Windows-Security-Auditing,DESKTOP-QUV3S97,"('S-1-5-18', 'DESKTOP-QUV3S97$', 'WORKGROUP', '0x3e7', 'NGC Local Accoount Logon Vault Resource Schema', '{1d4350a3-330d-4af9-b3ff-a927a45998ac}', 'NGC Local Accoount Logon Vault Resource', '01050000000000051500000059FE31720730F98B422CAA0AE9030000', '', '0', '1168', '2024-06-22T08:39:34.3549086Z', '4644')"
2024-06-23 14:53:15,4624,Success Audit,Microsoft-Windows-Security-Auditing,DESKTOP-QUV3S97,"('S-1-5-18', 'DESKTOP-QUV3S97$', 'WORKGROUP', '0x3e7', 'S-1-5-18', 'SYSTEM', 'NT AUTHORITY', '0x3e7', '5', 'Advapi  ', 'Negotiate', '-', '{00000000-0000-0000-0000-000000000000}', '-', '-', '0', '0x4b8', 'C:\\Windows\\System32\\services.exe', '-', '-', '%%1833', '-', '-', '-', '-', '%%1843', '0x0', '%%1842')"
2024-06-23 14:55:15,4624,Success Audit,Microsoft-Windows-Security-Auditing,DESKTOP-QUV3S97,"('S-1-5-18', 'DESKTOP-QUV3S97$', 'WORKGROUP', '0x3e7', 'S-1-5-18', 'SYSTEM', 'NT AUTHORITY', '0x3e7', '5', 'Advapi  ', 'Negotiate', '-', '{00000000-0000-0000-0000-000000000000}', '-', '-', '0', '0x4b8', 'C:\\Windows\\System32\\services.exe', '-', '-', '%%1833', '-', '-', '-', '-', '%%1843', '0x0', '%%1842')"
2024-06-23 14:56:34,4624,Success Audit,Microsoft-Windows-Security-Auditing,DESKTOP-QUV3S97,"('S-1-5-18', 'DESKTOP-QUV3S97$', 'WORKGROUP', '0x3e7', 'S-1-5-18', 'SYSTEM', 'NT AUTHORITY', '0x3e7', '5', 'Advapi  ', 'Negotiate', '-', '{00000000-0000-0000-0000-000000000000}', '-', '-', '0', '0x4b8', 'C:\\Windows\\System32\\services.exe', '-', '-', '%%1833', '-', '-', '-', '-', '%%1843', '0x0', '%%1842')"
2024-06-23 14:56:35,5379,Success Audit,Microsoft-Windows-Security-Auditing,DESKTOP-QUV3S97,"('S-1-5-21-1915879001-2348363783-178924610-1001', 'Adnan', 'DESKTOP-QUV3S97', '0x493e352', 'MicrosoftAccount:user=adnanjohan54@gmail.com', '0', '1', '%%8100', '0', '2024-06-23T08:56:34.3626054Z', '20476')"
2024-06-23 14:57:15,4624,Success Audit,Microsoft-Windows-Security-Auditing,DESKTOP-QUV3S97,"('S-1-5-18', 'DESKTOP-QUV3S97$', 'WORKGROUP', '0x3e7', 'S-1-5-18', 'SYSTEM', 'NT AUTHORITY', '0x3e7', '5', 'Advapi  ', 'Negotiate', '-', '{00000000-0000-0000-0000-000000000000}', '-', '-', '0', '0x4b8', 'C:\\Windows\\System32\\services.exe', '-', '-', '%%1833', '-', '-', '-', '-', '%%1843', '0x0', '%%1842')"
2024-06-23 14:57:55,4624,Success Audit,Microsoft-Windows-Security-Auditing,DESKTOP-QUV3S97,"('S-1-5-18', 'DESKTOP-QUV3S97$', 'WORKGROUP', '0x3e7', 'S-1-5-18', 'SYSTEM', 'NT AUTHORITY', '0x3e7', '5', 'Advapi  ', 'Negotiate', '-', '{00000000-0000-0000-0000-000000000000}', '-', '-', '0', '0x4b8', 'C:\\Windows\\System32\\services.exe', '-', '-', '%%1833', '-', '-', '-', '-', '%%1843', '0x0', '%%1842')"
2024-06-23 14:59:15,4624,Success Audit,Microsoft-Windows-Security-Auditing,DESKTOP-QUV3S97,"('S-1-5-18', 'DESKTOP-QUV3S97$', 'WORKGROUP', '0x3e7', 'S-1-5-18', 'SYSTEM', 'NT AUTHORITY', '0x3e7', '5', 'Advapi  ', 'Negotiate', '-', '{00000000-0000-0000-0000-000000000000}', '-', '-', '0', '0x4b8', 'C:\\Windows\\System32\\services.exe', '-', '-', '%%1833', '-', '-', '-', '-', '%%1843', '0x0', '%%1842')"
2024-06-23 14:59:35,4624,Success Audit,Microsoft-Windows-Security-Auditing,DESKTOP-QUV3S97,"('S-1-5-18', 'DESKTOP-QUV3S97$', 'WORKGROUP', '0x3e7', 'S-1-5-18', 'SYSTEM', 'NT AUTHORITY', '0x3e7', '5', 'Advapi  ', 'Negotiate', '-', '{00000000-0000-0000-0000-000000000000}', '-', '-', '0', '0x4b8', 'C:\\Windows\\System32\\services.exe', '-', '-', '%%1833', '-', '-', '-', '-', '%%1843', '0x0', '%%1842')"
2024-06-23 15:00:20,5379,Success Audit,Microsoft-Windows-Security-Auditing,DESKTOP-QUV3S97,"('S-1-5-21-1915879001-2348363783-178924610-1001', 'Adnan', 'DESKTOP-QUV3S97', '0x493e352', 'MicrosoftAccount:user=adnanjohan54@gmail.com', '0', '1', '%%8100', '0', '2024-06-23T08:56:34.3626054Z', '20476')"
2024-06-23 15:00:21,5379,Success Audit,Microsoft-Windows-Security-Auditing,DESKTOP-QUV3S97,"('S-1-5-21-1915879001-2348363783-178924610-1001', 'Adnan', 'DESKTOP-QUV3S97', '0x493e352', 'MicrosoftAccount:user=adnanjohan54@gmail.com', '0', '1', '%%8100', '0', '2024-06-23T08:56:34.3626054Z', '20476')"
2024-06-23 15:01:55,4624,Success Audit,Microsoft-Windows-Security-Auditing,DESKTOP-QUV3S97,"('S-1-5-18', 'DESKTOP-QUV3S97$', 'WORKGROUP', '0x3e7', 'S-1-5-18', 'SYSTEM', 'NT AUTHORITY', '0x3e7', '5', 'Advapi  ', 'Negotiate', '-', '{00000000-0000-0000-0000-000000000000}', '-', '-', '0', '0x4b8', 'C:\\Windows\\System32\\services.exe', '-', '-', '%%1833', '-', '-', '-', '-', '%%1843', '0x0', '%%1842')"
2024-06-23 15:03:33,4624,Success Audit,Microsoft-Windows-Security-Auditing,DESKTOP-QUV3S97,"('S-1-5-18', 'DESKTOP-QUV3S97$', 'WORKGROUP', '0x3e7', 'S-1-5-18', 'SYSTEM', 'NT AUTHORITY', '0x3e7', '5', 'Advapi  ', 'Negotiate', '-', '{00000000-0000-0000-0000-000000000000}', '-', '-', '0', '0x4b8', 'C:\\Windows\\System32\\services.exe', '-', '-', '%%1833', '-', '-', '-', '-', '%%1843', '0x0', '%%1842')"
2024-06-23 15:04:57,5379,Success Audit,Microsoft-Windows-Security-Auditing,DESKTOP-QUV3S97,"('S-1-5-21-1915879001-2348363783-178924610-1001', 'Adnan', 'DESKTOP-QUV3S97', '0x493e352', 'Adobe App Info (Q29yZVN5bmMxe30yMDE4MDcyMDAx)(Part1)', '1', '1', '%%8099', '0', '2024-06-23T04:18:29.6779500Z', '3012')"
2024-06-23 15:05:01,5379,Success Audit,Microsoft-Windows-Security-Auditing,DESKTOP-QUV3S97,"('S-1-5-21-1915879001-2348363783-178924610-1001', 'Adnan', 'DESKTOP-QUV3S97', '0x493e352', 'Adobe App Info (Q3JlYXRpdmVDbG91ZDJ7fTIwMTgwNzIwMDE)(Part1)', '1', '1', '%%8099', '0', '2024-06-23T04:18:25.0589934Z', '9584')"
