2024-06-22 16:06:27,10000,Information,Microsoft-Windows-RestartManager,DESKTOP-QUV3S97,"('1', '2024-06-22T10:06:27.2488257Z')"
2024-06-22 16:17:32,102,Information,ESENT,DESKTOP-QUV3S97,"('Video.UI', '9320,P,98', '{5D11AA69-BF7F-45B0-9DB0-B8A666DD19FC}: ', '0', '10', '00', '22631', '0000')"
2024-06-22 16:21:40,102,Information,ESENT,DESKTOP-QUV3S97,"('svchost', '15452,P,98', 'DS_Token_DB: ', '0', '10', '00', '22631', '0000')"
2024-06-22 16:21:42,15,Information,SecurityCenter,DESKTOP-QUV3S97,"('Windows Defender', 'SECURITY_PRODUCT_STATE_ON')"
2024-06-22 16:23:12,15,Information,SecurityCenter,DESKTOP-QUV3S97,"('Windows Defender', 'SECURITY_PRODUCT_STATE_ON')"
2024-06-22 16:24:25,8224,Information,VSS,DESKTOP-QUV3S97,"('',)"
2024-06-22 16:35:55,16394,Information,Software Protection Platform Service,DESKTOP-QUV3S97,Offline downlevel migration succeeded.
2024-06-22 16:36:28,16384,Information,Software Protection Platform Service,DESKTOP-QUV3S97,"Successfully scheduled (Software Protection service for re-start at 2124-05-29T10:36:28Z, RulesEngine)"
2024-06-22 16:59:01,0,Information,SynTPEnhService,DESKTOP-QUV3S97,The operation completed successfully.
2024-06-22 20:13:00,16394,Information,Software Protection Platform Service,DESKTOP-QUV3S97,Offline downlevel migration succeeded.
2024-06-22 20:13:03,0,Information,SynTPEnhService,DESKTOP-QUV3S97,The operation completed successfully.
2024-06-22 20:13:35,16384,Information,Software Protection Platform Service,DESKTOP-QUV3S97,"Successfully scheduled (Software Protection service for re-start at 2124-05-29T14:13:35Z, RulesEngine)"
2024-06-22 20:14:09,9027,Information,Desktop Window Manager,DESKTOP-QUV3S97,
2024-06-22 20:14:14,6000,Information,Wlclntfy,DESKTOP-QUV3S97,"('WSearch',)"
2024-06-22 20:14:15,0,Information,SynTPEnhService,DESKTOP-QUV3S97,The operation completed successfully.
2024-06-23 10:16:21,0,Information,SynTPEnhService,DESKTOP-QUV3S97,The operation completed successfully.
2024-06-23 10:16:22,6003,Information,Wlclntfy,DESKTOP-QUV3S97,"('SessionEnv',)"
2024-06-23 10:16:26,0,Information,SynTPEnhService,DESKTOP-QUV3S97,The operation completed successfully.
2024-06-23 10:16:30,0,Information,SynTPEnhService,DESKTOP-QUV3S97,The operation completed successfully.
2024-06-23 10:17:23,0,Information,edgeupdate,DESKTOP-QUV3S97,The operation completed successfully.
2024-06-23 10:18:04,256,Information,Chrome,DESKTOP-QUV3S97,"('[16476:1440:0623/101804.728:INFO:rlz_lib.cc(438)] Attempting to send RLZ ping brand=KNTJ',)"
2024-06-23 10:18:11,16394,Information,Software Protection Platform Service,DESKTOP-QUV3S97,Offline downlevel migration succeeded.
2024-06-23 10:18:49,16384,Information,Software Protection Platform Service,DESKTOP-QUV3S97,"Successfully scheduled (Software Protection service for re-start at 2124-05-30T04:18:49Z, RulesEngine)"
2024-06-23 10:22:21,16394,Information,Software Protection Platform Service,DESKTOP-QUV3S97,Offline downlevel migration succeeded.
2024-06-23 10:22:54,16384,Information,Software Protection Platform Service,DESKTOP-QUV3S97,"Successfully scheduled (Software Protection service for re-start at 2124-05-30T04:22:54Z, RulesEngine)"
2024-06-23 10:31:14,16394,Information,Software Protection Platform Service,DESKTOP-QUV3S97,Offline downlevel migration succeeded.
2024-06-23 10:31:45,16384,Information,Software Protection Platform Service,DESKTOP-QUV3S97,"Successfully scheduled (Software Protection service for re-start at 2124-05-30T04:31:45Z, RulesEngine)"
2024-06-23 10:31:51,16394,Information,Software Protection Platform Service,DESKTOP-QUV3S97,Offline downlevel migration succeeded.
2024-06-23 10:32:29,16384,Information,Software Protection Platform Service,DESKTOP-QUV3S97,"Successfully scheduled (Software Protection service for re-start at 2124-05-30T04:32:29Z, RulesEngine)"
2024-06-23 10:32:52,16394,Information,Software Protection Platform Service,DESKTOP-QUV3S97,Offline downlevel migration succeeded.
2024-06-23 10:33:25,15,Information,SecurityCenter,DESKTOP-QUV3S97,"('Windows Defender', 'SECURITY_PRODUCT_STATE_ON')"
2024-06-23 10:33:38,16384,Information,Software Protection Platform Service,DESKTOP-QUV3S97,"Successfully scheduled (Software Protection service for re-start at 2124-05-30T04:33:38Z, RulesEngine)"
2024-06-23 11:14:49,16394,Information,Software Protection Platform Service,DESKTOP-QUV3S97,Offline downlevel migration succeeded.
2024-06-23 11:15:21,16384,Information,Software Protection Platform Service,DESKTOP-QUV3S97,"Successfully scheduled (Software Protection service for re-start at 2124-05-30T05:15:21Z, RulesEngine)"
2024-06-23 12:14:09,16394,Information,Software Protection Platform Service,DESKTOP-QUV3S97,Offline downlevel migration succeeded.
2024-06-23 12:14:40,16384,Information,Software Protection Platform Service,DESKTOP-QUV3S97,"Successfully scheduled (Software Protection service for re-start at 2124-05-30T06:14:40Z, RulesEngine)"
2024-06-23 12:35:04,16394,Information,Software Protection Platform Service,DESKTOP-QUV3S97,Offline downlevel migration succeeded.
2024-06-23 12:35:36,16384,Information,Software Protection Platform Service,DESKTOP-QUV3S97,"Successfully scheduled (Software Protection service for re-start at 2124-05-30T06:35:36Z, RulesEngine)"
2024-06-23 13:09:37,16394,Information,Software Protection Platform Service,DESKTOP-QUV3S97,Offline downlevel migration succeeded.
2024-06-23 13:10:08,16384,Information,Software Protection Platform Service,DESKTOP-QUV3S97,"Successfully scheduled (Software Protection service for re-start at 2124-05-30T07:10:08Z, RulesEngine)"
2024-06-23 13:24:43,16394,Information,Software Protection Platform Service,DESKTOP-QUV3S97,Offline downlevel migration succeeded.
2024-06-23 13:25:15,16384,Information,Software Protection Platform Service,DESKTOP-QUV3S97,"Successfully scheduled (Software Protection service for re-start at 2124-05-30T07:25:15Z, RulesEngine)"
2024-06-23 13:27:46,16394,Information,Software Protection Platform Service,DESKTOP-QUV3S97,Offline downlevel migration succeeded.
2024-06-23 13:28:18,16384,Information,Software Protection Platform Service,DESKTOP-QUV3S97,"Successfully scheduled (Software Protection service for re-start at 2124-05-30T07:28:18Z, RulesEngine)"
2024-06-23 14:13:30,16394,Information,Software Protection Platform Service,DESKTOP-QUV3S97,Offline downlevel migration succeeded.
2024-06-23 14:14:01,16384,Information,Software Protection Platform Service,DESKTOP-QUV3S97,"Successfully scheduled (Software Protection service for re-start at 2124-05-30T08:14:01Z, RulesEngine)"
2024-06-23 14:34:30,16394,Information,Software Protection Platform Service,DESKTOP-QUV3S97,Offline downlevel migration succeeded.
2024-06-23 14:35:02,16384,Information,Software Protection Platform Service,DESKTOP-QUV3S97,"Successfully scheduled (Software Protection service for re-start at 2124-05-30T08:35:02Z, RulesEngine)"
2024-06-23 14:38:29,16394,Information,Software Protection Platform Service,DESKTOP-QUV3S97,Offline downlevel migration succeeded.
2024-06-23 14:39:00,16384,Information,Software Protection Platform Service,DESKTOP-QUV3S97,"Successfully scheduled (Software Protection service for re-start at 2124-05-30T08:39:00Z, RulesEngine)"
2024-06-23 15:26:53,16394,Information,Software Protection Platform Service,DESKTOP-QUV3S97,Offline downlevel migration succeeded.
2024-06-23 15:27:30,16384,Information,Software Protection Platform Service,DESKTOP-QUV3S97,"Successfully scheduled (Software Protection service for re-start at 2124-05-30T09:27:30Z, RulesEngine)"
2024-06-23 15:30:15,16394,Information,Software Protection Platform Service,DESKTOP-QUV3S97,Offline downlevel migration succeeded.
2024-06-23 15:30:46,16384,Information,Software Protection Platform Service,DESKTOP-QUV3S97,"Successfully scheduled (Software Protection service for re-start at 2124-05-30T09:30:46Z, RulesEngine)"
2024-06-23 16:18:41,16394,Information,Software Protection Platform Service,DESKTOP-QUV3S97,Offline downlevel migration succeeded.
2024-06-23 16:19:12,16384,Information,Software Protection Platform Service,DESKTOP-QUV3S97,"Successfully scheduled (Software Protection service for re-start at 2124-05-30T10:19:12Z, RulesEngine)"
2024-06-23 16:33:30,16394,Information,Software Protection Platform Service,DESKTOP-QUV3S97,Offline downlevel migration succeeded.
2024-06-23 16:34:01,16384,Information,Software Protection Platform Service,DESKTOP-QUV3S97,"Successfully scheduled (Software Protection service for re-start at 2124-05-30T10:34:01Z, RulesEngine)"
2024-06-23 16:58:22,16394,Information,Software Protection Platform Service,DESKTOP-QUV3S97,Offline downlevel migration succeeded.
2024-06-23 16:58:54,16384,Information,Software Protection Platform Service,DESKTOP-QUV3S97,"Successfully scheduled (Software Protection service for re-start at 2124-05-30T10:58:54Z, RulesEngine)"
2024-06-23 17:02:40,16394,Information,Software Protection Platform Service,DESKTOP-QUV3S97,Offline downlevel migration succeeded.
2024-06-23 17:03:12,16384,Information,Software Protection Platform Service,DESKTOP-QUV3S97,"Successfully scheduled (Software Protection service for re-start at 2124-05-30T11:03:12Z, RulesEngine)"
2024-06-23 17:56:39,16394,Information,Software Protection Platform Service,DESKTOP-QUV3S97,Offline downlevel migration succeeded.
2024-06-23 17:57:11,16384,Information,Software Protection Platform Service,DESKTOP-QUV3S97,"Successfully scheduled (Software Protection service for re-start at 2124-05-30T11:57:11Z, RulesEngine)"
2024-06-23 18:25:36,16394,Information,Software Protection Platform Service,DESKTOP-QUV3S97,Offline downlevel migration succeeded.
2024-06-23 18:26:07,16384,Information,Software Protection Platform Service,DESKTOP-QUV3S97,"Successfully scheduled (Software Protection service for re-start at 2124-05-30T12:26:07Z, RulesEngine)"
2024-06-23 19:13:39,16394,Information,Software Protection Platform Service,DESKTOP-QUV3S97,Offline downlevel migration succeeded.
2024-06-23 19:14:11,16384,Information,Software Protection Platform Service,DESKTOP-QUV3S97,"Successfully scheduled (Software Protection service for re-start at 2124-05-30T13:14:11Z, RulesEngine)"
2024-06-23 19:22:17,102,Information,ESENT,DESKTOP-QUV3S97,"('Video.UI', '27060,P,98', '{8E8B6080-9223-467E-889B-2DDF825ED193}: ', '0', '10', '00', '22631', '0000')"
2024-06-23 19:47:30,16394,Information,Software Protection Platform Service,DESKTOP-QUV3S97,Offline downlevel migration succeeded.
2024-06-23 19:48:02,16384,Information,Software Protection Platform Service,DESKTOP-QUV3S97,"Successfully scheduled (Software Protection service for re-start at 2124-05-30T13:48:02Z, RulesEngine)"
2024-06-23 19:53:36,9027,Information,Desktop Window Manager,DESKTOP-QUV3S97,
2024-06-23 19:53:41,0,Information,SynTPEnhService,DESKTOP-QUV3S97,The operation completed successfully.
2024-06-23 19:53:43,6000,Information,Wlclntfy,DESKTOP-QUV3S97,"('WSearch',)"
2024-06-23 19:53:44,0,Information,SynTPEnhService,DESKTOP-QUV3S97,The operation completed successfully.
2024-06-24 10:12:49,6003,Information,Wlclntfy,DESKTOP-QUV3S97,"('SessionEnv',)"
2024-06-24 10:12:50,6000,Information,Wlclntfy,DESKTOP-QUV3S97,"('SessionEnv',)"
2024-06-24 10:12:52,15,Information,SecurityCenter,DESKTOP-QUV3S97,"('Windows Defender', 'SECURITY_PRODUCT_STATE_ON')"
2024-06-24 10:12:53,0,Information,SynTPEnhService,DESKTOP-QUV3S97,The operation completed successfully.
2024-06-24 10:12:54,15,Information,SecurityCenter,DESKTOP-QUV3S97,"('Windows Defender', 'SECURITY_PRODUCT_STATE_ON')"
2024-06-24 10:12:58,0,Information,SynTPEnhService,DESKTOP-QUV3S97,The operation completed successfully.
2024-06-24 10:13:02,0,Information,SynTPEnhService,DESKTOP-QUV3S97,The operation completed successfully.
2024-06-24 10:13:47,0,Information,edgeupdate,DESKTOP-QUV3S97,The operation completed successfully.
2024-06-24 10:14:29,256,Information,Chrome,DESKTOP-QUV3S97,"('[1156:7884:0624/101429.322:INFO:rlz_lib.cc(438)] Attempting to send RLZ ping brand=KNTJ',)"
2024-06-24 10:18:51,16394,Information,Software Protection Platform Service,DESKTOP-QUV3S97,Offline downlevel migration succeeded.
2024-06-24 10:19:40,16384,Information,Software Protection Platform Service,DESKTOP-QUV3S97,"Successfully scheduled (Software Protection service for re-start at 2124-05-31T04:19:40Z, RulesEngine)"
2024-06-24 10:28:05,16394,Information,Software Protection Platform Service,DESKTOP-QUV3S97,Offline downlevel migration succeeded.
2024-06-24 10:28:30,15,Information,SecurityCenter,DESKTOP-QUV3S97,"('Windows Defender', 'SECURITY_PRODUCT_STATE_ON')"
2024-06-24 10:28:46,16384,Information,Software Protection Platform Service,DESKTOP-QUV3S97,"Successfully scheduled (Software Protection service for re-start at 2124-05-31T04:28:46Z, RulesEngine)"
2024-06-24 10:47:12,16394,Information,Software Protection Platform Service,DESKTOP-QUV3S97,Offline downlevel migration succeeded.
2024-06-24 10:47:45,16384,Information,Software Protection Platform Service,DESKTOP-QUV3S97,"Successfully scheduled (Software Protection service for re-start at 2124-05-31T04:47:45Z, RulesEngine)"
2024-06-24 11:10:39,16394,Information,Software Protection Platform Service,DESKTOP-QUV3S97,Offline downlevel migration succeeded.
2024-06-24 11:11:11,16384,Information,Software Protection Platform Service,DESKTOP-QUV3S97,"Successfully scheduled (Software Protection service for re-start at 2124-05-31T05:11:11Z, RulesEngine)"
2024-06-24 11:17:20,16394,Information,Software Protection Platform Service,DESKTOP-QUV3S97,Offline downlevel migration succeeded.
2024-06-24 11:17:52,16384,Information,Software Protection Platform Service,DESKTOP-QUV3S97,"Successfully scheduled (Software Protection service for re-start at 2124-05-31T05:17:52Z, RulesEngine)"
2024-06-24 11:29:35,16394,Information,Software Protection Platform Service,DESKTOP-QUV3S97,Offline downlevel migration succeeded.
2024-06-24 11:30:07,16384,Information,Software Protection Platform Service,DESKTOP-QUV3S97,"Successfully scheduled (Software Protection service for re-start at 2124-05-31T05:30:07Z, RulesEngine)"
2024-06-24 11:42:09,16394,Information,Software Protection Platform Service,DESKTOP-QUV3S97,Offline downlevel migration succeeded.
2024-06-24 11:42:40,16384,Information,Software Protection Platform Service,DESKTOP-QUV3S97,"Successfully scheduled (Software Protection service for re-start at 2124-05-31T05:42:40Z, RulesEngine)"
2024-06-24 11:48:34,15,Information,SecurityCenter,DESKTOP-QUV3S97,"('Windows Defender', 'SECURITY_PRODUCT_STATE_ON')"
2024-06-24 11:48:36,15,Information,SecurityCenter,DESKTOP-QUV3S97,"('Windows Defender', 'SECURITY_PRODUCT_STATE_ON')"
2024-06-24 12:02:08,16394,Information,Software Protection Platform Service,DESKTOP-QUV3S97,Offline downlevel migration succeeded.
2024-06-24 12:02:39,16384,Information,Software Protection Platform Service,DESKTOP-QUV3S97,"Successfully scheduled (Software Protection service for re-start at 2124-05-31T06:02:39Z, RulesEngine)"
2024-06-24 12:05:21,16394,Information,Software Protection Platform Service,DESKTOP-QUV3S97,Offline downlevel migration succeeded.
2024-06-24 12:05:53,16384,Information,Software Protection Platform Service,DESKTOP-QUV3S97,"Successfully scheduled (Software Protection service for re-start at 2124-05-31T06:05:53Z, RulesEngine)"
2024-06-24 12:13:45,16394,Information,Software Protection Platform Service,DESKTOP-QUV3S97,Offline downlevel migration succeeded.
2024-06-24 12:14:16,16384,Information,Software Protection Platform Service,DESKTOP-QUV3S97,"Successfully scheduled (Software Protection service for re-start at 2124-05-31T06:14:16Z, RulesEngine)"
2024-06-24 12:38:57,16394,Information,Software Protection Platform Service,DESKTOP-QUV3S97,Offline downlevel migration succeeded.
2024-06-24 12:39:29,16384,Information,Software Protection Platform Service,DESKTOP-QUV3S97,"Successfully scheduled (Software Protection service for re-start at 2124-05-31T06:39:29Z, RulesEngine)"
2024-06-24 13:13:58,16394,Information,Software Protection Platform Service,DESKTOP-QUV3S97,Offline downlevel migration succeeded.
2024-06-24 13:14:29,16384,Information,Software Protection Platform Service,DESKTOP-QUV3S97,"Successfully scheduled (Software Protection service for re-start at 2124-05-31T07:14:29Z, RulesEngine)"
2024-06-24 13:42:38,16394,Information,Software Protection Platform Service,DESKTOP-QUV3S97,Offline downlevel migration succeeded.
2024-06-24 13:43:10,16384,Information,Software Protection Platform Service,DESKTOP-QUV3S97,"Successfully scheduled (Software Protection service for re-start at 2124-05-31T07:43:10Z, RulesEngine)"
2024-06-24 13:43:52,16394,Information,Software Protection Platform Service,DESKTOP-QUV3S97,Offline downlevel migration succeeded.
2024-06-24 13:44:25,16384,Information,Software Protection Platform Service,DESKTOP-QUV3S97,"Successfully scheduled (Software Protection service for re-start at 2124-05-31T07:44:25Z, RulesEngine)"
2024-06-24 14:11:35,16394,Information,Software Protection Platform Service,DESKTOP-QUV3S97,Offline downlevel migration succeeded.
2024-06-24 14:12:06,16384,Information,Software Protection Platform Service,DESKTOP-QUV3S97,"Successfully scheduled (Software Protection service for re-start at 2124-05-31T08:12:06Z, RulesEngine)"
2024-06-24 14:40:36,16394,Information,Software Protection Platform Service,DESKTOP-QUV3S97,Offline downlevel migration succeeded.
2024-06-24 14:41:08,16384,Information,Software Protection Platform Service,DESKTOP-QUV3S97,"Successfully scheduled (Software Protection service for re-start at 2124-05-31T08:41:08Z, RulesEngine)"
2024-06-24 15:39:36,16394,Information,Software Protection Platform Service,DESKTOP-QUV3S97,Offline downlevel migration succeeded.
2024-06-24 15:40:09,16384,Information,Software Protection Platform Service,DESKTOP-QUV3S97,"Successfully scheduled (Software Protection service for re-start at 2124-05-31T09:40:09Z, RulesEngine)"
2024-06-24 16:18:52,16394,Information,Software Protection Platform Service,DESKTOP-QUV3S97,Offline downlevel migration succeeded.
2024-06-24 16:19:26,16384,Information,Software Protection Platform Service,DESKTOP-QUV3S97,"Successfully scheduled (Software Protection service for re-start at 2124-05-31T10:19:26Z, RulesEngine)"
2024-06-24 16:19:55,16394,Information,Software Protection Platform Service,DESKTOP-QUV3S97,Offline downlevel migration succeeded.
2024-06-24 16:20:27,16384,Information,Software Protection Platform Service,DESKTOP-QUV3S97,"Successfully scheduled (Software Protection service for re-start at 2124-05-31T10:20:27Z, RulesEngine)"
2024-06-24 16:32:14,15,Information,SecurityCenter,DESKTOP-QUV3S97,"('Windows Defender', 'SECURITY_PRODUCT_STATE_ON')"
2024-06-24 16:32:16,15,Information,SecurityCenter,DESKTOP-QUV3S97,"('Windows Defender', 'SECURITY_PRODUCT_STATE_ON')"
2024-06-24 16:49:28,16394,Information,Software Protection Platform Service,DESKTOP-QUV3S97,Offline downlevel migration succeeded.
2024-06-24 16:50:01,16384,Information,Software Protection Platform Service,DESKTOP-QUV3S97,"Successfully scheduled (Software Protection service for re-start at 2124-05-31T10:50:01Z, RulesEngine)"
2024-06-24 16:54:30,16394,Information,Software Protection Platform Service,DESKTOP-QUV3S97,Offline downlevel migration succeeded.
2024-06-24 16:55:01,16384,Information,Software Protection Platform Service,DESKTOP-QUV3S97,"Successfully scheduled (Software Protection service for re-start at 2124-05-31T10:55:01Z, RulesEngine)"
2024-06-24 17:26:36,16394,Information,Software Protection Platform Service,DESKTOP-QUV3S97,Offline downlevel migration succeeded.
2024-06-24 17:27:08,16384,Information,Software Protection Platform Service,DESKTOP-QUV3S97,"Successfully scheduled (Software Protection service for re-start at 2124-05-31T11:27:08Z, RulesEngine)"
2024-06-24 18:19:35,16394,Information,Software Protection Platform Service,DESKTOP-QUV3S97,Offline downlevel migration succeeded.
2024-06-24 18:20:07,16384,Information,Software Protection Platform Service,DESKTOP-QUV3S97,"Successfully scheduled (Software Protection service for re-start at 2124-05-31T12:20:07Z, RulesEngine)"
2024-06-24 19:03:27,16394,Information,Software Protection Platform Service,DESKTOP-QUV3S97,Offline downlevel migration succeeded.
2024-06-24 19:04:00,16384,Information,Software Protection Platform Service,DESKTOP-QUV3S97,"Successfully scheduled (Software Protection service for re-start at 2124-05-31T13:04:00Z, RulesEngine)"
2024-06-24 19:09:59,9027,Information,Desktop Window Manager,DESKTOP-QUV3S97,
2024-06-24 19:10:02,6000,Information,Wlclntfy,DESKTOP-QUV3S97,"('WSearch',)"
2024-06-24 19:10:03,0,Information,SynTPEnhService,DESKTOP-QUV3S97,The operation completed successfully.
2024-06-24 19:10:04,0,Information,SynTPEnhService,DESKTOP-QUV3S97,The operation completed successfully.
2024-06-25 10:30:42,6003,Information,Wlclntfy,DESKTOP-QUV3S97,"('SessionEnv',)"
2024-06-25 10:30:47,0,Information,SynTPEnhService,DESKTOP-QUV3S97,The operation completed successfully.
2024-06-25 10:30:53,0,Information,SynTPEnhService,DESKTOP-QUV3S97,The operation completed successfully.
2024-06-25 10:31:38,0,Information,edgeupdate,DESKTOP-QUV3S97,The operation completed successfully.
2024-06-25 10:32:22,256,Information,Chrome,DESKTOP-QUV3S97,"('[24140:25488:0625/103222.565:INFO:rlz_lib.cc(438)] Attempting to send RLZ ping brand=KNTJ',)"
2024-06-25 10:34:30,0,Information,SynTPEnhService,DESKTOP-QUV3S97,The operation completed successfully.
2024-06-25 10:34:31,6000,Information,Wlclntfy,DESKTOP-QUV3S97,"('WSearch',)"
2024-06-25 10:34:33,0,Information,RtkAudioUniversalService,DESKTOP-QUV3S97,The operation completed successfully.
2024-06-25 10:34:34,1001,Information,Windows Error Reporting,DESKTOP-QUV3S97,"('', '0', 'APPCRASH', 'Not available', '0', 'redis-server.exe', '5.0.14.1', '620e1c21', 'redis-server.exe', '5.0.14.1', '620e1c21', 'c0000005', '00000000000b8260', '', '', '\r\n\\\\?\\C:\\ProgramData\\Microsoft\\Windows\\WER\\Temp\\WER.27b33221-21a8-4c97-800d-bc4529aed51b.tmp.mdmp\r\n\\\\?\\C:\\ProgramData\\Microsoft\\Windows\\WER\\Temp\\WER.819d767d-2168-448a-a9ab-3aa1c49bb8a7.tmp.WERInternalMetadata.xml\r\n\\\\?\\C:\\ProgramData\\Microsoft\\Windows\\WER\\ReportQueue\\AppCrash_redis-server.exe_7fc215456b335ec7b6d3bc4242a5540b32431d4_a3557266_cab_3f29f5de-44b2-4b3e-a270-63f258b39ee6\\WPR_initiated_DiagTrackMiniLogger_OneTrace_User_Logger_20240622_1_EC_0_inject.etl\r\n\\\\?\\C:\\ProgramData\\Microsoft\\Windows\\WER\\Temp\\WER.52b23e23-df7b-43b8-937b-994734f151e0.tmp.etl\r\n\\\\?\\C:\\ProgramData\\Microsoft\\Windows\\WER\\ReportQueue\\AppCrash_redis-server.exe_7fc215456b335ec7b6d3bc4242a5540b32431d4_a3557266_cab_3f29f5de-44b2-4b3e-a270-63f258b39ee6\\WPR_initiated_DiagTrackMiniLogger_WPR System Collector_inject.etl\r\n\\\\?\\C:\\ProgramData\\Microsoft\\Windows\\WER\\Temp\\WER.c2cf2446-5fd2-4d05-8383-7ed355516d95.tmp.etl\r\n\\\\?\\C:\\ProgramData\\Microsoft\\Windows\\WER\\Temp\\WER.25262c5b-292d-4e8b-889d-214e11042ff8.tmp.csv\r\n\\\\?\\C:\\ProgramData\\Microsoft\\Windows\\WER\\Temp\\WER.24f72c81-6759-4d59-9db6-4f5e9ed4078e.tmp.txt\r\n\\\\?\\C:\\Windows\\ServiceProfiles\\NetworkService\\AppData\\Local\\Temp\\WER.7a08e26c-4ad2-47f8-800b-ad8f0286e1f2.tmp.appcompat.txt\r\n\\\\?\\C:\\ProgramData\\Microsoft\\Windows\\WER\\Temp\\WER.740daf26-7d02-4d01-ac8d-333bd2f6cbf4.tmp.xml', '\\\\?\\C:\\ProgramData\\Microsoft\\Windows\\WER\\ReportQueue\\AppCrash_redis-server.exe_7fc215456b335ec7b6d3bc4242a5540b32431d4_a3557266_cab_3f29f5de-44b2-4b3e-a270-63f258b39ee6', '', '0', 'f25a86c4-68f1-40af-ba83-135e22e8b9f5', '4', '', '0')"
2024-06-25 10:34:57,4625,Information,EventSystem,DESKTOP-QUV3S97,"('86400', 'SuppressDuplicateDuration', 'Software\\Microsoft\\EventSystem\\EventLog')"
2024-06-25 10:34:58,0,Information,RtkAudioUniversalService,DESKTOP-QUV3S97,The operation completed successfully.
2024-06-25 10:34:59,1003,Information,Windows Search Service,DESKTOP-QUV3S97,"('\n',)"
2024-06-25 10:35:01,86,Error,CertEnroll,DESKTOP-QUV3S97,"('Local system', 'https://AMD-KeyId-52fb59e29aa83a962fb9eef0fe5b4811de6b751e.microsoftaik.azure.net/templates/Aik/scep', 'GetCACaps\n', 'GET(31ms)', 'GetCACaps', 'The server name or address could not be resolved 0x80072ee7 (WinHttp: 12007 ERROR_WINHTTP_NAME_NOT_RESOLVED)')"
2024-06-25 10:35:02,86,Error,CertEnroll,DESKTOP-QUV3S97,"('WORKGROUP\\DESKTOP-QUV3S97$', 'https://AMD-KeyId-52fb59e29aa83a962fb9eef0fe5b4811de6b751e.microsoftaik.azure.net/templates/Aik/scep', 'GetCACaps\n', 'GET(16ms)', 'GetCACaps', 'The server name or address could not be resolved 0x80072ee7 (WinHttp: 12007 ERROR_WINHTTP_NAME_NOT_RESOLVED)')"
2024-06-25 10:35:03,0,Information,SynTPEnhService,DESKTOP-QUV3S97,The operation completed successfully.
2024-06-25 10:35:29,1001,Information,Windows Error Reporting,DESKTOP-QUV3S97,"('1886238198098631956', '4', 'APPCRASH', 'Not available', '0', 'redis-server.exe', '5.0.14.1', '620e1c21', 'redis-server.exe', '5.0.14.1', '620e1c21', 'c0000005', '00000000000b8260', '', '', '\r\n\\\\?\\C:\\ProgramData\\Microsoft\\Windows\\WER\\Temp\\WER.27b33221-21a8-4c97-800d-bc4529aed51b.tmp.mdmp\r\n\\\\?\\C:\\ProgramData\\Microsoft\\Windows\\WER\\Temp\\WER.819d767d-2168-448a-a9ab-3aa1c49bb8a7.tmp.WERInternalMetadata.xml\r\n\\\\?\\C:\\ProgramData\\Microsoft\\Windows\\WER\\ReportQueue\\AppCrash_redis-server.exe_7fc215456b335ec7b6d3bc4242a5540b32431d4_a3557266_cab_3f29f5de-44b2-4b3e-a270-63f258b39ee6\\WPR_initiated_DiagTrackMiniLogger_OneTrace_User_Logger_20240622_1_EC_0_inject.etl\r\n\\\\?\\C:\\ProgramData\\Microsoft\\Windows\\WER\\Temp\\WER.52b23e23-df7b-43b8-937b-994734f151e0.tmp.etl\r\n\\\\?\\C:\\ProgramData\\Microsoft\\Windows\\WER\\ReportQueue\\AppCrash_redis-server.exe_7fc215456b335ec7b6d3bc4242a5540b32431d4_a3557266_cab_3f29f5de-44b2-4b3e-a270-63f258b39ee6\\WPR_initiated_DiagTrackMiniLogger_WPR System Collector_inject.etl\r\n\\\\?\\C:\\ProgramData\\Microsoft\\Windows\\WER\\Temp\\WER.c2cf2446-5fd2-4d05-8383-7ed355516d95.tmp.etl\r\n\\\\?\\C:\\ProgramData\\Microsoft\\Windows\\WER\\Temp\\WER.25262c5b-292d-4e8b-889d-214e11042ff8.tmp.csv\r\n\\\\?\\C:\\ProgramData\\Microsoft\\Windows\\WER\\Temp\\WER.24f72c81-6759-4d59-9db6-4f5e9ed4078e.tmp.txt\r\n\\\\?\\C:\\Windows\\ServiceProfiles\\NetworkService\\AppData\\Local\\Temp\\WER.7a08e26c-4ad2-47f8-800b-ad8f0286e1f2.tmp.appcompat.txt\r\n\\\\?\\C:\\ProgramData\\Microsoft\\Windows\\WER\\Temp\\WER.740daf26-7d02-4d01-ac8d-333bd2f6cbf4.tmp.xml', '\\\\?\\C:\\ProgramData\\Microsoft\\Windows\\WER\\ReportArchive\\AppCrash_redis-server.exe_7fc215456b335ec7b6d3bc4242a5540b32431d4_a3557266_3f29f5de-44b2-4b3e-a270-63f258b39ee6', '', '0', 'f25a86c4-68f1-40af-ba83-135e22e8b9f5', '268435456', '0512b18ebb31027aca2d43a5bf711d14', '0')"
2024-06-25 10:35:36,0,Information,edgeupdate,DESKTOP-QUV3S97,The operation completed successfully.
2024-06-25 10:36:36,256,Information,Chrome,DESKTOP-QUV3S97,"('[13804:13972:0625/103636.290:INFO:rlz_lib.cc(438)] Attempting to send RLZ ping brand=KNTJ',)"
2024-06-25 10:36:58,0,Information,edgeupdate,DESKTOP-QUV3S97,The operation completed successfully.
2024-06-25 10:36:59,900,Information,Software Protection Platform Service,DESKTOP-QUV3S97,"('<explicit>',)"
2024-06-25 10:37:00,1,Information,SecurityCenter,DESKTOP-QUV3S97,
2024-06-25 10:37:02,15,Information,SecurityCenter,DESKTOP-QUV3S97,"('Windows Defender', 'SECURITY_PRODUCT_STATE_ON')"
2024-06-25 10:37:33,16384,Information,Software Protection Platform Service,DESKTOP-QUV3S97,"Successfully scheduled (Software Protection service for re-start at 2124-06-01T04:37:33Z, RulesEngine)"
2024-06-25 10:39:49,16394,Information,Software Protection Platform Service,DESKTOP-QUV3S97,Offline downlevel migration succeeded.
2024-06-25 10:40:28,16384,Information,Software Protection Platform Service,DESKTOP-QUV3S97,"Successfully scheduled (Software Protection service for re-start at 2124-06-01T04:40:28Z, RulesEngine)"
2024-06-25 10:40:51,16394,Information,Software Protection Platform Service,DESKTOP-QUV3S97,Offline downlevel migration succeeded.
2024-06-25 10:41:23,16384,Information,Software Protection Platform Service,DESKTOP-QUV3S97,"Successfully scheduled (Software Protection service for re-start at 2124-06-01T04:41:23Z, RulesEngine)"
2024-06-25 10:45:47,15,Information,SecurityCenter,DESKTOP-QUV3S97,"('Windows Defender', 'SECURITY_PRODUCT_STATE_ON')"
2024-06-25 10:49:20,102,Information,ESENT,DESKTOP-QUV3S97,"('svchost', '2368,P,98', 'DS_Token_DB: ', '0', '10', '00', '22631', '0000')"
2024-06-25 10:49:59,16394,Information,Software Protection Platform Service,DESKTOP-QUV3S97,Offline downlevel migration succeeded.
2024-06-25 10:50:35,16384,Information,Software Protection Platform Service,DESKTOP-QUV3S97,"Successfully scheduled (Software Protection service for re-start at 2124-06-01T04:50:35Z, RulesEngine)"
2024-06-25 11:03:57,16394,Information,Software Protection Platform Service,DESKTOP-QUV3S97,Offline downlevel migration succeeded.
2024-06-25 11:04:28,16384,Information,Software Protection Platform Service,DESKTOP-QUV3S97,"Successfully scheduled (Software Protection service for re-start at 2124-06-01T05:04:27Z, RulesEngine)"
2024-06-25 11:05:05,102,Information,ESENT,DESKTOP-QUV3S97,"('Video.UI', '12468,P,98', '{406C7DAD-D73B-4616-BDB9-D4B25E6C7529}: ', '0', '10', '00', '22631', '0000')"
2024-06-25 11:07:29,16394,Information,Software Protection Platform Service,DESKTOP-QUV3S97,Offline downlevel migration succeeded.
2024-06-25 11:07:35,8224,Information,VSS,DESKTOP-QUV3S97,"('',)"
2024-06-25 11:08:01,16384,Information,Software Protection Platform Service,DESKTOP-QUV3S97,"Successfully scheduled (Software Protection service for re-start at 2124-06-01T05:08:01Z, RulesEngine)"
2024-06-25 11:38:44,16394,Information,Software Protection Platform Service,DESKTOP-QUV3S97,Offline downlevel migration succeeded.
2024-06-25 11:39:16,16384,Information,Software Protection Platform Service,DESKTOP-QUV3S97,"Successfully scheduled (Software Protection service for re-start at 2124-06-01T05:39:16Z, RulesEngine)"
2024-06-25 11:41:22,16394,Information,Software Protection Platform Service,DESKTOP-QUV3S97,Offline downlevel migration succeeded.
2024-06-25 11:41:54,16384,Information,Software Protection Platform Service,DESKTOP-QUV3S97,"Successfully scheduled (Software Protection service for re-start at 2124-06-01T05:41:54Z, RulesEngine)"
2024-06-25 12:15:27,16394,Information,Software Protection Platform Service,DESKTOP-QUV3S97,Offline downlevel migration succeeded.
2024-06-25 12:16:00,16384,Information,Software Protection Platform Service,DESKTOP-QUV3S97,"Successfully scheduled (Software Protection service for re-start at 2124-06-01T06:16:00Z, RulesEngine)"
2024-06-25 12:51:41,16394,Information,Software Protection Platform Service,DESKTOP-QUV3S97,Offline downlevel migration succeeded.
2024-06-25 12:52:12,16384,Information,Software Protection Platform Service,DESKTOP-QUV3S97,"Successfully scheduled (Software Protection service for re-start at 2124-06-01T06:52:12Z, RulesEngine)"
2024-06-25 13:05:29,0,Information,SynTPEnhService,DESKTOP-QUV3S97,The operation completed successfully.
2024-06-25 13:12:32,0,Information,SynTPEnhService,DESKTOP-QUV3S97,The operation completed successfully.
2024-06-25 13:45:55,16394,Information,Software Protection Platform Service,DESKTOP-QUV3S97,Offline downlevel migration succeeded.
2024-06-25 13:46:27,16384,Information,Software Protection Platform Service,DESKTOP-QUV3S97,"Successfully scheduled (Software Protection service for re-start at 2124-06-01T07:46:27Z, RulesEngine)"
2024-06-25 14:21:12,16394,Information,Software Protection Platform Service,DESKTOP-QUV3S97,Offline downlevel migration succeeded.
2024-06-25 14:21:43,16384,Information,Software Protection Platform Service,DESKTOP-QUV3S97,"Successfully scheduled (Software Protection service for re-start at 2124-06-01T08:21:43Z, RulesEngine)"
2024-06-25 14:43:22,0,Information,SynTPEnhService,DESKTOP-QUV3S97,The operation completed successfully.
2024-06-25 14:56:38,16394,Information,Software Protection Platform Service,DESKTOP-QUV3S97,Offline downlevel migration succeeded.
2024-06-25 14:57:09,16384,Information,Software Protection Platform Service,DESKTOP-QUV3S97,"Successfully scheduled (Software Protection service for re-start at 2124-06-01T08:57:09Z, RulesEngine)"
2024-06-25 15:04:26,16394,Information,Software Protection Platform Service,DESKTOP-QUV3S97,Offline downlevel migration succeeded.
2024-06-25 15:04:58,16384,Information,Software Protection Platform Service,DESKTOP-QUV3S97,"Successfully scheduled (Software Protection service for re-start at 2124-06-01T09:04:58Z, RulesEngine)"
2024-06-25 15:13:44,0,Information,SynTPEnhService,DESKTOP-QUV3S97,The operation completed successfully.
2024-06-25 15:22:20,16394,Information,Software Protection Platform Service,DESKTOP-QUV3S97,Offline downlevel migration succeeded.
2024-06-25 15:22:52,16384,Information,Software Protection Platform Service,DESKTOP-QUV3S97,"Successfully scheduled (Software Protection service for re-start at 2124-06-01T09:22:52Z, RulesEngine)"
2024-06-25 15:27:59,16394,Information,Software Protection Platform Service,DESKTOP-QUV3S97,Offline downlevel migration succeeded.
2024-06-25 15:28:31,16384,Information,Software Protection Platform Service,DESKTOP-QUV3S97,"Successfully scheduled (Software Protection service for re-start at 2124-06-01T09:28:31Z, RulesEngine)"
2024-06-25 15:34:43,16394,Information,Software Protection Platform Service,DESKTOP-QUV3S97,Offline downlevel migration succeeded.
2024-06-25 15:35:15,16384,Information,Software Protection Platform Service,DESKTOP-QUV3S97,"Successfully scheduled (Software Protection service for re-start at 2124-06-01T09:35:15Z, RulesEngine)"
2024-06-25 16:15:48,15,Information,SecurityCenter,DESKTOP-QUV3S97,"('Windows Defender', 'SECURITY_PRODUCT_STATE_ON')"
2024-06-25 16:16:08,15,Information,SecurityCenter,DESKTOP-QUV3S97,"('Windows Defender', 'SECURITY_PRODUCT_STATE_ON')"
2024-06-25 16:19:27,16394,Information,Software Protection Platform Service,DESKTOP-QUV3S97,Offline downlevel migration succeeded.
2024-06-25 16:20:00,16384,Information,Software Protection Platform Service,DESKTOP-QUV3S97,"Successfully scheduled (Software Protection service for re-start at 2124-06-01T10:20:00Z, RulesEngine)"
2024-06-25 17:03:48,16394,Information,Software Protection Platform Service,DESKTOP-QUV3S97,Offline downlevel migration succeeded.
2024-06-25 17:04:23,16384,Information,Software Protection Platform Service,DESKTOP-QUV3S97,"Successfully scheduled (Software Protection service for re-start at 2124-06-01T11:04:23Z, RulesEngine)"
2024-06-25 17:25:11,16394,Information,Software Protection Platform Service,DESKTOP-QUV3S97,Offline downlevel migration succeeded.
2024-06-25 17:25:42,16384,Information,Software Protection Platform Service,DESKTOP-QUV3S97,"Successfully scheduled (Software Protection service for re-start at 2124-06-01T11:25:42Z, RulesEngine)"
2024-06-25 17:35:41,16394,Information,Software Protection Platform Service,DESKTOP-QUV3S97,Offline downlevel migration succeeded.
2024-06-25 17:36:13,16384,Information,Software Protection Platform Service,DESKTOP-QUV3S97,"Successfully scheduled (Software Protection service for re-start at 2124-06-01T11:36:13Z, RulesEngine)"
2024-06-25 17:44:52,16394,Information,Software Protection Platform Service,DESKTOP-QUV3S97,Offline downlevel migration succeeded.
2024-06-25 17:45:24,16384,Information,Software Protection Platform Service,DESKTOP-QUV3S97,"Successfully scheduled (Software Protection service for re-start at 2124-06-01T11:45:24Z, RulesEngine)"
2024-06-25 18:32:19,16394,Information,Software Protection Platform Service,DESKTOP-QUV3S97,Offline downlevel migration succeeded.
2024-06-25 18:32:52,16384,Information,Software Protection Platform Service,DESKTOP-QUV3S97,"Successfully scheduled (Software Protection service for re-start at 2124-06-01T12:32:52Z, RulesEngine)"
2024-06-25 18:33:11,1000,Error,Application Error,DESKTOP-QUV3S97,"('AppHelperCap.exe', '1.66.3762.0', '663a5bd6', 'RtBWCtrl.dll', '3.1.3.2', '625539c8', 'c0000005', '0000000000015651', '0x1048', '0x1dac6b908889feb', 'C:\\Windows\\System32\\DriverStore\\FileRepository\\hpcustomcapcomp.inf_amd64_8d4478517c71641a\\x64\\AppHelperCap.exe', 'C:\\Windows\\SYSTEM32\\RtBWCtrl.dll', '3a5c838b-c506-49ad-bd65-622dda519fea', '', '')"
2024-06-25 18:33:21,1001,Information,Windows Error Reporting,DESKTOP-QUV3S97,"('2137481056112929265', '4', 'APPCRASH', 'Not available', '0', 'AppHelperCap.exe', '1.66.3762.0', '663a5bd6', 'RtBWCtrl.dll', '3.1.3.2', '625539c8', 'c0000005', '0000000000015651', '', '', '\r\n\\\\?\\C:\\ProgramData\\Microsoft\\Windows\\WER\\Temp\\WER.1ee3bf94-efe2-4595-a0f5-d37f547ac1e2.tmp.mdmp\r\n\\\\?\\C:\\ProgramData\\Microsoft\\Windows\\WER\\Temp\\WER.9d153a7b-d768-4d4d-89d9-bca62a53e7c2.tmp.WERInternalMetadata.xml\r\nWPR_initiated_DiagTrackMiniLogger_OneTrace_User_Logger_20240622_1_EC_0_inject.etl\r\n\\\\?\\C:\\ProgramData\\Microsoft\\Windows\\WER\\Temp\\WER.2cb464f0-d1ef-4bf3-a7b8-23051b7eeed8.tmp.etl\r\nWPR_initiated_DiagTrackMiniLogger_WPR System Collector_inject.etl\r\n\\\\?\\C:\\ProgramData\\Microsoft\\Windows\\WER\\Temp\\WER.4b6c0093-2fbe-4c07-80d4-47484feaba93.tmp.etl\r\n\\\\?\\C:\\ProgramData\\Microsoft\\Windows\\WER\\Temp\\WER.ea8db828-9aec-433d-a99c-54c4988d8a78.tmp.csv\r\n\\\\?\\C:\\ProgramData\\Microsoft\\Windows\\WER\\Temp\\WER.98b461f7-2ad5-4991-8904-8a0d79721018.tmp.txt\r\n\\\\?\\C:\\ProgramData\\Microsoft\\Windows\\WER\\Temp\\WER.f678153e-248d-47b9-b22b-8f362fd83c60.tmp.xml', '\\\\?\\C:\\ProgramData\\Microsoft\\Windows\\WER\\ReportArchive\\AppCrash_AppHelperCap.exe_982f583a7f47dac92ed4495379c831927d32338e_07a4410e_84e2e71c-70b7-43a6-a557-6ace127dfb4d', '', '0', '3a5c838b-c506-49ad-bd65-622dda519fea', '268435456', 'c11d680a2ef8c5740da9dbb217bce9f1', '0')"
2024-06-25 19:23:11,9027,Information,Desktop Window Manager,DESKTOP-QUV3S97,
2024-06-25 19:23:12,0,Information,SynTPEnhService,DESKTOP-QUV3S97,The operation completed successfully.
2024-06-25 19:23:15,6000,Information,Wlclntfy,DESKTOP-QUV3S97,"('WSearch',)"
2024-06-25 19:23:16,0,Information,SynTPEnhService,DESKTOP-QUV3S97,The operation completed successfully.
2024-06-26 11:19:57,6003,Information,Wlclntfy,DESKTOP-QUV3S97,"('SessionEnv',)"
2024-06-26 11:19:59,0,Information,SynTPEnhService,DESKTOP-QUV3S97,The operation completed successfully.
2024-06-26 11:20:02,0,Information,SynTPEnhService,DESKTOP-QUV3S97,The operation completed successfully.
2024-06-26 11:20:04,0,Information,SynTPEnhService,DESKTOP-QUV3S97,The operation completed successfully.
2024-06-26 11:20:35,0,Information,edgeupdate,DESKTOP-QUV3S97,The operation completed successfully.
2024-06-26 11:21:37,256,Information,Chrome,DESKTOP-QUV3S97,"('[22140:9360:0626/112137.346:INFO:rlz_lib.cc(438)] Attempting to send RLZ ping brand=KNTJ',)"
2024-06-26 11:21:49,256,Information,Chrome,DESKTOP-QUV3S97,"('[22140:9360:0626/112149.680:INFO:rlz_lib.cc(447)] Succeeded in sending RLZ ping',)"
2024-06-26 11:26:05,16394,Information,Software Protection Platform Service,DESKTOP-QUV3S97,Offline downlevel migration succeeded.
2024-06-26 11:27:18,16384,Information,Software Protection Platform Service,DESKTOP-QUV3S97,"Successfully scheduled (Software Protection service for re-start at 2124-06-02T05:27:18Z, RulesEngine)"
2024-06-26 11:27:28,16394,Information,Software Protection Platform Service,DESKTOP-QUV3S97,Offline downlevel migration succeeded.
2024-06-26 11:28:02,16384,Information,Software Protection Platform Service,DESKTOP-QUV3S97,"Successfully scheduled (Software Protection service for re-start at 2124-06-02T05:28:02Z, RulesEngine)"
2024-06-26 11:31:56,15,Information,SecurityCenter,DESKTOP-QUV3S97,"('Windows Defender', 'SECURITY_PRODUCT_STATE_ON')"
2024-06-26 11:35:36,16394,Information,Software Protection Platform Service,DESKTOP-QUV3S97,Offline downlevel migration succeeded.
2024-06-26 11:36:44,16384,Information,Software Protection Platform Service,DESKTOP-QUV3S97,"Successfully scheduled (Software Protection service for re-start at 2124-06-02T05:36:44Z, RulesEngine)"
2024-06-26 11:51:47,16394,Information,Software Protection Platform Service,DESKTOP-QUV3S97,Offline downlevel migration succeeded.
2024-06-26 11:52:19,16384,Information,Software Protection Platform Service,DESKTOP-QUV3S97,"Successfully scheduled (Software Protection service for re-start at 2124-06-02T05:52:19Z, RulesEngine)"
2024-06-26 12:17:43,102,Error,TestSource,DESKTOP-QUV3S97,"('This is a test error log entry.',)"
2024-06-26 12:26:39,16394,Information,Software Protection Platform Service,DESKTOP-QUV3S97,Offline downlevel migration succeeded.
2024-06-26 12:27:11,16384,Information,Software Protection Platform Service,DESKTOP-QUV3S97,"Successfully scheduled (Software Protection service for re-start at 2124-06-02T06:27:11Z, RulesEngine)"
2024-06-26 12:28:29,101,Error,TestSource,DESKTOP-QUV3S97,"('This is a test error log entry.',)"
2024-06-26 12:28:30,101,Error,TestSource,DESKTOP-QUV3S97,"('This is a test error log entry.',)"
2024-06-26 12:28:31,100,Information,TestSource,DESKTOP-QUV3S97,"('This is a test information log entry.',)"
2024-06-26 12:28:32,100,Information,TestSource,DESKTOP-QUV3S97,"('This is a test information log entry.',)"
2024-06-26 12:29:56,16394,Information,Software Protection Platform Service,DESKTOP-QUV3S97,Offline downlevel migration succeeded.
2024-06-26 12:30:02,100,Information,TestSource,DESKTOP-QUV3S97,"('This is a test information log entry.',)"
2024-06-26 12:30:03,102,Error,TestSource,DESKTOP-QUV3S97,"('This is a test error log entry.',)"
2024-06-26 12:30:29,16384,Information,Software Protection Platform Service,DESKTOP-QUV3S97,"Successfully scheduled (Software Protection service for re-start at 2124-06-02T06:30:29Z, RulesEngine)"
2024-06-26 12:32:55,16394,Information,Software Protection Platform Service,DESKTOP-QUV3S97,Offline downlevel migration succeeded.
2024-06-26 12:33:27,16384,Information,Software Protection Platform Service,DESKTOP-QUV3S97,"Successfully scheduled (Software Protection service for re-start at 2124-06-02T06:33:27Z, RulesEngine)"
2024-06-26 12:35:15,102,Error,TestSource,DESKTOP-QUV3S97,"('This is a test error log entry.',)"
2024-06-26 12:35:16,102,Error,TestSource,DESKTOP-QUV3S97,"('This is a test error log entry.',)"
2024-06-26 12:37:20,1001,Information,Windows Error Reporting,DESKTOP-QUV3S97,"('1743602753246992970', '5', 'AppHangB1', 'Not available', '0', 'python.exe', '3.12.3150.1013', '66154bab', '160c', '134217728', '', '', '', '', '', '\r\n\\\\?\\C:\\ProgramData\\Microsoft\\Windows\\WER\\Temp\\WER.cf7b3996-7cde-476c-9097-abae843a9a3b.tmp.WERInternalMetadata.xml\r\nWPR_initiated_DiagTrackMiniLogger_OneTrace_User_Logger_20240622_1_EC_0_inject.etl\r\n\\\\?\\C:\\ProgramData\\Microsoft\\Windows\\WER\\Temp\\WER.f66186ef-e3be-47bb-8521-892b596144cc.tmp.etl\r\nWPR_initiated_DiagTrackMiniLogger_WPR System Collector_inject.etl\r\n\\\\?\\C:\\ProgramData\\Microsoft\\Windows\\WER\\Temp\\WER.3eaac0fb-0941-41bd-afb6-affe83a01d29.tmp.etl\r\n\\\\?\\C:\\ProgramData\\Microsoft\\Windows\\WER\\Temp\\WER.2491c118-c2b4-4214-b82e-78874be441e6.tmp.csv\r\n\\\\?\\C:\\ProgramData\\Microsoft\\Windows\\WER\\Temp\\WER.c52ffd51-c521-4f53-a49b-494da24a18f2.tmp.txt\r\n\\\\?\\C:\\Users\\win11\\AppData\\Local\\Temp\\WER.8d82da39-383b-4544-beab-8c854def37f0.tmp.appcompat.txt\r\n\\\\?\\C:\\ProgramData\\Microsoft\\Windows\\WER\\Temp\\WER.6aafbb61-ec97-4b07-81c2-e2218a8f7d1b.tmp.xml', '\\\\?\\C:\\ProgramData\\Microsoft\\Windows\\WER\\ReportArchive\\AppHang_python.exe_e7c34d3036a565ddde7911862bf158f5bd464cf_816b6c4e_544ca211-20d3-4cc0-907a-beda0e4bd587', '', '0', '04e921a6-a393-4fde-8f34-dfc98cad55b5', '268435456', 'c8c250714f2eb5c2d832857750ae1a4a', '0')"
2024-06-26 12:40:13,102,Error,TestSource,DESKTOP-QUV3S97,"('This is a test error log entry.',)"
2024-06-26 12:48:35,10000,Information,Microsoft-Windows-RestartManager,DESKTOP-QUV3S97,"('2', '2024-06-26T06:48:35.4837964Z')"
2024-06-20 10:35:49,5379,Success Audit,Microsoft-Windows-Security-Auditing,DESKTOP-QUV3S97,"('S-1-5-21-1915879001-2348363783-178924610-1001', 'Adnan', 'DESKTOP-QUV3S97', '0xb5c76d4', 'Adobe Proxy Username(Part1)', '1', '1', '%%8099', '3221226021', '2024-06-20T04:35:31.5363762Z', '9808')"
2024-06-20 10:35:50,5379,Success Audit,Microsoft-Windows-Security-Auditing,DESKTOP-QUV3S97,"('S-1-5-21-1915879001-2348363783-178924610-1001', 'Adnan', 'DESKTOP-QUV3S97', '0xb5c76d4', 'ACCC.com.adobe.acc.container.D2BB18355D01068F0A495C16.assets.download.location', '1', '1', '%%8099', '3221226021', '2024-06-20T04:35:28.8490888Z', '12884')"
2024-06-20 10:35:56,5379,Success Audit,Microsoft-Windows-Security-Auditing,DESKTOP-QUV3S97,"('S-1-5-21-1915879001-2348363783-178924610-1001', 'Adnan', 'DESKTOP-QUV3S97', '0xb5c76d4', 'Adobe User OS Info(Part1)', '1', '1', '%%8099', '0', '2024-06-20T04:35:54.8473323Z', '17520')"
2024-06-20 10:35:57,5379,Success Audit,Microsoft-Windows-Security-Auditing,DESKTOP-QUV3S97,"('S-1-5-21-1915879001-2348363783-178924610-1001', 'Adnan', 'DESKTOP-QUV3S97', '0xb5c76d4', 'Adobe Proxy Username(Part1)', '1', '1', '%%8099', '3221226021', '2024-06-20T04:35:54.8473323Z', '17520')"
2024-06-20 10:35:58,5379,Success Audit,Microsoft-Windows-Security-Auditing,DESKTOP-QUV3S97,"('S-1-5-21-1915879001-2348363783-178924610-1001', 'Adnan', 'DESKTOP-QUV3S97', '0xb5c76d4', 'MicrosoftAccount:user=win11217229@gmail.com', '0', '1', '%%8100', '0', '2024-06-19T17:17:38.3758014Z', '23124')"
2024-06-20 10:36:17,4797,Success Audit,Microsoft-Windows-Security-Auditing,DESKTOP-QUV3S97,"('S-1-5-21-1915879001-2348363783-178924610-1001', 'Adnan', 'DESKTOP-QUV3S97', '0xb5c76d4', 'DESKTOP-QUV3S97', 'Administrator', 'DESKTOP-QUV3S97')"
2024-06-20 10:36:18,4624,Success Audit,Microsoft-Windows-Security-Auditing,DESKTOP-QUV3S97,"('S-1-5-18', 'DESKTOP-QUV3S97$', 'WORKGROUP', '0x3e7', 'S-1-5-18', 'SYSTEM', 'NT AUTHORITY', '0x3e7', '5', 'Advapi  ', 'Negotiate', '-', '{00000000-0000-0000-0000-000000000000}', '-', '-', '0', '0x530', 'C:\\Windows\\System32\\services.exe', '-', '-', '%%1833', '-', '-', '-', '-', '%%1843', '0x0', '%%1842')"
2024-06-20 10:36:22,4799,Success Audit,Microsoft-Windows-Security-Auditing,DESKTOP-QUV3S97,"('Administrators', 'Builtin', 'S-1-5-32-544', 'S-1-5-18', 'DESKTOP-QUV3S97$', 'WORKGROUP', '0x3e7', '0x14b0', 'C:\\Windows\\System32\\svchost.exe')"
2024-06-20 10:37:06,4624,Success Audit,Microsoft-Windows-Security-Auditing,DESKTOP-QUV3S97,"('S-1-5-18', 'DESKTOP-QUV3S97$', 'WORKGROUP', '0x3e7', 'S-1-5-18', 'SYSTEM', 'NT AUTHORITY', '0x3e7', '5', 'Advapi  ', 'Negotiate', '-', '{00000000-0000-0000-0000-000000000000}', '-', '-', '0', '0x530', 'C:\\Windows\\System32\\services.exe', '-', '-', '%%1833', '-', '-', '-', '-', '%%1843', '0x0', '%%1842')"
2024-06-20 10:38:55,4624,Success Audit,Microsoft-Windows-Security-Auditing,DESKTOP-QUV3S97,"('S-1-5-18', 'DESKTOP-QUV3S97$', 'WORKGROUP', '0x3e7', 'S-1-5-18', 'SYSTEM', 'NT AUTHORITY', '0x3e7', '5', 'Advapi  ', 'Negotiate', '-', '{00000000-0000-0000-0000-000000000000}', '-', '-', '0', '0x530', 'C:\\Windows\\System32\\services.exe', '-', '-', '%%1833', '-', '-', '-', '-', '%%1843', '0x0', '%%1842')"
2024-06-20 10:39:27,4624,Success Audit,Microsoft-Windows-Security-Auditing,DESKTOP-QUV3S97,"('S-1-5-18', 'DESKTOP-QUV3S97$', 'WORKGROUP', '0x3e7', 'S-1-5-18', 'SYSTEM', 'NT AUTHORITY', '0x3e7', '5', 'Advapi  ', 'Negotiate', '-', '{00000000-0000-0000-0000-000000000000}', '-', '-', '0', '0x530', 'C:\\Windows\\System32\\services.exe', '-', '-', '%%1833', '-', '-', '-', '-', '%%1843', '0x0', '%%1842')"
2024-06-20 10:40:41,5379,Success Audit,Microsoft-Windows-Security-Auditing,DESKTOP-QUV3S97,"('S-1-5-21-1915879001-2348363783-178924610-1001', 'Adnan', 'DESKTOP-QUV3S97', '0xb5c76d4', 'Adobe User Info(Part1)', '1', '1', '%%8099', '0', '2024-06-20T04:35:38.5144937Z', '6408')"
2024-06-20 10:42:30,5382,Success Audit,Microsoft-Windows-Security-Auditing,DESKTOP-QUV3S97,"('S-1-5-18', 'DESKTOP-QUV3S97$', 'WORKGROUP', '0x3e7', 'NGC Local Accoount Logon Vault Resource Schema', '{1d4350a3-330d-4af9-b3ff-a927a45998ac}', 'NGC Local Accoount Logon Vault Resource', '01050000000000051500000059FE31720730F98B422CAA0AE9030000', '', '0', '1168', '2024-06-12T15:40:34.4615072Z', '8260')"
2024-06-20 10:45:12,4798,Success Audit,Microsoft-Windows-Security-Auditing,DESKTOP-QUV3S97,"('Adnan', 'DESKTOP-QUV3S97', 'S-1-5-21-1915879001-2348363783-178924610-1001', 'S-1-5-21-1915879001-2348363783-178924610-1001', 'Adnan', 'DESKTOP-QUV3S97', '0xb5c76d4', '0x38f4', 'C:\\Program Files\\Git\\usr\\bin\\mintty.exe')"
2024-06-20 10:45:17,4624,Success Audit,Microsoft-Windows-Security-Auditing,DESKTOP-QUV3S97,"('S-1-5-18', 'DESKTOP-QUV3S97$', 'WORKGROUP', '0x3e7', 'S-1-5-18', 'SYSTEM', 'NT AUTHORITY', '0x3e7', '5', 'Advapi  ', 'Negotiate', '-', '{00000000-0000-0000-0000-000000000000}', '-', '-', '0', '0x530', 'C:\\Windows\\System32\\services.exe', '-', '-', '%%1833', '-', '-', '-', '-', '%%1843', '0x0', '%%1842')"
2024-06-20 10:45:47,4798,Success Audit,Microsoft-Windows-Security-Auditing,DESKTOP-QUV3S97,"('Adnan', 'DESKTOP-QUV3S97', 'S-1-5-21-1915879001-2348363783-178924610-1001', 'S-1-5-21-1915879001-2348363783-178924610-1001', 'Adnan', 'DESKTOP-QUV3S97', '0xb5c76d4', '0x1114', 'C:\\Program Files\\Git\\usr\\bin\\sh.exe')"
2024-06-20 10:45:48,5379,Success Audit,Microsoft-Windows-Security-Auditing,DESKTOP-QUV3S97,"('S-1-5-21-1915879001-2348363783-178924610-1001', 'Adnan', 'DESKTOP-QUV3S97', '0xb5c76d4', '', '0', '56', '%%8100', '0', '2024-06-20T04:45:48.0098348Z', '304')"
2024-06-20 10:45:49,4798,Success Audit,Microsoft-Windows-Security-Auditing,DESKTOP-QUV3S97,"('Adnan', 'DESKTOP-QUV3S97', 'S-1-5-21-1915879001-2348363783-178924610-1001', 'S-1-5-21-1915879001-2348363783-178924610-1001', 'Adnan', 'DESKTOP-QUV3S97', '0xb5c76d4', '0x510c', 'C:\\Program Files\\Git\\usr\\bin\\sh.exe')"
2024-06-20 10:45:50,5379,Success Audit,Microsoft-Windows-Security-Auditing,DESKTOP-QUV3S97,"('S-1-5-21-1915879001-2348363783-178924610-1001', 'Adnan', 'DESKTOP-QUV3S97', '0xb5c76d4', 'git:https://bitbucket.org', '1', '1', '%%8099', '0', '2024-06-20T04:45:49.9340088Z', '14896')"
