2024-06-07 09:42:50,114,Information,Microsoft-Windows-HttpService,DESKTOP-QUV3S97,"('18302628899055468551', 'http://*:2869/upnp/eventing/', '14976', '\\Device\\HarddiskVolume3\\Windows\\System32\\svchost.exe', 'S-1-5-19')"
2024-06-07 09:43:03,114,Information,Microsoft-Windows-HttpService,DESKTOP-QUV3S97,"('18302628899055468552', 'http://*:2869/upnp/eventing/', '14976', '\\Device\\HarddiskVolume3\\Windows\\System32\\svchost.exe', 'S-1-5-19')"
2024-06-07 09:43:04,113,Information,Microsoft-Windows-HttpService,DESKTOP-QUV3S97,"('18302628929120239646', 'http://*:2869/upnp/eventing/', '0', '14976', '\\Device\\HarddiskVolume3\\Windows\\System32\\svchost.exe', 'S-1-5-19')"
2024-06-07 09:44:32,114,Information,Microsoft-Windows-HttpService,DESKTOP-QUV3S97,"('18302628929120239647', 'http://*:2869/upnp/eventing/', '14976', '\\Device\\HarddiskVolume3\\Windows\\System32\\svchost.exe', 'S-1-5-19')"
2024-06-07 09:44:40,114,Information,Microsoft-Windows-HttpService,DESKTOP-QUV3S97,"('18302628911940370440', 'http://*:2869/upnp/eventing/', '14976', '\\Device\\HarddiskVolume3\\Windows\\System32\\svchost.exe', 'S-1-5-19')"
2024-06-07 09:44:41,114,Information,Microsoft-Windows-HttpService,DESKTOP-QUV3S97,"('18302628933415206931', 'http://*:2869/upnp/eventing/', '14976', '\\Device\\HarddiskVolume3\\Windows\\System32\\svchost.exe', 'S-1-5-19')"
2024-06-07 09:46:44,7040,Information,Service Control Manager,DESKTOP-QUV3S97,"('Background Intelligent Transfer Service', 'auto start', 'demand start', 'BITS')"
2024-06-07 11:02:41,10016,Warning,DCOM,DESKTOP-QUV3S97,"('application-specific', 'Local', 'Activation', '{2593F8B9-4EAF-457C-B68A-50F6B8EA6B54}', '{15C20B67-12E7-4BB6-92BB-7AFF07997402}', 'DESKTOP-QUV3S97', 'Adnan', 'S-1-5-21-1915879001-2348363783-178924610-1001', 'LocalHost (Using LRPC)', 'MicrosoftWindows.Client.WebExperience_524.13200.10.0_x64__cw5n1h2txyewy', 'Unavailable')"
2024-06-07 11:52:42,44,Information,Microsoft-Windows-WindowsUpdateClient,DESKTOP-QUV3S97,"('9NKSQGP7F2NH-5319275A.WhatsAppDesktop', '{d404e1ae-7b98-460c-9d0b-499fc23630a8}', '1')"
2024-06-07 11:55:09,16,Information,Microsoft-Windows-Kernel-General,DESKTOP-QUV3S97,"('134', '\\??\\C:\\ProgramData\\Microsoft\\Windows\\AppRepository\\Packages\\5319275A.WhatsAppDesktop_2.2422.7.0_x64__cv1g1gvanyjgm\\ActivationStore.dat', '0', '0')"
2024-06-07 13:23:14,6013,Information,EventLog,DESKTOP-QUV3S97,"('', '', '', '', '530410', '60', '')"
2024-06-07 11:57:10,107,Information,Microsoft-Windows-Kernel-Power,DESKTOP-QUV3S97,"('6', '5', '5', '1601-01-01T00:00:00.0000000Z', '1601-01-01T00:00:00.0000000Z', '0', '0')"
2024-06-07 13:23:15,10317,Error,Microsoft-Windows-NDIS,DESKTOP-QUV3S97,"('{3528189a-0c81-4580-84e0-31a0b563979f}', '10', '19985273152602112', 'Microsoft Wi-Fi Direct Virtual Adapter #2', '74')"
2024-06-07 13:23:17,98,Information,Microsoft-Windows-Ntfs,DESKTOP-QUV3S97,"('D:', '\\Device\\HarddiskVolume4', '0')"
2024-06-07 13:23:30,5,Information,Microsoft-Windows-IsolatedUserMode,DESKTOP-QUV3S97,"('0', '0', '0', 'NULL')"
2024-06-07 13:23:35,5,Information,Microsoft-Windows-IsolatedUserMode,DESKTOP-QUV3S97,"('0', '0', '0', 'NULL')"
2024-06-07 13:23:36,2,Information,Microsoft-Windows-IsolatedUserMode,DESKTOP-QUV3S97,"('0', '0', '0')"
2024-06-07 13:23:40,10016,Warning,DCOM,DESKTOP-QUV3S97,"('application-specific', 'Local', 'Activation', '{2593F8B9-4EAF-457C-B68A-50F6B8EA6B54}', '{15C20B67-12E7-4BB6-92BB-7AFF07997402}', 'DESKTOP-QUV3S97', 'Adnan', 'S-1-5-21-1915879001-2348363783-178924610-1001', 'LocalHost (Using LRPC)', 'Microsoft.SkypeApp_15.119.3201.0_x64__kzf8qxf38zg5c', 'Unavailable')"
2024-06-07 13:23:41,10016,Warning,DCOM,DESKTOP-QUV3S97,"('application-specific', 'Local', 'Activation', '{2593F8B9-4EAF-457C-B68A-50F6B8EA6B54}', '{15C20B67-12E7-4BB6-92BB-7AFF07997402}', 'DESKTOP-QUV3S97', 'Adnan', 'S-1-5-21-1915879001-2348363783-178924610-1001', 'LocalHost (Using LRPC)', 'Microsoft.SkypeApp_15.119.3201.0_x64__kzf8qxf38zg5c', 'Unavailable')"
2024-06-07 13:23:47,105,Information,Microsoft-Windows-Kernel-Power,DESKTOP-QUV3S97,"('true', '46200', '46200')"
2024-06-07 13:24:33,7040,Information,Service Control Manager,DESKTOP-QUV3S97,"('Background Intelligent Transfer Service', 'demand start', 'auto start', 'BITS')"
2024-06-07 13:24:37,113,Information,Microsoft-Windows-HttpService,DESKTOP-QUV3S97,"('18302628924825272325', 'http://*:2869/upnp/eventing/', '0', '14976', '\\Device\\HarddiskVolume3\\Windows\\System32\\svchost.exe', 'S-1-5-19')"
2024-06-07 13:24:42,114,Information,Microsoft-Windows-HttpService,DESKTOP-QUV3S97,"('18302628924825272325', 'http://*:2869/upnp/eventing/', '14976', '\\Device\\HarddiskVolume3\\Windows\\System32\\svchost.exe', 'S-1-5-19')"
2024-06-07 13:24:53,114,Information,Microsoft-Windows-HttpService,DESKTOP-QUV3S97,"('18302628894760501260', 'http://*:2869/upnp/eventing/', '14976', '\\Device\\HarddiskVolume3\\Windows\\System32\\svchost.exe', 'S-1-5-19')"
2024-06-07 13:25:16,114,Information,Microsoft-Windows-HttpService,DESKTOP-QUV3S97,"('18302628924825272326', 'http://*:2869/upnp/eventing/', '14976', '\\Device\\HarddiskVolume3\\Windows\\System32\\svchost.exe', 'S-1-5-19')"
2024-06-07 13:25:20,114,Information,Microsoft-Windows-HttpService,DESKTOP-QUV3S97,"('18302628929120239650', 'http://*:2869/upnp/eventing/', '14976', '\\Device\\HarddiskVolume3\\Windows\\System32\\svchost.exe', 'S-1-5-19')"
2024-06-07 13:27:24,7040,Information,Service Control Manager,DESKTOP-QUV3S97,"('Background Intelligent Transfer Service', 'auto start', 'demand start', 'BITS')"
2024-06-07 14:23:10,10016,Warning,DCOM,DESKTOP-QUV3S97,"('application-specific', 'Local', 'Activation', '{2593F8B9-4EAF-457C-B68A-50F6B8EA6B54}', '{15C20B67-12E7-4BB6-92BB-7AFF07997402}', 'DESKTOP-QUV3S97', 'Adnan', 'S-1-5-21-1915879001-2348363783-178924610-1001', 'LocalHost (Using LRPC)', 'Unavailable', 'Unavailable')"
2024-06-07 14:31:20,10016,Warning,DCOM,DESKTOP-QUV3S97,"('application-specific', 'Local', 'Activation', '{2593F8B9-4EAF-457C-B68A-50F6B8EA6B54}', '{15C20B67-12E7-4BB6-92BB-7AFF07997402}', 'DESKTOP-QUV3S97', 'Adnan', 'S-1-5-21-1915879001-2348363783-178924610-1001', 'LocalHost (Using LRPC)', 'MicrosoftWindows.Client.WebExperience_524.13200.10.0_x64__cw5n1h2txyewy', 'Unavailable')"
2024-06-07 15:44:25,16,Information,Microsoft-Windows-Kernel-General,DESKTOP-QUV3S97,"('115', '\\??\\C:\\Users\\win11\\AppData\\Local\\Packages\\Microsoft.Windows.ShellExperienceHost_cw5n1h2txyewy\\Settings\\settings.dat', '2', '1')"
2024-06-07 16:14:21,1014,Warning,Microsoft-Windows-DNS-Client,DESKTOP-QUV3S97,"('capi.grammarly.com', '128', '02000000C0A80001000000000000000000000000000000000000000000000000000000000000000000000000000000000000000000000000000000000000000000000000000000000000000000000000000000000000000000000000000000000000000000000000000000000000000000000000000000000000000000000000', '27708')"
2024-06-07 16:30:21,105,Information,Microsoft-Windows-Kernel-Power,DESKTOP-QUV3S97,"('false', '46200', '46200')"
2024-06-07 16:54:54,44,Information,Microsoft-Windows-WindowsUpdateClient,DESKTOP-QUV3S97,"('Security Intelligence Update for Microsoft Defender Antivirus - KB2267602 (Version 1.413.146.0) - Current Channel (Broad)', '{70bc7c20-471d-44c9-ad36-c6f95de9e68d}', '200')"
2024-06-07 16:54:55,43,Information,Microsoft-Windows-WindowsUpdateClient,DESKTOP-QUV3S97,"('Security Intelligence Update for Microsoft Defender Antivirus - KB2267602 (Version 1.413.146.0) - Current Channel (Broad)', '{70bc7c20-471d-44c9-ad36-c6f95de9e68d}', '200')"
2024-06-07 16:55:07,19,Information,Microsoft-Windows-WindowsUpdateClient,DESKTOP-QUV3S97,"('Security Intelligence Update for Microsoft Defender Antivirus - KB2267602 (Version 1.413.146.0) - Current Channel (Broad)', '{70bc7c20-471d-44c9-ad36-c6f95de9e68d}', '200', '{9482f4b4-e343-43b6-b170-9a65bc822c77}')"
2024-06-07 17:33:46,566,Information,Microsoft-Windows-Kernel-Power,DESKTOP-QUV3S97,"('63', '12', '68', '1', '26721925', '34460', '46200', '34400', '46200', '69', '2', 'false', '12')"
2024-06-07 17:33:54,172,Information,Microsoft-Windows-Kernel-Power,DESKTOP-QUV3S97,"('2', '7')"
2024-06-07 18:07:17,172,Information,Microsoft-Windows-Kernel-Power,DESKTOP-QUV3S97,"('0', '0')"
2024-06-07 18:07:18,507,Information,Microsoft-Windows-Kernel-Power,DESKTOP-QUV3S97,"('1360', '71224812', '18054449050', '64802844', '1966948215', '2038173027', '21', '90', 'false', '1', '0', '2775407', 'false', '1963463525', '443128', 'true', 'true', '760365', '7', '0', 'true', 'true', '70', 'false', '33690', '46200', '68', '63', '0', '18446744055689842192', '1966948215', '1963463525', '0', '0', '91208', 'true', '34460', '34400', '26721925', '34400', '33690', '2011451546', '46200', '46200', '46200', '46200', '4', '0')"
2024-06-07 18:24:33,7040,Information,Service Control Manager,DESKTOP-QUV3S97,"('Background Intelligent Transfer Service', 'demand start', 'auto start', 'BITS')"
2024-06-07 18:24:37,113,Information,Microsoft-Windows-HttpService,DESKTOP-QUV3S97,"('18158513715274579971', 'http://*:2869/upnp/eventing/', '0', '14976', '\\Device\\HarddiskVolume3\\Windows\\System32\\svchost.exe', 'S-1-5-19')"
2024-06-07 18:24:42,114,Information,Microsoft-Windows-HttpService,DESKTOP-QUV3S97,"('18158513715274579971', 'http://*:2869/upnp/eventing/', '14976', '\\Device\\HarddiskVolume3\\Windows\\System32\\svchost.exe', 'S-1-5-19')"
2024-06-07 18:26:53,7040,Information,Service Control Manager,DESKTOP-QUV3S97,"('Background Intelligent Transfer Service', 'auto start', 'demand start', 'BITS')"
2024-06-07 18:40:23,566,Information,Microsoft-Windows-Kernel-Power,DESKTOP-QUV3S97,"('63', '12', '71', '1', '21003545', '28830', '46200', '28790', '46200', '72', '2', 'false', '12')"
2024-06-07 18:40:31,172,Information,Microsoft-Windows-Kernel-Power,DESKTOP-QUV3S97,"('2', '7')"
2024-06-07 18:49:39,105,Information,Microsoft-Windows-Kernel-Power,DESKTOP-QUV3S97,"('true', '28790', '46200')"
2024-06-07 18:49:40,37,Information,Microsoft-Windows-Time-Service,DESKTOP-QUV3S97,"('time.windows.com,0x9 (ntp.m|0x9|0.0.0.0:123->52.148.114.188:123)',)"
2024-06-07 18:49:45,566,Information,Microsoft-Windows-Kernel-Power,DESKTOP-QUV3S97,"('63', '0', '73', '0', '5243236', '28570', '46200', '28570', '46200', '74', '1', 'true', '0')"
2024-06-07 20:18:28,24,Information,Microsoft-Windows-Kernel-General,DESKTOP-QUV3S97,"('0', '-360', '0', '0', '0')"
2024-06-07 21:07:25,7040,Information,Service Control Manager,DESKTOP-QUV3S97,"('Background Intelligent Transfer Service', 'demand start', 'auto start', 'BITS')"
2024-06-07 21:09:30,7040,Information,Service Control Manager,DESKTOP-QUV3S97,"('Background Intelligent Transfer Service', 'auto start', 'demand start', 'BITS')"
2024-06-07 21:15:02,577,Information,Microsoft-Windows-Kernel-Power,DESKTOP-QUV3S97,"('0', 'false', '279')"
2024-06-07 21:15:11,12,Information,Microsoft-Windows-Kernel-General,DESKTOP-QUV3S97,"('10', '0', '22621', '3672', '0', '0', '2024-06-07T15:15:11.5000000Z')"
2024-06-07 21:15:12,6,Information,Microsoft-Windows-FilterManager,DESKTOP-QUV3S97,"('0x0', '10', '0', '8', 'FileInfo', '2079-02-27T04:03:00.0000000Z')"
2024-06-07 21:15:13,98,Information,Microsoft-Windows-Ntfs,DESKTOP-QUV3S97,"('D:', '\\Device\\HarddiskVolume4', '0')"
2024-06-07 21:15:14,125,Information,Microsoft-Windows-Kernel-Power,DESKTOP-QUV3S97,"('9', '\\_TZ.TSZ0', '0', '0', '0', '0', '0', '0', '0', '0', '0', '0', '0', '0', '0', '0', '500', '385', '0', '0', '0', '0', '', '0')"
2024-06-07 21:15:15,98,Information,Microsoft-Windows-Ntfs,DESKTOP-QUV3S97,"('\\\\?\\Volume{de400b6d-8f73-4b05-81fb-e35dea7014a5}', '\\Device\\HarddiskVolume5', '0')"
2024-06-07 21:15:16,15,Information,Microsoft-Windows-Kernel-General,DESKTOP-QUV3S97,"('36', '\\SystemRoot\\System32\\Config\\SOFTWARE', '96641024', '91394048')"
2024-06-07 21:15:17,55,Information,Microsoft-Windows-Kernel-Processor-Power,DESKTOP-QUV3S97,"('0', '11', '3', '4', '2301', '186', '48', '17', '3')"
2024-06-07 21:15:19,10118,Information,Microsoft-Windows-DriverFrameworks-UserMode,DESKTOP-QUV3S97,
2024-06-07 21:15:21,14,Information,Microsoft-Windows-Wininit,DESKTOP-QUV3S97,"('2', '0', '1')"
2024-06-07 21:15:25,1282,Information,Microsoft-Windows-TPM-WMI,DESKTOP-QUV3S97,
2024-06-07 21:15:30,111,Information,Microsoft-Windows-HttpService,DESKTOP-QUV3S97,"('18302628911940370433', '0', '10992', '\\Device\\HarddiskVolume3\\Windows\\System32\\svchost.exe', 'S-1-5-19')"
2024-06-07 21:15:33,5,Information,Microsoft-Windows-IsolatedUserMode,DESKTOP-QUV3S97,"('0', '0', '0', 'NULL')"
2024-06-07 21:15:38,5,Information,Microsoft-Windows-IsolatedUserMode,DESKTOP-QUV3S97,"('0', '0', '0', 'NULL')"
2024-06-07 21:15:39,2,Information,Microsoft-Windows-IsolatedUserMode,DESKTOP-QUV3S97,"('0', '0', '0')"
2024-06-07 21:15:40,10016,Warning,DCOM,DESKTOP-QUV3S97,"('application-specific', 'Local', 'Activation', '{2593F8B9-4EAF-457C-B68A-50F6B8EA6B54}', '{15C20B67-12E7-4BB6-92BB-7AFF07997402}', 'DESKTOP-QUV3S97', 'Adnan', 'S-1-5-21-1915879001-2348363783-178924610-1001', 'LocalHost (Using LRPC)', 'Microsoft.SkypeApp_15.119.3201.0_x64__kzf8qxf38zg5c', 'Unavailable')"
2024-06-07 21:15:41,10016,Warning,DCOM,DESKTOP-QUV3S97,"('application-specific', 'Local', 'Activation', '{2593F8B9-4EAF-457C-B68A-50F6B8EA6B54}', '{15C20B67-12E7-4BB6-92BB-7AFF07997402}', 'DESKTOP-QUV3S97', 'Adnan', 'S-1-5-21-1915879001-2348363783-178924610-1001', 'LocalHost (Using LRPC)', 'Microsoft.SkypeApp_15.119.3201.0_x64__kzf8qxf38zg5c', 'Unavailable')"
2024-06-07 21:16:39,7040,Information,Service Control Manager,DESKTOP-QUV3S97,"('Background Intelligent Transfer Service', 'demand start', 'auto start', 'BITS')"
2024-06-07 21:16:43,113,Information,Microsoft-Windows-HttpService,DESKTOP-QUV3S97,"('18302628899055468545', 'http://*:2869/upnp/eventing/', '0', '11852', '\\Device\\HarddiskVolume3\\Windows\\System32\\svchost.exe', 'S-1-5-19')"
2024-06-07 21:16:48,114,Information,Microsoft-Windows-HttpService,DESKTOP-QUV3S97,"('18302628899055468545', 'http://*:2869/upnp/eventing/', '11852', '\\Device\\HarddiskVolume3\\Windows\\System32\\svchost.exe', 'S-1-5-19')"
2024-06-07 21:16:52,1074,Information,User32,DESKTOP-QUV3S97,"('C:\\Windows\\System32\\RuntimeBroker.exe (DESKTOP-QUV3S97)', 'DESKTOP-QUV3S97', 'Other (Unplanned)', '0x0', 'power off', '', 'DESKTOP-QUV3S97\\Adnan')"
2024-06-07 21:16:55,187,Information,Microsoft-Windows-Kernel-Power,DESKTOP-QUV3S97,"('53', '\\Device\\HarddiskVolume3\\Windows\\System32\\winlogon.exe', '3', '2')"
2024-06-08 17:54:17,6013,Information,EventLog,DESKTOP-QUV3S97,"('', '', '', '', '74346', '60', '')"
2024-06-07 21:16:58,107,Information,Microsoft-Windows-Kernel-Power,DESKTOP-QUV3S97,"('6', '5', '5', '1601-01-01T00:00:00.0000000Z', '1601-01-01T00:00:00.0000000Z', '0', '0')"
2024-06-08 17:54:19,1,Information,Microsoft-Windows-Power-Troubleshooter,DESKTOP-QUV3S97,"('2024-06-07T15:16:55.0159082Z', '2024-06-08T11:54:18.1331909Z', '845', '632', '599', '3565', '2074', '4197', '283211', '1979728129', '6', '5', '0', '0', '', '0', '0', '0', '', '', '10')"
2024-06-08 17:54:20,98,Information,Microsoft-Windows-Ntfs,DESKTOP-QUV3S97,"('D:', '\\Device\\HarddiskVolume4', '0')"
2024-06-08 17:54:21,113,Information,Microsoft-Windows-HttpService,DESKTOP-QUV3S97,"('18302628929120239618', 'http://*:2869/upnp/eventing/', '0', '11852', '\\Device\\HarddiskVolume3\\Windows\\System32\\svchost.exe', 'S-1-5-19')"
2024-06-08 17:54:31,5,Information,Microsoft-Windows-IsolatedUserMode,DESKTOP-QUV3S97,"('0', '0', '0', 'NULL')"
2024-06-08 17:54:35,16,Information,Microsoft-Windows-Kernel-General,DESKTOP-QUV3S97,"('185', '\\??\\C:\\ProgramData\\Packages\\AdvancedMicroDevicesInc-2.AMDRadeonSoftware_0a9344xs7nr4m\\S-1-5-21-1915879001-2348363783-178924610-1001\\SystemAppData\\Helium\\Cache\\18c0106b80703c74_COM15.dat', '1', '1')"
2024-06-08 17:54:36,5,Information,Microsoft-Windows-IsolatedUserMode,DESKTOP-QUV3S97,"('0', '0', '0', 'NULL')"
2024-06-08 17:54:37,2,Information,Microsoft-Windows-IsolatedUserMode,DESKTOP-QUV3S97,"('0', '0', '0')"
2024-06-08 17:54:41,10016,Warning,DCOM,DESKTOP-QUV3S97,"('application-specific', 'Local', 'Activation', '{2593F8B9-4EAF-457C-B68A-50F6B8EA6B54}', '{15C20B67-12E7-4BB6-92BB-7AFF07997402}', 'DESKTOP-QUV3S97', 'Adnan', 'S-1-5-21-1915879001-2348363783-178924610-1001', 'LocalHost (Using LRPC)', 'Microsoft.SkypeApp_15.119.3201.0_x64__kzf8qxf38zg5c', 'Unavailable')"
2024-06-08 17:54:42,10016,Warning,DCOM,DESKTOP-QUV3S97,"('application-specific', 'Local', 'Activation', '{2593F8B9-4EAF-457C-B68A-50F6B8EA6B54}', '{15C20B67-12E7-4BB6-92BB-7AFF07997402}', 'DESKTOP-QUV3S97', 'Adnan', 'S-1-5-21-1915879001-2348363783-178924610-1001', 'LocalHost (Using LRPC)', 'Microsoft.SkypeApp_15.119.3201.0_x64__kzf8qxf38zg5c', 'Unavailable')"
2024-06-08 17:54:45,37,Information,Microsoft-Windows-Time-Service,DESKTOP-QUV3S97,"('time.windows.com,0x9 (ntp.m|0x9|0.0.0.0:123->52.148.114.188:123)',)"
2024-06-08 17:54:59,35,Information,Microsoft-Windows-Time-Service,DESKTOP-QUV3S97,"('time.windows.com,0x9 (ntp.m|0x9|0.0.0.0:123->52.148.114.188:123)', '3161625652', '4')"
2024-06-08 17:55:34,114,Information,Microsoft-Windows-HttpService,DESKTOP-QUV3S97,"('18374686493093396484', 'http://*:2869/upnp/eventing/', '11852', '\\Device\\HarddiskVolume3\\Windows\\System32\\svchost.exe', 'S-1-5-19')"
2024-06-08 17:55:41,114,Information,Microsoft-Windows-HttpService,DESKTOP-QUV3S97,"('18302628929120239619', 'http://*:2869/upnp/eventing/', '11852', '\\Device\\HarddiskVolume3\\Windows\\System32\\svchost.exe', 'S-1-5-19')"
2024-06-08 17:55:58,114,Information,Microsoft-Windows-HttpService,DESKTOP-QUV3S97,"('18302628899055468546', 'http://*:2869/upnp/eventing/', '11852', '\\Device\\HarddiskVolume3\\Windows\\System32\\svchost.exe', 'S-1-5-19')"
2024-06-08 17:56:25,114,Information,Microsoft-Windows-HttpService,DESKTOP-QUV3S97,"('18302628933415206913', 'http://*:2869/upnp/eventing/', '11852', '\\Device\\HarddiskVolume3\\Windows\\System32\\svchost.exe', 'S-1-5-19')"
2024-06-08 17:56:45,114,Information,Microsoft-Windows-HttpService,DESKTOP-QUV3S97,"('18302628929120239622', 'http://*:2869/upnp/eventing/', '11852', '\\Device\\HarddiskVolume3\\Windows\\System32\\svchost.exe', 'S-1-5-19')"
2024-06-08 17:56:51,114,Information,Microsoft-Windows-HttpService,DESKTOP-QUV3S97,"('18302628899055468547', 'http://*:2869/upnp/eventing/', '11852', '\\Device\\HarddiskVolume3\\Windows\\System32\\svchost.exe', 'S-1-5-19')"
2024-06-08 17:57:14,114,Information,Microsoft-Windows-HttpService,DESKTOP-QUV3S97,"('18302628929120239623', 'http://*:2869/upnp/eventing/', '11852', '\\Device\\HarddiskVolume3\\Windows\\System32\\svchost.exe', 'S-1-5-19')"
2024-06-08 17:59:34,10016,Warning,DCOM,DESKTOP-QUV3S97,"('application-specific', 'Local', 'Activation', '{6B3B8D23-FA8D-40B9-8DBD-B950333E2C52}', '{4839DDB7-58C2-48F5-8283-E1D1807D0D7D}', 'NT AUTHORITY', 'LOCAL SERVICE', 'S-1-5-19', 'LocalHost (Using LRPC)', 'Unavailable', 'Unavailable')"
2024-06-08 18:04:24,7040,Information,Service Control Manager,DESKTOP-QUV3S97,"('Background Intelligent Transfer Service', 'auto start', 'demand start', 'BITS')"
2024-06-08 18:10:14,44,Information,Microsoft-Windows-WindowsUpdateClient,DESKTOP-QUV3S97,"('Security Intelligence Update for Microsoft Defender Antivirus - KB2267602 (Version 1.413.171.0) - Current Channel (Broad)', '{a148de7d-3aad-4f88-9b8a-a93072c70bca}', '200')"
2024-06-08 18:10:16,43,Information,Microsoft-Windows-WindowsUpdateClient,DESKTOP-QUV3S97,"('Security Intelligence Update for Microsoft Defender Antivirus - KB2267602 (Version 1.413.171.0) - Current Channel (Broad)', '{a148de7d-3aad-4f88-9b8a-a93072c70bca}', '200')"
2024-06-08 18:10:21,19,Information,Microsoft-Windows-WindowsUpdateClient,DESKTOP-QUV3S97,"('Security Intelligence Update for Microsoft Defender Antivirus - KB2267602 (Version 1.413.171.0) - Current Channel (Broad)', '{a148de7d-3aad-4f88-9b8a-a93072c70bca}', '200', '{9482f4b4-e343-43b6-b170-9a65bc822c77}')"
2024-06-08 18:12:03,158,Information,Microsoft-Windows-Time-Service,DESKTOP-QUV3S97,"('VMICTimeProvider',)"
2024-06-08 18:29:07,158,Information,Microsoft-Windows-Time-Service,DESKTOP-QUV3S97,"('VMICTimeProvider',)"
2024-06-08 18:46:11,158,Information,Microsoft-Windows-Time-Service,DESKTOP-QUV3S97,"('VMICTimeProvider',)"
2024-06-08 18:54:37,5,Information,Microsoft-Windows-IsolatedUserMode,DESKTOP-QUV3S97,"('0', '0', '0', 'NULL')"
2024-06-08 18:54:38,2,Information,Microsoft-Windows-IsolatedUserMode,DESKTOP-QUV3S97,"('0', '0', '0')"
2024-06-08 18:55:37,7040,Information,Service Control Manager,DESKTOP-QUV3S97,"('Background Intelligent Transfer Service', 'demand start', 'auto start', 'BITS')"
2024-06-08 18:55:42,113,Information,Microsoft-Windows-HttpService,DESKTOP-QUV3S97,"('18302628929120239624', 'http://*:2869/upnp/eventing/', '0', '11852', '\\Device\\HarddiskVolume3\\Windows\\System32\\svchost.exe', 'S-1-5-19')"
2024-06-08 18:55:46,114,Information,Microsoft-Windows-HttpService,DESKTOP-QUV3S97,"('18302628929120239624', 'http://*:2869/upnp/eventing/', '11852', '\\Device\\HarddiskVolume3\\Windows\\System32\\svchost.exe', 'S-1-5-19')"
2024-06-08 18:56:02,114,Information,Microsoft-Windows-HttpService,DESKTOP-QUV3S97,"('18302628933415206914', 'http://*:2869/upnp/eventing/', '11852', '\\Device\\HarddiskVolume3\\Windows\\System32\\svchost.exe', 'S-1-5-19')"
2024-06-08 18:56:26,114,Information,Microsoft-Windows-HttpService,DESKTOP-QUV3S97,"('18302628907645403137', 'http://*:2869/upnp/eventing/', '11852', '\\Device\\HarddiskVolume3\\Windows\\System32\\svchost.exe', 'S-1-5-19')"
2024-06-08 18:58:30,7040,Information,Service Control Manager,DESKTOP-QUV3S97,"('Background Intelligent Transfer Service', 'auto start', 'demand start', 'BITS')"
2024-06-08 19:03:15,158,Information,Microsoft-Windows-Time-Service,DESKTOP-QUV3S97,"('VMICTimeProvider',)"
2024-06-08 19:09:03,10016,Warning,DCOM,DESKTOP-QUV3S97,"('application-specific', 'Local', 'Activation', '{2593F8B9-4EAF-457C-B68A-50F6B8EA6B54}', '{15C20B67-12E7-4BB6-92BB-7AFF07997402}', 'DESKTOP-QUV3S97', 'Adnan', 'S-1-5-21-1915879001-2348363783-178924610-1001', 'LocalHost (Using LRPC)', 'Unavailable', 'Unavailable')"
2024-06-08 19:52:47,10016,Warning,DCOM,DESKTOP-QUV3S97,"('application-specific', 'Local', 'Activation', '{2593F8B9-4EAF-457C-B68A-50F6B8EA6B54}', '{15C20B67-12E7-4BB6-92BB-7AFF07997402}', 'DESKTOP-QUV3S97', 'Adnan', 'S-1-5-21-1915879001-2348363783-178924610-1001', 'LocalHost (Using LRPC)', 'MicrosoftWindows.Client.WebExperience_524.13200.10.0_x64__cw5n1h2txyewy', 'Unavailable')"
2024-06-08 20:11:52,105,Information,Microsoft-Windows-Kernel-Power,DESKTOP-QUV3S97,"('false', '45790', '45790')"
2024-06-08 20:18:02,105,Information,Microsoft-Windows-Kernel-Power,DESKTOP-QUV3S97,"('true', '44180', '45790')"
2024-06-08 21:22:58,16,Information,Microsoft-Windows-Kernel-General,DESKTOP-QUV3S97,"('85', '\\??\\C:\\ProgramData\\Microsoft\\Provisioning\\Microsoft-Desktop-Provisioning-Sequence.dat', '0', '0')"
2024-06-08 21:23:03,44,Information,Microsoft-Windows-WindowsUpdateClient,DESKTOP-QUV3S97,"('9NBLGGH537C2-Microsoft.XboxGameOverlay', '{075a4121-db52-4709-91f0-1a3dbd9beb30}', '1')"
2024-06-08 21:23:11,44,Information,Microsoft-Windows-WindowsUpdateClient,DESKTOP-QUV3S97,"('9P92N00QV14J-AD2F1837.HPThermalControl', '{d321a25e-a831-4e45-a587-a891ada3f29f}', '1')"
2024-06-08 21:23:16,44,Information,Microsoft-Windows-WindowsUpdateClient,DESKTOP-QUV3S97,"('9PCFS5B6T72H-Microsoft.Paint', '{58841257-e5a6-4e63-bbde-0247f9fc3e2d}', '1')"
2024-06-08 21:24:47,16,Information,Microsoft-Windows-Kernel-General,DESKTOP-QUV3S97,"('142', '\\??\\C:\\ProgramData\\Microsoft\\Windows\\AppRepository\\Packages\\Microsoft.WindowsFeedbackHub_1.2405.21481.0_x64__8wekyb3d8bbwe\\ActivationStore.dat', '0', '0')"
2024-06-08 21:24:49,43,Information,Microsoft-Windows-WindowsUpdateClient,DESKTOP-QUV3S97,"('9NBLGGH4R32N-Microsoft.WindowsFeedbackHub', '{50db8d0d-c524-41b2-a963-0d13dfd71247}', '1')"
2024-06-08 21:24:50,19,Information,Microsoft-Windows-WindowsUpdateClient,DESKTOP-QUV3S97,"('9NBLGGH4R32N-Microsoft.WindowsFeedbackHub', '{50db8d0d-c524-41b2-a963-0d13dfd71247}', '1', '{855e8a7c-ecb4-4ca3-b045-1dfa50104289}')"
2024-06-08 21:24:52,16,Information,Microsoft-Windows-Kernel-General,DESKTOP-QUV3S97,"('129', '\\??\\C:\\ProgramData\\Microsoft\\Windows\\AppRepository\\Packages\\Microsoft.Paint_11.2404.1014.0_x64__8wekyb3d8bbwe\\ActivationStore.dat', '0', '0')"
2024-06-08 21:24:53,43,Information,Microsoft-Windows-WindowsUpdateClient,DESKTOP-QUV3S97,"('9PCFS5B6T72H-Microsoft.Paint', '{58841257-e5a6-4e63-bbde-0247f9fc3e2d}', '1')"
2024-06-08 21:24:54,19,Information,Microsoft-Windows-WindowsUpdateClient,DESKTOP-QUV3S97,"('9PCFS5B6T72H-Microsoft.Paint', '{58841257-e5a6-4e63-bbde-0247f9fc3e2d}', '1', '{855e8a7c-ecb4-4ca3-b045-1dfa50104289}')"
2024-06-08 21:24:58,16,Information,Microsoft-Windows-Kernel-General,DESKTOP-QUV3S97,"('134', '\\??\\C:\\ProgramData\\Microsoft\\Windows\\AppRepository\\Packages\\AD2F1837.HPThermalControl_1.11.60.0_x64__v10z8vjag6ke6\\ActivationStore.dat', '0', '0')"
2024-06-08 21:24:59,43,Information,Microsoft-Windows-WindowsUpdateClient,DESKTOP-QUV3S97,"('9P92N00QV14J-AD2F1837.HPThermalControl', '{d321a25e-a831-4e45-a587-a891ada3f29f}', '1')"
2024-06-08 21:25:38,42,Information,Microsoft-Windows-Kernel-Power,DESKTOP-QUV3S97,"('6', '5', '4', '0', '3')"
2024-06-08 21:25:40,107,Information,Microsoft-Windows-Kernel-Power,DESKTOP-QUV3S97,"('6', '5', '5', '1601-01-01T00:00:00.0000000Z', '1601-01-01T00:00:00.0000000Z', '0', '0')"
2024-06-09 10:25:41,1,Information,Microsoft-Windows-Kernel-General,DESKTOP-QUV3S97,"('2024-06-09T04:25:41.5000000Z', '2024-06-08T15:25:40.3325755Z', '46801167', '2', '', '4', '2024-06-09T10:25:41.5000000Z', '-360', 'false', 'false')"
2024-06-09 10:25:43,1,Information,Microsoft-Windows-Power-Troubleshooter,DESKTOP-QUV3S97,"('2024-06-08T15:25:37.8125363Z', '2024-06-09T04:25:42.0779227Z', '1226', '577', '537', '3551', '2420', '4656', '351993', '1979728129', '6', '5', '0', '0', '', '0', '0', '0', '', '', '10')"
2024-06-09 10:25:51,5,Information,Microsoft-Windows-IsolatedUserMode,DESKTOP-QUV3S97,"('0', '0', '0', 'NULL')"
2024-06-09 10:25:57,5,Information,Microsoft-Windows-IsolatedUserMode,DESKTOP-QUV3S97,"('0', '0', '0', 'NULL')"
2024-06-09 10:25:58,2,Information,Microsoft-Windows-IsolatedUserMode,DESKTOP-QUV3S97,"('0', '0', '0')"
2024-06-09 10:26:01,1014,Warning,Microsoft-Windows-DNS-Client,DESKTOP-QUV3S97,"('nav.smartscreen.microsoft.com', '128', '1700000000000000FEC000000000FFFF00000000000000010100000000000000000000000000000000000000000000000000000000000000000000000000000000000000000000000000000000000000000000000000000000000000000000000000000000000000000000000000000000000000000000000000000000000000', '12440')"
2024-06-09 10:26:04,10016,Warning,DCOM,DESKTOP-QUV3S97,"('application-specific', 'Local', 'Activation', '{2593F8B9-4EAF-457C-B68A-50F6B8EA6B54}', '{15C20B67-12E7-4BB6-92BB-7AFF07997402}', 'DESKTOP-QUV3S97', 'Adnan', 'S-1-5-21-1915879001-2348363783-178924610-1001', 'LocalHost (Using LRPC)', 'Microsoft.SkypeApp_15.119.3201.0_x64__kzf8qxf38zg5c', 'Unavailable')"
2024-06-09 10:26:05,10016,Warning,DCOM,DESKTOP-QUV3S97,"('application-specific', 'Local', 'Activation', '{2593F8B9-4EAF-457C-B68A-50F6B8EA6B54}', '{15C20B67-12E7-4BB6-92BB-7AFF07997402}', 'DESKTOP-QUV3S97', 'Adnan', 'S-1-5-21-1915879001-2348363783-178924610-1001', 'LocalHost (Using LRPC)', 'Microsoft.SkypeApp_15.119.3201.0_x64__kzf8qxf38zg5c', 'Unavailable')"
2024-06-09 10:26:27,37,Information,Microsoft-Windows-Time-Service,DESKTOP-QUV3S97,"('time.windows.com,0x9 (ntp.m|0x9|0.0.0.0:123->40.81.94.65:123)',)"
2024-06-09 10:26:43,35,Information,Microsoft-Windows-Time-Service,DESKTOP-QUV3S97,"('time.windows.com,0x9 (ntp.m|0x9|0.0.0.0:123->40.81.94.65:123)', '1096700200', '4')"
2024-06-09 10:26:55,7040,Information,Service Control Manager,DESKTOP-QUV3S97,"('Background Intelligent Transfer Service', 'demand start', 'auto start', 'BITS')"
2024-06-09 10:26:59,113,Information,Microsoft-Windows-HttpService,DESKTOP-QUV3S97,"('18302628886170566657', 'http://*:2869/upnp/eventing/', '0', '11852', '\\Device\\HarddiskVolume3\\Windows\\System32\\svchost.exe', 'S-1-5-19')"
2024-06-09 10:27:04,114,Information,Microsoft-Windows-HttpService,DESKTOP-QUV3S97,"('18302628886170566657', 'http://*:2869/upnp/eventing/', '11852', '\\Device\\HarddiskVolume3\\Windows\\System32\\svchost.exe', 'S-1-5-19')"
2024-06-09 10:27:13,114,Information,Microsoft-Windows-HttpService,DESKTOP-QUV3S97,"('18302628886170566658', 'http://*:2869/upnp/eventing/', '11852', '\\Device\\HarddiskVolume3\\Windows\\System32\\svchost.exe', 'S-1-5-19')"
2024-06-09 10:27:35,114,Information,Microsoft-Windows-HttpService,DESKTOP-QUV3S97,"('18158513723864514564', 'http://*:2869/upnp/eventing/', '11852', '\\Device\\HarddiskVolume3\\Windows\\System32\\svchost.exe', 'S-1-5-19')"
2024-06-09 10:27:36,114,Information,Microsoft-Windows-HttpService,DESKTOP-QUV3S97,"('18302628933415206916', 'http://*:2869/upnp/eventing/', '11852', '\\Device\\HarddiskVolume3\\Windows\\System32\\svchost.exe', 'S-1-5-19')"
2024-06-09 10:27:44,114,Information,Microsoft-Windows-HttpService,DESKTOP-QUV3S97,"('18302628933415206917', 'http://*:2869/upnp/eventing/', '11852', '\\Device\\HarddiskVolume3\\Windows\\System32\\svchost.exe', 'S-1-5-19')"
2024-06-09 10:29:56,7040,Information,Service Control Manager,DESKTOP-QUV3S97,"('Background Intelligent Transfer Service', 'auto start', 'demand start', 'BITS')"
2024-06-09 10:40:43,10016,Warning,DCOM,DESKTOP-QUV3S97,"('application-specific', 'Local', 'Activation', '{2593F8B9-4EAF-457C-B68A-50F6B8EA6B54}', '{15C20B67-12E7-4BB6-92BB-7AFF07997402}', 'DESKTOP-QUV3S97', 'Adnan', 'S-1-5-21-1915879001-2348363783-178924610-1001', 'LocalHost (Using LRPC)', 'Microsoft.SkypeApp_15.119.3201.0_x64__kzf8qxf38zg5c', 'Unavailable')"
2024-06-09 10:40:44,10016,Warning,DCOM,DESKTOP-QUV3S97,"('application-specific', 'Local', 'Activation', '{2593F8B9-4EAF-457C-B68A-50F6B8EA6B54}', '{15C20B67-12E7-4BB6-92BB-7AFF07997402}', 'DESKTOP-QUV3S97', 'Adnan', 'S-1-5-21-1915879001-2348363783-178924610-1001', 'LocalHost (Using LRPC)', 'Microsoft.SkypeApp_15.119.3201.0_x64__kzf8qxf38zg5c', 'Unavailable')"
2024-06-09 10:42:16,44,Information,Microsoft-Windows-WindowsUpdateClient,DESKTOP-QUV3S97,"('Security Intelligence Update for Microsoft Defender Antivirus - KB2267602 (Version 1.413.183.0) - Current Channel (Broad)', '{3d582fb5-76bd-4613-8b56-4dda879df99f}', '200')"
2024-06-09 10:42:24,43,Information,Microsoft-Windows-WindowsUpdateClient,DESKTOP-QUV3S97,"('Security Intelligence Update for Microsoft Defender Antivirus - KB2267602 (Version 1.413.183.0) - Current Channel (Broad)', '{3d582fb5-76bd-4613-8b56-4dda879df99f}', '200')"
2024-06-09 10:42:29,19,Information,Microsoft-Windows-WindowsUpdateClient,DESKTOP-QUV3S97,"('Security Intelligence Update for Microsoft Defender Antivirus - KB2267602 (Version 1.413.183.0) - Current Channel (Broad)', '{3d582fb5-76bd-4613-8b56-4dda879df99f}', '200', '{9482f4b4-e343-43b6-b170-9a65bc822c77}')"
2024-06-09 10:46:05,10016,Warning,DCOM,DESKTOP-QUV3S97,"('application-specific', 'Local', 'Activation', '{2593F8B9-4EAF-457C-B68A-50F6B8EA6B54}', '{15C20B67-12E7-4BB6-92BB-7AFF07997402}', 'DESKTOP-QUV3S97', 'Adnan', 'S-1-5-21-1915879001-2348363783-178924610-1001', 'LocalHost (Using LRPC)', 'MicrosoftWindows.Client.WebExperience_524.13200.10.0_x64__cw5n1h2txyewy', 'Unavailable')"
2024-06-09 11:10:22,1014,Warning,Microsoft-Windows-DNS-Client,DESKTOP-QUV3S97,"('clients4.google.com', '128', '020000007C06E004000000000000000000000000000000000000000000000000000000000000000000000000000000000000000000000000000000000000000000000000000000000000000000000000000000000000000000000000000000000000000000000000000000000000000000000000000000000000000000000000', '2148')"
2024-06-09 11:10:36,1014,Warning,Microsoft-Windows-DNS-Client,DESKTOP-QUV3S97,"('scss.adobesc.com', '128', '020000007C06E004000000000000000000000000000000000000000000000000000000000000000000000000000000000000000000000000000000000000000000000000000000000000000000000000000000000000000000000000000000000000000000000000000000000000000000000000000000000000000000000000', '18408')"
2024-06-09 11:10:40,1014,Warning,Microsoft-Windows-DNS-Client,DESKTOP-QUV3S97,"('www.msftconnecttest.com', '128', '020000007C06E004000000000000000000000000000000000000000000000000000000000000000000000000000000000000000000000000000000000000000000000000000000000000000000000000000000000000000000000000000000000000000000000000000000000000000000000000000000000000000000000000', '13848')"
2024-06-09 11:10:42,10016,Warning,DCOM,DESKTOP-QUV3S97,"('application-specific', 'Local', 'Activation', '{2593F8B9-4EAF-457C-B68A-50F6B8EA6B54}', '{15C20B67-12E7-4BB6-92BB-7AFF07997402}', 'DESKTOP-QUV3S97', 'Adnan', 'S-1-5-21-1915879001-2348363783-178924610-1001', 'LocalHost (Using LRPC)', 'Unavailable', 'Unavailable')"
2024-06-09 11:10:44,1014,Warning,Microsoft-Windows-DNS-Client,DESKTOP-QUV3S97,"('www.figma.com', '128', '020000007C06E004000000000000000000000000000000000000000000000000000000000000000000000000000000000000000000000000000000000000000000000000000000000000000000000000000000000000000000000000000000000000000000000000000000000000000000000000000000000000000000000000', '2148')"
2024-06-09 11:45:30,16,Information,Microsoft-Windows-Kernel-General,DESKTOP-QUV3S97,"('118', '\\??\\C:\\Users\\win11\\AppData\\Local\\Packages\\Microsoft.Windows.ContentDeliveryManager_cw5n1h2txyewy\\Settings\\settings.dat', '895', '53')"
2024-06-09 11:45:48,7040,Information,Service Control Manager,DESKTOP-QUV3S97,"('Background Intelligent Transfer Service', 'demand start', 'auto start', 'BITS')"
2024-06-09 11:47:58,7040,Information,Service Control Manager,DESKTOP-QUV3S97,"('Background Intelligent Transfer Service', 'auto start', 'demand start', 'BITS')"
2024-06-09 12:00:00,6013,Information,EventLog,DESKTOP-QUV3S97,"('', '', '', '', '139489', '60', '')"
2024-06-09 13:28:17,7040,Information,Service Control Manager,DESKTOP-QUV3S97,"('Background Intelligent Transfer Service', 'demand start', 'auto start', 'BITS')"
2024-06-09 13:30:21,7040,Information,Service Control Manager,DESKTOP-QUV3S97,"('Background Intelligent Transfer Service', 'auto start', 'demand start', 'BITS')"
2024-06-09 13:49:30,105,Information,Microsoft-Windows-Kernel-Power,DESKTOP-QUV3S97,"('false', '46010', '46010')"
2024-06-09 14:16:43,16,Information,Microsoft-Windows-Kernel-General,DESKTOP-QUV3S97,"('105', '\\??\\C:\\Users\\win11\\AppData\\Local\\Packages\\AD2F1837.HPSupportAssistant_v10z8vjag6ke6\\Settings\\settings.dat', '9', '2')"
2024-06-09 15:26:55,7040,Information,Service Control Manager,DESKTOP-QUV3S97,"('Background Intelligent Transfer Service', 'demand start', 'auto start', 'BITS')"
2024-06-09 15:26:59,113,Information,Microsoft-Windows-HttpService,DESKTOP-QUV3S97,"('18302628903350435841', 'http://*:2869/upnp/eventing/', '0', '11852', '\\Device\\HarddiskVolume3\\Windows\\System32\\svchost.exe', 'S-1-5-19')"
2024-06-09 15:27:04,114,Information,Microsoft-Windows-HttpService,DESKTOP-QUV3S97,"('18302628903350435841', 'http://*:2869/upnp/eventing/', '11852', '\\Device\\HarddiskVolume3\\Windows\\System32\\svchost.exe', 'S-1-5-19')"
2024-06-09 15:29:15,7040,Information,Service Control Manager,DESKTOP-QUV3S97,"('Background Intelligent Transfer Service', 'auto start', 'demand start', 'BITS')"
2024-06-09 15:52:43,16,Information,Microsoft-Windows-Kernel-General,DESKTOP-QUV3S97,"('113', '\\??\\C:\\Users\\win11\\AppData\\Local\\Packages\\microsoft.windowscommunicationsapps_8wekyb3d8bbwe\\Settings\\settings.dat', '61', '7')"
2024-06-09 15:54:35,105,Information,Microsoft-Windows-Kernel-Power,DESKTOP-QUV3S97,"('true', '25530', '46010')"
2024-06-09 15:54:43,7045,Information,Service Control Manager,DESKTOP-QUV3S97,"('mc-wps-secdashboardservice', '""C:\\Program Files (x86)\\HP\\HP Support Framework\\Resources\\mc-wps-secdashboardservice.exe""', 'user mode service', 'demand start', 'LocalSystem')"
2024-06-09 15:56:10,7040,Information,Service Control Manager,DESKTOP-QUV3S97,"('Background Intelligent Transfer Service', 'demand start', 'auto start', 'BITS')"
2024-06-09 15:56:38,7045,Information,Service Control Manager,DESKTOP-QUV3S97,"('WDF Insyde IO Device Driver', '\\SystemRoot\\System32\\drivers\\H2OFFT64.sys', 'kernel mode driver', 'demand start', '')"
2024-06-09 15:58:17,7040,Information,Service Control Manager,DESKTOP-QUV3S97,"('WDF Insyde IO Device Driver', 'demand start', 'disabled', 'H2OFFT')"
2024-06-09 15:58:20,26,Information,Application Popup,DESKTOP-QUV3S97,"('cmd.exe - Application Error', 'The application was unable to start correctly (0xc0000142). Click OK to close the application. ')"
2024-06-09 15:58:24,114,Information,Microsoft-Windows-HttpService,DESKTOP-QUV3S97,"('18302628911940370433', 'http://*:5357/63674727-7a53-478c-ab09-bed1da73ae69/', '10992', '\\Device\\HarddiskVolume3\\Windows\\System32\\svchost.exe', 'S-1-5-19')"
2024-06-09 15:58:25,577,Information,Microsoft-Windows-Kernel-Power,DESKTOP-QUV3S97,"('0', 'false', '279')"
2024-06-09 16:03:27,12,Information,Microsoft-Windows-Kernel-General,DESKTOP-QUV3S97,"('10', '0', '22621', '3672', '0', '0', '2024-06-09T10:03:27.5000000Z')"
2024-06-09 16:03:28,6,Information,Microsoft-Windows-FilterManager,DESKTOP-QUV3S97,"('0x0', '10', '0', '8', 'FileInfo', '2079-02-27T04:03:00.0000000Z')"
2024-06-09 16:03:29,98,Information,Microsoft-Windows-Ntfs,DESKTOP-QUV3S97,"('C:', '\\Device\\HarddiskVolume3', '0')"
2024-06-09 16:03:30,125,Information,Microsoft-Windows-Kernel-Power,DESKTOP-QUV3S97,"('9', '\\_TZ.TSZ0', '0', '0', '0', '0', '0', '0', '0', '0', '0', '0', '0', '0', '0', '0', '500', '385', '0', '0', '0', '0', '', '0')"
2024-06-09 16:03:31,55,Information,Microsoft-Windows-Kernel-Processor-Power,DESKTOP-QUV3S97,"('0', '0', '3', '4', '2301', '208', '48', '17', '3')"
2024-06-09 16:03:32,521,Information,Microsoft-Windows-Kernel-Power,DESKTOP-QUV3S97,"('1', '0', '0')"
2024-06-09 16:03:34,10118,Information,Microsoft-Windows-DriverFrameworks-UserMode,DESKTOP-QUV3S97,
2024-06-09 16:03:38,18,Information,TPM,DESKTOP-QUV3S97,"('0x14', '217', '0')"
2024-06-09 16:04:13,5,Information,Microsoft-Windows-IsolatedUserMode,DESKTOP-QUV3S97,"('0', '0', '0', 'NULL')"
2024-06-09 16:04:19,5,Information,Microsoft-Windows-IsolatedUserMode,DESKTOP-QUV3S97,"('0', '0', '0', 'NULL')"
2024-06-09 16:04:20,2,Information,Microsoft-Windows-IsolatedUserMode,DESKTOP-QUV3S97,"('0', '0', '0')"
2024-06-09 16:04:21,10016,Warning,DCOM,DESKTOP-QUV3S97,"('application-specific', 'Local', 'Activation', '{2593F8B9-4EAF-457C-B68A-50F6B8EA6B54}', '{15C20B67-12E7-4BB6-92BB-7AFF07997402}', 'DESKTOP-QUV3S97', 'Adnan', 'S-1-5-21-1915879001-2348363783-178924610-1001', 'LocalHost (Using LRPC)', 'Microsoft.SkypeApp_15.119.3201.0_x64__kzf8qxf38zg5c', 'Unavailable')"
2024-06-09 16:04:33,10016,Warning,DCOM,DESKTOP-QUV3S97,"('application-specific', 'Local', 'Activation', '{2593F8B9-4EAF-457C-B68A-50F6B8EA6B54}', '{15C20B67-12E7-4BB6-92BB-7AFF07997402}', 'DESKTOP-QUV3S97', 'Adnan', 'S-1-5-21-1915879001-2348363783-178924610-1001', 'LocalHost (Using LRPC)', 'Microsoft.SkypeApp_15.119.3201.0_x64__kzf8qxf38zg5c', 'Unavailable')"
2024-06-09 16:05:24,113,Information,Microsoft-Windows-HttpService,DESKTOP-QUV3S97,"('18302628929120239617', 'http://*:2869/upnp/eventing/', '0', '10816', '\\Device\\HarddiskVolume3\\Windows\\System32\\svchost.exe', 'S-1-5-19')"
2024-06-09 16:05:29,114,Information,Microsoft-Windows-HttpService,DESKTOP-QUV3S97,"('18302628929120239617', 'http://*:2869/upnp/eventing/', '10816', '\\Device\\HarddiskVolume3\\Windows\\System32\\svchost.exe', 'S-1-5-19')"
2024-06-09 16:05:48,114,Information,Microsoft-Windows-HttpService,DESKTOP-QUV3S97,"('18302628929120239618', 'http://*:2869/upnp/eventing/', '10816', '\\Device\\HarddiskVolume3\\Windows\\System32\\svchost.exe', 'S-1-5-19')"
2024-06-09 16:05:52,114,Information,Microsoft-Windows-HttpService,DESKTOP-QUV3S97,"('18302628933415206913', 'http://*:2869/upnp/eventing/', '10816', '\\Device\\HarddiskVolume3\\Windows\\System32\\svchost.exe', 'S-1-5-19')"
2024-06-09 16:07:46,10016,Warning,DCOM,DESKTOP-QUV3S97,"('application-specific', 'Local', 'Activation', '{6B3B8D23-FA8D-40B9-8DBD-B950333E2C52}', '{4839DDB7-58C2-48F5-8283-E1D1807D0D7D}', 'NT AUTHORITY', 'LOCAL SERVICE', 'S-1-5-19', 'LocalHost (Using LRPC)', 'Unavailable', 'Unavailable')"
2024-06-09 16:08:00,7040,Information,Service Control Manager,DESKTOP-QUV3S97,"('Background Intelligent Transfer Service', 'auto start', 'demand start', 'BITS')"
2024-06-09 16:13:54,44,Information,Microsoft-Windows-WindowsUpdateClient,DESKTOP-QUV3S97,"('Security Intelligence Update for Microsoft Defender Antivirus - KB2267602 (Version 1.413.187.0) - Current Channel (Broad)', '{b4819a00-f0e3-4709-811b-fb19a39f9974}', '200')"
2024-06-09 16:14:00,43,Information,Microsoft-Windows-WindowsUpdateClient,DESKTOP-QUV3S97,"('Security Intelligence Update for Microsoft Defender Antivirus - KB2267602 (Version 1.413.187.0) - Current Channel (Broad)', '{b4819a00-f0e3-4709-811b-fb19a39f9974}', '200')"
2024-06-09 16:14:04,19,Information,Microsoft-Windows-WindowsUpdateClient,DESKTOP-QUV3S97,"('Security Intelligence Update for Microsoft Defender Antivirus - KB2267602 (Version 1.413.187.0) - Current Channel (Broad)', '{b4819a00-f0e3-4709-811b-fb19a39f9974}', '200', '{9482f4b4-e343-43b6-b170-9a65bc822c77}')"
2024-06-09 16:17:17,16,Information,Microsoft-Windows-Kernel-General,DESKTOP-QUV3S97,"('85', '\\??\\C:\\ProgramData\\Microsoft\\Provisioning\\Microsoft-Desktop-Provisioning-Sequence.dat', '0', '0')"
2024-06-09 16:22:57,158,Information,Microsoft-Windows-Time-Service,DESKTOP-QUV3S97,"('VMICTimeProvider',)"
2024-06-09 16:24:13,10016,Warning,DCOM,DESKTOP-QUV3S97,"('application-specific', 'Local', 'Activation', '{2593F8B9-4EAF-457C-B68A-50F6B8EA6B54}', '{15C20B67-12E7-4BB6-92BB-7AFF07997402}', 'DESKTOP-QUV3S97', 'Adnan', 'S-1-5-21-1915879001-2348363783-178924610-1001', 'LocalHost (Using LRPC)', 'MicrosoftWindows.Client.WebExperience_524.13200.10.0_x64__cw5n1h2txyewy', 'Unavailable')"
2024-06-09 16:28:43,10016,Warning,DCOM,DESKTOP-QUV3S97,"('application-specific', 'Local', 'Activation', '{2593F8B9-4EAF-457C-B68A-50F6B8EA6B54}', '{15C20B67-12E7-4BB6-92BB-7AFF07997402}', 'DESKTOP-QUV3S97', 'Adnan', 'S-1-5-21-1915879001-2348363783-178924610-1001', 'LocalHost (Using LRPC)', 'Unavailable', 'Unavailable')"
2024-06-09 16:40:02,158,Information,Microsoft-Windows-Time-Service,DESKTOP-QUV3S97,"('VMICTimeProvider',)"
2024-06-09 16:57:06,158,Information,Microsoft-Windows-Time-Service,DESKTOP-QUV3S97,"('VMICTimeProvider',)"
2024-06-09 17:14:10,158,Information,Microsoft-Windows-Time-Service,DESKTOP-QUV3S97,"('VMICTimeProvider',)"
2024-06-09 17:48:32,7040,Information,Service Control Manager,DESKTOP-QUV3S97,"('Background Intelligent Transfer Service', 'demand start', 'auto start', 'BITS')"
2024-06-09 17:50:36,7040,Information,Service Control Manager,DESKTOP-QUV3S97,"('Background Intelligent Transfer Service', 'auto start', 'demand start', 'BITS')"
2024-06-09 18:14:02,44,Information,Microsoft-Windows-WindowsUpdateClient,DESKTOP-QUV3S97,"('9WZDNCRD1HKW-Microsoft.XboxIdentityProvider', '{6d815a67-83e9-47ce-9f91-5f0dee792c33}', '1')"
2024-06-09 18:16:43,42,Information,Microsoft-Windows-Kernel-Power,DESKTOP-QUV3S97,"('6', '5', '4', '0', '1')"
2024-06-09 18:16:45,107,Information,Microsoft-Windows-Kernel-Power,DESKTOP-QUV3S97,"('6', '5', '5', '1601-01-01T00:00:00.0000000Z', '1601-01-01T00:00:00.0000000Z', '0', '0')"
2024-06-09 18:17:07,1,Information,Microsoft-Windows-Kernel-General,DESKTOP-QUV3S97,"('2024-06-09T12:17:07.5000000Z', '2024-06-09T12:16:45.0867615Z', '22413', '2', '', '4', '2024-06-09T18:17:07.5000000Z', '-360', 'false', 'false')"
2024-06-09 18:17:20,5,Information,Microsoft-Windows-IsolatedUserMode,DESKTOP-QUV3S97,"('0', '0', '0', 'NULL')"
2024-06-09 18:17:26,5,Information,Microsoft-Windows-IsolatedUserMode,DESKTOP-QUV3S97,"('0', '0', '0', 'NULL')"
2024-06-09 18:17:28,10016,Warning,DCOM,DESKTOP-QUV3S97,"('application-specific', 'Local', 'Activation', '{2593F8B9-4EAF-457C-B68A-50F6B8EA6B54}', '{15C20B67-12E7-4BB6-92BB-7AFF07997402}', 'DESKTOP-QUV3S97', 'Adnan', 'S-1-5-21-1915879001-2348363783-178924610-1001', 'LocalHost (Using LRPC)', 'Microsoft.SkypeApp_15.119.3201.0_x64__kzf8qxf38zg5c', 'Unavailable')"
2024-06-09 18:17:30,10016,Warning,DCOM,DESKTOP-QUV3S97,"('application-specific', 'Local', 'Activation', '{2593F8B9-4EAF-457C-B68A-50F6B8EA6B54}', '{15C20B67-12E7-4BB6-92BB-7AFF07997402}', 'DESKTOP-QUV3S97', 'Adnan', 'S-1-5-21-1915879001-2348363783-178924610-1001', 'LocalHost (Using LRPC)', 'Microsoft.SkypeApp_15.119.3201.0_x64__kzf8qxf38zg5c', 'Unavailable')"
2024-06-09 18:17:47,700,Warning,Win32k,DESKTOP-QUV3S97,"('',)"
2024-06-09 18:18:23,7040,Information,Service Control Manager,DESKTOP-QUV3S97,"('Background Intelligent Transfer Service', 'demand start', 'auto start', 'BITS')"
2024-06-09 18:18:28,113,Information,Microsoft-Windows-HttpService,DESKTOP-QUV3S97,"('18302628916235337729', 'http://*:2869/upnp/eventing/', '0', '10816', '\\Device\\HarddiskVolume3\\Windows\\System32\\svchost.exe', 'S-1-5-19')"
2024-06-09 18:18:32,114,Information,Microsoft-Windows-HttpService,DESKTOP-QUV3S97,"('18302628916235337729', 'http://*:2869/upnp/eventing/', '10816', '\\Device\\HarddiskVolume3\\Windows\\System32\\svchost.exe', 'S-1-5-19')"
2024-06-09 18:18:59,114,Information,Microsoft-Windows-HttpService,DESKTOP-QUV3S97,"('18302628907645403137', 'http://*:2869/upnp/eventing/', '10816', '\\Device\\HarddiskVolume3\\Windows\\System32\\svchost.exe', 'S-1-5-19')"
2024-06-09 18:19:19,114,Information,Microsoft-Windows-HttpService,DESKTOP-QUV3S97,"('18302628886170566658', 'http://*:2869/upnp/eventing/', '10816', '\\Device\\HarddiskVolume3\\Windows\\System32\\svchost.exe', 'S-1-5-19')"
2024-06-09 18:19:27,114,Information,Microsoft-Windows-HttpService,DESKTOP-QUV3S97,"('18302628903350435841', 'http://*:2869/upnp/eventing/', '10816', '\\Device\\HarddiskVolume3\\Windows\\System32\\svchost.exe', 'S-1-5-19')"
2024-06-09 18:19:28,113,Information,Microsoft-Windows-HttpService,DESKTOP-QUV3S97,"('18302628907645403138', 'http://*:2869/upnp/eventing/', '0', '10816', '\\Device\\HarddiskVolume3\\Windows\\System32\\svchost.exe', 'S-1-5-19')"
2024-06-09 18:21:47,7040,Information,Service Control Manager,DESKTOP-QUV3S97,"('Background Intelligent Transfer Service', 'auto start', 'demand start', 'BITS')"
2024-06-09 18:47:22,507,Information,Microsoft-Windows-Kernel-Power,DESKTOP-QUV3S97,"('5110', '1775277163', '0', '0', '0', '1775277163', '0', '89', 'false', '20', '0', '0', 'false', '0', '1165', 'true', 'true', '0', '7', '0', 'false', 'false', '10', 'true', '42760', '45500', '8', '65', '0', '1775277163', '0', '0', '0', '0', '0', 'false', '45280', '42760', '1775277225', '0', '0', '0', '45500', '45500', '0', '0', '4', '0')"
2024-06-09 18:47:24,42,Information,Microsoft-Windows-Kernel-Power,DESKTOP-QUV3S97,"('5', '5', '13', '0', '5')"
2024-06-09 18:47:26,107,Information,Microsoft-Windows-Kernel-Power,DESKTOP-QUV3S97,"('5', '5', '5', '1601-01-01T00:00:00.0000000Z', '1601-01-01T00:00:00.0000000Z', '0', '0')"
2024-06-10 11:02:53,1,Information,Microsoft-Windows-Kernel-General,DESKTOP-QUV3S97,"('2024-06-10T05:02:53.5000000Z', '2024-06-09T12:47:26.2811414Z', '58527218', '2', '', '4', '2024-06-10T11:02:53.5000000Z', '-360', 'false', 'false')"
2024-06-10 11:02:54,30,Information,Microsoft-Windows-Kernel-Boot,DESKTOP-QUV3S97,"('0', '3326', '3600', '7713', '7747')"
2024-06-10 11:02:55,1,Information,Microsoft-Windows-Power-Troubleshooter,DESKTOP-QUV3S97,"('2024-06-09T12:47:22.8415743Z', '2024-06-10T05:02:54.2556196Z', '2215', '754', '606', '3601', '5589', '5791', '570646', '1988116481', '5', '5', '0', '0', '', '0', '0', '0', '', '', '19')"
2024-06-10 11:03:15,1014,Warning,Microsoft-Windows-DNS-Client,DESKTOP-QUV3S97,"('pub-csm-jpea-01-t.trouter.skype.com', '128', '020000007C06E004000000000000000000000000000000000000000000000000000000000000000000000000000000000000000000000000000000000000000000000000000000000000000000000000000000000000000000000000000000000000000000000000000000000000000000000000000000000000000000000000', '21292')"
2024-06-10 11:03:20,4003,Warning,Microsoft-Windows-WLAN-AutoConfig,DESKTOP-QUV3S97,"('4', '0x0', '1', '0')"
2024-06-10 11:03:22,172,Information,Microsoft-Windows-Kernel-Power,DESKTOP-QUV3S97,"('0', '0')"
2024-06-10 11:03:23,1014,Warning,Microsoft-Windows-DNS-Client,DESKTOP-QUV3S97,"('gateway.bingviz.microsoftapp.net', '128', '020000007C06E004000000000000000000000000000000000000000000000000000000000000000000000000000000000000000000000000000000000000000000000000000000000000000000000000000000000000000000000000000000000000000000000000000000000000000000000000000000000000000000000000', '13468')"
2024-06-10 11:03:39,134,Warning,Microsoft-Windows-Time-Service,DESKTOP-QUV3S97,"('No such host is known. (0x80072AF9)', '15', 'time.windows.com,0x9')"
2024-06-10 11:04:36,37,Information,Microsoft-Windows-Time-Service,DESKTOP-QUV3S97,"('time.windows.com,0x9 (ntp.m|0x9|0.0.0.0:123->40.81.94.65:123)',)"
2024-06-10 11:06:45,105,Information,Microsoft-Windows-Kernel-Power,DESKTOP-QUV3S97,"('true', '42630', '46090')"
2024-06-10 11:18:29,44,Information,Microsoft-Windows-WindowsUpdateClient,DESKTOP-QUV3S97,"('Security Intelligence Update for Microsoft Defender Antivirus - KB2267602 (Version 1.413.203.0) - Current Channel (Broad)', '{b0b28c32-baa0-49bf-b42c-8a817915ea95}', '200')"
2024-06-10 11:18:34,43,Information,Microsoft-Windows-WindowsUpdateClient,DESKTOP-QUV3S97,"('Security Intelligence Update for Microsoft Defender Antivirus - KB2267602 (Version 1.413.203.0) - Current Channel (Broad)', '{b0b28c32-baa0-49bf-b42c-8a817915ea95}', '200')"
