2024-06-19 15:08:57,16,Information,Microsoft-Windows-Kernel-General,DESKTOP-QUV3S97,"('185', '\\??\\C:\\ProgramData\\Packages\\AdvancedMicroDevicesInc-2.AMDRadeonSoftware_0a9344xs7nr4m\\S-1-5-21-1915879001-2348363783-178924610-1001\\SystemAppData\\Helium\\Cache\\18c0106b80703c74_COM15.dat', '1', '1')"
2024-06-19 15:09:00,10016,Warning,DCOM,DESKTOP-QUV3S97,"('application-specific', 'Local', 'Activation', '{2593F8B9-4EAF-457C-B68A-50F6B8EA6B54}', '{15C20B67-12E7-4BB6-92BB-7AFF07997402}', 'DESKTOP-QUV3S97', 'Adnan', 'S-1-5-21-1915879001-2348363783-178924610-1001', 'LocalHost (Using LRPC)', 'Microsoft.SkypeApp_15.120.3207.0_x64__kzf8qxf38zg5c', 'Unavailable')"
2024-06-19 15:09:01,10016,Warning,DCOM,DESKTOP-QUV3S97,"('application-specific', 'Local', 'Activation', '{2593F8B9-4EAF-457C-B68A-50F6B8EA6B54}', '{15C20B67-12E7-4BB6-92BB-7AFF07997402}', 'DESKTOP-QUV3S97', 'Adnan', 'S-1-5-21-1915879001-2348363783-178924610-1001', 'LocalHost (Using LRPC)', 'Microsoft.SkypeApp_15.120.3207.0_x64__kzf8qxf38zg5c', 'Unavailable')"
2024-06-19 15:09:10,37,Information,Microsoft-Windows-Time-Service,DESKTOP-QUV3S97,"('time.windows.com,0x9 (ntp.m|0x9|0.0.0.0:123->52.148.114.188:123)',)"
2024-06-19 15:09:06,24,Information,Microsoft-Windows-Kernel-General,DESKTOP-QUV3S97,"('0', '-360', '0', '0', '0')"
2024-06-19 15:09:28,16,Information,Microsoft-Windows-Kernel-General,DESKTOP-QUV3S97,"('118', '\\??\\C:\\Users\\win11\\AppData\\Local\\Packages\\Microsoft.Windows.ContentDeliveryManager_cw5n1h2txyewy\\Settings\\settings.dat', '906', '52')"
2024-06-19 15:09:38,16,Information,Microsoft-Windows-Kernel-General,DESKTOP-QUV3S97,"('113', '\\??\\C:\\Users\\win11\\AppData\\Local\\Packages\\microsoft.windowscommunicationsapps_8wekyb3d8bbwe\\Settings\\settings.dat', '30', '4')"
2024-06-19 15:09:39,16,Information,Microsoft-Windows-Kernel-General,DESKTOP-QUV3S97,"('106', '\\??\\C:\\Users\\win11\\AppData\\Local\\Packages\\Microsoft.WindowsFeedbackHub_8wekyb3d8bbwe\\Settings\\settings.dat', '2', '1')"
2024-06-19 15:09:40,16,Information,Microsoft-Windows-Kernel-General,DESKTOP-QUV3S97,"('109', '\\??\\C:\\Users\\win11\\AppData\\Local\\Packages\\AdobeNotificationClient_enpm4xejd91yc\\SystemAppData\\Helium\\User.dat', '1', '1')"
2024-06-19 15:09:41,7045,Information,Service Control Manager,DESKTOP-QUV3S97,"('mc-wps-secdashboardservice', '""C:\\Program Files (x86)\\HP\\HP Support Framework\\Resources\\mc-wps-secdashboardservice.exe""', 'user mode service', 'demand start', 'LocalSystem')"
2024-06-19 15:09:52,16,Information,Microsoft-Windows-Kernel-General,DESKTOP-QUV3S97,"('101', '\\??\\C:\\Users\\win11\\AppData\\Local\\Packages\\AdobeNotificationClient_enpm4xejd91yc\\Settings\\settings.dat', '2', '1')"
2024-06-19 15:10:08,16,Information,Microsoft-Windows-Kernel-General,DESKTOP-QUV3S97,"('106', '\\??\\C:\\Users\\win11\\AppData\\Local\\Packages\\Microsoft.MicrosoftOfficeHub_8wekyb3d8bbwe\\Settings\\settings.dat', '3', '1')"
2024-06-19 15:10:09,16,Information,Microsoft-Windows-Kernel-General,DESKTOP-QUV3S97,"('105', '\\??\\C:\\Users\\win11\\AppData\\Local\\Packages\\Microsoft.XboxGamingOverlay_8wekyb3d8bbwe\\Settings\\settings.dat', '3', '2')"
2024-06-19 15:11:09,7045,Information,Service Control Manager,DESKTOP-QUV3S97,"('GoogleUpdater InternalService 128.0.6537.0 (GoogleUpdaterInternalService128.0.6537.0)', '""C:\\Program Files (x86)\\Google\\GoogleUpdater\\128.0.6537.0\\updater.exe"" --system --windows-service --service=update-internal', 'user mode service', 'auto start', 'LocalSystem')"
2024-06-19 15:11:16,10016,Warning,DCOM,DESKTOP-QUV3S97,"('application-specific', 'Local', 'Activation', '{2593F8B9-4EAF-457C-B68A-50F6B8EA6B54}', '{15C20B67-12E7-4BB6-92BB-7AFF07997402}', 'DESKTOP-QUV3S97', 'Adnan', 'S-1-5-21-1915879001-2348363783-178924610-1001', 'LocalHost (Using LRPC)', 'Microsoft.SkypeApp_15.120.3207.0_x64__kzf8qxf38zg5c', 'Unavailable')"
2024-06-19 15:12:25,16,Information,Microsoft-Windows-Kernel-General,DESKTOP-QUV3S97,"('171', '\\??\\C:\\ProgramData\\Packages\\Microsoft.DesktopAppInstaller_8wekyb3d8bbwe\\S-1-5-21-1915879001-2348363783-178924610-1001\\SystemAppData\\Helium\\Cache\\42c384ef2eedaf58_COM15.dat', '1', '1')"
2024-06-19 15:15:28,7040,Information,Service Control Manager,DESKTOP-QUV3S97,"('Background Intelligent Transfer Service', 'auto start', 'demand start', 'BITS')"
2024-06-19 15:15:33,7040,Information,Service Control Manager,DESKTOP-QUV3S97,"('Background Intelligent Transfer Service', 'demand start', 'auto start', 'BITS')"
2024-06-19 15:15:38,113,Information,Microsoft-Windows-HttpService,DESKTOP-QUV3S97,"('18302628933415206917', 'http://*:2869/upnp/eventing/', '0', '17040', '\\Device\\HarddiskVolume3\\Windows\\System32\\svchost.exe', 'S-1-5-19')"
2024-06-19 15:15:42,114,Information,Microsoft-Windows-HttpService,DESKTOP-QUV3S97,"('18302628933415206917', 'http://*:2869/upnp/eventing/', '17040', '\\Device\\HarddiskVolume3\\Windows\\System32\\svchost.exe', 'S-1-5-19')"
2024-06-19 15:18:09,7040,Information,Service Control Manager,DESKTOP-QUV3S97,"('Background Intelligent Transfer Service', 'auto start', 'demand start', 'BITS')"
2024-06-19 15:18:29,44,Information,Microsoft-Windows-WindowsUpdateClient,DESKTOP-QUV3S97,"('Security Intelligence Update for Microsoft Defender Antivirus - KB2267602 (Version 1.413.387.0) - Current Channel (Broad)', '{2e19852f-fd87-4053-8fdd-fc37c8088dbc}', '200')"
2024-06-19 15:18:33,43,Information,Microsoft-Windows-WindowsUpdateClient,DESKTOP-QUV3S97,"('Security Intelligence Update for Microsoft Defender Antivirus - KB2267602 (Version 1.413.387.0) - Current Channel (Broad)', '{2e19852f-fd87-4053-8fdd-fc37c8088dbc}', '200')"
2024-06-19 15:18:37,19,Information,Microsoft-Windows-WindowsUpdateClient,DESKTOP-QUV3S97,"('Security Intelligence Update for Microsoft Defender Antivirus - KB2267602 (Version 1.413.387.0) - Current Channel (Broad)', '{2e19852f-fd87-4053-8fdd-fc37c8088dbc}', '200', '{9482f4b4-e343-43b6-b170-9a65bc822c77}')"
2024-06-19 15:19:35,7040,Information,Service Control Manager,DESKTOP-QUV3S97,"('Background Intelligent Transfer Service', 'demand start', 'auto start', 'BITS')"
2024-06-19 15:19:39,113,Information,Microsoft-Windows-HttpService,DESKTOP-QUV3S97,"('18302628929120239629', 'http://*:2869/upnp/eventing/', '0', '17040', '\\Device\\HarddiskVolume3\\Windows\\System32\\svchost.exe', 'S-1-5-19')"
2024-06-19 15:19:44,114,Information,Microsoft-Windows-HttpService,DESKTOP-QUV3S97,"('18302628929120239629', 'http://*:2869/upnp/eventing/', '17040', '\\Device\\HarddiskVolume3\\Windows\\System32\\svchost.exe', 'S-1-5-19')"
2024-06-19 15:20:17,114,Information,Microsoft-Windows-HttpService,DESKTOP-QUV3S97,"('18302628933415206918', 'http://*:2869/upnp/eventing/', '17040', '\\Device\\HarddiskVolume3\\Windows\\System32\\svchost.exe', 'S-1-5-19')"
2024-06-19 15:20:21,114,Information,Microsoft-Windows-HttpService,DESKTOP-QUV3S97,"('18302628924825272321', 'http://*:2869/upnp/eventing/', '17040', '\\Device\\HarddiskVolume3\\Windows\\System32\\svchost.exe', 'S-1-5-19')"
2024-06-19 15:20:54,114,Information,Microsoft-Windows-HttpService,DESKTOP-QUV3S97,"('18302628924825272322', 'http://*:2869/upnp/eventing/', '17040', '\\Device\\HarddiskVolume3\\Windows\\System32\\svchost.exe', 'S-1-5-19')"
2024-06-19 15:22:58,7040,Information,Service Control Manager,DESKTOP-QUV3S97,"('Background Intelligent Transfer Service', 'auto start', 'demand start', 'BITS')"
2024-06-19 15:23:45,44,Information,Microsoft-Windows-WindowsUpdateClient,DESKTOP-QUV3S97,"('wch.cn - Net - 1.50.2024.1', '{778fecec-d88a-4666-aac7-3875cad36b4f}', '1')"
2024-06-19 15:58:40,16,Information,Microsoft-Windows-Kernel-General,DESKTOP-QUV3S97,"('110', '\\??\\C:\\Users\\win11\\AppData\\Local\\Packages\\Microsoft.WindowsNotepad_8wekyb3d8bbwe\\SystemAppData\\Helium\\User.dat', '9', '2')"
2024-06-19 16:02:44,10016,Warning,DCOM,DESKTOP-QUV3S97,"('application-specific', 'Local', 'Activation', '{2593F8B9-4EAF-457C-B68A-50F6B8EA6B54}', '{15C20B67-12E7-4BB6-92BB-7AFF07997402}', 'DESKTOP-QUV3S97', 'Adnan', 'S-1-5-21-1915879001-2348363783-178924610-1001', 'LocalHost (Using LRPC)', 'Unavailable', 'Unavailable')"
2024-06-19 16:08:44,5,Information,Microsoft-Windows-IsolatedUserMode,DESKTOP-QUV3S97,"('0', '0', '0', 'NULL')"
2024-06-19 16:08:45,2,Information,Microsoft-Windows-IsolatedUserMode,DESKTOP-QUV3S97,"('0', '0', '0')"
2024-06-19 16:08:46,16,Information,Microsoft-Windows-Kernel-General,DESKTOP-QUV3S97,"('108', '\\??\\C:\\Users\\win11\\AppData\\Local\\Packages\\Microsoft.MicrosoftEdge.Stable_8wekyb3d8bbwe\\Settings\\settings.dat', '1', '1')"
2024-06-19 16:09:44,7040,Information,Service Control Manager,DESKTOP-QUV3S97,"('Background Intelligent Transfer Service', 'demand start', 'auto start', 'BITS')"
2024-06-19 16:09:49,113,Information,Microsoft-Windows-HttpService,DESKTOP-QUV3S97,"('18302628899055468547', 'http://*:2869/upnp/eventing/', '0', '17040', '\\Device\\HarddiskVolume3\\Windows\\System32\\svchost.exe', 'S-1-5-19')"
2024-06-19 16:09:54,114,Information,Microsoft-Windows-HttpService,DESKTOP-QUV3S97,"('18302628899055468547', 'http://*:2869/upnp/eventing/', '17040', '\\Device\\HarddiskVolume3\\Windows\\System32\\svchost.exe', 'S-1-5-19')"
2024-06-19 16:10:37,114,Information,Microsoft-Windows-HttpService,DESKTOP-QUV3S97,"('18302628933415206920', 'http://*:2869/upnp/eventing/', '17040', '\\Device\\HarddiskVolume3\\Windows\\System32\\svchost.exe', 'S-1-5-19')"
2024-06-19 16:10:40,113,Information,Microsoft-Windows-HttpService,DESKTOP-QUV3S97,"('18302628929120239634', 'http://*:2869/upnp/eventing/', '0', '17040', '\\Device\\HarddiskVolume3\\Windows\\System32\\svchost.exe', 'S-1-5-19')"
2024-06-19 16:10:49,114,Information,Microsoft-Windows-HttpService,DESKTOP-QUV3S97,"('18302628929120239634', 'http://*:2869/upnp/eventing/', '17040', '\\Device\\HarddiskVolume3\\Windows\\System32\\svchost.exe', 'S-1-5-19')"
2024-06-19 16:12:53,7040,Information,Service Control Manager,DESKTOP-QUV3S97,"('Background Intelligent Transfer Service', 'auto start', 'demand start', 'BITS')"
2024-06-19 16:16:10,7045,Information,Service Control Manager,DESKTOP-QUV3S97,"('GoogleUpdater Service 128.0.6537.0 (GoogleUpdaterService128.0.6537.0)', '""C:\\Program Files (x86)\\Google\\GoogleUpdater\\128.0.6537.0\\updater.exe"" --system --windows-service --service=update', 'user mode service', 'auto start', 'LocalSystem')"
2024-06-19 16:38:03,44,Information,Microsoft-Windows-WindowsUpdateClient,DESKTOP-QUV3S97,"('9MSSGKG348SP-MicrosoftWindows.Client.WebExperience', '{646dd864-b562-407b-a367-b64329fdf4fc}', '1')"
2024-06-19 16:38:12,43,Information,Microsoft-Windows-WindowsUpdateClient,DESKTOP-QUV3S97,"('9N8MHTPHNGVV-Microsoft.Windows.DevHome', '{5ae7b668-38e4-4d11-b3d4-e212d0e54382}', '1')"
2024-06-19 16:38:17,44,Information,Microsoft-Windows-WindowsUpdateClient,DESKTOP-QUV3S97,"('9NTXGKQ8P7N0-MicrosoftWindows.CrossDevice', '{2b6b4478-1a45-402e-8301-4c0b904c07bf}', '1')"
2024-06-19 16:38:31,16,Information,Microsoft-Windows-Kernel-General,DESKTOP-QUV3S97,"('166', '\\??\\C:\\ProgramData\\Packages\\Microsoft.WindowsTerminal_8wekyb3d8bbwe\\S-1-5-21-1915879001-2348363783-178924610-1001\\SystemAppData\\Helium\\Cache\\1e7d2dc91f14a48_COM15.dat', '1', '1')"
2024-06-19 16:38:34,16,Information,Microsoft-Windows-Kernel-General,DESKTOP-QUV3S97,"('140', '\\??\\C:\\ProgramData\\Microsoft\\Windows\\AppRepository\\Packages\\MicrosoftWindows.CrossDevice_1.24052.57.0_x64__cw5n1h2txyewy\\ActivationStore.dat', '0', '0')"
2024-06-19 16:38:35,43,Information,Microsoft-Windows-WindowsUpdateClient,DESKTOP-QUV3S97,"('9NTXGKQ8P7N0-MicrosoftWindows.CrossDevice', '{2b6b4478-1a45-402e-8301-4c0b904c07bf}', '1')"
2024-06-19 16:38:36,19,Information,Microsoft-Windows-WindowsUpdateClient,DESKTOP-QUV3S97,"('9NTXGKQ8P7N0-MicrosoftWindows.CrossDevice', '{2b6b4478-1a45-402e-8301-4c0b904c07bf}', '1', '{855e8a7c-ecb4-4ca3-b045-1dfa50104289}')"
2024-06-19 16:38:41,44,Information,Microsoft-Windows-WindowsUpdateClient,DESKTOP-QUV3S97,"('9WZDNCRFJBMP-MICROSOFT.WINDOWSSTORE', '{d2a96b80-5254-49fd-8fba-0ff8511e4d6c}', '1')"
2024-06-19 16:38:43,16,Information,Microsoft-Windows-Kernel-General,DESKTOP-QUV3S97,"('151', '\\??\\C:\\ProgramData\\Microsoft\\Windows\\AppRepository\\Packages\\MicrosoftWindows.Client.WebExperience_524.13200.20.0_x64__cw5n1h2txyewy\\ActivationStore.dat', '0', '0')"
2024-06-19 16:38:44,43,Information,Microsoft-Windows-WindowsUpdateClient,DESKTOP-QUV3S97,"('9MSSGKG348SP-MicrosoftWindows.Client.WebExperience', '{646dd864-b562-407b-a367-b64329fdf4fc}', '1')"
2024-06-19 16:38:45,20,Error,Microsoft-Windows-WindowsUpdateClient,DESKTOP-QUV3S97,"('0x80073d02', '9MSSGKG348SP-MicrosoftWindows.Client.WebExperience', '{646dd864-b562-407b-a367-b64329fdf4fc}', '1', '{855e8a7c-ecb4-4ca3-b045-1dfa50104289}')"
2024-06-19 16:39:13,16,Information,Microsoft-Windows-Kernel-General,DESKTOP-QUV3S97,"('136', '\\??\\C:\\ProgramData\\Microsoft\\Windows\\AppRepository\\Packages\\Microsoft.WindowsStore_22405.1401.3.0_x64__8wekyb3d8bbwe\\ActivationStore.dat', '0', '0')"
2024-06-19 16:39:14,19,Information,Microsoft-Windows-WindowsUpdateClient,DESKTOP-QUV3S97,"('9WZDNCRFJBMP-MICROSOFT.WINDOWSSTORE', '{d2a96b80-5254-49fd-8fba-0ff8511e4d6c}', '1', '{855e8a7c-ecb4-4ca3-b045-1dfa50104289}')"
2024-06-19 16:39:59,16,Information,Microsoft-Windows-Kernel-General,DESKTOP-QUV3S97,"('154', '\\??\\C:\\ProgramData\\Microsoft\\Windows\\AppRepository\\Packages\\MicrosoftCorporationII.WindowsSubsystemForLinux_2.2.4.0_x64__8wekyb3d8bbwe\\ActivationStore.dat', '0', '0')"
2024-06-19 16:41:38,16,Information,Microsoft-Windows-Kernel-General,DESKTOP-QUV3S97,"('115', '\\??\\C:\\Users\\win11\\AppData\\Local\\Packages\\MicrosoftWindows.Client.WebExperience_cw5n1h2txyewy\\Settings\\settings.dat', '5', '1')"
2024-06-19 16:43:09,16,Information,Microsoft-Windows-Kernel-General,DESKTOP-QUV3S97,"('123', '\\??\\C:\\Users\\win11\\AppData\\Local\\Packages\\MicrosoftWindows.Client.WebExperience_cw5n1h2txyewy\\SystemAppData\\Helium\\User.dat', '32', '4')"
2024-06-19 16:44:20,44,Information,Microsoft-Windows-WindowsUpdateClient,DESKTOP-QUV3S97,"('9P5Z076K079H-MicrosoftCorporationII.WinAppRuntime.Singleton', '{eed415d8-14cd-4a79-94cd-e7592fba7316}', '1')"
2024-06-19 16:44:22,43,Information,Microsoft-Windows-WindowsUpdateClient,DESKTOP-QUV3S97,"('9P5Z076K079H-MicrosoftCorporationII.WinAppRuntime.Singleton', '{eed415d8-14cd-4a79-94cd-e7592fba7316}', '1')"
2024-06-19 16:44:23,19,Information,Microsoft-Windows-WindowsUpdateClient,DESKTOP-QUV3S97,"('9P5Z076K079H-MicrosoftCorporationII.WinAppRuntime.Singleton', '{eed415d8-14cd-4a79-94cd-e7592fba7316}', '1', '{855e8a7c-ecb4-4ca3-b045-1dfa50104289}')"
2024-06-19 16:44:26,44,Information,Microsoft-Windows-WindowsUpdateClient,DESKTOP-QUV3S97,"('9WZDNCRFJBH4-Microsoft.Windows.Photos', '{be50c26f-0e8a-48a0-866a-478d59e8165c}', '1')"
2024-06-19 16:44:30,44,Information,Microsoft-Windows-WindowsUpdateClient,DESKTOP-QUV3S97,"('9NKSQGP7F2NH-5319275A.WhatsAppDesktop', '{5c59b979-241f-4110-a1d0-5c608d3ab89a}', '1')"
2024-06-19 16:45:18,16,Information,Microsoft-Windows-Kernel-General,DESKTOP-QUV3S97,"('154', '\\??\\C:\\ProgramData\\Microsoft\\Windows\\AppRepository\\Packages\\microsoft.windowscommunicationsapps_16005.14326.21962.0_x64__8wekyb3d8bbwe\\ActivationStore.dat', '0', '0')"
2024-06-19 16:45:20,43,Information,Microsoft-Windows-WindowsUpdateClient,DESKTOP-QUV3S97,"('9WZDNCRFHVQM-MICROSOFT.WINDOWSCOMMUNICATIONSAPPS', '{657ee3ce-0977-4c2a-8872-f27b8cc1b120}', '1')"
2024-06-19 16:45:22,19,Information,Microsoft-Windows-WindowsUpdateClient,DESKTOP-QUV3S97,"('9WZDNCRFHVQM-MICROSOFT.WINDOWSCOMMUNICATIONSAPPS', '{657ee3ce-0977-4c2a-8872-f27b8cc1b120}', '1', '{855e8a7c-ecb4-4ca3-b045-1dfa50104289}')"
2024-06-19 16:45:27,44,Information,Microsoft-Windows-WindowsUpdateClient,DESKTOP-QUV3S97,"('9MZ95KL8MR0L-Microsoft.ScreenSketch', '{7c3250b1-788b-435e-95b6-e9a75b6fa94e}', '1')"
2024-06-19 16:45:32,7040,Information,Service Control Manager,DESKTOP-QUV3S97,"('Background Intelligent Transfer Service', 'demand start', 'auto start', 'BITS')"
2024-06-19 16:45:38,16,Information,Microsoft-Windows-Kernel-General,DESKTOP-QUV3S97,"('142', '\\??\\C:\\ProgramData\\Microsoft\\Windows\\AppRepository\\Packages\\Microsoft.Windows.Photos_2024.11060.12008.0_x64__8wekyb3d8bbwe\\ActivationStore.dat', '0', '0')"
2024-06-19 16:45:41,16,Information,Microsoft-Windows-Kernel-General,DESKTOP-QUV3S97,"('135', '\\??\\C:\\ProgramData\\Microsoft\\Windows\\AppRepository\\Packages\\5319275A.WhatsAppDesktop_2.2423.10.0_x64__cv1g1gvanyjgm\\ActivationStore.dat', '0', '0')"
2024-06-19 16:45:43,43,Information,Microsoft-Windows-WindowsUpdateClient,DESKTOP-QUV3S97,"('9NKSQGP7F2NH-5319275A.WhatsAppDesktop', '{5c59b979-241f-4110-a1d0-5c608d3ab89a}', '1')"
2024-06-19 16:45:47,16,Information,Microsoft-Windows-Kernel-General,DESKTOP-QUV3S97,"('102', '\\??\\C:\\Users\\win11\\AppData\\Local\\Packages\\Microsoft.Windows.Photos_8wekyb3d8bbwe\\Settings\\settings.dat', '19', '8')"
2024-06-19 16:45:50,44,Information,Microsoft-Windows-WindowsUpdateClient,DESKTOP-QUV3S97,"('9WZDNCRFHWKN-MICROSOFT.WINDOWSSOUNDRECORDER', '{ffe4bbd0-892f-4f05-a850-9b93d5dd147e}', '1')"
2024-06-19 16:45:53,16,Information,Microsoft-Windows-Kernel-General,DESKTOP-QUV3S97,"('134', '\\??\\C:\\ProgramData\\Microsoft\\Windows\\AppRepository\\Packages\\Microsoft.ScreenSketch_11.2405.32.0_x64__8wekyb3d8bbwe\\ActivationStore.dat', '0', '0')"
2024-06-19 16:45:54,44,Information,Microsoft-Windows-WindowsUpdateClient,DESKTOP-QUV3S97,"('9P1J8S7CCWWT-Clipchamp.Clipchamp', '{2ef1e11c-5c54-415a-80f6-444e237534a9}', '1')"
2024-06-19 16:45:55,16,Information,Microsoft-Windows-Kernel-General,DESKTOP-QUV3S97,"('100', '\\??\\C:\\Users\\win11\\AppData\\Local\\Packages\\Microsoft.ScreenSketch_8wekyb3d8bbwe\\Settings\\settings.dat', '1', '1')"
2024-06-19 16:45:56,16,Information,Microsoft-Windows-Kernel-General,DESKTOP-QUV3S97,"('141', '\\??\\C:\\ProgramData\\Microsoft\\Windows\\AppRepository\\Packages\\Microsoft.WindowsSoundRecorder_11.2405.0.0_x64__8wekyb3d8bbwe\\ActivationStore.dat', '0', '0')"
2024-06-19 16:45:58,44,Information,Microsoft-Windows-WindowsUpdateClient,DESKTOP-QUV3S97,"('9MSMLRH6LZF3-Microsoft.WindowsNotepad', '{6febe620-e505-438c-95aa-7cefd0d9ac9e}', '1')"
2024-06-19 16:45:59,16,Information,Microsoft-Windows-Kernel-General,DESKTOP-QUV3S97,"('108', '\\??\\C:\\Users\\win11\\AppData\\Local\\Packages\\Microsoft.WindowsSoundRecorder_8wekyb3d8bbwe\\Settings\\settings.dat', '1', '1')"
2024-06-19 16:46:01,19,Information,Microsoft-Windows-WindowsUpdateClient,DESKTOP-QUV3S97,"('9WZDNCRFHWKN-MICROSOFT.WINDOWSSOUNDRECORDER', '{ffe4bbd0-892f-4f05-a850-9b93d5dd147e}', '1', '{855e8a7c-ecb4-4ca3-b045-1dfa50104289}')"
2024-06-19 16:46:07,16,Information,Microsoft-Windows-Kernel-General,DESKTOP-QUV3S97,"('134', '\\??\\C:\\ProgramData\\Microsoft\\Windows\\AppRepository\\Packages\\Clipchamp.Clipchamp_3.1.10620.0_neutral__yxz26nhyzhsrt\\ActivationStore.dat', '0', '0')"
2024-06-19 16:46:09,43,Information,Microsoft-Windows-WindowsUpdateClient,DESKTOP-QUV3S97,"('9P1J8S7CCWWT-Clipchamp.Clipchamp', '{2ef1e11c-5c54-415a-80f6-444e237534a9}', '1')"
2024-06-19 16:46:10,19,Information,Microsoft-Windows-WindowsUpdateClient,DESKTOP-QUV3S97,"('9P1J8S7CCWWT-Clipchamp.Clipchamp', '{2ef1e11c-5c54-415a-80f6-444e237534a9}', '1', '{855e8a7c-ecb4-4ca3-b045-1dfa50104289}')"
2024-06-19 16:46:15,16,Information,Microsoft-Windows-Kernel-General,DESKTOP-QUV3S97,"('136', '\\??\\C:\\ProgramData\\Microsoft\\Windows\\AppRepository\\Packages\\Microsoft.WindowsNotepad_11.2405.13.0_x64__8wekyb3d8bbwe\\ActivationStore.dat', '0', '0')"
2024-06-19 16:46:16,43,Information,Microsoft-Windows-WindowsUpdateClient,DESKTOP-QUV3S97,"('9MSMLRH6LZF3-Microsoft.WindowsNotepad', '{6febe620-e505-438c-95aa-7cefd0d9ac9e}', '1')"
2024-06-19 16:46:17,20,Error,Microsoft-Windows-WindowsUpdateClient,DESKTOP-QUV3S97,"('0x80073d02', '9MSMLRH6LZF3-Microsoft.WindowsNotepad', '{6febe620-e505-438c-95aa-7cefd0d9ac9e}', '1', '{855e8a7c-ecb4-4ca3-b045-1dfa50104289}')"
2024-06-19 16:47:36,7040,Information,Service Control Manager,DESKTOP-QUV3S97,"('Background Intelligent Transfer Service', 'auto start', 'demand start', 'BITS')"
2024-06-19 17:08:23,10016,Warning,DCOM,DESKTOP-QUV3S97,"('application-specific', 'Local', 'Activation', '{2593F8B9-4EAF-457C-B68A-50F6B8EA6B54}', '{15C20B67-12E7-4BB6-92BB-7AFF07997402}', 'DESKTOP-QUV3S97', 'Adnan', 'S-1-5-21-1915879001-2348363783-178924610-1001', 'LocalHost (Using LRPC)', 'MicrosoftWindows.Client.WebExperience_524.13200.20.0_x64__cw5n1h2txyewy', 'Unavailable')"
2024-06-19 18:00:01,1800,Warning,Microsoft-Windows-TPM-WMI,DESKTOP-QUV3S97,"('6',)"
2024-06-19 19:22:28,16,Information,Microsoft-Windows-Kernel-General,DESKTOP-QUV3S97,"('115', '\\??\\C:\\Users\\win11\\AppData\\Local\\Packages\\Microsoft.Windows.ShellExperienceHost_cw5n1h2txyewy\\Settings\\settings.dat', '2', '1')"
2024-06-19 19:44:53,16,Information,Microsoft-Windows-Kernel-General,DESKTOP-QUV3S97,"('105', '\\??\\C:\\Users\\win11\\AppData\\Local\\Packages\\Microsoft.WindowsCalculator_8wekyb3d8bbwe\\Settings\\settings.dat', '1', '1')"
2024-06-19 20:08:44,2,Information,Microsoft-Windows-IsolatedUserMode,DESKTOP-QUV3S97,"('0', '0', '0')"
2024-06-19 20:08:45,5,Information,Microsoft-Windows-IsolatedUserMode,DESKTOP-QUV3S97,"('0', '0', '0', 'NULL')"
2024-06-19 20:09:41,7040,Information,Service Control Manager,DESKTOP-QUV3S97,"('Background Intelligent Transfer Service', 'demand start', 'auto start', 'BITS')"
2024-06-19 20:09:45,113,Information,Microsoft-Windows-HttpService,DESKTOP-QUV3S97,"('18302628894760501249', 'http://*:2869/upnp/eventing/', '0', '17040', '\\Device\\HarddiskVolume3\\Windows\\System32\\svchost.exe', 'S-1-5-19')"
2024-06-19 20:09:50,114,Information,Microsoft-Windows-HttpService,DESKTOP-QUV3S97,"('18302628894760501249', 'http://*:2869/upnp/eventing/', '17040', '\\Device\\HarddiskVolume3\\Windows\\System32\\svchost.exe', 'S-1-5-19')"
2024-06-19 20:10:01,114,Information,Microsoft-Windows-HttpService,DESKTOP-QUV3S97,"('18302628929120239635', 'http://*:2869/upnp/eventing/', '17040', '\\Device\\HarddiskVolume3\\Windows\\System32\\svchost.exe', 'S-1-5-19')"
2024-06-19 20:11:22,114,Information,Microsoft-Windows-HttpService,DESKTOP-QUV3S97,"('18302628929120239636', 'http://*:2869/upnp/eventing/', '17040', '\\Device\\HarddiskVolume3\\Windows\\System32\\svchost.exe', 'S-1-5-19')"
2024-06-19 20:11:26,114,Information,Microsoft-Windows-HttpService,DESKTOP-QUV3S97,"('18302628929120239637', 'http://*:2869/upnp/eventing/', '17040', '\\Device\\HarddiskVolume3\\Windows\\System32\\svchost.exe', 'S-1-5-19')"
2024-06-19 20:13:30,7040,Information,Service Control Manager,DESKTOP-QUV3S97,"('Background Intelligent Transfer Service', 'auto start', 'demand start', 'BITS')"
2024-06-19 22:27:36,566,Information,Microsoft-Windows-Kernel-Power,DESKTOP-QUV3S97,"('67', '12', '8', '0', '26370698769', '44060', '45440', '45580', '45580', '9', '1', 'true', '12')"
2024-06-19 22:27:38,19,Information,Microsoft-Windows-WindowsUpdateClient,DESKTOP-QUV3S97,"('9MSSGKG348SP-MicrosoftWindows.Client.WebExperience', '{646dd864-b562-407b-a367-b64329fdf4fc}', '1', '{855e8a7c-ecb4-4ca3-b045-1dfa50104289}')"
2024-06-19 22:28:02,566,Information,Microsoft-Windows-Kernel-Power,DESKTOP-QUV3S97,"('67', '12', '9', '1', '25330951', '45580', '45580', '45580', '45580', '10', '2', 'true', '12')"
2024-06-19 23:17:38,507,Information,Microsoft-Windows-Kernel-Power,DESKTOP-QUV3S97,"('0', '87430370', '26735679091', '62300007', '2913851318', '3001281688', '34', '89', 'false', '32', '0', '4163071', 'true', '2909988092', '181947', 'false', 'true', '728813', '7', '0', 'true', 'true', '11', 'false', '45580', '45580', '9', '67', '0', '18446744047006192270', '2913851318', '2909988092', '0', '0', '104412', 'true', '45580', '45580', '25330951', '45580', '45580', '2975951081', '45580', '45580', '45580', '45580', '4', '0')"
2024-06-19 23:18:20,107,Information,Microsoft-Windows-Kernel-Power,DESKTOP-QUV3S97,"('6', '5', '5', '1601-01-01T00:00:00.0000000Z', '1601-01-01T00:00:00.0000000Z', '0', '0')"
2024-06-20 10:33:25,1,Information,Microsoft-Windows-Kernel-General,DESKTOP-QUV3S97,"('2024-06-20T04:33:25.5000000Z', '2024-06-19T17:18:20.3768752Z', '40505123', '2', '', '4', '2024-06-20T10:33:25.5000000Z', '-360', 'false', 'false')"
2024-06-20 10:33:26,10317,Error,Microsoft-Windows-NDIS,DESKTOP-QUV3S97,"('{3528189a-0c81-4580-84e0-31a0b563979f}', '10', '19985273152602112', 'Microsoft Wi-Fi Direct Virtual Adapter #2', '74')"
2024-06-20 10:33:35,16,Information,Microsoft-Windows-Kernel-General,DESKTOP-QUV3S97,"('105', '\\??\\C:\\Users\\win11\\AppData\\Local\\Packages\\MicrosoftWindows.Client.CBS_cw5n1h2txyewy\\Settings\\settings.dat', '17', '7')"
2024-06-20 10:34:11,37,Information,Microsoft-Windows-Time-Service,DESKTOP-QUV3S97,"('time.windows.com,0x9 (ntp.m|0x9|0.0.0.0:123->52.148.114.188:123)',)"
2024-06-20 10:34:30,24,Information,Microsoft-Windows-Kernel-General,DESKTOP-QUV3S97,"('0', '-360', '0', '0', '0')"
2024-06-20 10:35:10,16,Information,Microsoft-Windows-Kernel-General,DESKTOP-QUV3S97,"('92', '\\??\\C:\\Users\\win11\\AppData\\Local\\Packages\\MicrosoftTeams_8wekyb3d8bbwe\\Settings\\settings.dat', '2', '1')"
2024-06-20 10:35:12,16,Information,Microsoft-Windows-Kernel-General,DESKTOP-QUV3S97,"('97', '\\??\\C:\\Users\\win11\\AppData\\Local\\Packages\\Microsoft.YourPhone_8wekyb3d8bbwe\\Settings\\settings.dat', '49', '6')"
2024-06-20 10:35:15,5,Information,Microsoft-Windows-IsolatedUserMode,DESKTOP-QUV3S97,"('0', '0', '0', 'NULL')"
2024-06-20 10:35:19,16,Information,Microsoft-Windows-Kernel-General,DESKTOP-QUV3S97,"('129', '\\??\\C:\\Users\\win11\\AppData\\Local\\Packages\\AdvancedMicroDevicesInc-2.AMDRadeonSoftware_0a9344xs7nr4m\\SystemAppData\\Helium\\User.dat', '32', '3')"
2024-06-20 10:35:20,2,Information,Microsoft-Windows-IsolatedUserMode,DESKTOP-QUV3S97,"('0', '0', '0')"
2024-06-20 10:35:22,16,Information,Microsoft-Windows-Kernel-General,DESKTOP-QUV3S97,"('104', '\\??\\C:\\Users\\win11\\AppData\\Local\\Packages\\Microsoft.SkypeApp_kzf8qxf38zg5c\\SystemAppData\\Helium\\User.dat', '17', '2')"
2024-06-20 10:35:23,10016,Warning,DCOM,DESKTOP-QUV3S97,"('application-specific', 'Local', 'Activation', '{2593F8B9-4EAF-457C-B68A-50F6B8EA6B54}', '{15C20B67-12E7-4BB6-92BB-7AFF07997402}', 'DESKTOP-QUV3S97', 'Adnan', 'S-1-5-21-1915879001-2348363783-178924610-1001', 'LocalHost (Using LRPC)', 'Microsoft.SkypeApp_15.120.3207.0_x64__kzf8qxf38zg5c', 'Unavailable')"
2024-06-20 10:35:24,10016,Warning,DCOM,DESKTOP-QUV3S97,"('application-specific', 'Local', 'Activation', '{2593F8B9-4EAF-457C-B68A-50F6B8EA6B54}', '{15C20B67-12E7-4BB6-92BB-7AFF07997402}', 'DESKTOP-QUV3S97', 'Adnan', 'S-1-5-21-1915879001-2348363783-178924610-1001', 'LocalHost (Using LRPC)', 'Microsoft.SkypeApp_15.120.3207.0_x64__kzf8qxf38zg5c', 'Unavailable')"
2024-06-20 10:35:25,16,Information,Microsoft-Windows-Kernel-General,DESKTOP-QUV3S97,"('100', '\\??\\C:\\Users\\win11\\AppData\\Local\\Packages\\MicrosoftTeams_8wekyb3d8bbwe\\SystemAppData\\Helium\\User.dat', '39', '4')"
2024-06-20 10:35:26,16,Information,Microsoft-Windows-Kernel-General,DESKTOP-QUV3S97,"('111', '\\??\\C:\\Users\\win11\\AppData\\Local\\Packages\\AD2F1837.HPThermalControl_v10z8vjag6ke6\\SystemAppData\\Helium\\User.dat', '7', '1')"
2024-06-20 10:35:27,16,Information,Microsoft-Windows-Kernel-General,DESKTOP-QUV3S97,"('103', '\\??\\C:\\Users\\win11\\AppData\\Local\\Packages\\AD2F1837.HPThermalControl_v10z8vjag6ke6\\Settings\\settings.dat', '5', '1')"
2024-06-20 10:36:27,114,Information,Microsoft-Windows-HttpService,DESKTOP-QUV3S97,"('18302628894760501250', 'http://*:2869/upnp/eventing/', '17040', '\\Device\\HarddiskVolume3\\Windows\\System32\\svchost.exe', 'S-1-5-19')"
2024-06-20 10:37:12,114,Information,Microsoft-Windows-HttpService,DESKTOP-QUV3S97,"('18302628903350435842', 'http://*:2869/upnp/eventing/', '17040', '\\Device\\HarddiskVolume3\\Windows\\System32\\svchost.exe', 'S-1-5-19')"
2024-06-20 10:38:08,114,Information,Microsoft-Windows-HttpService,DESKTOP-QUV3S97,"('18302628886170566658', 'http://*:2869/upnp/eventing/', '17040', '\\Device\\HarddiskVolume3\\Windows\\System32\\svchost.exe', 'S-1-5-19')"
2024-06-20 10:38:26,114,Information,Microsoft-Windows-HttpService,DESKTOP-QUV3S97,"('18302628933415206924', 'http://*:2869/upnp/eventing/', '17040', '\\Device\\HarddiskVolume3\\Windows\\System32\\svchost.exe', 'S-1-5-19')"
2024-06-20 10:38:47,114,Information,Microsoft-Windows-HttpService,DESKTOP-QUV3S97,"('18302628929120239639', 'http://*:2869/upnp/eventing/', '17040', '\\Device\\HarddiskVolume3\\Windows\\System32\\svchost.exe', 'S-1-5-19')"
2024-06-20 10:38:53,114,Information,Microsoft-Windows-HttpService,DESKTOP-QUV3S97,"('18302628929120239640', 'http://*:2869/upnp/eventing/', '17040', '\\Device\\HarddiskVolume3\\Windows\\System32\\svchost.exe', 'S-1-5-19')"
2024-06-20 10:38:58,114,Information,Microsoft-Windows-HttpService,DESKTOP-QUV3S97,"('18302628929120239642', 'http://*:2869/upnp/eventing/', '17040', '\\Device\\HarddiskVolume3\\Windows\\System32\\svchost.exe', 'S-1-5-19')"
2024-06-20 10:39:25,1800,Warning,Microsoft-Windows-TPM-WMI,DESKTOP-QUV3S97,"('6',)"
2024-06-20 10:41:04,7040,Information,Service Control Manager,DESKTOP-QUV3S97,"('Background Intelligent Transfer Service', 'auto start', 'demand start', 'BITS')"
2024-06-20 10:48:56,44,Information,Microsoft-Windows-WindowsUpdateClient,DESKTOP-QUV3S97,"('Security Intelligence Update for Microsoft Defender Antivirus - KB2267602 (Version 1.413.404.0) - Current Channel (Broad)', '{b2f0cc4d-6779-4ac9-b70f-f6caf87f70f1}', '200')"
2024-06-20 10:49:02,19,Information,Microsoft-Windows-WindowsUpdateClient,DESKTOP-QUV3S97,"('Security Intelligence Update for Microsoft Defender Antivirus - KB2267602 (Version 1.413.404.0) - Current Channel (Broad)', '{b2f0cc4d-6779-4ac9-b70f-f6caf87f70f1}', '200', '{9482f4b4-e343-43b6-b170-9a65bc822c77}')"
2024-06-20 11:21:24,10016,Warning,DCOM,DESKTOP-QUV3S97,"('application-specific', 'Local', 'Activation', '{2593F8B9-4EAF-457C-B68A-50F6B8EA6B54}', '{15C20B67-12E7-4BB6-92BB-7AFF07997402}', 'DESKTOP-QUV3S97', 'Adnan', 'S-1-5-21-1915879001-2348363783-178924610-1001', 'LocalHost (Using LRPC)', 'Microsoft.SkypeApp_15.120.3207.0_x64__kzf8qxf38zg5c', 'Unavailable')"
2024-06-20 11:21:25,10016,Warning,DCOM,DESKTOP-QUV3S97,"('application-specific', 'Local', 'Activation', '{2593F8B9-4EAF-457C-B68A-50F6B8EA6B54}', '{15C20B67-12E7-4BB6-92BB-7AFF07997402}', 'DESKTOP-QUV3S97', 'Adnan', 'S-1-5-21-1915879001-2348363783-178924610-1001', 'LocalHost (Using LRPC)', 'Microsoft.SkypeApp_15.120.3207.0_x64__kzf8qxf38zg5c', 'Unavailable')"
2024-06-20 12:00:01,6013,Information,EventLog,DESKTOP-QUV3S97,"('', '', '', '', '656384', '60', '')"
2024-06-20 13:24:28,10016,Warning,DCOM,DESKTOP-QUV3S97,"('application-specific', 'Local', 'Activation', '{2593F8B9-4EAF-457C-B68A-50F6B8EA6B54}', '{15C20B67-12E7-4BB6-92BB-7AFF07997402}', 'DESKTOP-QUV3S97', 'Adnan', 'S-1-5-21-1915879001-2348363783-178924610-1001', 'LocalHost (Using LRPC)', 'Unavailable', 'Unavailable')"
2024-06-20 13:47:07,16,Information,Microsoft-Windows-Kernel-General,DESKTOP-QUV3S97,"('134', '\\??\\C:\\ProgramData\\Microsoft\\Windows\\AppRepository\\Packages\\5319275A.WhatsAppDesktop_2.2424.6.0_x64__cv1g1gvanyjgm\\ActivationStore.dat', '0', '0')"
2024-06-20 13:47:10,16,Information,Microsoft-Windows-Kernel-General,DESKTOP-QUV3S97,"('131', '\\??\\C:\\ProgramData\\Microsoft\\Windows\\AppRepository\\Packages\\Microsoft.SkypeApp_15.122.3205.0_x64__kzf8qxf38zg5c\\ActivationStore.dat', '0', '0')"
2024-06-20 15:36:27,114,Information,Microsoft-Windows-HttpService,DESKTOP-QUV3S97,"('18302628933415206926', 'http://*:2869/upnp/eventing/', '17040', '\\Device\\HarddiskVolume3\\Windows\\System32\\svchost.exe', 'S-1-5-19')"
2024-06-20 15:38:42,7040,Information,Service Control Manager,DESKTOP-QUV3S97,"('Background Intelligent Transfer Service', 'auto start', 'demand start', 'BITS')"
2024-06-20 16:20:39,10016,Warning,DCOM,DESKTOP-QUV3S97,"('application-specific', 'Local', 'Activation', '{2593F8B9-4EAF-457C-B68A-50F6B8EA6B54}', '{15C20B67-12E7-4BB6-92BB-7AFF07997402}', 'DESKTOP-QUV3S97', 'Adnan', 'S-1-5-21-1915879001-2348363783-178924610-1001', 'LocalHost (Using LRPC)', 'Unavailable', 'Unavailable')"
2024-06-20 17:36:50,19,Information,Microsoft-Windows-WindowsUpdateClient,DESKTOP-QUV3S97,"('Security Intelligence Update for Microsoft Defender Antivirus - KB2267602 (Version 1.413.409.0) - Current Channel (Broad)', '{567b22e9-3e11-461a-b712-8282448ece63}', '200', '{9482f4b4-e343-43b6-b170-9a65bc822c77}')"
2024-06-20 18:00:01,1800,Warning,Microsoft-Windows-TPM-WMI,DESKTOP-QUV3S97,"('6',)"
2024-06-20 18:57:45,7040,Information,Service Control Manager,DESKTOP-QUV3S97,"('Background Intelligent Transfer Service', 'auto start', 'demand start', 'BITS')"
2024-06-20 20:39:13,7040,Information,Service Control Manager,DESKTOP-QUV3S97,"('Windows Event Collector', 'demand start', 'auto start', 'Wecsvc')"
2024-06-20 21:50:46,15,Information,Microsoft-Windows-Kernel-General,DESKTOP-QUV3S97,"('41', '\\??\\C:\\Windows\\System32\\config\\COMPONENTS', '39841792', '36880384')"
2024-06-20 21:51:07,577,Information,Microsoft-Windows-Kernel-Power,DESKTOP-QUV3S97,"('0', 'false', '279')"
2024-06-20 21:51:24,12,Information,Microsoft-Windows-Kernel-General,DESKTOP-QUV3S97,"('10', '0', '22621', '3733', '0', '0', '2024-06-20T15:51:24.5000000Z')"
2024-06-20 21:51:25,16,Information,Microsoft-Windows-HAL,DESKTOP-QUV3S97,
2024-06-20 21:51:26,98,Information,Microsoft-Windows-Ntfs,DESKTOP-QUV3S97,"('D:', '\\Device\\HarddiskVolume4', '0')"
2024-06-20 21:51:30,10118,Information,Microsoft-Windows-DriverFrameworks-UserMode,DESKTOP-QUV3S97,
2024-06-20 21:51:37,16,Information,Microsoft-Windows-Kernel-General,DESKTOP-QUV3S97,"('45', '\\??\\C:\\Windows\\AppCompat\\Programs\\Amcache.hve', '3532', '1184')"
2024-06-20 21:53:53,577,Information,Microsoft-Windows-Kernel-Power,DESKTOP-QUV3S97,"('0', 'false', '279')"
2024-06-22 14:39:24,12,Information,Microsoft-Windows-Kernel-General,DESKTOP-QUV3S97,"('10', '0', '22621', '3733', '0', '0', '2024-06-22T08:39:24.5000000Z')"
2024-06-22 14:39:25,6,Information,Microsoft-Windows-FilterManager,DESKTOP-QUV3S97,"('0x0', '10', '0', '8', 'FileInfo', '2079-02-27T04:03:00.0000000Z')"
2024-06-22 14:39:28,55,Information,Microsoft-Windows-Kernel-Processor-Power,DESKTOP-QUV3S97,"('0', '3', '3', '4', '2301', '203', '48', '17', '3')"
2024-06-22 14:39:30,10118,Information,Microsoft-Windows-DriverFrameworks-UserMode,DESKTOP-QUV3S97,
2024-06-22 14:39:36,1282,Information,Microsoft-Windows-TPM-WMI,DESKTOP-QUV3S97,
2024-06-22 14:40:24,10016,Warning,DCOM,DESKTOP-QUV3S97,"('application-specific', 'Local', 'Activation', '{2593F8B9-4EAF-457C-B68A-50F6B8EA6B54}', '{15C20B67-12E7-4BB6-92BB-7AFF07997402}', 'DESKTOP-QUV3S97', 'Adnan', 'S-1-5-21-1915879001-2348363783-178924610-1001', 'LocalHost (Using LRPC)', 'Microsoft.SkypeApp_15.122.3205.0_x64__kzf8qxf38zg5c', 'Unavailable')"
2024-06-22 14:41:21,113,Information,Microsoft-Windows-HttpService,DESKTOP-QUV3S97,"('18302628933415206913', 'http://*:2869/upnp/eventing/', '0', '12044', '\\Device\\HarddiskVolume3\\Windows\\System32\\svchost.exe', 'S-1-5-19')"
2024-06-22 14:41:40,37,Information,Microsoft-Windows-Time-Service,DESKTOP-QUV3S97,"('time.windows.com,0x9 (ntp.m|0x9|0.0.0.0:123->52.148.114.188:123)',)"
2024-06-22 14:44:54,10016,Warning,DCOM,DESKTOP-QUV3S97,"('application-specific', 'Local', 'Activation', '{6B3B8D23-FA8D-40B9-8DBD-B950333E2C52}', '{4839DDB7-58C2-48F5-8283-E1D1807D0D7D}', 'NT AUTHORITY', 'LOCAL SERVICE', 'S-1-5-19', 'LocalHost (Using LRPC)', 'Unavailable', 'Unavailable')"
2024-06-22 14:45:13,1014,Warning,Microsoft-Windows-DNS-Client,DESKTOP-QUV3S97,"('in.grammarly.com', '128', '02000000C0A80001000000000000000000000000000000000000000000000000000000000000000000000000000000000000000000000000000000000000000000000000000000000000000000000000000000000000000000000000000000000000000000000000000000000000000000000000000000000000000000000000', '19364')"
2024-06-22 14:45:44,111,Information,Microsoft-Windows-HttpService,DESKTOP-QUV3S97,"('18302628920530305025', '0', '13196', '\\Device\\HarddiskVolume3\\Windows\\System32\\svchost.exe', 'S-1-5-19')"
2024-06-22 14:45:45,113,Information,Microsoft-Windows-HttpService,DESKTOP-QUV3S97,"('18302628890465533953', 'http://*:2869/upnp/eventing/', '0', '12044', '\\Device\\HarddiskVolume3\\Windows\\System32\\svchost.exe', 'S-1-5-19')"
2024-06-22 14:45:46,113,Information,Microsoft-Windows-HttpService,DESKTOP-QUV3S97,"('18158513732454449153', 'http://*:2869/upnp/eventing/', '0', '12044', '\\Device\\HarddiskVolume3\\Windows\\System32\\svchost.exe', 'S-1-5-19')"
2024-06-22 14:46:03,114,Information,Microsoft-Windows-HttpService,DESKTOP-QUV3S97,"('18158513732454449153', 'http://*:2869/upnp/eventing/', '12044', '\\Device\\HarddiskVolume3\\Windows\\System32\\svchost.exe', 'S-1-5-19')"
2024-06-22 14:46:04,114,Information,Microsoft-Windows-HttpService,DESKTOP-QUV3S97,"('18302628903350435842', 'http://*:2869/upnp/eventing/', '12044', '\\Device\\HarddiskVolume3\\Windows\\System32\\svchost.exe', 'S-1-5-19')"
2024-06-22 14:47:33,44,Information,Microsoft-Windows-WindowsUpdateClient,DESKTOP-QUV3S97,"('9WZDNCRFJBMP-MICROSOFT.WINDOWSSTORE', '{05fd6207-315f-44a7-aa4f-e90c642b651c}', '1')"
2024-06-22 14:48:11,7040,Information,Service Control Manager,DESKTOP-QUV3S97,"('Background Intelligent Transfer Service', 'auto start', 'demand start', 'BITS')"
2024-06-22 14:49:01,16,Information,Microsoft-Windows-Kernel-General,DESKTOP-QUV3S97,"('136', '\\??\\C:\\ProgramData\\Microsoft\\Windows\\AppRepository\\Packages\\Microsoft.WindowsStore_22405.1401.5.0_x64__8wekyb3d8bbwe\\ActivationStore.dat', '0', '0')"
2024-06-22 14:49:04,43,Information,Microsoft-Windows-WindowsUpdateClient,DESKTOP-QUV3S97,"('9WZDNCRFJBMP-MICROSOFT.WINDOWSSTORE', '{05fd6207-315f-44a7-aa4f-e90c642b651c}', '1')"
2024-06-22 14:49:06,19,Information,Microsoft-Windows-WindowsUpdateClient,DESKTOP-QUV3S97,"('9WZDNCRFJBMP-MICROSOFT.WINDOWSSTORE', '{05fd6207-315f-44a7-aa4f-e90c642b651c}', '1', '{855e8a7c-ecb4-4ca3-b045-1dfa50104289}')"
2024-06-22 14:50:11,44,Information,Microsoft-Windows-WindowsUpdateClient,DESKTOP-QUV3S97,"('Security Intelligence Update for Microsoft Defender Antivirus - KB2267602 (Version 1.413.445.0) - Current Channel (Broad)', '{6377cfc1-8881-4195-aed5-9f0cd4fd1dbf}', '200')"
2024-06-22 14:50:23,19,Information,Microsoft-Windows-WindowsUpdateClient,DESKTOP-QUV3S97,"('Security Intelligence Update for Microsoft Defender Antivirus - KB2267602 (Version 1.413.445.0) - Current Channel (Broad)', '{6377cfc1-8881-4195-aed5-9f0cd4fd1dbf}', '200', '{9482f4b4-e343-43b6-b170-9a65bc822c77}')"
2024-06-22 14:58:26,113,Information,Microsoft-Windows-HttpService,DESKTOP-QUV3S97,"('18302628899055468545', 'http://*:2869/upnp/eventing/', '0', '12044', '\\Device\\HarddiskVolume3\\Windows\\System32\\svchost.exe', 'S-1-5-19')"
2024-06-22 14:58:30,114,Information,Microsoft-Windows-HttpService,DESKTOP-QUV3S97,"('18302628899055468545', 'http://*:2869/upnp/eventing/', '12044', '\\Device\\HarddiskVolume3\\Windows\\System32\\svchost.exe', 'S-1-5-19')"
2024-06-22 14:58:54,158,Information,Microsoft-Windows-Time-Service,DESKTOP-QUV3S97,"('VMICTimeProvider',)"
2024-06-22 15:00:42,7040,Information,Service Control Manager,DESKTOP-QUV3S97,"('Background Intelligent Transfer Service', 'auto start', 'demand start', 'BITS')"
2024-06-22 15:15:58,158,Information,Microsoft-Windows-Time-Service,DESKTOP-QUV3S97,"('VMICTimeProvider',)"
2024-06-22 15:33:02,158,Information,Microsoft-Windows-Time-Service,DESKTOP-QUV3S97,"('VMICTimeProvider',)"
2024-06-22 15:50:06,158,Information,Microsoft-Windows-Time-Service,DESKTOP-QUV3S97,"('VMICTimeProvider',)"
2024-06-22 16:02:06,10016,Warning,DCOM,DESKTOP-QUV3S97,"('application-specific', 'Local', 'Activation', '{2593F8B9-4EAF-457C-B68A-50F6B8EA6B54}', '{15C20B67-12E7-4BB6-92BB-7AFF07997402}', 'DESKTOP-QUV3S97', 'Adnan', 'S-1-5-21-1915879001-2348363783-178924610-1001', 'LocalHost (Using LRPC)', 'MicrosoftWindows.Client.WebExperience_524.13200.20.0_x64__cw5n1h2txyewy', 'Unavailable')"
2024-06-22 16:20:21,44,Information,Microsoft-Windows-WindowsUpdateClient,DESKTOP-QUV3S97,"('9PCFS5B6T72H-Microsoft.Paint', '{91f3fe23-51cc-45d5-a37f-ad60ea6f2f6a}', '1')"
2024-06-22 16:20:26,44,Information,Microsoft-Windows-WindowsUpdateClient,DESKTOP-QUV3S97,"('9P086NHDNB9W-Microsoft.XboxSpeechtoTextOverlay', '{0fe9b276-1904-4c51-a604-b9d791936b3d}', '1')"
2024-06-22 16:20:40,7040,Information,Service Control Manager,DESKTOP-QUV3S97,"('Windows Modules Installer', 'demand start', 'auto start', 'TrustedInstaller')"
2024-06-22 16:20:41,7040,Information,Service Control Manager,DESKTOP-QUV3S97,"('Windows Modules Installer', 'demand start', 'auto start', 'TrustedInstaller')"
2024-06-22 16:21:02,16,Information,Microsoft-Windows-Kernel-General,DESKTOP-QUV3S97,"('129', '\\??\\C:\\ProgramData\\Microsoft\\Windows\\AppRepository\\Packages\\Microsoft.Paint_11.2404.1018.0_x64__8wekyb3d8bbwe\\ActivationStore.dat', '0', '0')"
2024-06-22 16:21:03,43,Information,Microsoft-Windows-WindowsUpdateClient,DESKTOP-QUV3S97,"('9PCFS5B6T72H-Microsoft.Paint', '{91f3fe23-51cc-45d5-a37f-ad60ea6f2f6a}', '1')"
2024-06-22 16:21:04,19,Information,Microsoft-Windows-WindowsUpdateClient,DESKTOP-QUV3S97,"('9PCFS5B6T72H-Microsoft.Paint', '{91f3fe23-51cc-45d5-a37f-ad60ea6f2f6a}', '1', '{855e8a7c-ecb4-4ca3-b045-1dfa50104289}')"
2024-06-22 16:21:24,7040,Information,Service Control Manager,DESKTOP-QUV3S97,"('Windows Modules Installer', 'auto start', 'demand start', 'TrustedInstaller')"
2024-06-22 16:24:19,7040,Information,Service Control Manager,DESKTOP-QUV3S97,"('Background Intelligent Transfer Service', 'auto start', 'demand start', 'BITS')"
2024-06-22 16:59:24,566,Information,Microsoft-Windows-Kernel-Power,DESKTOP-QUV3S97,"('69', '12', '1', '1', '23339188', '45420', '45420', '45420', '45420', '2', '2', 'true', '12')"
2024-06-22 19:41:42,196,Warning,Microsoft-Windows-USB-USBHUB3,DESKTOP-QUV3S97,"('0x537da7816628', '5', '3034', '33106', '8192')"
2024-06-22 19:42:17,196,Warning,Microsoft-Windows-USB-USBHUB3,DESKTOP-QUV3S97,"('0x537da7816628', '11', '3034', '33106', '8192')"
2024-06-22 19:42:52,196,Warning,Microsoft-Windows-USB-USBHUB3,DESKTOP-QUV3S97,"('0x537da7816628', '11', '3034', '33106', '8192')"
2024-06-22 20:14:08,1074,Information,User32,DESKTOP-QUV3S97,"('C:\\Windows\\System32\\RuntimeBroker.exe (DESKTOP-QUV3S97)', 'DESKTOP-QUV3S97', 'Other (Unplanned)', '0x0', 'power off', '', 'DESKTOP-QUV3S97\\Adnan')"
2024-06-22 20:14:18,107,Information,Microsoft-Windows-Kernel-Power,DESKTOP-QUV3S97,"('6', '5', '5', '1601-01-01T00:00:00.0000000Z', '1601-01-01T00:00:00.0000000Z', '0', '0')"
2024-06-23 10:16:20,1,Information,Microsoft-Windows-Kernel-General,DESKTOP-QUV3S97,"('2024-06-23T04:16:20.5000000Z', '2024-06-22T14:14:18.9726911Z', '50521527', '2', '', '4', '2024-06-23T10:16:20.5000000Z', '-360', 'false', 'false')"
2024-06-23 10:17:22,35,Information,Microsoft-Windows-Time-Service,DESKTOP-QUV3S97,"('time.windows.com,0x9 (ntp.m|0x9|0.0.0.0:123->40.81.94.65:123)', '1096700200', '4')"
2024-06-23 10:17:44,114,Information,Microsoft-Windows-HttpService,DESKTOP-QUV3S97,"('18302628894760501250', 'http://*:2869/upnp/eventing/', '12044', '\\Device\\HarddiskVolume3\\Windows\\System32\\svchost.exe', 'S-1-5-19')"
2024-06-23 10:18:03,114,Information,Microsoft-Windows-HttpService,DESKTOP-QUV3S97,"('18302628924825272321', 'http://*:2869/upnp/eventing/', '12044', '\\Device\\HarddiskVolume3\\Windows\\System32\\svchost.exe', 'S-1-5-19')"
2024-06-23 10:18:10,114,Information,Microsoft-Windows-HttpService,DESKTOP-QUV3S97,"('18302628929120239618', 'http://*:2869/upnp/eventing/', '12044', '\\Device\\HarddiskVolume3\\Windows\\System32\\svchost.exe', 'S-1-5-19')"
2024-06-23 10:18:20,114,Information,Microsoft-Windows-HttpService,DESKTOP-QUV3S97,"('18302628933415206914', 'http://*:2869/upnp/eventing/', '12044', '\\Device\\HarddiskVolume3\\Windows\\System32\\svchost.exe', 'S-1-5-19')"
2024-06-23 10:18:42,10016,Warning,DCOM,DESKTOP-QUV3S97,"('application-specific', 'Local', 'Activation', '{2593F8B9-4EAF-457C-B68A-50F6B8EA6B54}', '{15C20B67-12E7-4BB6-92BB-7AFF07997402}', 'DESKTOP-QUV3S97', 'Adnan', 'S-1-5-21-1915879001-2348363783-178924610-1001', 'LocalHost (Using LRPC)', 'Microsoft.SkypeApp_15.122.3205.0_x64__kzf8qxf38zg5c', 'Unavailable')"
2024-06-23 10:20:24,7040,Information,Service Control Manager,DESKTOP-QUV3S97,"('Background Intelligent Transfer Service', 'auto start', 'demand start', 'BITS')"
2024-06-23 10:23:23,10016,Warning,DCOM,DESKTOP-QUV3S97,"('application-specific', 'Local', 'Activation', '{2593F8B9-4EAF-457C-B68A-50F6B8EA6B54}', '{15C20B67-12E7-4BB6-92BB-7AFF07997402}', 'DESKTOP-QUV3S97', 'Adnan', 'S-1-5-21-1915879001-2348363783-178924610-1001', 'LocalHost (Using LRPC)', 'Unavailable', 'Unavailable')"
2024-06-23 10:30:52,18,Information,BTHUSB,DESKTOP-QUV3S97,"('',)"
2024-06-23 10:31:12,8,Information,BTHUSB,DESKTOP-QUV3S97,"('', '(84:ac:60:de:73:86)')"
2024-06-23 10:31:13,20003,Information,Microsoft-Windows-UserPnp,DESKTOP-QUV3S97,"('BTHMODEM', '\\SystemRoot\\system32\\DRIVERS\\bthmodem.sys', 'BTHENUM\\{00001101-0000-1000-8000-00805F9B34FB}_LOCALMFG&0000\\8&2C3D418E&0&000000000000_00000000', 'true', 'true', '0')"
2024-06-23 10:33:16,44,Information,Microsoft-Windows-WindowsUpdateClient,DESKTOP-QUV3S97,"('Security Intelligence Update for Microsoft Defender Antivirus - KB2267602 (Version 1.413.459.0) - Current Channel (Broad)', '{a04abc18-7393-4379-a037-86766b96c6ee}', '200')"
2024-06-23 10:33:23,19,Information,Microsoft-Windows-WindowsUpdateClient,DESKTOP-QUV3S97,"('Security Intelligence Update for Microsoft Defender Antivirus - KB2267602 (Version 1.413.459.0) - Current Channel (Broad)', '{a04abc18-7393-4379-a037-86766b96c6ee}', '200', '{9482f4b4-e343-43b6-b170-9a65bc822c77}')"
2024-06-23 10:57:02,10016,Warning,DCOM,DESKTOP-QUV3S97,"('application-specific', 'Local', 'Activation', '{2593F8B9-4EAF-457C-B68A-50F6B8EA6B54}', '{15C20B67-12E7-4BB6-92BB-7AFF07997402}', 'DESKTOP-QUV3S97', 'Adnan', 'S-1-5-21-1915879001-2348363783-178924610-1001', 'LocalHost (Using LRPC)', 'Unavailable', 'Unavailable')"
2024-06-23 11:03:48,10016,Warning,DCOM,DESKTOP-QUV3S97,"('application-specific', 'Local', 'Activation', '{2593F8B9-4EAF-457C-B68A-50F6B8EA6B54}', '{15C20B67-12E7-4BB6-92BB-7AFF07997402}', 'DESKTOP-QUV3S97', 'Adnan', 'S-1-5-21-1915879001-2348363783-178924610-1001', 'LocalHost (Using LRPC)', 'Unavailable', 'Unavailable')"
2024-06-23 12:00:00,6013,Information,EventLog,DESKTOP-QUV3S97,"('', '', '', '', '76838', '60', '')"
2024-06-23 13:19:27,114,Information,Microsoft-Windows-HttpService,DESKTOP-QUV3S97,"('18302628903350435843', 'http://*:2869/upnp/eventing/', '12044', '\\Device\\HarddiskVolume3\\Windows\\System32\\svchost.exe', 'S-1-5-19')"
2024-06-23 13:22:02,7040,Information,Service Control Manager,DESKTOP-QUV3S97,"('Background Intelligent Transfer Service', 'auto start', 'demand start', 'BITS')"
2024-06-23 15:17:44,114,Information,Microsoft-Windows-HttpService,DESKTOP-QUV3S97,"('18302628929120239620', 'http://*:2869/upnp/eventing/', '12044', '\\Device\\HarddiskVolume3\\Windows\\System32\\svchost.exe', 'S-1-5-19')"
2024-06-23 15:18:08,114,Information,Microsoft-Windows-HttpService,DESKTOP-QUV3S97,"('18302628899055468546', 'http://*:2869/upnp/eventing/', '12044', '\\Device\\HarddiskVolume3\\Windows\\System32\\svchost.exe', 'S-1-5-19')"
2024-06-23 15:20:12,7040,Information,Service Control Manager,DESKTOP-QUV3S97,"('Background Intelligent Transfer Service', 'auto start', 'demand start', 'BITS')"
2024-06-23 18:43:56,10016,Warning,DCOM,DESKTOP-QUV3S97,"('application-specific', 'Local', 'Activation', '{2593F8B9-4EAF-457C-B68A-50F6B8EA6B54}', '{15C20B67-12E7-4BB6-92BB-7AFF07997402}', 'DESKTOP-QUV3S97', 'Adnan', 'S-1-5-21-1915879001-2348363783-178924610-1001', 'LocalHost (Using LRPC)', 'Unavailable', 'Unavailable')"
2024-06-23 19:53:46,107,Information,Microsoft-Windows-Kernel-Power,DESKTOP-QUV3S97,"('6', '5', '5', '1601-01-01T00:00:00.0000000Z', '1601-01-01T00:00:00.0000000Z', '0', '0')"
2024-06-24 10:12:48,1,Information,Microsoft-Windows-Kernel-General,DESKTOP-QUV3S97,"('2024-06-24T04:12:48.5000000Z', '2024-06-23T13:53:46.6124853Z', '51541887', '2', '', '4', '2024-06-24T10:12:48.5000000Z', '-360', 'false', 'false')"
2024-06-24 10:13:34,37,Information,Microsoft-Windows-Time-Service,DESKTOP-QUV3S97,"('time.windows.com,0x9 (ntp.m|0x9|0.0.0.0:123->40.81.94.65:123)',)"
2024-06-24 10:14:04,113,Information,Microsoft-Windows-HttpService,DESKTOP-QUV3S97,"('18302628911940370434', 'http://*:2869/upnp/eventing/', '0', '12044', '\\Device\\HarddiskVolume3\\Windows\\System32\\svchost.exe', 'S-1-5-19')"
2024-06-24 10:14:08,114,Information,Microsoft-Windows-HttpService,DESKTOP-QUV3S97,"('18302628911940370434', 'http://*:2869/upnp/eventing/', '12044', '\\Device\\HarddiskVolume3\\Windows\\System32\\svchost.exe', 'S-1-5-19')"
2024-06-24 10:14:25,114,Information,Microsoft-Windows-HttpService,DESKTOP-QUV3S97,"('18302628929120239621', 'http://*:2869/upnp/eventing/', '12044', '\\Device\\HarddiskVolume3\\Windows\\System32\\svchost.exe', 'S-1-5-19')"
2024-06-24 10:14:43,114,Information,Microsoft-Windows-HttpService,DESKTOP-QUV3S97,"('18158513732454449154', 'http://*:2869/upnp/eventing/', '12044', '\\Device\\HarddiskVolume3\\Windows\\System32\\svchost.exe', 'S-1-5-19')"
2024-06-24 10:15:09,113,Information,Microsoft-Windows-HttpService,DESKTOP-QUV3S97,"('18302628890465533954', 'http://*:2869/upnp/eventing/', '0', '12044', '\\Device\\HarddiskVolume3\\Windows\\System32\\svchost.exe', 'S-1-5-19')"
2024-06-24 10:17:12,7040,Information,Service Control Manager,DESKTOP-QUV3S97,"('Background Intelligent Transfer Service', 'auto start', 'demand start', 'BITS')"
2024-06-24 10:20:25,105,Information,Microsoft-Windows-Kernel-Power,DESKTOP-QUV3S97,"('true', '44330', '45600')"
2024-06-24 10:28:22,44,Information,Microsoft-Windows-WindowsUpdateClient,DESKTOP-QUV3S97,"('Security Intelligence Update for Microsoft Defender Antivirus - KB2267602 (Version 1.413.480.0) - Current Channel (Broad)', '{00b9ce75-55c7-4a23-8219-3e5b5d321df4}', '200')"
