2024-06-23 18:44:48,4624,Success Audit,Microsoft-Windows-Security-Auditing,DESKTOP-QUV3S97,"('S-1-5-18', 'DESKTOP-QUV3S97$', 'WORKGROUP', '0x3e7', 'S-1-5-18', 'SYSTEM', 'NT AUTHORITY', '0x3e7', '5', 'Advapi  ', 'Negotiate', '-', '{00000000-0000-0000-0000-000000000000}', '-', '-', '0', '0x4b8', 'C:\\Windows\\System32\\services.exe', '-', '-', '%%1833', '-', '-', '-', '-', '%%1843', '0x0', '%%1842')"
2024-06-23 18:44:49,4624,Success Audit,Microsoft-Windows-Security-Auditing,DESKTOP-QUV3S97,"('S-1-5-18', 'DESKTOP-QUV3S97$', 'WORKGROUP', '0x3e7', 'S-1-5-18', 'SYSTEM', 'NT AUTHORITY', '0x3e7', '5', 'Advapi  ', 'Negotiate', '-', '{00000000-0000-0000-0000-000000000000}', '-', '-', '0', '0x4b8', 'C:\\Windows\\System32\\services.exe', '-', '-', '%%1833', '-', '-', '-', '-', '%%1843', '0x0', '%%1842')"
2024-06-23 18:46:54,4624,Success Audit,Microsoft-Windows-Security-Auditing,DESKTOP-QUV3S97,"('S-1-5-18', 'DESKTOP-QUV3S97$', 'WORKGROUP', '0x3e7', 'S-1-5-18', 'SYSTEM', 'NT AUTHORITY', '0x3e7', '5', 'Advapi  ', 'Negotiate', '-', '{00000000-0000-0000-0000-000000000000}', '-', '-', '0', '0x4b8', 'C:\\Windows\\System32\\services.exe', '-', '-', '%%1833', '-', '-', '-', '-', '%%1843', '0x0', '%%1842')"
2024-06-23 18:46:55,5379,Success Audit,Microsoft-Windows-Security-Auditing,DESKTOP-QUV3S97,"('S-1-5-21-1915879001-2348363783-178924610-1001', 'Adnan', 'DESKTOP-QUV3S97', '0x493e352', 'MicrosoftAccount:user=adnanjohan54@gmail.com', '0', '1', '%%8100', '0', '2024-06-23T12:46:54.9183994Z', '7340')"
2024-06-23 18:46:56,5379,Success Audit,Microsoft-Windows-Security-Auditing,DESKTOP-QUV3S97,"('S-1-5-21-1915879001-2348363783-178924610-1001', 'Adnan', 'DESKTOP-QUV3S97', '0x493e352', 'MicrosoftAccount:user=adnanjohan54@gmail.com', '0', '1', '%%8100', '0', '2024-06-23T12:46:54.9183994Z', '7340')"
2024-06-23 18:49:35,4624,Success Audit,Microsoft-Windows-Security-Auditing,DESKTOP-QUV3S97,"('S-1-5-18', 'DESKTOP-QUV3S97$', 'WORKGROUP', '0x3e7', 'S-1-5-18', 'SYSTEM', 'NT AUTHORITY', '0x3e7', '5', 'Advapi  ', 'Negotiate', '-', '{00000000-0000-0000-0000-000000000000}', '-', '-', '0', '0x4b8', 'C:\\Windows\\System32\\services.exe', '-', '-', '%%1833', '-', '-', '-', '-', '%%1843', '0x0', '%%1842')"
2024-06-23 18:51:14,5379,Success Audit,Microsoft-Windows-Security-Auditing,DESKTOP-QUV3S97,"('S-1-5-21-1915879001-2348363783-178924610-1001', 'Adnan', 'DESKTOP-QUV3S97', '0x493e352', 'Adobe App Info (Q3JlYXRpdmVDbG91ZDJ7fTIwMTgwNzIwMDE)(Part1)', '1', '1', '%%8099', '0', '2024-06-23T04:18:25.0589934Z', '9584')"
2024-06-23 18:51:26,5379,Success Audit,Microsoft-Windows-Security-Auditing,DESKTOP-QUV3S97,"('S-1-5-21-1915879001-2348363783-178924610-1001', 'Adnan', 'DESKTOP-QUV3S97', '0x493e352', 'Adobe App Info (Q29yZVN5bmMxe30yMDE4MDcyMDAx)(Part1)', '1', '1', '%%8099', '0', '2024-06-23T04:18:29.6779500Z', '3012')"
2024-06-23 18:51:59,5379,Success Audit,Microsoft-Windows-Security-Auditing,DESKTOP-QUV3S97,"('S-1-5-21-1915879001-2348363783-178924610-1001', 'Adnan', 'DESKTOP-QUV3S97', '0x493e352', 'Adobe App Info (Q0NMaWJyYXJ5Mnt9MjAxODA3MjAwMQ)(Part1)', '1', '1', '%%8099', '0', '2024-06-23T04:18:44.2769100Z', '17792')"
2024-06-23 18:59:13,4624,Success Audit,Microsoft-Windows-Security-Auditing,DESKTOP-QUV3S97,"('S-1-5-18', 'DESKTOP-QUV3S97$', 'WORKGROUP', '0x3e7', 'S-1-5-18', 'SYSTEM', 'NT AUTHORITY', '0x3e7', '5', 'Advapi  ', 'Negotiate', '-', '{00000000-0000-0000-0000-000000000000}', '-', '-', '0', '0x4b8', 'C:\\Windows\\System32\\services.exe', '-', '-', '%%1833', '-', '-', '-', '-', '%%1843', '0x0', '%%1842')"
2024-06-23 19:01:51,4624,Success Audit,Microsoft-Windows-Security-Auditing,DESKTOP-QUV3S97,"('S-1-5-18', 'DESKTOP-QUV3S97$', 'WORKGROUP', '0x3e7', 'S-1-5-18', 'SYSTEM', 'NT AUTHORITY', '0x3e7', '5', 'Advapi  ', 'Negotiate', '-', '{00000000-0000-0000-0000-000000000000}', '-', '-', '0', '0x4b8', 'C:\\Windows\\System32\\services.exe', '-', '-', '%%1833', '-', '-', '-', '-', '%%1843', '0x0', '%%1842')"
2024-06-23 19:01:52,5379,Success Audit,Microsoft-Windows-Security-Auditing,DESKTOP-QUV3S97,"('S-1-5-21-1915879001-2348363783-178924610-1001', 'Adnan', 'DESKTOP-QUV3S97', '0x493e352', 'MicrosoftAccount:user=adnanjohan54@gmail.com', '0', '1', '%%8100', '0', '2024-06-23T13:01:51.2594105Z', '23312')"
2024-06-23 19:06:15,5379,Success Audit,Microsoft-Windows-Security-Auditing,DESKTOP-QUV3S97,"('S-1-5-21-1915879001-2348363783-178924610-1001', 'Adnan', 'DESKTOP-QUV3S97', '0x493e352', 'Adobe App Info (Q3JlYXRpdmVDbG91ZDJ7fTIwMTgwNzIwMDE)(Part1)', '1', '1', '%%8099', '0', '2024-06-23T04:18:25.0589934Z', '9584')"
2024-06-23 19:06:36,5379,Success Audit,Microsoft-Windows-Security-Auditing,DESKTOP-QUV3S97,"('S-1-5-21-1915879001-2348363783-178924610-1001', 'Adnan', 'DESKTOP-QUV3S97', '0x493e352', 'Adobe App Info (Q29yZVN5bmMxe30yMDE4MDcyMDAx)(Part1)', '1', '1', '%%8099', '0', '2024-06-23T04:18:29.6779500Z', '3012')"
2024-06-23 19:06:59,5379,Success Audit,Microsoft-Windows-Security-Auditing,DESKTOP-QUV3S97,"('S-1-5-21-1915879001-2348363783-178924610-1001', 'Adnan', 'DESKTOP-QUV3S97', '0x493e352', 'Adobe App Info (Q0NMaWJyYXJ5Mnt9MjAxODA3MjAwMQ)(Part1)', '1', '1', '%%8099', '0', '2024-06-23T04:18:44.2769100Z', '17792')"
2024-06-23 19:10:09,4624,Success Audit,Microsoft-Windows-Security-Auditing,DESKTOP-QUV3S97,"('S-1-5-18', 'DESKTOP-QUV3S97$', 'WORKGROUP', '0x3e7', 'S-1-5-18', 'SYSTEM', 'NT AUTHORITY', '0x3e7', '5', 'Advapi  ', 'Negotiate', '-', '{00000000-0000-0000-0000-000000000000}', '-', '-', '0', '0x4b8', 'C:\\Windows\\System32\\services.exe', '-', '-', '%%1833', '-', '-', '-', '-', '%%1843', '0x0', '%%1842')"
2024-06-23 19:13:35,4624,Success Audit,Microsoft-Windows-Security-Auditing,DESKTOP-QUV3S97,"('S-1-5-18', 'DESKTOP-QUV3S97$', 'WORKGROUP', '0x3e7', 'S-1-5-18', 'SYSTEM', 'NT AUTHORITY', '0x3e7', '5', 'Advapi  ', 'Negotiate', '-', '{00000000-0000-0000-0000-000000000000}', '-', '-', '0', '0x4b8', 'C:\\Windows\\System32\\services.exe', '-', '-', '%%1833', '-', '-', '-', '-', '%%1843', '0x0', '%%1842')"
2024-06-23 19:21:22,5379,Success Audit,Microsoft-Windows-Security-Auditing,DESKTOP-QUV3S97,"('S-1-5-21-1915879001-2348363783-178924610-1001', 'Adnan', 'DESKTOP-QUV3S97', '0x493e352', 'Adobe App Info (Q3JlYXRpdmVDbG91ZDJ7fTIwMTgwNzIwMDE)(Part1)', '1', '1', '%%8099', '0', '2024-06-23T04:18:25.0589934Z', '9584')"
2024-06-23 19:21:38,5379,Success Audit,Microsoft-Windows-Security-Auditing,DESKTOP-QUV3S97,"('S-1-5-21-1915879001-2348363783-178924610-1001', 'Adnan', 'DESKTOP-QUV3S97', '0x493e352', 'Adobe App Info (Q29yZVN5bmMxe30yMDE4MDcyMDAx)(Part1)', '1', '1', '%%8099', '0', '2024-06-23T04:18:29.6779500Z', '3012')"
2024-06-23 19:22:05,5379,Success Audit,Microsoft-Windows-Security-Auditing,DESKTOP-QUV3S97,"('S-1-5-21-1915879001-2348363783-178924610-1001', 'Adnan', 'DESKTOP-QUV3S97', '0x493e352', 'Adobe App Info (Q0NMaWJyYXJ5Mnt9MjAxODA3MjAwMQ)(Part1)', '1', '1', '%%8099', '0', '2024-06-23T04:18:44.2769100Z', '17792')"
2024-06-23 19:22:18,5379,Success Audit,Microsoft-Windows-Security-Auditing,DESKTOP-QUV3S97,"('S-1-5-21-1915879001-2348363783-178924610-1001', 'Adnan', 'DESKTOP-QUV3S97', '0x493e352', 'MicrosoftAccount:user=adnanjohan54@gmail.com', '0', '1', '%%8100', '0', '2024-06-23T13:22:17.1559449Z', '144')"
2024-06-23 19:27:03,4624,Success Audit,Microsoft-Windows-Security-Auditing,DESKTOP-QUV3S97,"('S-1-5-18', 'DESKTOP-QUV3S97$', 'WORKGROUP', '0x3e7', 'S-1-5-18', 'SYSTEM', 'NT AUTHORITY', '0x3e7', '5', 'Advapi  ', 'Negotiate', '-', '{00000000-0000-0000-0000-000000000000}', '-', '-', '0', '0x4b8', 'C:\\Windows\\System32\\services.exe', '-', '-', '%%1833', '-', '-', '-', '-', '%%1843', '0x0', '%%1842')"
2024-06-23 19:27:04,5379,Success Audit,Microsoft-Windows-Security-Auditing,DESKTOP-QUV3S97,"('S-1-5-21-1915879001-2348363783-178924610-1001', 'Adnan', 'DESKTOP-QUV3S97', '0x493e352', 'MicrosoftAccount:user=adnanjohan54@gmail.com', '0', '1', '%%8100', '0', '2024-06-23T13:27:03.2158345Z', '21532')"
2024-06-23 19:29:13,4624,Success Audit,Microsoft-Windows-Security-Auditing,DESKTOP-QUV3S97,"('S-1-5-18', 'DESKTOP-QUV3S97$', 'WORKGROUP', '0x3e7', 'S-1-5-18', 'SYSTEM', 'NT AUTHORITY', '0x3e7', '5', 'Advapi  ', 'Negotiate', '-', '{00000000-0000-0000-0000-000000000000}', '-', '-', '0', '0x4b8', 'C:\\Windows\\System32\\services.exe', '-', '-', '%%1833', '-', '-', '-', '-', '%%1843', '0x0', '%%1842')"
2024-06-23 19:36:23,5379,Success Audit,Microsoft-Windows-Security-Auditing,DESKTOP-QUV3S97,"('S-1-5-21-1915879001-2348363783-178924610-1001', 'Adnan', 'DESKTOP-QUV3S97', '0x493e352', 'Adobe App Info (Q3JlYXRpdmVDbG91ZDJ7fTIwMTgwNzIwMDE)(Part1)', '1', '1', '%%8099', '0', '2024-06-23T04:18:25.0589934Z', '9584')"
2024-06-23 19:36:44,5379,Success Audit,Microsoft-Windows-Security-Auditing,DESKTOP-QUV3S97,"('S-1-5-21-1915879001-2348363783-178924610-1001', 'Adnan', 'DESKTOP-QUV3S97', '0x493e352', 'Adobe App Info (Q29yZVN5bmMxe30yMDE4MDcyMDAx)(Part1)', '1', '1', '%%8099', '0', '2024-06-23T04:18:29.6779500Z', '3012')"
2024-06-23 19:37:07,4624,Success Audit,Microsoft-Windows-Security-Auditing,DESKTOP-QUV3S97,"('S-1-5-18', 'DESKTOP-QUV3S97$', 'WORKGROUP', '0x3e7', 'S-1-5-18', 'SYSTEM', 'NT AUTHORITY', '0x3e7', '5', 'Advapi  ', 'Negotiate', '-', '{00000000-0000-0000-0000-000000000000}', '-', '-', '0', '0x4b8', 'C:\\Windows\\System32\\services.exe', '-', '-', '%%1833', '-', '-', '-', '-', '%%1843', '0x0', '%%1842')"
2024-06-23 19:37:14,5379,Success Audit,Microsoft-Windows-Security-Auditing,DESKTOP-QUV3S97,"('S-1-5-21-1915879001-2348363783-178924610-1001', 'Adnan', 'DESKTOP-QUV3S97', '0x493e352', 'Adobe App Info (Q0NMaWJyYXJ5Mnt9MjAxODA3MjAwMQ)(Part1)', '1', '1', '%%8099', '0', '2024-06-23T04:18:44.2769100Z', '17792')"
2024-06-23 19:38:10,4624,Success Audit,Microsoft-Windows-Security-Auditing,DESKTOP-QUV3S97,"('S-1-5-18', 'DESKTOP-QUV3S97$', 'WORKGROUP', '0x3e7', 'S-1-5-18', 'SYSTEM', 'NT AUTHORITY', '0x3e7', '5', 'Advapi  ', 'Negotiate', '-', '{00000000-0000-0000-0000-000000000000}', '-', '-', '0', '0x4b8', 'C:\\Windows\\System32\\services.exe', '-', '-', '%%1833', '-', '-', '-', '-', '%%1843', '0x0', '%%1842')"
2024-06-23 19:38:11,5379,Success Audit,Microsoft-Windows-Security-Auditing,DESKTOP-QUV3S97,"('S-1-5-21-1915879001-2348363783-178924610-1001', 'Adnan', 'DESKTOP-QUV3S97', '0x493e352', 'MicrosoftAccount:user=adnanjohan54@gmail.com', '0', '1', '%%8100', '0', '2024-06-23T13:38:10.6819073Z', '4636')"
2024-06-23 19:44:14,4624,Success Audit,Microsoft-Windows-Security-Auditing,DESKTOP-QUV3S97,"('S-1-5-18', 'DESKTOP-QUV3S97$', 'WORKGROUP', '0x3e7', 'S-1-5-18', 'SYSTEM', 'NT AUTHORITY', '0x3e7', '5', 'Advapi  ', 'Negotiate', '-', '{00000000-0000-0000-0000-000000000000}', '-', '-', '0', '0x4b8', 'C:\\Windows\\System32\\services.exe', '-', '-', '%%1833', '-', '-', '-', '-', '%%1843', '0x0', '%%1842')"
2024-06-23 19:46:30,4624,Success Audit,Microsoft-Windows-Security-Auditing,DESKTOP-QUV3S97,"('S-1-5-18', 'DESKTOP-QUV3S97$', 'WORKGROUP', '0x3e7', 'S-1-5-18', 'SYSTEM', 'NT AUTHORITY', '0x3e7', '5', 'Advapi  ', 'Negotiate', '-', '{00000000-0000-0000-0000-000000000000}', '-', '-', '0', '0x4b8', 'C:\\Windows\\System32\\services.exe', '-', '-', '%%1833', '-', '-', '-', '-', '%%1843', '0x0', '%%1842')"
2024-06-23 19:51:32,5379,Success Audit,Microsoft-Windows-Security-Auditing,DESKTOP-QUV3S97,"('S-1-5-21-1915879001-2348363783-178924610-1001', 'Adnan', 'DESKTOP-QUV3S97', '0x493e352', 'Adobe App Info (Q3JlYXRpdmVDbG91ZDJ7fTIwMTgwNzIwMDE)(Part1)', '1', '1', '%%8099', '0', '2024-06-23T04:18:25.0589934Z', '9584')"
2024-06-23 19:51:51,5379,Success Audit,Microsoft-Windows-Security-Auditing,DESKTOP-QUV3S97,"('S-1-5-21-1915879001-2348363783-178924610-1001', 'Adnan', 'DESKTOP-QUV3S97', '0x493e352', 'Adobe App Info (Q29yZVN5bmMxe30yMDE4MDcyMDAx)(Part1)', '1', '1', '%%8099', '0', '2024-06-23T04:18:29.6779500Z', '3012')"
2024-06-23 19:52:19,5379,Success Audit,Microsoft-Windows-Security-Auditing,DESKTOP-QUV3S97,"('S-1-5-21-1915879001-2348363783-178924610-1001', 'Adnan', 'DESKTOP-QUV3S97', '0x493e352', 'Adobe App Info (Q0NMaWJyYXJ5Mnt9MjAxODA3MjAwMQ)(Part1)', '1', '1', '%%8099', '0', '2024-06-23T04:18:44.2769100Z', '17792')"
2024-06-23 19:53:11,4624,Success Audit,Microsoft-Windows-Security-Auditing,DESKTOP-QUV3S97,"('S-1-5-18', 'DESKTOP-QUV3S97$', 'WORKGROUP', '0x3e7', 'S-1-5-18', 'SYSTEM', 'NT AUTHORITY', '0x3e7', '5', 'Advapi  ', 'Negotiate', '-', '{00000000-0000-0000-0000-000000000000}', '-', '-', '0', '0x4b8', 'C:\\Windows\\System32\\services.exe', '-', '-', '%%1833', '-', '-', '-', '-', '%%1843', '0x0', '%%1842')"
2024-06-23 19:53:38,5379,Success Audit,Microsoft-Windows-Security-Auditing,DESKTOP-QUV3S97,"('S-1-5-21-1915879001-2348363783-178924610-1001', 'Adnan', 'DESKTOP-QUV3S97', '0x493e352', 'Adobe User Info(Part1)', '1', '1', '%%8099', '0', '2024-06-23T04:18:29.6779500Z', '3012')"
2024-06-23 19:53:45,4624,Success Audit,Microsoft-Windows-Security-Auditing,DESKTOP-QUV3S97,"('S-1-5-18', 'DESKTOP-QUV3S97$', 'WORKGROUP', '0x3e7', 'S-1-5-18', 'SYSTEM', 'NT AUTHORITY', '0x3e7', '5', 'Advapi  ', 'Negotiate', '-', '{00000000-0000-0000-0000-000000000000}', '-', '-', '0', '0x4b8', 'C:\\Windows\\System32\\services.exe', '-', '-', '%%1833', '-', '-', '-', '-', '%%1843', '0x0', '%%1842')"
2024-06-24 10:12:51,5379,Success Audit,Microsoft-Windows-Security-Auditing,DESKTOP-QUV3S97,"('S-1-5-21-1915879001-2348363783-178924610-1001', 'Adnan', 'DESKTOP-QUV3S97', '0xd21618e', 'MicrosoftAccount:user=adnanjohan54@gmail.com', '0', '1', '%%8100', '0', '2024-06-23T13:53:43.7491918Z', '6260')"
2024-06-24 10:12:55,5379,Success Audit,Microsoft-Windows-Security-Auditing,DESKTOP-QUV3S97,"('S-1-5-21-1915879001-2348363783-178924610-1001', 'Adnan', 'DESKTOP-QUV3S97', '0xd21618e', 'MicrosoftAccount:user=adnanjohan54@gmail.com', '0', '1', '%%8100', '0', '2024-06-23T13:53:43.7491918Z', '6260')"
2024-06-24 10:12:56,5382,Success Audit,Microsoft-Windows-Security-Auditing,DESKTOP-QUV3S97,"('S-1-5-18', 'DESKTOP-QUV3S97$', 'WORKGROUP', '0x3e7', 'NGC Local Accoount Logon Vault Resource Schema', '{1d4350a3-330d-4af9-b3ff-a927a45998ac}', 'NGC Local Accoount Logon Vault Resource', '01050000000000051500000059FE31720730F98B422CAA0AE9030000', '', '0', '1168', '2024-06-22T08:39:34.3549086Z', '4644')"
2024-06-24 10:12:57,5379,Success Audit,Microsoft-Windows-Security-Auditing,DESKTOP-QUV3S97,"('S-1-5-21-1915879001-2348363783-178924610-1001', 'Adnan', 'DESKTOP-QUV3S97', '0xd21618e', 'MicrosoftAccount:user=02qmteouloqmaorb', '0', '0', '%%8100', '3221226021', '2024-06-23T13:53:43.7491918Z', '6260')"
2024-06-24 10:12:59,4798,Success Audit,Microsoft-Windows-Security-Auditing,DESKTOP-QUV3S97,"('Adnan', 'DESKTOP-QUV3S97', 'S-1-5-21-1915879001-2348363783-178924610-1001', 'S-1-5-21-1915879001-2348363783-178924610-1001', 'Adnan', 'DESKTOP-QUV3S97', '0xd21618e', '0x6200', 'C:\\Windows\\System32\\SynTPEnh.exe')"
2024-06-24 10:13:00,4798,Success Audit,Microsoft-Windows-Security-Auditing,DESKTOP-QUV3S97,"('Administrator', 'DESKTOP-QUV3S97', 'S-1-5-21-1915879001-2348363783-178924610-500', 'S-1-5-18', 'DESKTOP-QUV3S97$', 'WORKGROUP', '0x3e7', '0x3658', 'C:\\Windows\\System32\\svchost.exe')"
2024-06-24 10:13:01,5379,Success Audit,Microsoft-Windows-Security-Auditing,DESKTOP-QUV3S97,"('S-1-5-21-1915879001-2348363783-178924610-1001', 'Adnan', 'DESKTOP-QUV3S97', '0xd21618e', 'MicrosoftAccount:user=adnanjohan54@gmail.com', '0', '1', '%%8100', '0', '2024-06-23T13:53:43.7491918Z', '6260')"
2024-06-24 10:13:03,5379,Success Audit,Microsoft-Windows-Security-Auditing,DESKTOP-QUV3S97,"('S-1-5-21-1915879001-2348363783-178924610-1001', 'Adnan', 'DESKTOP-QUV3S97', '0xd21618e', 'MicrosoftAccount:user=adnanjohan54@gmail.com', '0', '1', '%%8100', '0', '2024-06-23T13:53:43.7491918Z', '6260')"
2024-06-24 10:13:04,5379,Success Audit,Microsoft-Windows-Security-Auditing,DESKTOP-QUV3S97,"('S-1-5-18', 'DESKTOP-QUV3S97$', 'WORKGROUP', '0x3e7', 'MicrosoftAccount:user=02egmqpvpyrjqfeo', '0', '0', '%%8100', '3221226021', '2024-06-23T13:53:43.7491918Z', '6260')"
2024-06-24 10:13:05,5379,Success Audit,Microsoft-Windows-Security-Auditing,DESKTOP-QUV3S97,"('S-1-5-21-1915879001-2348363783-178924610-1001', 'Adnan', 'DESKTOP-QUV3S97', '0xd21618e', 'MicrosoftAccount:user=adnanjohan54@gmail.com', '0', '1', '%%8100', '0', '2024-06-23T13:53:43.7491918Z', '6260')"
2024-06-24 10:13:06,5379,Success Audit,Microsoft-Windows-Security-Auditing,DESKTOP-QUV3S97,"('S-1-5-21-1915879001-2348363783-178924610-1001', 'Adnan', 'DESKTOP-QUV3S97', '0xd21618e', 'MicrosoftAccount:user=adnanjohan54@gmail.com', '0', '1', '%%8100', '0', '2024-06-23T13:53:43.7491918Z', '6260')"
2024-06-24 10:13:07,5379,Success Audit,Microsoft-Windows-Security-Auditing,DESKTOP-QUV3S97,"('S-1-5-21-1915879001-2348363783-178924610-1001', 'Adnan', 'DESKTOP-QUV3S97', '0xd21618e', 'MicrosoftAccount:user=adnanjohan54@gmail.com', '0', '1', '%%8100', '0', '2024-06-23T13:53:43.7491918Z', '6260')"
2024-06-24 10:13:08,5379,Success Audit,Microsoft-Windows-Security-Auditing,DESKTOP-QUV3S97,"('S-1-5-21-1915879001-2348363783-178924610-1001', 'Adnan', 'DESKTOP-QUV3S97', '0xd21618e', 'MicrosoftAccount:user=02qmteouloqmaorb', '0', '0', '%%8100', '3221226021', '2024-06-23T13:53:43.7491918Z', '6260')"
2024-06-24 10:13:10,5058,Success Audit,Microsoft-Windows-Security-Auditing,DESKTOP-QUV3S97,"('S-1-5-21-1915879001-2348363783-178924610-1001', 'Adnan', 'DESKTOP-QUV3S97', '0xd21618e', '20804', '2024-06-24T04:13:08.9770895Z', 'Microsoft Software Key Storage Provider', 'ECDSA_P256', 'Microsoft-Edge-TB-test-key', '%%2500', 'C:\\Users\\win11\\AppData\\Roaming\\Microsoft\\Crypto\\Keys\\53caafca80232173a709de019a7d9dbb_63674727-7a53-478c-ab09-bed1da73ae69', '%%2459', '0x0')"
2024-06-24 10:13:11,5379,Success Audit,Microsoft-Windows-Security-Auditing,DESKTOP-QUV3S97,"('S-1-5-21-1915879001-2348363783-178924610-1001', 'Adnan', 'DESKTOP-QUV3S97', '0xd21618e', 'MicrosoftAccount:user=adnanjohan54@gmail.com', '0', '1', '%%8100', '0', '2024-06-23T13:53:43.7491918Z', '6260')"
2024-06-24 10:13:12,4798,Success Audit,Microsoft-Windows-Security-Auditing,DESKTOP-QUV3S97,"('Administrator', 'DESKTOP-QUV3S97', 'S-1-5-21-1915879001-2348363783-178924610-500', 'S-1-5-18', 'DESKTOP-QUV3S97$', 'WORKGROUP', '0x3e7', '0x3658', 'C:\\Windows\\System32\\svchost.exe')"
2024-06-24 10:13:13,5379,Success Audit,Microsoft-Windows-Security-Auditing,DESKTOP-QUV3S97,"('S-1-5-21-1915879001-2348363783-178924610-1001', 'Adnan', 'DESKTOP-QUV3S97', '0xd21618e', 'MicrosoftAccount:user=adnanjohan54@gmail.com', '0', '1', '%%8100', '0', '2024-06-23T13:53:43.7491918Z', '6260')"
2024-06-24 10:13:14,5058,Success Audit,Microsoft-Windows-Security-Auditing,DESKTOP-QUV3S97,"('S-1-5-21-1915879001-2348363783-178924610-1001', 'Adnan', 'DESKTOP-QUV3S97', '0xd21618e', '16716', '2024-06-24T04:13:08.8312360Z', 'Microsoft Software Key Storage Provider', 'ECDSA_P256', 'ChromeMetricsTestKey', '%%2500', 'C:\\Users\\win11\\AppData\\Roaming\\Microsoft\\Crypto\\Keys\\1e313dfb17707690d41bc1ce552b952a_63674727-7a53-478c-ab09-bed1da73ae69', '%%2459', '0x0')"
2024-06-24 10:13:15,5379,Success Audit,Microsoft-Windows-Security-Auditing,DESKTOP-QUV3S97,"('S-1-5-21-1915879001-2348363783-178924610-1001', 'Adnan', 'DESKTOP-QUV3S97', '0xd21618e', 'MicrosoftAccount:user=adnanjohan54@gmail.com', '0', '1', '%%8100', '0', '2024-06-23T13:53:43.7491918Z', '6260')"
2024-06-24 10:13:16,5379,Success Audit,Microsoft-Windows-Security-Auditing,DESKTOP-QUV3S97,"('S-1-5-21-1915879001-2348363783-178924610-1001', 'Adnan', 'DESKTOP-QUV3S97', '0xd21618e', 'MicrosoftAccount:user=02qmteouloqmaorb', '0', '0', '%%8100', '3221226021', '2024-06-23T13:53:43.7491918Z', '6260')"
2024-06-24 10:13:17,5379,Success Audit,Microsoft-Windows-Security-Auditing,DESKTOP-QUV3S97,"('S-1-5-21-1915879001-2348363783-178924610-1001', 'Adnan', 'DESKTOP-QUV3S97', '0xd21618e', 'MSIX-Skype for Desktop/live:adnanjohan54', '1', '1', '%%8099', '0', '2024-06-24T04:13:14.7858613Z', '22176')"
2024-06-24 10:13:18,5379,Success Audit,Microsoft-Windows-Security-Auditing,DESKTOP-QUV3S97,"('S-1-5-21-1915879001-2348363783-178924610-1001', 'Adnan', 'DESKTOP-QUV3S97', '0xd21618e', 'MicrosoftAccount:user=win11217229@gmail.com', '0', '1', '%%8100', '0', '2024-06-23T13:53:43.7491918Z', '6260')"
2024-06-24 10:13:19,5379,Success Audit,Microsoft-Windows-Security-Auditing,DESKTOP-QUV3S97,"('S-1-5-21-1915879001-2348363783-178924610-1001', 'Adnan', 'DESKTOP-QUV3S97', '0xd21618e', 'Adobe User OS Info(Part1)', '1', '1', '%%8099', '0', '2024-06-24T04:13:18.7291768Z', '6208')"
2024-06-24 10:13:20,5379,Success Audit,Microsoft-Windows-Security-Auditing,DESKTOP-QUV3S97,"('S-1-5-21-1915879001-2348363783-178924610-1001', 'Adnan', 'DESKTOP-QUV3S97', '0xd21618e', 'Adobe User Info(Part1)', '1', '1', '%%8099', '0', '2024-06-24T04:13:18.7291768Z', '6208')"
2024-06-24 10:13:21,5379,Success Audit,Microsoft-Windows-Security-Auditing,DESKTOP-QUV3S97,"('S-1-5-21-1915879001-2348363783-178924610-1001', 'Adnan', 'DESKTOP-QUV3S97', '0xd21618e', 'Adobe User Info(Part1)', '1', '1', '%%8099', '0', '2024-06-24T04:13:18.7291768Z', '6208')"
2024-06-24 10:13:23,5379,Success Audit,Microsoft-Windows-Security-Auditing,DESKTOP-QUV3S97,"('S-1-5-21-1915879001-2348363783-178924610-1001', 'Adnan', 'DESKTOP-QUV3S97', '0xd21618e', 'MicrosoftAccount:user=win11217229@gmail.com', '0', '1', '%%8100', '0', '2024-06-23T13:53:43.7491918Z', '6260')"
2024-06-24 10:13:28,5379,Success Audit,Microsoft-Windows-Security-Auditing,DESKTOP-QUV3S97,"('S-1-5-21-1915879001-2348363783-178924610-1001', 'Adnan', 'DESKTOP-QUV3S97', '0xd21618e', 'MicrosoftAccount:user=win11217229@gmail.com', '0', '1', '%%8100', '0', '2024-06-23T13:53:43.7491918Z', '6260')"
2024-06-24 10:13:59,4624,Success Audit,Microsoft-Windows-Security-Auditing,DESKTOP-QUV3S97,"('S-1-5-18', 'DESKTOP-QUV3S97$', 'WORKGROUP', '0x3e7', 'S-1-5-18', 'SYSTEM', 'NT AUTHORITY', '0x3e7', '5', 'Advapi  ', 'Negotiate', '-', '{00000000-0000-0000-0000-000000000000}', '-', '-', '0', '0x4b8', 'C:\\Windows\\System32\\services.exe', '-', '-', '%%1833', '-', '-', '-', '-', '%%1843', '0x0', '%%1842')"
2024-06-24 10:14:02,5379,Success Audit,Microsoft-Windows-Security-Auditing,DESKTOP-QUV3S97,"('S-1-5-21-1915879001-2348363783-178924610-1001', 'Adnan', 'DESKTOP-QUV3S97', '0xd21618e', 'MicrosoftAccount:user=adnanjohan54@gmail.com', '0', '1', '%%8100', '0', '2024-06-23T13:53:43.7491918Z', '6260')"
2024-06-24 10:14:03,5379,Success Audit,Microsoft-Windows-Security-Auditing,DESKTOP-QUV3S97,"('S-1-5-21-1915879001-2348363783-178924610-1001', 'Adnan', 'DESKTOP-QUV3S97', '0xd21618e', 'MicrosoftAccount:user=adnanjohan54@gmail.com', '0', '1', '%%8100', '0', '2024-06-23T13:53:43.7491918Z', '6260')"
2024-06-24 10:14:14,5379,Success Audit,Microsoft-Windows-Security-Auditing,DESKTOP-QUV3S97,"('S-1-5-21-1915879001-2348363783-178924610-1001', 'Adnan', 'DESKTOP-QUV3S97', '0xd21618e', 'MicrosoftAccount:user=win11217229@gmail.com', '0', '1', '%%8100', '0', '2024-06-23T13:53:43.7491918Z', '6260')"
2024-06-24 10:14:15,5379,Success Audit,Microsoft-Windows-Security-Auditing,DESKTOP-QUV3S97,"('S-1-5-21-1915879001-2348363783-178924610-1001', 'Adnan', 'DESKTOP-QUV3S97', '0xd21618e', 'MicrosoftAccount:user=adnanjohan54@gmail.com', '0', '1', '%%8100', '0', '2024-06-23T13:53:43.7491918Z', '6260')"
2024-06-24 10:14:19,5379,Success Audit,Microsoft-Windows-Security-Auditing,DESKTOP-QUV3S97,"('S-1-5-21-1915879001-2348363783-178924610-1001', 'Adnan', 'DESKTOP-QUV3S97', '0xd21618e', 'MicrosoftAccount:user=win11217229@gmail.com', '0', '1', '%%8100', '0', '2024-06-23T13:53:43.7491918Z', '6260')"
2024-06-24 10:14:33,4797,Success Audit,Microsoft-Windows-Security-Auditing,DESKTOP-QUV3S97,"('S-1-5-21-1915879001-2348363783-178924610-1001', 'Adnan', 'DESKTOP-QUV3S97', '0xd21618e', 'DESKTOP-QUV3S97', 'Administrator', 'DESKTOP-QUV3S97')"
2024-06-24 10:14:34,4624,Success Audit,Microsoft-Windows-Security-Auditing,DESKTOP-QUV3S97,"('S-1-5-18', 'DESKTOP-QUV3S97$', 'WORKGROUP', '0x3e7', 'S-1-5-18', 'SYSTEM', 'NT AUTHORITY', '0x3e7', '5', 'Advapi  ', 'Negotiate', '-', '{00000000-0000-0000-0000-000000000000}', '-', '-', '0', '0x4b8', 'C:\\Windows\\System32\\services.exe', '-', '-', '%%1833', '-', '-', '-', '-', '%%1843', '0x0', '%%1842')"
2024-06-24 10:14:51,5058,Success Audit,Microsoft-Windows-Security-Auditing,DESKTOP-QUV3S97,"('S-1-5-21-1915879001-2348363783-178924610-1001', 'Adnan', 'DESKTOP-QUV3S97', '0xd21618e', '11472', '2024-06-24T04:14:51.5574490Z', 'Microsoft Software Key Storage Provider', 'ECDSA_P256', 'Microsoft-Edge-TB-test-key', '%%2500', 'C:\\Users\\win11\\AppData\\Roaming\\Microsoft\\Crypto\\Keys\\53caafca80232173a709de019a7d9dbb_63674727-7a53-478c-ab09-bed1da73ae69', '%%2459', '0x0')"
2024-06-24 10:14:53,5379,Success Audit,Microsoft-Windows-Security-Auditing,DESKTOP-QUV3S97,"('S-1-5-21-1915879001-2348363783-178924610-1001', 'Adnan', 'DESKTOP-QUV3S97', '0xd21618e', 'Adobe App Info (Q3JlYXRpdmVDbG91ZDJ7fTIwMTgwNzIwMDE)(Part1)', '1', '1', '%%8099', '0', '2024-06-24T04:14:52.2368611Z', '7272')"
2024-06-24 10:14:54,5379,Success Audit,Microsoft-Windows-Security-Auditing,DESKTOP-QUV3S97,"('S-1-5-21-1915879001-2348363783-178924610-1001', 'Adnan', 'DESKTOP-QUV3S97', '0xd21618e', 'MicrosoftAccount:user=adnanjohan54@gmail.com', '0', '1', '%%8100', '0', '2024-06-23T13:53:43.7491918Z', '6260')"
2024-06-24 10:14:55,5379,Success Audit,Microsoft-Windows-Security-Auditing,DESKTOP-QUV3S97,"('S-1-5-21-1915879001-2348363783-178924610-1001', 'Adnan', 'DESKTOP-QUV3S97', '0xd21618e', 'Adobe User Info(Part1)', '1', '1', '%%8099', '0', '2024-06-24T04:14:52.2368611Z', '7272')"
2024-06-24 10:14:56,5379,Success Audit,Microsoft-Windows-Security-Auditing,DESKTOP-QUV3S97,"('S-1-5-21-1915879001-2348363783-178924610-1001', 'Adnan', 'DESKTOP-QUV3S97', '0xd21618e', 'Adobe User Info(Part1)', '1', '1', '%%8099', '0', '2024-06-24T04:14:52.2368611Z', '7272')"
2024-06-24 10:14:57,5379,Success Audit,Microsoft-Windows-Security-Auditing,DESKTOP-QUV3S97,"('S-1-5-21-1915879001-2348363783-178924610-1001', 'Adnan', 'DESKTOP-QUV3S97', '0xd21618e', 'Adobe User Info(Part1)', '1', '1', '%%8099', '0', '2024-06-24T04:14:52.2368611Z', '7272')"
2024-06-24 10:14:58,5379,Success Audit,Microsoft-Windows-Security-Auditing,DESKTOP-QUV3S97,"('S-1-5-21-1915879001-2348363783-178924610-1001', 'Adnan', 'DESKTOP-QUV3S97', '0xd21618e', 'Adobe User Info(Part1)', '1', '1', '%%8099', '0', '2024-06-24T04:14:56.5082906Z', '2476')"
2024-06-24 10:14:59,5379,Success Audit,Microsoft-Windows-Security-Auditing,DESKTOP-QUV3S97,"('S-1-5-21-1915879001-2348363783-178924610-1001', 'Adnan', 'DESKTOP-QUV3S97', '0xd21618e', 'Adobe User Info(Part1)', '1', '1', '%%8099', '0', '2024-06-24T04:14:52.2368611Z', '7272')"
2024-06-24 10:15:04,5379,Success Audit,Microsoft-Windows-Security-Auditing,DESKTOP-QUV3S97,"('S-1-5-21-1915879001-2348363783-178924610-1001', 'Adnan', 'DESKTOP-QUV3S97', '0xd21618e', 'Adobe User Info(Part1)', '1', '1', '%%8099', '0', '2024-06-24T04:14:52.2368611Z', '7272')"
2024-06-24 10:15:05,5379,Success Audit,Microsoft-Windows-Security-Auditing,DESKTOP-QUV3S97,"('S-1-5-21-1915879001-2348363783-178924610-1001', 'Adnan', 'DESKTOP-QUV3S97', '0xd21618e', 'Adobe User Info(Part1)', '1', '1', '%%8099', '0', '2024-06-24T04:15:04.2586800Z', '1796')"
2024-06-24 10:15:06,5379,Success Audit,Microsoft-Windows-Security-Auditing,DESKTOP-QUV3S97,"('S-1-5-21-1915879001-2348363783-178924610-1001', 'Adnan', 'DESKTOP-QUV3S97', '0xd21618e', 'ACCC.com.adobe.acc.pmp.D2BB18355D01068F0A495C16.ThirdPartyPluginsInstall', '1', '1', '%%8099', '0', '2024-06-24T04:14:50.7787029Z', '9376')"
2024-06-24 10:15:07,5379,Success Audit,Microsoft-Windows-Security-Auditing,DESKTOP-QUV3S97,"('S-1-5-21-1915879001-2348363783-178924610-1001', 'Adnan', 'DESKTOP-QUV3S97', '0xd21618e', 'ACCC.com.adobe.acc.container.D2BB18355D01068F0A495C16.assets.download.location', '1', '1', '%%8099', '3221226021', '2024-06-24T04:14:50.7787029Z', '9376')"
2024-06-24 10:15:08,5379,Success Audit,Microsoft-Windows-Security-Auditing,DESKTOP-QUV3S97,"('S-1-5-21-1915879001-2348363783-178924610-1001', 'Adnan', 'DESKTOP-QUV3S97', '0xd21618e', 'ACCC.com.adobe.acc.pmp.D2BB18355D01068F0A495C16.ThirdPartyPluginsInstall', '1', '1', '%%8099', '0', '2024-06-24T04:14:50.7787029Z', '9376')"
2024-06-24 10:15:13,5379,Success Audit,Microsoft-Windows-Security-Auditing,DESKTOP-QUV3S97,"('S-1-5-21-1915879001-2348363783-178924610-1001', 'Adnan', 'DESKTOP-QUV3S97', '0xd21618e', 'Adobe User OS Info(Part1)', '1', '1', '%%8099', '0', '2024-06-24T04:15:12.1054721Z', '11704')"
2024-06-24 10:15:14,5379,Success Audit,Microsoft-Windows-Security-Auditing,DESKTOP-QUV3S97,"('S-1-5-21-1915879001-2348363783-178924610-1001', 'Adnan', 'DESKTOP-QUV3S97', '0xd21618e', 'Adobe Proxy Username(Part1)', '1', '1', '%%8099', '3221226021', '2024-06-24T04:15:12.1054721Z', '11704')"
2024-06-24 10:16:05,5382,Success Audit,Microsoft-Windows-Security-Auditing,DESKTOP-QUV3S97,"('S-1-5-18', 'DESKTOP-QUV3S97$', 'WORKGROUP', '0x3e7', 'NGC Local Accoount Logon Vault Resource Schema', '{1d4350a3-330d-4af9-b3ff-a927a45998ac}', 'NGC Local Accoount Logon Vault Resource', '01050000000000051500000059FE31720730F98B422CAA0AE9030000', '', '0', '1168', '2024-06-22T08:39:34.3549086Z', '4644')"
2024-06-24 10:17:50,4624,Success Audit,Microsoft-Windows-Security-Auditing,DESKTOP-QUV3S97,"('S-1-5-18', 'DESKTOP-QUV3S97$', 'WORKGROUP', '0x3e7', 'S-1-5-18', 'SYSTEM', 'NT AUTHORITY', '0x3e7', '5', 'Advapi  ', 'Negotiate', '-', '{00000000-0000-0000-0000-000000000000}', '-', '-', '0', '0x4b8', 'C:\\Windows\\System32\\services.exe', '-', '-', '%%1833', '-', '-', '-', '-', '%%1843', '0x0', '%%1842')"
2024-06-24 10:18:20,5379,Success Audit,Microsoft-Windows-Security-Auditing,DESKTOP-QUV3S97,"('S-1-5-21-1915879001-2348363783-178924610-1001', 'Adnan', 'DESKTOP-QUV3S97', '0xd21618e', 'Adobe User Info(Part1)', '1', '1', '%%8099', '0', '2024-06-24T04:13:18.7291768Z', '6208')"
2024-06-24 10:18:50,4624,Success Audit,Microsoft-Windows-Security-Auditing,DESKTOP-QUV3S97,"('S-1-5-18', 'DESKTOP-QUV3S97$', 'WORKGROUP', '0x3e7', 'S-1-5-18', 'SYSTEM', 'NT AUTHORITY', '0x3e7', '5', 'Advapi  ', 'Negotiate', '-', '{00000000-0000-0000-0000-000000000000}', '-', '-', '0', '0x4b8', 'C:\\Windows\\System32\\services.exe', '-', '-', '%%1833', '-', '-', '-', '-', '%%1843', '0x0', '%%1842')"
2024-06-24 10:19:56,4798,Success Audit,Microsoft-Windows-Security-Auditing,DESKTOP-QUV3S97,"('Administrator', 'DESKTOP-QUV3S97', 'S-1-5-21-1915879001-2348363783-178924610-500', 'S-1-5-18', 'DESKTOP-QUV3S97$', 'WORKGROUP', '0x3e7', '0x3658', 'C:\\Windows\\System32\\svchost.exe')"
2024-06-24 10:19:58,4798,Success Audit,Microsoft-Windows-Security-Auditing,DESKTOP-QUV3S97,"('Administrator', 'DESKTOP-QUV3S97', 'S-1-5-21-1915879001-2348363783-178924610-500', 'S-1-5-18', 'DESKTOP-QUV3S97$', 'WORKGROUP', '0x3e7', '0x3658', 'C:\\Windows\\System32\\svchost.exe')"
2024-06-24 10:20:06,4798,Success Audit,Microsoft-Windows-Security-Auditing,DESKTOP-QUV3S97,"('Administrator', 'DESKTOP-QUV3S97', 'S-1-5-21-1915879001-2348363783-178924610-500', 'S-1-5-18', 'DESKTOP-QUV3S97$', 'WORKGROUP', '0x3e7', '0x3658', 'C:\\Windows\\System32\\svchost.exe')"
2024-06-24 10:20:35,4798,Success Audit,Microsoft-Windows-Security-Auditing,DESKTOP-QUV3S97,"('Administrator', 'DESKTOP-QUV3S97', 'S-1-5-21-1915879001-2348363783-178924610-500', 'S-1-5-18', 'DESKTOP-QUV3S97$', 'WORKGROUP', '0x3e7', '0x3658', 'C:\\Windows\\System32\\svchost.exe')"
2024-06-24 10:22:49,5382,Success Audit,Microsoft-Windows-Security-Auditing,DESKTOP-QUV3S97,"('S-1-5-18', 'DESKTOP-QUV3S97$', 'WORKGROUP', '0x3e7', 'NGC Local Accoount Logon Vault Resource Schema', '{1d4350a3-330d-4af9-b3ff-a927a45998ac}', 'NGC Local Accoount Logon Vault Resource', '01050000000000051500000059FE31720730F98B422CAA0AE9030000', '', '0', '1168', '2024-06-22T08:39:34.3549086Z', '4644')"
2024-06-24 10:25:25,4624,Success Audit,Microsoft-Windows-Security-Auditing,DESKTOP-QUV3S97,"('S-1-5-18', 'DESKTOP-QUV3S97$', 'WORKGROUP', '0x3e7', 'S-1-5-18', 'SYSTEM', 'NT AUTHORITY', '0x3e7', '5', 'Advapi  ', 'Negotiate', '-', '{00000000-0000-0000-0000-000000000000}', '-', '-', '0', '0x4b8', 'C:\\Windows\\System32\\services.exe', '-', '-', '%%1833', '-', '-', '-', '-', '%%1843', '0x0', '%%1842')"
2024-06-24 10:27:50,4624,Success Audit,Microsoft-Windows-Security-Auditing,DESKTOP-QUV3S97,"('S-1-5-18', 'DESKTOP-QUV3S97$', 'WORKGROUP', '0x3e7', 'S-1-5-18', 'SYSTEM', 'NT AUTHORITY', '0x3e7', '5', 'Advapi  ', 'Negotiate', '-', '{00000000-0000-0000-0000-000000000000}', '-', '-', '0', '0x4b8', 'C:\\Windows\\System32\\services.exe', '-', '-', '%%1833', '-', '-', '-', '-', '%%1843', '0x0', '%%1842')"
2024-06-24 10:27:51,4624,Success Audit,Microsoft-Windows-Security-Auditing,DESKTOP-QUV3S97,"('S-1-5-18', 'DESKTOP-QUV3S97$', 'WORKGROUP', '0x3e7', 'S-1-5-18', 'SYSTEM', 'NT AUTHORITY', '0x3e7', '5', 'Advapi  ', 'Negotiate', '-', '{00000000-0000-0000-0000-000000000000}', '-', '-', '0', '0x4b8', 'C:\\Windows\\System32\\services.exe', '-', '-', '%%1833', '-', '-', '-', '-', '%%1843', '0x0', '%%1842')"
2024-06-24 10:27:52,4624,Success Audit,Microsoft-Windows-Security-Auditing,DESKTOP-QUV3S97,"('S-1-5-18', 'DESKTOP-QUV3S97$', 'WORKGROUP', '0x3e7', 'S-1-5-18', 'SYSTEM', 'NT AUTHORITY', '0x3e7', '5', 'Advapi  ', 'Negotiate', '-', '{00000000-0000-0000-0000-000000000000}', '-', '-', '0', '0x4b8', 'C:\\Windows\\System32\\services.exe', '-', '-', '%%1833', '-', '-', '-', '-', '%%1843', '0x0', '%%1842')"
2024-06-24 10:27:53,5379,Success Audit,Microsoft-Windows-Security-Auditing,DESKTOP-QUV3S97,"('S-1-5-21-1915879001-2348363783-178924610-1001', 'Adnan', 'DESKTOP-QUV3S97', '0xd21618e', 'MicrosoftAccount:user=adnanjohan54@gmail.com', '0', '1', '%%8100', '0', '2024-06-24T04:27:51.6985488Z', '26912')"
2024-06-24 10:28:15,5379,Success Audit,Microsoft-Windows-Security-Auditing,DESKTOP-QUV3S97,"('S-1-5-21-1915879001-2348363783-178924610-1001', 'Adnan', 'DESKTOP-QUV3S97', '0xd21618e', 'MicrosoftAccount:user=win11217229@gmail.com', '0', '1', '%%8100', '0', '2024-06-24T04:27:51.6985488Z', '26912')"
2024-06-24 10:28:21,4624,Success Audit,Microsoft-Windows-Security-Auditing,DESKTOP-QUV3S97,"('S-1-5-18', 'DESKTOP-QUV3S97$', 'WORKGROUP', '0x3e7', 'S-1-5-18', 'SYSTEM', 'NT AUTHORITY', '0x3e7', '5', 'Advapi  ', 'Negotiate', '-', '{00000000-0000-0000-0000-000000000000}', '-', '-', '0', '0x4b8', 'C:\\Windows\\System32\\services.exe', '-', '-', '%%1833', '-', '-', '-', '-', '%%1843', '0x0', '%%1842')"
2024-06-24 10:29:56,5379,Success Audit,Microsoft-Windows-Security-Auditing,DESKTOP-QUV3S97,"('S-1-5-21-1915879001-2348363783-178924610-1001', 'Adnan', 'DESKTOP-QUV3S97', '0xd21618e', 'Adobe App Info (Q3JlYXRpdmVDbG91ZDJ7fTIwMTgwNzIwMDE)(Part1)', '1', '1', '%%8099', '0', '2024-06-24T04:14:52.2368611Z', '7272')"
2024-06-24 10:29:58,5379,Success Audit,Microsoft-Windows-Security-Auditing,DESKTOP-QUV3S97,"('S-1-5-21-1915879001-2348363783-178924610-1001', 'Adnan', 'DESKTOP-QUV3S97', '0xd21618e', 'Adobe App Info (Q29yZVN5bmMxe30yMDE4MDcyMDAx)(Part1)', '1', '1', '%%8099', '0', '2024-06-24T04:14:56.5082906Z', '2476')"
2024-06-24 10:29:59,5379,Success Audit,Microsoft-Windows-Security-Auditing,DESKTOP-QUV3S97,"('S-1-5-21-1915879001-2348363783-178924610-1001', 'Adnan', 'DESKTOP-QUV3S97', '0xd21618e', 'Adobe Proxy Username(Part1)', '1', '1', '%%8099', '3221226021', '2024-06-24T04:14:56.5082906Z', '2476')"
2024-06-24 10:30:20,5379,Success Audit,Microsoft-Windows-Security-Auditing,DESKTOP-QUV3S97,"('S-1-5-21-1915879001-2348363783-178924610-1001', 'Adnan', 'DESKTOP-QUV3S97', '0xd21618e', 'Adobe App Info (Q0NMaWJyYXJ5Mnt9MjAxODA3MjAwMQ)(Part1)', '1', '1', '%%8099', '0', '2024-06-24T04:15:12.1054721Z', '11704')"
2024-06-24 10:31:27,5058,Success Audit,Microsoft-Windows-Security-Auditing,DESKTOP-QUV3S97,"('S-1-5-21-1915879001-2348363783-178924610-1001', 'Adnan', 'DESKTOP-QUV3S97', '0xd21618e', '8544', '2024-06-24T04:14:51.4443482Z', 'Microsoft Software Key Storage Provider', 'ECDSA_P256', 'ChromeMetricsTestKey', '%%2500', 'C:\\Users\\win11\\AppData\\Roaming\\Microsoft\\Crypto\\Keys\\1e313dfb17707690d41bc1ce552b952a_63674727-7a53-478c-ab09-bed1da73ae69', '%%2459', '0x0')"
2024-06-24 10:33:19,5379,Success Audit,Microsoft-Windows-Security-Auditing,DESKTOP-QUV3S97,"('S-1-5-21-1915879001-2348363783-178924610-1001', 'Adnan', 'DESKTOP-QUV3S97', '0xd21618e', 'Adobe User Info(Part1)', '1', '1', '%%8099', '0', '2024-06-24T04:13:18.7291768Z', '6208')"
2024-06-24 10:33:20,5379,Success Audit,Microsoft-Windows-Security-Auditing,DESKTOP-QUV3S97,"('S-1-5-21-1915879001-2348363783-178924610-1001', 'Adnan', 'DESKTOP-QUV3S97', '0xd21618e', 'Adobe Proxy Username(Part1)', '1', '1', '%%8099', '3221226021', '2024-06-24T04:13:18.7291768Z', '6208')"
2024-06-24 10:34:53,5379,Success Audit,Microsoft-Windows-Security-Auditing,DESKTOP-QUV3S97,"('S-1-5-21-1915879001-2348363783-178924610-1001', 'Adnan', 'DESKTOP-QUV3S97', '0xd21618e', 'Adobe User Info(Part1)', '1', '1', '%%8099', '0', '2024-06-24T04:14:52.2368611Z', '7272')"
2024-06-24 10:34:56,5379,Success Audit,Microsoft-Windows-Security-Auditing,DESKTOP-QUV3S97,"('S-1-5-21-1915879001-2348363783-178924610-1001', 'Adnan', 'DESKTOP-QUV3S97', '0xd21618e', 'Adobe User Info(Part1)', '1', '1', '%%8099', '0', '2024-06-24T04:14:56.5082906Z', '2476')"
2024-06-24 10:35:13,5379,Success Audit,Microsoft-Windows-Security-Auditing,DESKTOP-QUV3S97,"('S-1-5-21-1915879001-2348363783-178924610-1001', 'Adnan', 'DESKTOP-QUV3S97', '0xd21618e', 'Adobe User Info(Part1)', '1', '1', '%%8099', '0', '2024-06-24T04:15:12.1054721Z', '11704')"
2024-06-24 10:39:42,4624,Success Audit,Microsoft-Windows-Security-Auditing,DESKTOP-QUV3S97,"('S-1-5-18', 'DESKTOP-QUV3S97$', 'WORKGROUP', '0x3e7', 'S-1-5-18', 'SYSTEM', 'NT AUTHORITY', '0x3e7', '5', 'Advapi  ', 'Negotiate', '-', '{00000000-0000-0000-0000-000000000000}', '-', '-', '0', '0x4b8', 'C:\\Windows\\System32\\services.exe', '-', '-', '%%1833', '-', '-', '-', '-', '%%1843', '0x0', '%%1842')"
2024-06-24 10:39:43,5379,Success Audit,Microsoft-Windows-Security-Auditing,DESKTOP-QUV3S97,"('S-1-5-21-1915879001-2348363783-178924610-1001', 'Adnan', 'DESKTOP-QUV3S97', '0xd21618e', 'MicrosoftAccount:user=adnanjohan54@gmail.com', '0', '1', '%%8100', '0', '2024-06-24T04:39:42.9273897Z', '12032')"
2024-06-24 10:39:44,5379,Success Audit,Microsoft-Windows-Security-Auditing,DESKTOP-QUV3S97,"('S-1-5-21-1915879001-2348363783-178924610-1001', 'Adnan', 'DESKTOP-QUV3S97', '0xd21618e', 'MicrosoftAccount:user=adnanjohan54@gmail.com', '0', '1', '%%8100', '0', '2024-06-24T04:39:42.9273897Z', '12032')"
2024-06-24 10:44:57,5379,Success Audit,Microsoft-Windows-Security-Auditing,DESKTOP-QUV3S97,"('S-1-5-21-1915879001-2348363783-178924610-1001', 'Adnan', 'DESKTOP-QUV3S97', '0xd21618e', 'Adobe App Info (Q3JlYXRpdmVDbG91ZDJ7fTIwMTgwNzIwMDE)(Part1)', '1', '1', '%%8099', '0', '2024-06-24T04:14:52.2368611Z', '7272')"
2024-06-24 10:45:08,5379,Success Audit,Microsoft-Windows-Security-Auditing,DESKTOP-QUV3S97,"('S-1-5-21-1915879001-2348363783-178924610-1001', 'Adnan', 'DESKTOP-QUV3S97', '0xd21618e', 'Adobe App Info (Q29yZVN5bmMxe30yMDE4MDcyMDAx)(Part1)', '1', '1', '%%8099', '0', '2024-06-24T04:14:56.5082906Z', '2476')"
2024-06-24 10:45:20,5379,Success Audit,Microsoft-Windows-Security-Auditing,DESKTOP-QUV3S97,"('S-1-5-21-1915879001-2348363783-178924610-1001', 'Adnan', 'DESKTOP-QUV3S97', '0xd21618e', 'Adobe App Info (Q0NMaWJyYXJ5Mnt9MjAxODA3MjAwMQ)(Part1)', '1', '1', '%%8099', '0', '2024-06-24T04:15:12.1054721Z', '11704')"
2024-06-24 10:45:40,5379,Success Audit,Microsoft-Windows-Security-Auditing,DESKTOP-QUV3S97,"('S-1-5-21-1915879001-2348363783-178924610-1001', 'Adnan', 'DESKTOP-QUV3S97', '0xd21618e', 'Adobe User OS Info(Part1)', '1', '1', '%%8099', '0', '2024-06-24T04:45:39.7126617Z', '17264')"
2024-06-24 10:45:41,5379,Success Audit,Microsoft-Windows-Security-Auditing,DESKTOP-QUV3S97,"('S-1-5-21-1915879001-2348363783-178924610-1001', 'Adnan', 'DESKTOP-QUV3S97', '0xd21618e', 'Adobe App Info (Q0NYUHJvY2VzczF7fTIwMTgwNzIwMDE)(Part1)', '1', '1', '%%8099', '0', '2024-06-24T04:45:39.7126617Z', '17264')"
2024-06-24 10:45:42,5379,Success Audit,Microsoft-Windows-Security-Auditing,DESKTOP-QUV3S97,"('S-1-5-21-1915879001-2348363783-178924610-1001', 'Adnan', 'DESKTOP-QUV3S97', '0xd21618e', 'Adobe User Info(Part1)', '1', '1', '%%8099', '0', '2024-06-24T04:45:39.7126617Z', '17264')"
2024-06-24 10:50:40,5379,Success Audit,Microsoft-Windows-Security-Auditing,DESKTOP-QUV3S97,"('S-1-5-21-1915879001-2348363783-178924610-1001', 'Adnan', 'DESKTOP-QUV3S97', '0xd21618e', 'Adobe User Info(Part1)', '1', '1', '%%8099', '0', '2024-06-24T04:45:39.7126617Z', '17264')"
2024-06-24 10:50:55,4624,Success Audit,Microsoft-Windows-Security-Auditing,DESKTOP-QUV3S97,"('S-1-5-18', 'DESKTOP-QUV3S97$', 'WORKGROUP', '0x3e7', 'S-1-5-18', 'SYSTEM', 'NT AUTHORITY', '0x3e7', '5', 'Advapi  ', 'Negotiate', '-', '{00000000-0000-0000-0000-000000000000}', '-', '-', '0', '0x4b8', 'C:\\Windows\\System32\\services.exe', '-', '-', '%%1833', '-', '-', '-', '-', '%%1843', '0x0', '%%1842')"
2024-06-24 10:50:56,5379,Success Audit,Microsoft-Windows-Security-Auditing,DESKTOP-QUV3S97,"('S-1-5-21-1915879001-2348363783-178924610-1001', 'Adnan', 'DESKTOP-QUV3S97', '0xd21618e', 'MicrosoftAccount:user=adnanjohan54@gmail.com', '0', '1', '%%8100', '0', '2024-06-24T04:50:55.3959877Z', '28372')"
2024-06-24 11:00:06,5379,Success Audit,Microsoft-Windows-Security-Auditing,DESKTOP-QUV3S97,"('S-1-5-21-1915879001-2348363783-178924610-1001', 'Adnan', 'DESKTOP-QUV3S97', '0xd21618e', 'Adobe App Info (Q3JlYXRpdmVDbG91ZDJ7fTIwMTgwNzIwMDE)(Part1)', '1', '1', '%%8099', '0', '2024-06-24T04:14:52.2368611Z', '7272')"
2024-06-24 11:00:12,5379,Success Audit,Microsoft-Windows-Security-Auditing,DESKTOP-QUV3S97,"('S-1-5-21-1915879001-2348363783-178924610-1001', 'Adnan', 'DESKTOP-QUV3S97', '0xd21618e', 'Adobe App Info (Q29yZVN5bmMxe30yMDE4MDcyMDAx)(Part1)', '1', '1', '%%8099', '0', '2024-06-24T04:14:56.5082906Z', '2476')"
2024-06-24 11:00:27,5379,Success Audit,Microsoft-Windows-Security-Auditing,DESKTOP-QUV3S97,"('S-1-5-21-1915879001-2348363783-178924610-1001', 'Adnan', 'DESKTOP-QUV3S97', '0xd21618e', 'Adobe App Info (Q0NMaWJyYXJ5Mnt9MjAxODA3MjAwMQ)(Part1)', '1', '1', '%%8099', '0', '2024-06-24T04:15:12.1054721Z', '11704')"
2024-06-24 11:01:15,4624,Success Audit,Microsoft-Windows-Security-Auditing,DESKTOP-QUV3S97,"('S-1-5-18', 'DESKTOP-QUV3S97$', 'WORKGROUP', '0x3e7', 'S-1-5-18', 'SYSTEM', 'NT AUTHORITY', '0x3e7', '5', 'Advapi  ', 'Negotiate', '-', '{00000000-0000-0000-0000-000000000000}', '-', '-', '0', '0x4b8', 'C:\\Windows\\System32\\services.exe', '-', '-', '%%1833', '-', '-', '-', '-', '%%1843', '0x0', '%%1842')"
2024-06-24 11:08:20,4624,Success Audit,Microsoft-Windows-Security-Auditing,DESKTOP-QUV3S97,"('S-1-5-18', 'DESKTOP-QUV3S97$', 'WORKGROUP', '0x3e7', 'S-1-5-18', 'SYSTEM', 'NT AUTHORITY', '0x3e7', '5', 'Advapi  ', 'Negotiate', '-', '{00000000-0000-0000-0000-000000000000}', '-', '-', '0', '0x4b8', 'C:\\Windows\\System32\\services.exe', '-', '-', '%%1833', '-', '-', '-', '-', '%%1843', '0x0', '%%1842')"
2024-06-24 11:08:21,5379,Success Audit,Microsoft-Windows-Security-Auditing,DESKTOP-QUV3S97,"('S-1-5-21-1915879001-2348363783-178924610-1001', 'Adnan', 'DESKTOP-QUV3S97', '0xd21618e', 'MicrosoftAccount:user=adnanjohan54@gmail.com', '0', '1', '%%8100', '0', '2024-06-24T05:08:20.6916752Z', '28508')"
2024-06-24 11:10:40,5379,Success Audit,Microsoft-Windows-Security-Auditing,DESKTOP-QUV3S97,"('S-1-5-21-1915879001-2348363783-178924610-1001', 'Adnan', 'DESKTOP-QUV3S97', '0xd21618e', 'Adobe User Info(Part1)', '1', '1', '%%8099', '0', '2024-06-24T04:45:39.7126617Z', '17264')"
2024-06-24 11:11:00,4624,Success Audit,Microsoft-Windows-Security-Auditing,DESKTOP-QUV3S97,"('S-1-5-18', 'DESKTOP-QUV3S97$', 'WORKGROUP', '0x3e7', 'S-1-5-18', 'SYSTEM', 'NT AUTHORITY', '0x3e7', '5', 'Advapi  ', 'Negotiate', '-', '{00000000-0000-0000-0000-000000000000}', '-', '-', '0', '0x4b8', 'C:\\Windows\\System32\\services.exe', '-', '-', '%%1833', '-', '-', '-', '-', '%%1843', '0x0', '%%1842')"
2024-06-24 11:13:03,4624,Success Audit,Microsoft-Windows-Security-Auditing,DESKTOP-QUV3S97,"('S-1-5-18', 'DESKTOP-QUV3S97$', 'WORKGROUP', '0x3e7', 'S-1-5-18', 'SYSTEM', 'NT AUTHORITY', '0x3e7', '5', 'Advapi  ', 'Negotiate', '-', '{00000000-0000-0000-0000-000000000000}', '-', '-', '0', '0x4b8', 'C:\\Windows\\System32\\services.exe', '-', '-', '%%1833', '-', '-', '-', '-', '%%1843', '0x0', '%%1842')"
2024-06-24 11:13:04,5379,Success Audit,Microsoft-Windows-Security-Auditing,DESKTOP-QUV3S97,"('S-1-5-21-1915879001-2348363783-178924610-1001', 'Adnan', 'DESKTOP-QUV3S97', '0xd21618e', 'MicrosoftAccount:user=adnanjohan54@gmail.com', '0', '1', '%%8100', '0', '2024-06-24T05:13:03.6613309Z', '25784')"
2024-06-24 11:13:05,5379,Success Audit,Microsoft-Windows-Security-Auditing,DESKTOP-QUV3S97,"('S-1-5-21-1915879001-2348363783-178924610-1001', 'Adnan', 'DESKTOP-QUV3S97', '0xd21618e', 'MicrosoftAccount:user=adnanjohan54@gmail.com', '0', '1', '%%8100', '0', '2024-06-24T05:13:03.6613309Z', '25784')"
2024-06-24 11:13:14,5379,Success Audit,Microsoft-Windows-Security-Auditing,DESKTOP-QUV3S97,"('S-1-5-21-1915879001-2348363783-178924610-1001', 'Adnan', 'DESKTOP-QUV3S97', '0xd21618e', 'MicrosoftAccount:user=adnanjohan54@gmail.com', '0', '1', '%%8100', '0', '2024-06-24T05:13:03.6613309Z', '25784')"
2024-06-24 11:13:15,5379,Success Audit,Microsoft-Windows-Security-Auditing,DESKTOP-QUV3S97,"('S-1-5-21-1915879001-2348363783-178924610-1001', 'Adnan', 'DESKTOP-QUV3S97', '0xd21618e', 'MicrosoftAccount:user=adnanjohan54@gmail.com', '0', '1', '%%8100', '0', '2024-06-24T05:13:03.6613309Z', '25784')"
2024-06-24 11:14:03,4624,Success Audit,Microsoft-Windows-Security-Auditing,DESKTOP-QUV3S97,"('S-1-5-18', 'DESKTOP-QUV3S97$', 'WORKGROUP', '0x3e7', 'S-1-5-18', 'SYSTEM', 'NT AUTHORITY', '0x3e7', '5', 'Advapi  ', 'Negotiate', '-', '{00000000-0000-0000-0000-000000000000}', '-', '-', '0', '0x4b8', 'C:\\Windows\\System32\\services.exe', '-', '-', '%%1833', '-', '-', '-', '-', '%%1843', '0x0', '%%1842')"
2024-06-24 11:14:07,4799,Success Audit,Microsoft-Windows-Security-Auditing,DESKTOP-QUV3S97,"('Administrators', 'Builtin', 'S-1-5-32-544', 'S-1-5-18', 'DESKTOP-QUV3S97$', 'WORKGROUP', '0x3e7', '0x6260', 'C:\\Windows\\System32\\svchost.exe')"
2024-06-24 11:15:14,5379,Success Audit,Microsoft-Windows-Security-Auditing,DESKTOP-QUV3S97,"('S-1-5-21-1915879001-2348363783-178924610-1001', 'Adnan', 'DESKTOP-QUV3S97', '0xd21618e', 'Adobe App Info (Q3JlYXRpdmVDbG91ZDJ7fTIwMTgwNzIwMDE)(Part1)', '1', '1', '%%8099', '0', '2024-06-24T04:14:52.2368611Z', '7272')"
2024-06-24 11:15:16,5379,Success Audit,Microsoft-Windows-Security-Auditing,DESKTOP-QUV3S97,"('S-1-5-21-1915879001-2348363783-178924610-1001', 'Adnan', 'DESKTOP-QUV3S97', '0xd21618e', 'Adobe App Info (Q29yZVN5bmMxe30yMDE4MDcyMDAx)(Part1)', '1', '1', '%%8099', '0', '2024-06-24T04:14:56.5082906Z', '2476')"
2024-06-24 11:15:33,5379,Success Audit,Microsoft-Windows-Security-Auditing,DESKTOP-QUV3S97,"('S-1-5-21-1915879001-2348363783-178924610-1001', 'Adnan', 'DESKTOP-QUV3S97', '0xd21618e', 'Adobe App Info (Q0NMaWJyYXJ5Mnt9MjAxODA3MjAwMQ)(Part1)', '1', '1', '%%8099', '0', '2024-06-24T04:15:12.1054721Z', '11704')"
2024-06-24 11:17:58,5379,Success Audit,Microsoft-Windows-Security-Auditing,DESKTOP-QUV3S97,"('S-1-5-21-1915879001-2348363783-178924610-1001', 'Adnan', 'DESKTOP-QUV3S97', '0xd21618e', 'Adobe User OS Info(Part1)', '1', '1', '%%8099', '0', '2024-06-24T05:17:57.8173477Z', '23768')"
2024-06-24 11:17:59,5379,Success Audit,Microsoft-Windows-Security-Auditing,DESKTOP-QUV3S97,"('S-1-5-21-1915879001-2348363783-178924610-1001', 'Adnan', 'DESKTOP-QUV3S97', '0xd21618e', 'Adobe App Info (Q0NYUHJvY2VzczF7fTIwMTgwNzIwMDE)(Part1)', '1', '1', '%%8099', '0', '2024-06-24T05:17:57.8173477Z', '23768')"
2024-06-24 11:18:00,5379,Success Audit,Microsoft-Windows-Security-Auditing,DESKTOP-QUV3S97,"('S-1-5-21-1915879001-2348363783-178924610-1001', 'Adnan', 'DESKTOP-QUV3S97', '0xd21618e', 'Adobe User Info(Part1)', '1', '1', '%%8099', '0', '2024-06-24T05:17:57.8173477Z', '23768')"
2024-06-24 11:27:58,5379,Success Audit,Microsoft-Windows-Security-Auditing,DESKTOP-QUV3S97,"('S-1-5-21-1915879001-2348363783-178924610-1001', 'Adnan', 'DESKTOP-QUV3S97', '0xd21618e', 'Adobe User Info(Part1)', '1', '1', '%%8099', '0', '2024-06-24T05:17:57.8173477Z', '23768')"
2024-06-24 11:29:15,4624,Success Audit,Microsoft-Windows-Security-Auditing,DESKTOP-QUV3S97,"('S-1-5-18', 'DESKTOP-QUV3S97$', 'WORKGROUP', '0x3e7', 'S-1-5-18', 'SYSTEM', 'NT AUTHORITY', '0x3e7', '5', 'Advapi  ', 'Negotiate', '-', '{00000000-0000-0000-0000-000000000000}', '-', '-', '0', '0x4b8', 'C:\\Windows\\System32\\services.exe', '-', '-', '%%1833', '-', '-', '-', '-', '%%1843', '0x0', '%%1842')"
2024-06-24 11:29:32,4624,Success Audit,Microsoft-Windows-Security-Auditing,DESKTOP-QUV3S97,"('S-1-5-18', 'DESKTOP-QUV3S97$', 'WORKGROUP', '0x3e7', 'S-1-5-18', 'SYSTEM', 'NT AUTHORITY', '0x3e7', '5', 'Advapi  ', 'Negotiate', '-', '{00000000-0000-0000-0000-000000000000}', '-', '-', '0', '0x4b8', 'C:\\Windows\\System32\\services.exe', '-', '-', '%%1833', '-', '-', '-', '-', '%%1843', '0x0', '%%1842')"
2024-06-24 11:29:33,5379,Success Audit,Microsoft-Windows-Security-Auditing,DESKTOP-QUV3S97,"('S-1-5-21-1915879001-2348363783-178924610-1001', 'Adnan', 'DESKTOP-QUV3S97', '0xd21618e', 'MicrosoftAccount:user=adnanjohan54@gmail.com', '0', '1', '%%8100', '0', '2024-06-24T05:29:32.2075435Z', '20400')"
2024-06-24 11:30:19,5379,Success Audit,Microsoft-Windows-Security-Auditing,DESKTOP-QUV3S97,"('S-1-5-21-1915879001-2348363783-178924610-1001', 'Adnan', 'DESKTOP-QUV3S97', '0xd21618e', 'Adobe App Info (Q29yZVN5bmMxe30yMDE4MDcyMDAx)(Part1)', '1', '1', '%%8099', '0', '2024-06-24T04:14:56.5082906Z', '2476')"
2024-06-24 11:30:20,5379,Success Audit,Microsoft-Windows-Security-Auditing,DESKTOP-QUV3S97,"('S-1-5-21-1915879001-2348363783-178924610-1001', 'Adnan', 'DESKTOP-QUV3S97', '0xd21618e', 'Adobe App Info (Q3JlYXRpdmVDbG91ZDJ7fTIwMTgwNzIwMDE)(Part1)', '1', '1', '%%8099', '0', '2024-06-24T04:14:52.2368611Z', '7272')"
