2024-06-25 11:19:58,5379,Success Audit,Microsoft-Windows-Security-Auditing,DESKTOP-QUV3S97,"('S-1-5-21-1915879001-2348363783-178924610-1001', 'Adnan', 'DESKTOP-QUV3S97', '0x5eb07', 'MicrosoftAccount:user=adnanjohan54@gmail.com', '0', '1', '%%8100', '0', '2024-06-25T05:19:04.1755828Z', '2540')"
2024-06-25 11:20:44,5379,Success Audit,Microsoft-Windows-Security-Auditing,DESKTOP-QUV3S97,"('S-1-5-21-1915879001-2348363783-178924610-1001', 'Adnan', 'DESKTOP-QUV3S97', '0x5eb07', 'MicrosoftAccount:user=adnanjohan54@gmail.com', '0', '1', '%%8100', '0', '2024-06-25T05:19:04.1755828Z', '2540')"
2024-06-25 11:20:45,5379,Success Audit,Microsoft-Windows-Security-Auditing,DESKTOP-QUV3S97,"('S-1-5-21-1915879001-2348363783-178924610-1001', 'Adnan', 'DESKTOP-QUV3S97', '0x5eb07', 'MicrosoftAccount:user=adnanjohan54@gmail.com', '0', '1', '%%8100', '0', '2024-06-25T05:19:04.1755828Z', '2540')"
2024-06-25 11:20:46,5058,Success Audit,Microsoft-Windows-Security-Auditing,DESKTOP-QUV3S97,"('S-1-5-21-1915879001-2348363783-178924610-1001', 'Adnan', 'DESKTOP-QUV3S97', '0x5eb07', '4684', '2024-06-25T05:20:43.5228844Z', 'Microsoft Software Key Storage Provider', 'ECDSA_P256', 'ChromeMetricsTestKey', '%%2500', 'C:\\Users\\win11\\AppData\\Roaming\\Microsoft\\Crypto\\Keys\\1e313dfb17707690d41bc1ce552b952a_63674727-7a53-478c-ab09-bed1da73ae69', '%%2459', '0x0')"
2024-06-25 11:21:44,4624,Success Audit,Microsoft-Windows-Security-Auditing,DESKTOP-QUV3S97,"('S-1-5-18', 'DESKTOP-QUV3S97$', 'WORKGROUP', '0x3e7', 'S-1-5-18', 'SYSTEM', 'NT AUTHORITY', '0x3e7', '5', 'Advapi  ', 'Negotiate', '-', '{00000000-0000-0000-0000-000000000000}', '-', '-', '0', '0x4e4', 'C:\\Windows\\System32\\services.exe', '-', '-', '%%1833', '-', '-', '-', '-', '%%1843', '0x0', '%%1842')"
2024-06-25 11:21:48,4799,Success Audit,Microsoft-Windows-Security-Auditing,DESKTOP-QUV3S97,"('Administrators', 'Builtin', 'S-1-5-32-544', 'S-1-5-18', 'DESKTOP-QUV3S97$', 'WORKGROUP', '0x3e7', '0x1a68', 'C:\\Windows\\System32\\svchost.exe')"
2024-06-25 11:21:57,4624,Success Audit,Microsoft-Windows-Security-Auditing,DESKTOP-QUV3S97,"('S-1-5-18', 'DESKTOP-QUV3S97$', 'WORKGROUP', '0x3e7', 'S-1-5-18', 'SYSTEM', 'NT AUTHORITY', '0x3e7', '5', 'Advapi  ', 'Negotiate', '-', '{00000000-0000-0000-0000-000000000000}', '-', '-', '0', '0x4e4', 'C:\\Windows\\System32\\services.exe', '-', '-', '%%1833', '-', '-', '-', '-', '%%1843', '0x0', '%%1842')"
2024-06-25 11:22:28,5379,Success Audit,Microsoft-Windows-Security-Auditing,DESKTOP-QUV3S97,"('S-1-5-21-1915879001-2348363783-178924610-1001', 'Adnan', 'DESKTOP-QUV3S97', '0x5eb07', 'Adobe App Info (Q3JlYXRpdmVDbG91ZDJ7fTIwMTgwNzIwMDE)(Part1)', '1', '1', '%%8099', '0', '2024-06-25T04:37:01.1334955Z', '9272')"
2024-06-25 11:23:35,5382,Success Audit,Microsoft-Windows-Security-Auditing,DESKTOP-QUV3S97,"('S-1-5-18', 'DESKTOP-QUV3S97$', 'WORKGROUP', '0x3e7', 'NGC Local Accoount Logon Vault Resource Schema', '{1d4350a3-330d-4af9-b3ff-a927a45998ac}', 'NGC Local Accoount Logon Vault Resource', '01050000000000051500000059FE31720730F98B422CAA0AE9030000', '', '0', '1168', '2024-06-25T04:34:59.2950971Z', '8676')"
2024-06-25 11:23:46,5379,Success Audit,Microsoft-Windows-Security-Auditing,DESKTOP-QUV3S97,"('S-1-5-21-1915879001-2348363783-178924610-1001', 'Adnan', 'DESKTOP-QUV3S97', '0x5eb07', 'Adobe App Info (Q29yZVN5bmMxe30yMDE4MDcyMDAx)(Part1)', '1', '1', '%%8099', '0', '2024-06-25T04:38:22.8826440Z', '9976')"
2024-06-25 11:24:08,4624,Success Audit,Microsoft-Windows-Security-Auditing,DESKTOP-QUV3S97,"('S-1-5-18', 'DESKTOP-QUV3S97$', 'WORKGROUP', '0x3e7', 'S-1-5-18', 'SYSTEM', 'NT AUTHORITY', '0x3e7', '5', 'Advapi  ', 'Negotiate', '-', '{00000000-0000-0000-0000-000000000000}', '-', '-', '0', '0x4e4', 'C:\\Windows\\System32\\services.exe', '-', '-', '%%1833', '-', '-', '-', '-', '%%1843', '0x0', '%%1842')"
2024-06-25 11:24:11,5382,Success Audit,Microsoft-Windows-Security-Auditing,DESKTOP-QUV3S97,"('S-1-5-18', 'DESKTOP-QUV3S97$', 'WORKGROUP', '0x3e7', 'NGC Local Accoount Logon Vault Resource Schema', '{1d4350a3-330d-4af9-b3ff-a927a45998ac}', 'NGC Local Accoount Logon Vault Resource', '01050000000000051500000059FE31720730F98B422CAA0AE9030000', '', '0', '1168', '2024-06-25T04:34:59.2950971Z', '8676')"
2024-06-25 11:27:36,5379,Success Audit,Microsoft-Windows-Security-Auditing,DESKTOP-QUV3S97,"('S-1-5-21-1915879001-2348363783-178924610-1001', 'Adnan', 'DESKTOP-QUV3S97', '0x5eb07', 'Adobe User Info(Part1)', '1', '1', '%%8099', '0', '2024-06-25T05:07:35.7784020Z', '10560')"
2024-06-25 11:30:30,4624,Success Audit,Microsoft-Windows-Security-Auditing,DESKTOP-QUV3S97,"('S-1-5-18', 'DESKTOP-QUV3S97$', 'WORKGROUP', '0x3e7', 'S-1-5-18', 'SYSTEM', 'NT AUTHORITY', '0x3e7', '5', 'Advapi  ', 'Negotiate', '-', '{00000000-0000-0000-0000-000000000000}', '-', '-', '0', '0x4e4', 'C:\\Windows\\System32\\services.exe', '-', '-', '%%1833', '-', '-', '-', '-', '%%1843', '0x0', '%%1842')"
2024-06-25 11:30:31,5379,Success Audit,Microsoft-Windows-Security-Auditing,DESKTOP-QUV3S97,"('S-1-5-21-1915879001-2348363783-178924610-1001', 'Adnan', 'DESKTOP-QUV3S97', '0x5eb07', 'MicrosoftAccount:user=adnanjohan54@gmail.com', '0', '1', '%%8100', '0', '2024-06-25T05:30:30.0434601Z', '16508')"
2024-06-25 11:35:13,4624,Success Audit,Microsoft-Windows-Security-Auditing,DESKTOP-QUV3S97,"('S-1-5-18', 'DESKTOP-QUV3S97$', 'WORKGROUP', '0x3e7', 'S-1-5-18', 'SYSTEM', 'NT AUTHORITY', '0x3e7', '5', 'Advapi  ', 'Negotiate', '-', '{00000000-0000-0000-0000-000000000000}', '-', '-', '0', '0x4e4', 'C:\\Windows\\System32\\services.exe', '-', '-', '%%1833', '-', '-', '-', '-', '%%1843', '0x0', '%%1842')"
2024-06-25 11:35:14,5379,Success Audit,Microsoft-Windows-Security-Auditing,DESKTOP-QUV3S97,"('S-1-5-21-1915879001-2348363783-178924610-1001', 'Adnan', 'DESKTOP-QUV3S97', '0x5eb07', 'MicrosoftAccount:user=adnanjohan54@gmail.com', '0', '1', '%%8100', '0', '2024-06-25T05:35:13.0602759Z', '21808')"
2024-06-25 11:37:36,5379,Success Audit,Microsoft-Windows-Security-Auditing,DESKTOP-QUV3S97,"('S-1-5-21-1915879001-2348363783-178924610-1001', 'Adnan', 'DESKTOP-QUV3S97', '0x5eb07', 'Adobe App Info (Q3JlYXRpdmVDbG91ZDJ7fTIwMTgwNzIwMDE)(Part1)', '1', '1', '%%8099', '0', '2024-06-25T04:37:01.1334955Z', '9272')"
2024-06-25 11:38:51,5379,Success Audit,Microsoft-Windows-Security-Auditing,DESKTOP-QUV3S97,"('S-1-5-21-1915879001-2348363783-178924610-1001', 'Adnan', 'DESKTOP-QUV3S97', '0x5eb07', 'Adobe App Info (Q29yZVN5bmMxe30yMDE4MDcyMDAx)(Part1)', '1', '1', '%%8099', '0', '2024-06-25T04:38:22.8826440Z', '9976')"
2024-06-25 11:39:54,5379,Success Audit,Microsoft-Windows-Security-Auditing,DESKTOP-QUV3S97,"('S-1-5-21-1915879001-2348363783-178924610-1001', 'Adnan', 'DESKTOP-QUV3S97', '0x5eb07', 'Adobe User OS Info(Part1)', '1', '1', '%%8099', '0', '2024-06-25T05:39:54.0223547Z', '8552')"
2024-06-25 11:39:55,5379,Success Audit,Microsoft-Windows-Security-Auditing,DESKTOP-QUV3S97,"('S-1-5-21-1915879001-2348363783-178924610-1001', 'Adnan', 'DESKTOP-QUV3S97', '0x5eb07', 'Adobe App Info (Q0NYUHJvY2VzczF7fTIwMTgwNzIwMDE)(Part1)', '1', '1', '%%8099', '0', '2024-06-25T05:39:54.0223547Z', '8552')"
2024-06-25 11:39:56,5379,Success Audit,Microsoft-Windows-Security-Auditing,DESKTOP-QUV3S97,"('S-1-5-21-1915879001-2348363783-178924610-1001', 'Adnan', 'DESKTOP-QUV3S97', '0x5eb07', 'Adobe User Info(Part1)', '1', '1', '%%8099', '0', '2024-06-25T05:39:54.0223547Z', '8552')"
2024-06-25 11:40:28,4624,Success Audit,Microsoft-Windows-Security-Auditing,DESKTOP-QUV3S97,"('S-1-5-18', 'DESKTOP-QUV3S97$', 'WORKGROUP', '0x3e7', 'S-1-5-18', 'SYSTEM', 'NT AUTHORITY', '0x3e7', '5', 'Advapi  ', 'Negotiate', '-', '{00000000-0000-0000-0000-000000000000}', '-', '-', '0', '0x4e4', 'C:\\Windows\\System32\\services.exe', '-', '-', '%%1833', '-', '-', '-', '-', '%%1843', '0x0', '%%1842')"
2024-06-25 11:40:29,5379,Success Audit,Microsoft-Windows-Security-Auditing,DESKTOP-QUV3S97,"('S-1-5-21-1915879001-2348363783-178924610-1001', 'Adnan', 'DESKTOP-QUV3S97', '0x5eb07', 'MicrosoftAccount:user=adnanjohan54@gmail.com', '0', '1', '%%8100', '0', '2024-06-25T05:40:28.2349278Z', '13540')"
2024-06-25 11:41:21,4624,Success Audit,Microsoft-Windows-Security-Auditing,DESKTOP-QUV3S97,"('S-1-5-18', 'DESKTOP-QUV3S97$', 'WORKGROUP', '0x3e7', 'S-1-5-18', 'SYSTEM', 'NT AUTHORITY', '0x3e7', '5', 'Advapi  ', 'Negotiate', '-', '{00000000-0000-0000-0000-000000000000}', '-', '-', '0', '0x4e4', 'C:\\Windows\\System32\\services.exe', '-', '-', '%%1833', '-', '-', '-', '-', '%%1843', '0x0', '%%1842')"
2024-06-25 11:41:23,5379,Success Audit,Microsoft-Windows-Security-Auditing,DESKTOP-QUV3S97,"('S-1-5-18', 'DESKTOP-QUV3S97$', 'WORKGROUP', '0x3e7', 'MicrosoftAccount:user=02egmqpvpyrjqfeo', '0', '0', '%%8100', '3221226021', '2024-06-25T05:40:28.2349278Z', '13540')"
2024-06-25 11:41:24,5379,Success Audit,Microsoft-Windows-Security-Auditing,DESKTOP-QUV3S97,"('S-1-5-18', 'DESKTOP-QUV3S97$', 'WORKGROUP', '0x3e7', 'MicrosoftAccount:user=02egmqpvpyrjqfeo', '0', '0', '%%8100', '3221226021', '2024-06-25T05:40:28.2349278Z', '13540')"
2024-06-25 11:41:30,4624,Success Audit,Microsoft-Windows-Security-Auditing,DESKTOP-QUV3S97,"('S-1-5-18', 'DESKTOP-QUV3S97$', 'WORKGROUP', '0x3e7', 'S-1-5-18', 'SYSTEM', 'NT AUTHORITY', '0x3e7', '5', 'Advapi  ', 'Negotiate', '-', '{00000000-0000-0000-0000-000000000000}', '-', '-', '0', '0x4e4', 'C:\\Windows\\System32\\services.exe', '-', '-', '%%1833', '-', '-', '-', '-', '%%1843', '0x0', '%%1842')"
2024-06-25 11:44:10,4624,Success Audit,Microsoft-Windows-Security-Auditing,DESKTOP-QUV3S97,"('S-1-5-18', 'DESKTOP-QUV3S97$', 'WORKGROUP', '0x3e7', 'S-1-5-18', 'SYSTEM', 'NT AUTHORITY', '0x3e7', '5', 'Advapi  ', 'Negotiate', '-', '{00000000-0000-0000-0000-000000000000}', '-', '-', '0', '0x4e4', 'C:\\Windows\\System32\\services.exe', '-', '-', '%%1833', '-', '-', '-', '-', '%%1843', '0x0', '%%1842')"
2024-06-25 11:44:54,5379,Success Audit,Microsoft-Windows-Security-Auditing,DESKTOP-QUV3S97,"('S-1-5-21-1915879001-2348363783-178924610-1001', 'Adnan', 'DESKTOP-QUV3S97', '0x5eb07', 'Adobe User Info(Part1)', '1', '1', '%%8099', '0', '2024-06-25T05:39:54.0223547Z', '8552')"
2024-06-25 11:49:56,4624,Success Audit,Microsoft-Windows-Security-Auditing,DESKTOP-QUV3S97,"('S-1-5-18', 'DESKTOP-QUV3S97$', 'WORKGROUP', '0x3e7', 'S-1-5-18', 'SYSTEM', 'NT AUTHORITY', '0x3e7', '5', 'Advapi  ', 'Negotiate', '-', '{00000000-0000-0000-0000-000000000000}', '-', '-', '0', '0x4e4', 'C:\\Windows\\System32\\services.exe', '-', '-', '%%1833', '-', '-', '-', '-', '%%1843', '0x0', '%%1842')"
2024-06-25 11:51:41,4624,Success Audit,Microsoft-Windows-Security-Auditing,DESKTOP-QUV3S97,"('S-1-5-18', 'DESKTOP-QUV3S97$', 'WORKGROUP', '0x3e7', 'S-1-5-18', 'SYSTEM', 'NT AUTHORITY', '0x3e7', '5', 'Advapi  ', 'Negotiate', '-', '{00000000-0000-0000-0000-000000000000}', '-', '-', '0', '0x4e4', 'C:\\Windows\\System32\\services.exe', '-', '-', '%%1833', '-', '-', '-', '-', '%%1843', '0x0', '%%1842')"
2024-06-25 11:51:42,5379,Success Audit,Microsoft-Windows-Security-Auditing,DESKTOP-QUV3S97,"('S-1-5-21-1915879001-2348363783-178924610-1001', 'Adnan', 'DESKTOP-QUV3S97', '0x5eb07', 'MicrosoftAccount:user=adnanjohan54@gmail.com', '0', '1', '%%8100', '0', '2024-06-25T05:51:41.4865189Z', '21424')"
2024-06-25 11:52:45,5379,Success Audit,Microsoft-Windows-Security-Auditing,DESKTOP-QUV3S97,"('S-1-5-21-1915879001-2348363783-178924610-1001', 'Adnan', 'DESKTOP-QUV3S97', '0x5eb07', 'Adobe App Info (Q3JlYXRpdmVDbG91ZDJ7fTIwMTgwNzIwMDE)(Part1)', '1', '1', '%%8099', '0', '2024-06-25T04:37:01.1334955Z', '9272')"
2024-06-25 11:53:57,5379,Success Audit,Microsoft-Windows-Security-Auditing,DESKTOP-QUV3S97,"('S-1-5-21-1915879001-2348363783-178924610-1001', 'Adnan', 'DESKTOP-QUV3S97', '0x5eb07', 'Adobe App Info (Q29yZVN5bmMxe30yMDE4MDcyMDAx)(Part1)', '1', '1', '%%8099', '0', '2024-06-25T04:38:22.8826440Z', '9976')"
2024-06-25 11:59:54,5379,Success Audit,Microsoft-Windows-Security-Auditing,DESKTOP-QUV3S97,"('S-1-5-21-1915879001-2348363783-178924610-1001', 'Adnan', 'DESKTOP-QUV3S97', '0x5eb07', 'Adobe User Info(Part1)', '1', '1', '%%8099', '0', '2024-06-25T05:39:54.0223547Z', '8552')"
2024-06-25 12:02:01,4624,Success Audit,Microsoft-Windows-Security-Auditing,DESKTOP-QUV3S97,"('S-1-5-18', 'DESKTOP-QUV3S97$', 'WORKGROUP', '0x3e7', 'S-1-5-18', 'SYSTEM', 'NT AUTHORITY', '0x3e7', '5', 'Advapi  ', 'Negotiate', '-', '{00000000-0000-0000-0000-000000000000}', '-', '-', '0', '0x4e4', 'C:\\Windows\\System32\\services.exe', '-', '-', '%%1833', '-', '-', '-', '-', '%%1843', '0x0', '%%1842')"
2024-06-25 12:07:52,5379,Success Audit,Microsoft-Windows-Security-Auditing,DESKTOP-QUV3S97,"('S-1-5-21-1915879001-2348363783-178924610-1001', 'Adnan', 'DESKTOP-QUV3S97', '0x5eb07', 'Adobe App Info (Q3JlYXRpdmVDbG91ZDJ7fTIwMTgwNzIwMDE)(Part1)', '1', '1', '%%8099', '0', '2024-06-25T04:37:01.1334955Z', '9272')"
2024-06-25 12:09:01,5379,Success Audit,Microsoft-Windows-Security-Auditing,DESKTOP-QUV3S97,"('S-1-5-21-1915879001-2348363783-178924610-1001', 'Adnan', 'DESKTOP-QUV3S97', '0x5eb07', 'Adobe App Info (Q29yZVN5bmMxe30yMDE4MDcyMDAx)(Part1)', '1', '1', '%%8099', '0', '2024-06-25T04:38:22.8826440Z', '9976')"
2024-06-25 12:12:12,5379,Success Audit,Microsoft-Windows-Security-Auditing,DESKTOP-QUV3S97,"('S-1-5-21-1915879001-2348363783-178924610-1001', 'Adnan', 'DESKTOP-QUV3S97', '0x5eb07', 'Adobe User OS Info(Part1)', '1', '1', '%%8099', '0', '2024-06-25T06:12:12.1606253Z', '11908')"
2024-06-25 12:12:13,5379,Success Audit,Microsoft-Windows-Security-Auditing,DESKTOP-QUV3S97,"('S-1-5-21-1915879001-2348363783-178924610-1001', 'Adnan', 'DESKTOP-QUV3S97', '0x5eb07', 'Adobe App Info (Q0NYUHJvY2VzczF7fTIwMTgwNzIwMDE)(Part1)', '1', '1', '%%8099', '0', '2024-06-25T06:12:12.1606253Z', '11908')"
2024-06-25 12:12:14,5379,Success Audit,Microsoft-Windows-Security-Auditing,DESKTOP-QUV3S97,"('S-1-5-21-1915879001-2348363783-178924610-1001', 'Adnan', 'DESKTOP-QUV3S97', '0x5eb07', 'Adobe User Info(Part1)', '1', '1', '%%8099', '0', '2024-06-25T06:12:12.1606253Z', '11908')"
2024-06-25 12:16:09,4624,Success Audit,Microsoft-Windows-Security-Auditing,DESKTOP-QUV3S97,"('S-1-5-18', 'DESKTOP-QUV3S97$', 'WORKGROUP', '0x3e7', 'S-1-5-18', 'SYSTEM', 'NT AUTHORITY', '0x3e7', '5', 'Advapi  ', 'Negotiate', '-', '{00000000-0000-0000-0000-000000000000}', '-', '-', '0', '0x4e4', 'C:\\Windows\\System32\\services.exe', '-', '-', '%%1833', '-', '-', '-', '-', '%%1843', '0x0', '%%1842')"
2024-06-25 12:17:12,5379,Success Audit,Microsoft-Windows-Security-Auditing,DESKTOP-QUV3S97,"('S-1-5-21-1915879001-2348363783-178924610-1001', 'Adnan', 'DESKTOP-QUV3S97', '0x5eb07', 'Adobe User Info(Part1)', '1', '1', '%%8099', '0', '2024-06-25T06:12:12.1606253Z', '11908')"
2024-06-25 12:22:54,5379,Success Audit,Microsoft-Windows-Security-Auditing,DESKTOP-QUV3S97,"('S-1-5-21-1915879001-2348363783-178924610-1001', 'Adnan', 'DESKTOP-QUV3S97', '0x5eb07', 'Adobe App Info (Q3JlYXRpdmVDbG91ZDJ7fTIwMTgwNzIwMDE)(Part1)', '1', '1', '%%8099', '0', '2024-06-25T04:37:01.1334955Z', '9272')"
2024-06-25 12:24:02,5379,Success Audit,Microsoft-Windows-Security-Auditing,DESKTOP-QUV3S97,"('S-1-5-21-1915879001-2348363783-178924610-1001', 'Adnan', 'DESKTOP-QUV3S97', '0x5eb07', 'Adobe App Info (Q29yZVN5bmMxe30yMDE4MDcyMDAx)(Part1)', '1', '1', '%%8099', '0', '2024-06-25T04:38:22.8826440Z', '9976')"
2024-06-25 12:24:08,4624,Success Audit,Microsoft-Windows-Security-Auditing,DESKTOP-QUV3S97,"('S-1-5-18', 'DESKTOP-QUV3S97$', 'WORKGROUP', '0x3e7', 'S-1-5-18', 'SYSTEM', 'NT AUTHORITY', '0x3e7', '5', 'Advapi  ', 'Negotiate', '-', '{00000000-0000-0000-0000-000000000000}', '-', '-', '0', '0x4e4', 'C:\\Windows\\System32\\services.exe', '-', '-', '%%1833', '-', '-', '-', '-', '%%1843', '0x0', '%%1842')"
2024-06-25 12:25:31,4624,Success Audit,Microsoft-Windows-Security-Auditing,DESKTOP-QUV3S97,"('S-1-5-18', 'DESKTOP-QUV3S97$', 'WORKGROUP', '0x3e7', 'S-1-5-18', 'SYSTEM', 'NT AUTHORITY', '0x3e7', '5', 'Advapi  ', 'Negotiate', '-', '{00000000-0000-0000-0000-000000000000}', '-', '-', '0', '0x4e4', 'C:\\Windows\\System32\\services.exe', '-', '-', '%%1833', '-', '-', '-', '-', '%%1843', '0x0', '%%1842')"
2024-06-25 12:25:32,5379,Success Audit,Microsoft-Windows-Security-Auditing,DESKTOP-QUV3S97,"('S-1-5-21-1915879001-2348363783-178924610-1001', 'Adnan', 'DESKTOP-QUV3S97', '0x5eb07', 'MicrosoftAccount:user=adnanjohan54@gmail.com', '0', '1', '%%8100', '0', '2024-06-25T06:25:31.4770827Z', '11104')"
2024-06-25 12:28:16,4624,Success Audit,Microsoft-Windows-Security-Auditing,DESKTOP-QUV3S97,"('S-1-5-18', 'DESKTOP-QUV3S97$', 'WORKGROUP', '0x3e7', 'S-1-5-18', 'SYSTEM', 'NT AUTHORITY', '0x3e7', '5', 'Advapi  ', 'Negotiate', '-', '{00000000-0000-0000-0000-000000000000}', '-', '-', '0', '0x4e4', 'C:\\Windows\\System32\\services.exe', '-', '-', '%%1833', '-', '-', '-', '-', '%%1843', '0x0', '%%1842')"
2024-06-25 12:32:12,5379,Success Audit,Microsoft-Windows-Security-Auditing,DESKTOP-QUV3S97,"('S-1-5-21-1915879001-2348363783-178924610-1001', 'Adnan', 'DESKTOP-QUV3S97', '0x5eb07', 'Adobe User Info(Part1)', '1', '1', '%%8099', '0', '2024-06-25T06:12:12.1606253Z', '11908')"
2024-06-25 12:35:03,4624,Success Audit,Microsoft-Windows-Security-Auditing,DESKTOP-QUV3S97,"('S-1-5-18', 'DESKTOP-QUV3S97$', 'WORKGROUP', '0x3e7', 'S-1-5-18', 'SYSTEM', 'NT AUTHORITY', '0x3e7', '5', 'Advapi  ', 'Negotiate', '-', '{00000000-0000-0000-0000-000000000000}', '-', '-', '0', '0x4e4', 'C:\\Windows\\System32\\services.exe', '-', '-', '%%1833', '-', '-', '-', '-', '%%1843', '0x0', '%%1842')"
2024-06-25 12:37:59,5379,Success Audit,Microsoft-Windows-Security-Auditing,DESKTOP-QUV3S97,"('S-1-5-21-1915879001-2348363783-178924610-1001', 'Adnan', 'DESKTOP-QUV3S97', '0x5eb07', 'Adobe App Info (Q3JlYXRpdmVDbG91ZDJ7fTIwMTgwNzIwMDE)(Part1)', '1', '1', '%%8099', '0', '2024-06-25T04:37:01.1334955Z', '9272')"
2024-06-25 12:39:07,5379,Success Audit,Microsoft-Windows-Security-Auditing,DESKTOP-QUV3S97,"('S-1-5-21-1915879001-2348363783-178924610-1001', 'Adnan', 'DESKTOP-QUV3S97', '0x5eb07', 'Adobe App Info (Q29yZVN5bmMxe30yMDE4MDcyMDAx)(Part1)', '1', '1', '%%8099', '0', '2024-06-25T04:38:22.8826440Z', '9976')"
2024-06-25 12:47:37,4624,Success Audit,Microsoft-Windows-Security-Auditing,DESKTOP-QUV3S97,"('S-1-5-18', 'DESKTOP-QUV3S97$', 'WORKGROUP', '0x3e7', 'S-1-5-18', 'SYSTEM', 'NT AUTHORITY', '0x3e7', '5', 'Advapi  ', 'Negotiate', '-', '{00000000-0000-0000-0000-000000000000}', '-', '-', '0', '0x4e4', 'C:\\Windows\\System32\\services.exe', '-', '-', '%%1833', '-', '-', '-', '-', '%%1843', '0x0', '%%1842')"
2024-06-25 12:53:09,5379,Success Audit,Microsoft-Windows-Security-Auditing,DESKTOP-QUV3S97,"('S-1-5-21-1915879001-2348363783-178924610-1001', 'Adnan', 'DESKTOP-QUV3S97', '0x5eb07', 'Adobe App Info (Q3JlYXRpdmVDbG91ZDJ7fTIwMTgwNzIwMDE)(Part1)', '1', '1', '%%8099', '0', '2024-06-25T04:37:01.1334955Z', '9272')"
2024-06-25 12:54:14,5379,Success Audit,Microsoft-Windows-Security-Auditing,DESKTOP-QUV3S97,"('S-1-5-21-1915879001-2348363783-178924610-1001', 'Adnan', 'DESKTOP-QUV3S97', '0x5eb07', 'Adobe App Info (Q29yZVN5bmMxe30yMDE4MDcyMDAx)(Part1)', '1', '1', '%%8099', '0', '2024-06-25T04:38:22.8826440Z', '9976')"
2024-06-25 12:55:56,4624,Success Audit,Microsoft-Windows-Security-Auditing,DESKTOP-QUV3S97,"('S-1-5-18', 'DESKTOP-QUV3S97$', 'WORKGROUP', '0x3e7', 'S-1-5-18', 'SYSTEM', 'NT AUTHORITY', '0x3e7', '5', 'Advapi  ', 'Negotiate', '-', '{00000000-0000-0000-0000-000000000000}', '-', '-', '0', '0x4e4', 'C:\\Windows\\System32\\services.exe', '-', '-', '%%1833', '-', '-', '-', '-', '%%1843', '0x0', '%%1842')"
2024-06-25 12:55:57,4624,Success Audit,Microsoft-Windows-Security-Auditing,DESKTOP-QUV3S97,"('S-1-5-18', 'DESKTOP-QUV3S97$', 'WORKGROUP', '0x3e7', 'S-1-5-18', 'SYSTEM', 'NT AUTHORITY', '0x3e7', '5', 'Advapi  ', 'Negotiate', '-', '{00000000-0000-0000-0000-000000000000}', '-', '-', '0', '0x4e4', 'C:\\Windows\\System32\\services.exe', '-', '-', '%%1833', '-', '-', '-', '-', '%%1843', '0x0', '%%1842')"
2024-06-25 12:56:17,4624,Success Audit,Microsoft-Windows-Security-Auditing,DESKTOP-QUV3S97,"('S-1-5-18', 'DESKTOP-QUV3S97$', 'WORKGROUP', '0x3e7', 'S-1-5-18', 'SYSTEM', 'NT AUTHORITY', '0x3e7', '5', 'Advapi  ', 'Negotiate', '-', '{00000000-0000-0000-0000-000000000000}', '-', '-', '0', '0x4e4', 'C:\\Windows\\System32\\services.exe', '-', '-', '%%1833', '-', '-', '-', '-', '%%1843', '0x0', '%%1842')"
2024-06-25 13:05:50,4616,Success Audit,Microsoft-Windows-Security-Auditing,DESKTOP-QUV3S97,"('S-1-5-19', 'LOCAL SERVICE', 'NT AUTHORITY', '0x3e5', '2024-06-25T07:05:50.4442447Z', '2024-06-25T07:05:50.4443344Z', '0x183c', 'C:\\Windows\\System32\\svchost.exe')"
2024-06-25 13:12:29,4624,Success Audit,Microsoft-Windows-Security-Auditing,DESKTOP-QUV3S97,"('S-1-5-18', 'DESKTOP-QUV3S97$', 'WORKGROUP', '0x3e7', 'S-1-5-18', 'SYSTEM', 'NT AUTHORITY', '0x3e7', '5', 'Advapi  ', 'Negotiate', '-', '{00000000-0000-0000-0000-000000000000}', '-', '-', '0', '0x4e4', 'C:\\Windows\\System32\\services.exe', '-', '-', '%%1833', '-', '-', '-', '-', '%%1843', '0x0', '%%1842')"
2024-06-25 13:12:31,5382,Success Audit,Microsoft-Windows-Security-Auditing,DESKTOP-QUV3S97,"('S-1-5-18', 'DESKTOP-QUV3S97$', 'WORKGROUP', '0x3e7', 'WinBio Key Schema', '{f62c1ede-aa25-4575-ba52-c81ccfdd6dc6}', 'WinBio Key Resource', '01050000000000051500000059FE31720730F98B422CAA0AE9030000', '', '0', '0', '2024-06-25T07:05:29.6833392Z', '20560')"
2024-06-25 13:12:34,5379,Success Audit,Microsoft-Windows-Security-Auditing,DESKTOP-QUV3S97,"('S-1-5-21-1915879001-2348363783-178924610-1001', 'Adnan', 'DESKTOP-QUV3S97', '0x5eb07', 'MicrosoftAccount:user=adnanjohan54@gmail.com', '0', '1', '%%8100', '0', '2024-06-25T07:12:29.4780770Z', '5572')"
2024-06-25 13:12:35,5379,Success Audit,Microsoft-Windows-Security-Auditing,DESKTOP-QUV3S97,"('S-1-5-21-1915879001-2348363783-178924610-1001', 'Adnan', 'DESKTOP-QUV3S97', '0x5eb07', 'MicrosoftAccount:user=adnanjohan54@gmail.com', '0', '1', '%%8100', '0', '2024-06-25T07:12:29.4780770Z', '5572')"
2024-06-25 13:12:38,5379,Success Audit,Microsoft-Windows-Security-Auditing,DESKTOP-QUV3S97,"('S-1-5-21-1915879001-2348363783-178924610-1001', 'Adnan', 'DESKTOP-QUV3S97', '0x5eb07', 'MicrosoftAccount:user=adnanjohan54@gmail.com', '0', '1', '%%8100', '0', '2024-06-25T07:12:29.4780770Z', '5572')"
2024-06-25 13:12:39,5379,Success Audit,Microsoft-Windows-Security-Auditing,DESKTOP-QUV3S97,"('S-1-5-21-1915879001-2348363783-178924610-1001', 'Adnan', 'DESKTOP-QUV3S97', '0x5eb07', 'MicrosoftAccount:user=adnanjohan54@gmail.com', '0', '1', '%%8100', '0', '2024-06-25T07:12:29.4780770Z', '5572')"
2024-06-25 13:12:44,5379,Success Audit,Microsoft-Windows-Security-Auditing,DESKTOP-QUV3S97,"('S-1-5-21-1915879001-2348363783-178924610-1001', 'Adnan', 'DESKTOP-QUV3S97', '0x5eb07', 'MicrosoftAccount:user=win11217229@gmail.com', '0', '1', '%%8100', '0', '2024-06-25T07:12:29.4780770Z', '5572')"
2024-06-25 13:12:45,5379,Success Audit,Microsoft-Windows-Security-Auditing,DESKTOP-QUV3S97,"('S-1-5-21-1915879001-2348363783-178924610-1001', 'Adnan', 'DESKTOP-QUV3S97', '0x5eb07', 'MicrosoftAccount:user=win11217229@gmail.com', '0', '1', '%%8100', '0', '2024-06-25T07:12:29.4780770Z', '5572')"
2024-06-25 13:12:50,5379,Success Audit,Microsoft-Windows-Security-Auditing,DESKTOP-QUV3S97,"('S-1-5-21-1915879001-2348363783-178924610-1001', 'Adnan', 'DESKTOP-QUV3S97', '0x5eb07', 'MicrosoftAccount:user=win11217229@gmail.com', '0', '1', '%%8100', '0', '2024-06-25T07:12:29.4780770Z', '5572')"
2024-06-25 13:14:51,5379,Success Audit,Microsoft-Windows-Security-Auditing,DESKTOP-QUV3S97,"('S-1-5-21-1915879001-2348363783-178924610-1001', 'Adnan', 'DESKTOP-QUV3S97', '0x5eb07', 'Adobe App Info (Q3JlYXRpdmVDbG91ZDJ7fTIwMTgwNzIwMDE)(Part1)', '1', '1', '%%8099', '0', '2024-06-25T04:37:01.1334955Z', '9272')"
2024-06-25 13:15:59,5379,Success Audit,Microsoft-Windows-Security-Auditing,DESKTOP-QUV3S97,"('S-1-5-21-1915879001-2348363783-178924610-1001', 'Adnan', 'DESKTOP-QUV3S97', '0x5eb07', 'Adobe App Info (Q29yZVN5bmMxe30yMDE4MDcyMDAx)(Part1)', '1', '1', '%%8099', '0', '2024-06-25T04:38:22.8826440Z', '9976')"
2024-06-25 13:20:32,4624,Success Audit,Microsoft-Windows-Security-Auditing,DESKTOP-QUV3S97,"('S-1-5-18', 'DESKTOP-QUV3S97$', 'WORKGROUP', '0x3e7', 'S-1-5-18', 'SYSTEM', 'NT AUTHORITY', '0x3e7', '5', 'Advapi  ', 'Negotiate', '-', '{00000000-0000-0000-0000-000000000000}', '-', '-', '0', '0x4e4', 'C:\\Windows\\System32\\services.exe', '-', '-', '%%1833', '-', '-', '-', '-', '%%1843', '0x0', '%%1842')"
2024-06-25 13:20:33,5379,Success Audit,Microsoft-Windows-Security-Auditing,DESKTOP-QUV3S97,"('S-1-5-21-1915879001-2348363783-178924610-1001', 'Adnan', 'DESKTOP-QUV3S97', '0x5eb07', 'MicrosoftAccount:user=adnanjohan54@gmail.com', '0', '1', '%%8100', '0', '2024-06-25T07:20:32.8032833Z', '13456')"
2024-06-25 13:20:34,5379,Success Audit,Microsoft-Windows-Security-Auditing,DESKTOP-QUV3S97,"('S-1-5-21-1915879001-2348363783-178924610-1001', 'Adnan', 'DESKTOP-QUV3S97', '0x5eb07', 'MicrosoftAccount:user=adnanjohan54@gmail.com', '0', '1', '%%8100', '0', '2024-06-25T07:20:32.8032833Z', '13456')"
2024-06-25 13:24:08,4624,Success Audit,Microsoft-Windows-Security-Auditing,DESKTOP-QUV3S97,"('S-1-5-18', 'DESKTOP-QUV3S97$', 'WORKGROUP', '0x3e7', 'S-1-5-18', 'SYSTEM', 'NT AUTHORITY', '0x3e7', '5', 'Advapi  ', 'Negotiate', '-', '{00000000-0000-0000-0000-000000000000}', '-', '-', '0', '0x4e4', 'C:\\Windows\\System32\\services.exe', '-', '-', '%%1833', '-', '-', '-', '-', '%%1843', '0x0', '%%1842')"
2024-06-25 13:29:58,5379,Success Audit,Microsoft-Windows-Security-Auditing,DESKTOP-QUV3S97,"('S-1-5-21-1915879001-2348363783-178924610-1001', 'Adnan', 'DESKTOP-QUV3S97', '0x5eb07', 'Adobe App Info (Q3JlYXRpdmVDbG91ZDJ7fTIwMTgwNzIwMDE)(Part1)', '1', '1', '%%8099', '0', '2024-06-25T04:37:01.1334955Z', '9272')"
2024-06-25 13:30:30,4624,Success Audit,Microsoft-Windows-Security-Auditing,DESKTOP-QUV3S97,"('S-1-5-18', 'DESKTOP-QUV3S97$', 'WORKGROUP', '0x3e7', 'S-1-5-18', 'SYSTEM', 'NT AUTHORITY', '0x3e7', '5', 'Advapi  ', 'Negotiate', '-', '{00000000-0000-0000-0000-000000000000}', '-', '-', '0', '0x4e4', 'C:\\Windows\\System32\\services.exe', '-', '-', '%%1833', '-', '-', '-', '-', '%%1843', '0x0', '%%1842')"
2024-06-25 13:30:31,5379,Success Audit,Microsoft-Windows-Security-Auditing,DESKTOP-QUV3S97,"('S-1-5-21-1915879001-2348363783-178924610-1001', 'Adnan', 'DESKTOP-QUV3S97', '0x5eb07', 'MicrosoftAccount:user=adnanjohan54@gmail.com', '0', '1', '%%8100', '0', '2024-06-25T07:30:30.1541816Z', '22976')"
2024-06-25 13:31:04,5379,Success Audit,Microsoft-Windows-Security-Auditing,DESKTOP-QUV3S97,"('S-1-5-21-1915879001-2348363783-178924610-1001', 'Adnan', 'DESKTOP-QUV3S97', '0x5eb07', 'Adobe App Info (Q29yZVN5bmMxe30yMDE4MDcyMDAx)(Part1)', '1', '1', '%%8099', '0', '2024-06-25T04:38:22.8826440Z', '9976')"
2024-06-25 13:36:51,4624,Success Audit,Microsoft-Windows-Security-Auditing,DESKTOP-QUV3S97,"('S-1-5-18', 'DESKTOP-QUV3S97$', 'WORKGROUP', '0x3e7', 'S-1-5-18', 'SYSTEM', 'NT AUTHORITY', '0x3e7', '5', 'Advapi  ', 'Negotiate', '-', '{00000000-0000-0000-0000-000000000000}', '-', '-', '0', '0x4e4', 'C:\\Windows\\System32\\services.exe', '-', '-', '%%1833', '-', '-', '-', '-', '%%1843', '0x0', '%%1842')"
2024-06-25 13:40:18,4624,Success Audit,Microsoft-Windows-Security-Auditing,DESKTOP-QUV3S97,"('S-1-5-18', 'DESKTOP-QUV3S97$', 'WORKGROUP', '0x3e7', 'S-1-5-18', 'SYSTEM', 'NT AUTHORITY', '0x3e7', '5', 'Advapi  ', 'Negotiate', '-', '{00000000-0000-0000-0000-000000000000}', '-', '-', '0', '0x4e4', 'C:\\Windows\\System32\\services.exe', '-', '-', '%%1833', '-', '-', '-', '-', '%%1843', '0x0', '%%1842')"
2024-06-25 13:40:19,4624,Success Audit,Microsoft-Windows-Security-Auditing,DESKTOP-QUV3S97,"('S-1-5-18', 'DESKTOP-QUV3S97$', 'WORKGROUP', '0x3e7', 'S-1-5-18', 'SYSTEM', 'NT AUTHORITY', '0x3e7', '5', 'Advapi  ', 'Negotiate', '-', '{00000000-0000-0000-0000-000000000000}', '-', '-', '0', '0x4e4', 'C:\\Windows\\System32\\services.exe', '-', '-', '%%1833', '-', '-', '-', '-', '%%1843', '0x0', '%%1842')"
2024-06-25 13:40:20,5379,Success Audit,Microsoft-Windows-Security-Auditing,DESKTOP-QUV3S97,"('S-1-5-21-1915879001-2348363783-178924610-1001', 'Adnan', 'DESKTOP-QUV3S97', '0x5eb07', 'MicrosoftAccount:user=adnanjohan54@gmail.com', '0', '1', '%%8100', '0', '2024-06-25T07:40:19.5949806Z', '22236')"
2024-06-25 13:40:22,5379,Success Audit,Microsoft-Windows-Security-Auditing,DESKTOP-QUV3S97,"('S-1-5-18', 'DESKTOP-QUV3S97$', 'WORKGROUP', '0x3e7', 'MicrosoftAccount:user=02egmqpvpyrjqfeo', '0', '0', '%%8100', '3221226021', '2024-06-25T07:40:19.5949806Z', '22236')"
2024-06-25 13:40:24,5379,Success Audit,Microsoft-Windows-Security-Auditing,DESKTOP-QUV3S97,"('S-1-5-18', 'DESKTOP-QUV3S97$', 'WORKGROUP', '0x3e7', 'MicrosoftAccount:user=02egmqpvpyrjqfeo', '0', '0', '%%8100', '3221226021', '2024-06-25T07:40:19.5949806Z', '22236')"
2024-06-25 13:40:25,5379,Success Audit,Microsoft-Windows-Security-Auditing,DESKTOP-QUV3S97,"('S-1-5-21-1915879001-2348363783-178924610-1001', 'Adnan', 'DESKTOP-QUV3S97', '0x5eb07', 'MicrosoftAccount:user=adnanjohan54@gmail.com', '0', '1', '%%8100', '0', '2024-06-25T07:40:19.5949806Z', '22236')"
2024-06-25 13:40:27,5379,Success Audit,Microsoft-Windows-Security-Auditing,DESKTOP-QUV3S97,"('S-1-5-21-1915879001-2348363783-178924610-1001', 'Adnan', 'DESKTOP-QUV3S97', '0x5eb07', 'MicrosoftAccount:user=adnanjohan54@gmail.com', '0', '1', '%%8100', '0', '2024-06-25T07:40:19.5949806Z', '22236')"
2024-06-25 13:40:28,5379,Success Audit,Microsoft-Windows-Security-Auditing,DESKTOP-QUV3S97,"('S-1-5-21-1915879001-2348363783-178924610-1001', 'Adnan', 'DESKTOP-QUV3S97', '0x5eb07', 'MicrosoftAccount:user=adnanjohan54@gmail.com', '0', '1', '%%8100', '0', '2024-06-25T07:40:19.5949806Z', '22236')"
2024-06-25 13:45:07,5379,Success Audit,Microsoft-Windows-Security-Auditing,DESKTOP-QUV3S97,"('S-1-5-21-1915879001-2348363783-178924610-1001', 'Adnan', 'DESKTOP-QUV3S97', '0x5eb07', 'Adobe App Info (Q3JlYXRpdmVDbG91ZDJ7fTIwMTgwNzIwMDE)(Part1)', '1', '1', '%%8099', '0', '2024-06-25T04:37:01.1334955Z', '9272')"
2024-06-25 13:45:08,5379,Success Audit,Microsoft-Windows-Security-Auditing,DESKTOP-QUV3S97,"('S-1-5-21-1915879001-2348363783-178924610-1001', 'Adnan', 'DESKTOP-QUV3S97', '0x5eb07', 'Adobe App Prefetched Info (Q3JlYXRpdmVDbG91ZDJ7fTIwMTgwNzIwMDE)(Part1)', '1', '1', '%%8099', '3221226021', '2024-06-25T04:37:01.1334955Z', '9272')"
2024-06-25 13:46:07,5379,Success Audit,Microsoft-Windows-Security-Auditing,DESKTOP-QUV3S97,"('S-1-5-21-1915879001-2348363783-178924610-1001', 'Adnan', 'DESKTOP-QUV3S97', '0x5eb07', 'Adobe App Info (Q29yZVN5bmMxe30yMDE4MDcyMDAx)(Part1)', '1', '1', '%%8099', '0', '2024-06-25T04:38:22.8826440Z', '9976')"
2024-06-25 13:48:43,4624,Success Audit,Microsoft-Windows-Security-Auditing,DESKTOP-QUV3S97,"('S-1-5-18', 'DESKTOP-QUV3S97$', 'WORKGROUP', '0x3e7', 'S-1-5-18', 'SYSTEM', 'NT AUTHORITY', '0x3e7', '5', 'Advapi  ', 'Negotiate', '-', '{00000000-0000-0000-0000-000000000000}', '-', '-', '0', '0x4e4', 'C:\\Windows\\System32\\services.exe', '-', '-', '%%1833', '-', '-', '-', '-', '%%1843', '0x0', '%%1842')"
2024-06-25 13:49:58,4624,Success Audit,Microsoft-Windows-Security-Auditing,DESKTOP-QUV3S97,"('S-1-5-18', 'DESKTOP-QUV3S97$', 'WORKGROUP', '0x3e7', 'S-1-5-18', 'SYSTEM', 'NT AUTHORITY', '0x3e7', '5', 'Advapi  ', 'Negotiate', '-', '{00000000-0000-0000-0000-000000000000}', '-', '-', '0', '0x4e4', 'C:\\Windows\\System32\\services.exe', '-', '-', '%%1833', '-', '-', '-', '-', '%%1843', '0x0', '%%1842')"
2024-06-25 13:56:09,4624,Success Audit,Microsoft-Windows-Security-Auditing,DESKTOP-QUV3S97,"('S-1-5-18', 'DESKTOP-QUV3S97$', 'WORKGROUP', '0x3e7', 'S-1-5-18', 'SYSTEM', 'NT AUTHORITY', '0x3e7', '5', 'Advapi  ', 'Negotiate', '-', '{00000000-0000-0000-0000-000000000000}', '-', '-', '0', '0x4e4', 'C:\\Windows\\System32\\services.exe', '-', '-', '%%1833', '-', '-', '-', '-', '%%1843', '0x0', '%%1842')"
2024-06-25 14:00:11,5379,Success Audit,Microsoft-Windows-Security-Auditing,DESKTOP-QUV3S97,"('S-1-5-21-1915879001-2348363783-178924610-1001', 'Adnan', 'DESKTOP-QUV3S97', '0x5eb07', 'Adobe App Info (Q3JlYXRpdmVDbG91ZDJ7fTIwMTgwNzIwMDE)(Part1)', '1', '1', '%%8099', '0', '2024-06-25T04:37:01.1334955Z', '9272')"
2024-06-25 14:01:08,5379,Success Audit,Microsoft-Windows-Security-Auditing,DESKTOP-QUV3S97,"('S-1-5-21-1915879001-2348363783-178924610-1001', 'Adnan', 'DESKTOP-QUV3S97', '0x5eb07', 'Adobe App Info (Q29yZVN5bmMxe30yMDE4MDcyMDAx)(Part1)', '1', '1', '%%8099', '0', '2024-06-25T04:38:22.8826440Z', '9976')"
2024-06-25 14:07:15,4624,Success Audit,Microsoft-Windows-Security-Auditing,DESKTOP-QUV3S97,"('S-1-5-18', 'DESKTOP-QUV3S97$', 'WORKGROUP', '0x3e7', 'S-1-5-18', 'SYSTEM', 'NT AUTHORITY', '0x3e7', '5', 'Advapi  ', 'Negotiate', '-', '{00000000-0000-0000-0000-000000000000}', '-', '-', '0', '0x4e4', 'C:\\Windows\\System32\\services.exe', '-', '-', '%%1833', '-', '-', '-', '-', '%%1843', '0x0', '%%1842')"
2024-06-25 14:11:09,4624,Success Audit,Microsoft-Windows-Security-Auditing,DESKTOP-QUV3S97,"('S-1-5-18', 'DESKTOP-QUV3S97$', 'WORKGROUP', '0x3e7', 'S-1-5-18', 'SYSTEM', 'NT AUTHORITY', '0x3e7', '5', 'Advapi  ', 'Negotiate', '-', '{00000000-0000-0000-0000-000000000000}', '-', '-', '0', '0x4e4', 'C:\\Windows\\System32\\services.exe', '-', '-', '%%1833', '-', '-', '-', '-', '%%1843', '0x0', '%%1842')"
2024-06-25 14:15:13,5379,Success Audit,Microsoft-Windows-Security-Auditing,DESKTOP-QUV3S97,"('S-1-5-21-1915879001-2348363783-178924610-1001', 'Adnan', 'DESKTOP-QUV3S97', '0x5eb07', 'Adobe App Info (Q3JlYXRpdmVDbG91ZDJ7fTIwMTgwNzIwMDE)(Part1)', '1', '1', '%%8099', '0', '2024-06-25T04:37:01.1334955Z', '9272')"
2024-06-25 14:15:34,4624,Success Audit,Microsoft-Windows-Security-Auditing,DESKTOP-QUV3S97,"('S-1-5-18', 'DESKTOP-QUV3S97$', 'WORKGROUP', '0x3e7', 'S-1-5-18', 'SYSTEM', 'NT AUTHORITY', '0x3e7', '5', 'Advapi  ', 'Negotiate', '-', '{00000000-0000-0000-0000-000000000000}', '-', '-', '0', '0x4e4', 'C:\\Windows\\System32\\services.exe', '-', '-', '%%1833', '-', '-', '-', '-', '%%1843', '0x0', '%%1842')"
2024-06-25 14:15:35,5379,Success Audit,Microsoft-Windows-Security-Auditing,DESKTOP-QUV3S97,"('S-1-5-21-1915879001-2348363783-178924610-1001', 'Adnan', 'DESKTOP-QUV3S97', '0x5eb07', 'MicrosoftAccount:user=adnanjohan54@gmail.com', '0', '1', '%%8100', '0', '2024-06-25T08:15:34.1659917Z', '11356')"
2024-06-25 14:16:09,5379,Success Audit,Microsoft-Windows-Security-Auditing,DESKTOP-QUV3S97,"('S-1-5-21-1915879001-2348363783-178924610-1001', 'Adnan', 'DESKTOP-QUV3S97', '0x5eb07', 'Adobe App Info (Q29yZVN5bmMxe30yMDE4MDcyMDAx)(Part1)', '1', '1', '%%8099', '0', '2024-06-25T04:38:22.8826440Z', '9976')"
2024-06-25 14:24:08,4624,Success Audit,Microsoft-Windows-Security-Auditing,DESKTOP-QUV3S97,"('S-1-5-18', 'DESKTOP-QUV3S97$', 'WORKGROUP', '0x3e7', 'S-1-5-18', 'SYSTEM', 'NT AUTHORITY', '0x3e7', '5', 'Advapi  ', 'Negotiate', '-', '{00000000-0000-0000-0000-000000000000}', '-', '-', '0', '0x4e4', 'C:\\Windows\\System32\\services.exe', '-', '-', '%%1833', '-', '-', '-', '-', '%%1843', '0x0', '%%1842')"
2024-06-25 14:26:09,4624,Success Audit,Microsoft-Windows-Security-Auditing,DESKTOP-QUV3S97,"('S-1-5-18', 'DESKTOP-QUV3S97$', 'WORKGROUP', '0x3e7', 'S-1-5-18', 'SYSTEM', 'NT AUTHORITY', '0x3e7', '5', 'Advapi  ', 'Negotiate', '-', '{00000000-0000-0000-0000-000000000000}', '-', '-', '0', '0x4e4', 'C:\\Windows\\System32\\services.exe', '-', '-', '%%1833', '-', '-', '-', '-', '%%1843', '0x0', '%%1842')"
2024-06-25 14:26:10,4624,Success Audit,Microsoft-Windows-Security-Auditing,DESKTOP-QUV3S97,"('S-1-5-18', 'DESKTOP-QUV3S97$', 'WORKGROUP', '0x3e7', 'S-1-5-18', 'SYSTEM', 'NT AUTHORITY', '0x3e7', '5', 'Advapi  ', 'Negotiate', '-', '{00000000-0000-0000-0000-000000000000}', '-', '-', '0', '0x4e4', 'C:\\Windows\\System32\\services.exe', '-', '-', '%%1833', '-', '-', '-', '-', '%%1843', '0x0', '%%1842')"
2024-06-25 14:26:11,4624,Success Audit,Microsoft-Windows-Security-Auditing,DESKTOP-QUV3S97,"('S-1-5-18', 'DESKTOP-QUV3S97$', 'WORKGROUP', '0x3e7', 'S-1-5-18', 'SYSTEM', 'NT AUTHORITY', '0x3e7', '5', 'Advapi  ', 'Negotiate', '-', '{00000000-0000-0000-0000-000000000000}', '-', '-', '0', '0x4e4', 'C:\\Windows\\System32\\services.exe', '-', '-', '%%1833', '-', '-', '-', '-', '%%1843', '0x0', '%%1842')"
2024-06-25 14:30:18,5379,Success Audit,Microsoft-Windows-Security-Auditing,DESKTOP-QUV3S97,"('S-1-5-21-1915879001-2348363783-178924610-1001', 'Adnan', 'DESKTOP-QUV3S97', '0x5eb07', 'Adobe App Info (Q3JlYXRpdmVDbG91ZDJ7fTIwMTgwNzIwMDE)(Part1)', '1', '1', '%%8099', '0', '2024-06-25T04:37:01.1334955Z', '9272')"
2024-06-25 14:30:43,4624,Success Audit,Microsoft-Windows-Security-Auditing,DESKTOP-QUV3S97,"('S-1-5-18', 'DESKTOP-QUV3S97$', 'WORKGROUP', '0x3e7', 'S-1-5-18', 'SYSTEM', 'NT AUTHORITY', '0x3e7', '5', 'Advapi  ', 'Negotiate', '-', '{00000000-0000-0000-0000-000000000000}', '-', '-', '0', '0x4e4', 'C:\\Windows\\System32\\services.exe', '-', '-', '%%1833', '-', '-', '-', '-', '%%1843', '0x0', '%%1842')"
2024-06-25 14:31:10,5379,Success Audit,Microsoft-Windows-Security-Auditing,DESKTOP-QUV3S97,"('S-1-5-21-1915879001-2348363783-178924610-1001', 'Adnan', 'DESKTOP-QUV3S97', '0x5eb07', 'Adobe App Info (Q29yZVN5bmMxe30yMDE4MDcyMDAx)(Part1)', '1', '1', '%%8099', '0', '2024-06-25T04:38:22.8826440Z', '9976')"
2024-06-25 14:33:23,4624,Success Audit,Microsoft-Windows-Security-Auditing,DESKTOP-QUV3S97,"('S-1-5-18', 'DESKTOP-QUV3S97$', 'WORKGROUP', '0x3e7', 'S-1-5-18', 'SYSTEM', 'NT AUTHORITY', '0x3e7', '5', 'Advapi  ', 'Negotiate', '-', '{00000000-0000-0000-0000-000000000000}', '-', '-', '0', '0x4e4', 'C:\\Windows\\System32\\services.exe', '-', '-', '%%1833', '-', '-', '-', '-', '%%1843', '0x0', '%%1842')"
2024-06-25 14:36:04,4624,Success Audit,Microsoft-Windows-Security-Auditing,DESKTOP-QUV3S97,"('S-1-5-18', 'DESKTOP-QUV3S97$', 'WORKGROUP', '0x3e7', 'S-1-5-18', 'SYSTEM', 'NT AUTHORITY', '0x3e7', '5', 'Advapi  ', 'Negotiate', '-', '{00000000-0000-0000-0000-000000000000}', '-', '-', '0', '0x4e4', 'C:\\Windows\\System32\\services.exe', '-', '-', '%%1833', '-', '-', '-', '-', '%%1843', '0x0', '%%1842')"
2024-06-25 14:37:37,4624,Success Audit,Microsoft-Windows-Security-Auditing,DESKTOP-QUV3S97,"('S-1-5-18', 'DESKTOP-QUV3S97$', 'WORKGROUP', '0x3e7', 'S-1-5-18', 'SYSTEM', 'NT AUTHORITY', '0x3e7', '5', 'Advapi  ', 'Negotiate', '-', '{00000000-0000-0000-0000-000000000000}', '-', '-', '0', '0x4e4', 'C:\\Windows\\System32\\services.exe', '-', '-', '%%1833', '-', '-', '-', '-', '%%1843', '0x0', '%%1842')"
2024-06-25 14:38:44,4624,Success Audit,Microsoft-Windows-Security-Auditing,DESKTOP-QUV3S97,"('S-1-5-18', 'DESKTOP-QUV3S97$', 'WORKGROUP', '0x3e7', 'S-1-5-18', 'SYSTEM', 'NT AUTHORITY', '0x3e7', '5', 'Advapi  ', 'Negotiate', '-', '{00000000-0000-0000-0000-000000000000}', '-', '-', '0', '0x4e4', 'C:\\Windows\\System32\\services.exe', '-', '-', '%%1833', '-', '-', '-', '-', '%%1843', '0x0', '%%1842')"
2024-06-25 14:40:24,4624,Success Audit,Microsoft-Windows-Security-Auditing,DESKTOP-QUV3S97,"('S-1-5-18', 'DESKTOP-QUV3S97$', 'WORKGROUP', '0x3e7', 'S-1-5-18', 'SYSTEM', 'NT AUTHORITY', '0x3e7', '5', 'Advapi  ', 'Negotiate', '-', '{00000000-0000-0000-0000-000000000000}', '-', '-', '0', '0x4e4', 'C:\\Windows\\System32\\services.exe', '-', '-', '%%1833', '-', '-', '-', '-', '%%1843', '0x0', '%%1842')"
2024-06-25 14:40:25,5379,Success Audit,Microsoft-Windows-Security-Auditing,DESKTOP-QUV3S97,"('S-1-5-21-1915879001-2348363783-178924610-1001', 'Adnan', 'DESKTOP-QUV3S97', '0x5eb07', 'MicrosoftAccount:user=adnanjohan54@gmail.com', '0', '1', '%%8100', '0', '2024-06-25T08:40:24.2631764Z', '12532')"
2024-06-25 14:41:24,4624,Success Audit,Microsoft-Windows-Security-Auditing,DESKTOP-QUV3S97,"('S-1-5-18', 'DESKTOP-QUV3S97$', 'WORKGROUP', '0x3e7', 'S-1-5-18', 'SYSTEM', 'NT AUTHORITY', '0x3e7', '5', 'Advapi  ', 'Negotiate', '-', '{00000000-0000-0000-0000-000000000000}', '-', '-', '0', '0x4e4', 'C:\\Windows\\System32\\services.exe', '-', '-', '%%1833', '-', '-', '-', '-', '%%1843', '0x0', '%%1842')"
2024-06-25 14:43:18,5379,Success Audit,Microsoft-Windows-Security-Auditing,DESKTOP-QUV3S97,"('S-1-5-21-1915879001-2348363783-178924610-1001', 'Adnan', 'DESKTOP-QUV3S97', '0x5eb07', 'MicrosoftAccount:user=adnanjohan54@gmail.com', '0', '1', '%%8100', '0', '2024-06-25T08:40:24.2631764Z', '12532')"
2024-06-25 14:43:19,5379,Success Audit,Microsoft-Windows-Security-Auditing,DESKTOP-QUV3S97,"('S-1-5-21-1915879001-2348363783-178924610-1001', 'Adnan', 'DESKTOP-QUV3S97', '0x5eb07', 'MicrosoftAccount:user=adnanjohan54@gmail.com', '0', '1', '%%8100', '0', '2024-06-25T08:40:24.2631764Z', '12532')"
2024-06-25 14:43:24,4624,Success Audit,Microsoft-Windows-Security-Auditing,DESKTOP-QUV3S97,"('S-1-5-18', 'DESKTOP-QUV3S97$', 'WORKGROUP', '0x3e7', 'S-1-5-18', 'SYSTEM', 'NT AUTHORITY', '0x3e7', '5', 'Advapi  ', 'Negotiate', '-', '{00000000-0000-0000-0000-000000000000}', '-', '-', '0', '0x4e4', 'C:\\Windows\\System32\\services.exe', '-', '-', '%%1833', '-', '-', '-', '-', '%%1843', '0x0', '%%1842')"
2024-06-25 14:44:18,4798,Success Audit,Microsoft-Windows-Security-Auditing,DESKTOP-QUV3S97,"('Adnan', 'DESKTOP-QUV3S97', 'S-1-5-21-1915879001-2348363783-178924610-1001', 'S-1-5-18', 'DESKTOP-QUV3S97$', 'WORKGROUP', '0x3e7', '0x1610', 'C:\\Windows\\System32\\LogonUI.exe')"
2024-06-25 14:45:26,5379,Success Audit,Microsoft-Windows-Security-Auditing,DESKTOP-QUV3S97,"('S-1-5-21-1915879001-2348363783-178924610-1001', 'Adnan', 'DESKTOP-QUV3S97', '0x5eb07', 'Adobe App Info (Q3JlYXRpdmVDbG91ZDJ7fTIwMTgwNzIwMDE)(Part1)', '1', '1', '%%8099', '0', '2024-06-25T04:37:01.1334955Z', '9272')"
2024-06-25 14:46:18,5379,Success Audit,Microsoft-Windows-Security-Auditing,DESKTOP-QUV3S97,"('S-1-5-21-1915879001-2348363783-178924610-1001', 'Adnan', 'DESKTOP-QUV3S97', '0x5eb07', 'Adobe App Info (Q29yZVN5bmMxe30yMDE4MDcyMDAx)(Part1)', '1', '1', '%%8099', '0', '2024-06-25T04:38:22.8826440Z', '9976')"
2024-06-25 14:48:44,4624,Success Audit,Microsoft-Windows-Security-Auditing,DESKTOP-QUV3S97,"('S-1-5-18', 'DESKTOP-QUV3S97$', 'WORKGROUP', '0x3e7', 'S-1-5-18', 'SYSTEM', 'NT AUTHORITY', '0x3e7', '5', 'Advapi  ', 'Negotiate', '-', '{00000000-0000-0000-0000-000000000000}', '-', '-', '0', '0x4e4', 'C:\\Windows\\System32\\services.exe', '-', '-', '%%1833', '-', '-', '-', '-', '%%1843', '0x0', '%%1842')"
2024-06-25 14:56:09,4624,Success Audit,Microsoft-Windows-Security-Auditing,DESKTOP-QUV3S97,"('S-1-5-18', 'DESKTOP-QUV3S97$', 'WORKGROUP', '0x3e7', 'S-1-5-18', 'SYSTEM', 'NT AUTHORITY', '0x3e7', '5', 'Advapi  ', 'Negotiate', '-', '{00000000-0000-0000-0000-000000000000}', '-', '-', '0', '0x4e4', 'C:\\Windows\\System32\\services.exe', '-', '-', '%%1833', '-', '-', '-', '-', '%%1843', '0x0', '%%1842')"
2024-06-25 15:00:26,5379,Success Audit,Microsoft-Windows-Security-Auditing,DESKTOP-QUV3S97,"('S-1-5-21-1915879001-2348363783-178924610-1001', 'Adnan', 'DESKTOP-QUV3S97', '0x5eb07', 'Adobe App Info (Q3JlYXRpdmVDbG91ZDJ7fTIwMTgwNzIwMDE)(Part1)', '1', '1', '%%8099', '0', '2024-06-25T04:37:01.1334955Z', '9272')"
2024-06-25 15:01:19,5379,Success Audit,Microsoft-Windows-Security-Auditing,DESKTOP-QUV3S97,"('S-1-5-21-1915879001-2348363783-178924610-1001', 'Adnan', 'DESKTOP-QUV3S97', '0x5eb07', 'Adobe App Info (Q29yZVN5bmMxe30yMDE4MDcyMDAx)(Part1)', '1', '1', '%%8099', '0', '2024-06-25T04:38:22.8826440Z', '9976')"
2024-06-25 15:10:35,4624,Success Audit,Microsoft-Windows-Security-Auditing,DESKTOP-QUV3S97,"('S-1-5-18', 'DESKTOP-QUV3S97$', 'WORKGROUP', '0x3e7', 'S-1-5-18', 'SYSTEM', 'NT AUTHORITY', '0x3e7', '5', 'Advapi  ', 'Negotiate', '-', '{00000000-0000-0000-0000-000000000000}', '-', '-', '0', '0x4e4', 'C:\\Windows\\System32\\services.exe', '-', '-', '%%1833', '-', '-', '-', '-', '%%1843', '0x0', '%%1842')"
2024-06-25 15:10:36,5379,Success Audit,Microsoft-Windows-Security-Auditing,DESKTOP-QUV3S97,"('S-1-5-21-1915879001-2348363783-178924610-1001', 'Adnan', 'DESKTOP-QUV3S97', '0x5eb07', 'MicrosoftAccount:user=adnanjohan54@gmail.com', '0', '1', '%%8100', '0', '2024-06-25T09:10:35.2349594Z', '22852')"
2024-06-25 15:13:08,4624,Success Audit,Microsoft-Windows-Security-Auditing,DESKTOP-QUV3S97,"('S-1-5-18', 'DESKTOP-QUV3S97$', 'WORKGROUP', '0x3e7', 'S-1-5-18', 'SYSTEM', 'NT AUTHORITY', '0x3e7', '5', 'Advapi  ', 'Negotiate', '-', '{00000000-0000-0000-0000-000000000000}', '-', '-', '0', '0x4e4', 'C:\\Windows\\System32\\services.exe', '-', '-', '%%1833', '-', '-', '-', '-', '%%1843', '0x0', '%%1842')"
2024-06-25 15:13:40,4624,Success Audit,Microsoft-Windows-Security-Auditing,DESKTOP-QUV3S97,"('S-1-5-18', 'DESKTOP-QUV3S97$', 'WORKGROUP', '0x3e7', 'S-1-5-18', 'SYSTEM', 'NT AUTHORITY', '0x3e7', '5', 'Advapi  ', 'Negotiate', '-', '{00000000-0000-0000-0000-000000000000}', '-', '-', '0', '0x4e4', 'C:\\Windows\\System32\\services.exe', '-', '-', '%%1833', '-', '-', '-', '-', '%%1843', '0x0', '%%1842')"
2024-06-25 15:13:41,4624,Success Audit,Microsoft-Windows-Security-Auditing,DESKTOP-QUV3S97,"('S-1-5-18', 'DESKTOP-QUV3S97$', 'WORKGROUP', '0x3e7', 'S-1-5-18', 'SYSTEM', 'NT AUTHORITY', '0x3e7', '5', 'Advapi  ', 'Negotiate', '-', '{00000000-0000-0000-0000-000000000000}', '-', '-', '0', '0x4e4', 'C:\\Windows\\System32\\services.exe', '-', '-', '%%1833', '-', '-', '-', '-', '%%1843', '0x0', '%%1842')"
2024-06-25 15:13:42,5379,Success Audit,Microsoft-Windows-Security-Auditing,DESKTOP-QUV3S97,"('S-1-5-21-1915879001-2348363783-178924610-1001', 'Adnan', 'DESKTOP-QUV3S97', '0x5eb07', 'MicrosoftAccount:user=adnanjohan54@gmail.com', '0', '1', '%%8100', '0', '2024-06-25T09:10:35.2349594Z', '22852')"
2024-06-25 15:13:46,5379,Success Audit,Microsoft-Windows-Security-Auditing,DESKTOP-QUV3S97,"('S-1-5-21-1915879001-2348363783-178924610-1001', 'Adnan', 'DESKTOP-QUV3S97', '0x5eb07', 'MicrosoftAccount:user=win11217229@gmail.com', '0', '1', '%%8100', '0', '2024-06-25T09:10:35.2349594Z', '22852')"
2024-06-25 15:13:50,5379,Success Audit,Microsoft-Windows-Security-Auditing,DESKTOP-QUV3S97,"('S-1-5-21-1915879001-2348363783-178924610-1001', 'Adnan', 'DESKTOP-QUV3S97', '0x5eb07', 'MicrosoftAccount:user=win11217229@gmail.com', '0', '1', '%%8100', '0', '2024-06-25T09:10:35.2349594Z', '22852')"
2024-06-25 15:13:51,5379,Success Audit,Microsoft-Windows-Security-Auditing,DESKTOP-QUV3S97,"('S-1-5-21-1915879001-2348363783-178924610-1001', 'Adnan', 'DESKTOP-QUV3S97', '0x5eb07', 'MicrosoftAccount:user=win11217229@gmail.com', '0', '1', '%%8100', '0', '2024-06-25T09:10:35.2349594Z', '22852')"
2024-06-25 15:13:56,5379,Success Audit,Microsoft-Windows-Security-Auditing,DESKTOP-QUV3S97,"('S-1-5-21-1915879001-2348363783-178924610-1001', 'Adnan', 'DESKTOP-QUV3S97', '0x5eb07', 'MicrosoftAccount:user=win11217229@gmail.com', '0', '1', '%%8100', '0', '2024-06-25T09:10:35.2349594Z', '22852')"
2024-06-25 15:14:01,5379,Success Audit,Microsoft-Windows-Security-Auditing,DESKTOP-QUV3S97,"('S-1-5-21-1915879001-2348363783-178924610-1001', 'Adnan', 'DESKTOP-QUV3S97', '0x5eb07', 'MicrosoftAccount:user=win11217229@gmail.com', '0', '1', '%%8100', '0', '2024-06-25T09:10:35.2349594Z', '22852')"
2024-06-25 15:15:38,5379,Success Audit,Microsoft-Windows-Security-Auditing,DESKTOP-QUV3S97,"('S-1-5-21-1915879001-2348363783-178924610-1001', 'Adnan', 'DESKTOP-QUV3S97', '0x5eb07', 'Adobe App Info (Q3JlYXRpdmVDbG91ZDJ7fTIwMTgwNzIwMDE)(Part1)', '1', '1', '%%8099', '0', '2024-06-25T04:37:01.1334955Z', '9272')"
2024-06-25 15:16:27,5379,Success Audit,Microsoft-Windows-Security-Auditing,DESKTOP-QUV3S97,"('S-1-5-21-1915879001-2348363783-178924610-1001', 'Adnan', 'DESKTOP-QUV3S97', '0x5eb07', 'Adobe App Info (Q29yZVN5bmMxe30yMDE4MDcyMDAx)(Part1)', '1', '1', '%%8099', '0', '2024-06-25T04:38:22.8826440Z', '9976')"
2024-06-25 15:24:08,4624,Success Audit,Microsoft-Windows-Security-Auditing,DESKTOP-QUV3S97,"('S-1-5-18', 'DESKTOP-QUV3S97$', 'WORKGROUP', '0x3e7', 'S-1-5-18', 'SYSTEM', 'NT AUTHORITY', '0x3e7', '5', 'Advapi  ', 'Negotiate', '-', '{00000000-0000-0000-0000-000000000000}', '-', '-', '0', '0x4e4', 'C:\\Windows\\System32\\services.exe', '-', '-', '%%1833', '-', '-', '-', '-', '%%1843', '0x0', '%%1842')"
2024-06-25 15:30:48,5379,Success Audit,Microsoft-Windows-Security-Auditing,DESKTOP-QUV3S97,"('S-1-5-21-1915879001-2348363783-178924610-1001', 'Adnan', 'DESKTOP-QUV3S97', '0x5eb07', 'Adobe App Info (Q3JlYXRpdmVDbG91ZDJ7fTIwMTgwNzIwMDE)(Part1)', '1', '1', '%%8099', '0', '2024-06-25T04:37:01.1334955Z', '9272')"
2024-06-25 15:31:27,5379,Success Audit,Microsoft-Windows-Security-Auditing,DESKTOP-QUV3S97,"('S-1-5-21-1915879001-2348363783-178924610-1001', 'Adnan', 'DESKTOP-QUV3S97', '0x5eb07', 'Adobe App Info (Q29yZVN5bmMxe30yMDE4MDcyMDAx)(Part1)', '1', '1', '%%8099', '0', '2024-06-25T04:38:22.8826440Z', '9976')"
2024-06-25 15:34:26,4624,Success Audit,Microsoft-Windows-Security-Auditing,DESKTOP-QUV3S97,"('S-1-5-18', 'DESKTOP-QUV3S97$', 'WORKGROUP', '0x3e7', 'S-1-5-18', 'SYSTEM', 'NT AUTHORITY', '0x3e7', '5', 'Advapi  ', 'Negotiate', '-', '{00000000-0000-0000-0000-000000000000}', '-', '-', '0', '0x4e4', 'C:\\Windows\\System32\\services.exe', '-', '-', '%%1833', '-', '-', '-', '-', '%%1843', '0x0', '%%1842')"
2024-06-25 15:34:27,5379,Success Audit,Microsoft-Windows-Security-Auditing,DESKTOP-QUV3S97,"('S-1-5-21-1915879001-2348363783-178924610-1001', 'Adnan', 'DESKTOP-QUV3S97', '0x5eb07', 'MicrosoftAccount:user=adnanjohan54@gmail.com', '0', '1', '%%8100', '0', '2024-06-25T09:34:26.5201377Z', '10148')"
2024-06-25 15:36:06,4624,Success Audit,Microsoft-Windows-Security-Auditing,DESKTOP-QUV3S97,"('S-1-5-18', 'DESKTOP-QUV3S97$', 'WORKGROUP', '0x3e7', 'S-1-5-18', 'SYSTEM', 'NT AUTHORITY', '0x3e7', '5', 'Advapi  ', 'Negotiate', '-', '{00000000-0000-0000-0000-000000000000}', '-', '-', '0', '0x4e4', 'C:\\Windows\\System32\\services.exe', '-', '-', '%%1833', '-', '-', '-', '-', '%%1843', '0x0', '%%1842')"
2024-06-25 15:36:10,4799,Success Audit,Microsoft-Windows-Security-Auditing,DESKTOP-QUV3S97,"('Administrators', 'Builtin', 'S-1-5-32-544', 'S-1-5-18', 'DESKTOP-QUV3S97$', 'WORKGROUP', '0x3e7', '0x41ac', 'C:\\Windows\\System32\\svchost.exe')"
