2024-05-31 08:19:23,19,Information,Microsoft-Windows-WindowsUpdateClient,DESKTOP-QUV3S97,"('Security Intelligence Update for Microsoft Defender Antivirus - KB2267602 (Version 1.413.14.0) - Current Channel (Broad)', '{2d09ee32-0939-40c5-8e56-160a83de0461}', '200', '{9482f4b4-e343-43b6-b170-9a65bc822c77}')"
2024-05-31 08:22:39,10016,Warning,DCOM,DESKTOP-QUV3S97,"('application-specific', 'Local', 'Activation', '{2593F8B9-4EAF-457C-B68A-50F6B8EA6B54}', '{15C20B67-12E7-4BB6-92BB-7AFF07997402}', 'DESKTOP-QUV3S97', 'Adnan', 'S-1-5-21-1915879001-2348363783-178924610-1001', 'LocalHost (Using LRPC)', 'MicrosoftWindows.Client.WebExperience_524.13200.10.0_x64__cw5n1h2txyewy', 'Unavailable')"
2024-05-31 09:00:01,10016,Warning,DCOM,DESKTOP-QUV3S97,"('application-specific', 'Local', 'Activation', '{2593F8B9-4EAF-457C-B68A-50F6B8EA6B54}', '{15C20B67-12E7-4BB6-92BB-7AFF07997402}', 'DESKTOP-QUV3S97', 'Adnan', 'S-1-5-21-1915879001-2348363783-178924610-1001', 'LocalHost (Using LRPC)', 'Unavailable', 'Unavailable')"
2024-05-31 09:00:39,16,Information,Microsoft-Windows-Kernel-General,DESKTOP-QUV3S97,"('106', '\\??\\C:\\Users\\win11\\AppData\\Local\\Packages\\Microsoft.WindowsFeedbackHub_8wekyb3d8bbwe\\Settings\\settings.dat', '2', '1')"
2024-05-31 10:28:21,10016,Warning,DCOM,DESKTOP-QUV3S97,"('application-specific', 'Local', 'Activation', '{2593F8B9-4EAF-457C-B68A-50F6B8EA6B54}', '{15C20B67-12E7-4BB6-92BB-7AFF07997402}', 'DESKTOP-QUV3S97', 'Adnan', 'S-1-5-21-1915879001-2348363783-178924610-1001', 'LocalHost (Using LRPC)', 'Unavailable', 'Unavailable')"
2024-05-31 10:47:45,16,Information,Microsoft-Windows-Kernel-General,DESKTOP-QUV3S97,"('95', '\\??\\C:\\Users\\win11\\AppData\\Local\\Packages\\Microsoft.GetHelp_8wekyb3d8bbwe\\Settings\\settings.dat', '1', '1')"
2024-05-31 11:11:18,16,Information,Microsoft-Windows-Kernel-General,DESKTOP-QUV3S97,"('105', '\\??\\C:\\Users\\win11\\AppData\\Local\\Packages\\Clipchamp.Clipchamp_yxz26nhyzhsrt\\SystemAppData\\Helium\\User.dat', '1', '1')"
2024-05-31 11:28:50,44,Information,Microsoft-Windows-WindowsUpdateClient,DESKTOP-QUV3S97,"('9WZDNCRD1HKW-Microsoft.XboxIdentityProvider', '{6d815a67-83e9-47ce-9f91-5f0dee792c33}', '1')"
2024-05-31 11:28:51,44,Information,Microsoft-Windows-WindowsUpdateClient,DESKTOP-QUV3S97,"('9P086NHDNB9W-Microsoft.XboxSpeechtoTextOverlay', '{0fe9b276-1904-4c51-a604-b9d791936b3d}', '1')"
2024-05-31 11:28:58,44,Information,Microsoft-Windows-WindowsUpdateClient,DESKTOP-QUV3S97,"('9NKSQGP7F2NH-5319275A.WhatsAppDesktop', '{f8cf16dd-b67c-4f2f-a821-7327fecd7ac8}', '1')"
2024-05-31 11:28:59,43,Information,Microsoft-Windows-WindowsUpdateClient,DESKTOP-QUV3S97,"('9NKSQGP7F2NH-5319275A.WhatsAppDesktop', '{f8cf16dd-b67c-4f2f-a821-7327fecd7ac8}', '1')"
2024-05-31 11:42:02,10016,Warning,DCOM,DESKTOP-QUV3S97,"('application-specific', 'Local', 'Activation', '{2593F8B9-4EAF-457C-B68A-50F6B8EA6B54}', '{15C20B67-12E7-4BB6-92BB-7AFF07997402}', 'DESKTOP-QUV3S97', 'Adnan', 'S-1-5-21-1915879001-2348363783-178924610-1001', 'LocalHost (Using LRPC)', 'Unavailable', 'Unavailable')"
2024-05-31 12:00:00,6013,Information,EventLog,DESKTOP-QUV3S97,"('', '', '', '', '1124746', '60', '')"
2024-05-31 12:19:15,566,Information,Microsoft-Windows-Kernel-Power,DESKTOP-QUV3S97,"('60', '12', '109', '1', '9264518', '45480', '45480', '45480', '45480', '110', '2', 'true', '12')"
2024-05-31 12:53:31,507,Information,Microsoft-Windows-Kernel-Power,DESKTOP-QUV3S97,"('0', '144394979', '18552495828', '46531026', '1921244767', '2065639746', '6', '89', 'false', '1', '0', '1689631', 'true', '1919678526', '392209', 'false', 'true', '231086', '7', '0', 'true', 'true', '111', 'false', '45480', '45480', '109', '60', '0', '18446744055266190496', '1921244767', '1919678526', '0', '0', '89372', 'true', '45480', '45480', '9264518', '45480', '45480', '2056372401', '45480', '45480', '45480', '45480', '4', '0')"
2024-05-31 13:02:16,10016,Warning,DCOM,DESKTOP-QUV3S97,"('application-specific', 'Local', 'Activation', '{2593F8B9-4EAF-457C-B68A-50F6B8EA6B54}', '{15C20B67-12E7-4BB6-92BB-7AFF07997402}', 'DESKTOP-QUV3S97', 'Adnan', 'S-1-5-21-1915879001-2348363783-178924610-1001', 'LocalHost (Using LRPC)', 'Microsoft.SkypeApp_15.119.3201.0_x64__kzf8qxf38zg5c', 'Unavailable')"
2024-05-31 15:56:46,566,Information,Microsoft-Windows-Kernel-Power,DESKTOP-QUV3S97,"('60', '12', '112', '1', '3162757', '45700', '45700', '45700', '45700', '113', '2', 'true', '12')"
2024-05-31 18:24:30,507,Information,Microsoft-Windows-Kernel-Power,DESKTOP-QUV3S97,"('0', '99748197', '79728000709', '11734167', '8766645226', '8866393423', '42', '89', 'true', '31', '20752101', '14990777', 'true', '8755073163', '300483', 'false', 'true', '2115509', '7', '0', 'true', 'true', '114', 'false', '45700', '45700', '112', '60', '0', '18446743993998319056', '8766645226', '8755073163', '0', '0', '93305', 'true', '45700', '45700', '3162757', '45700', '45700', '8863229912', '45700', '45700', '45700', '45700', '4', '0')"
2024-05-31 18:24:32,7040,Information,Service Control Manager,DESKTOP-QUV3S97,"('Background Intelligent Transfer Service', 'demand start', 'auto start', 'BITS')"
2024-05-31 18:25:01,566,Information,Microsoft-Windows-Kernel-Power,DESKTOP-QUV3S97,"('60', '12', '114', '0', '31566155', '45700', '45700', '45700', '45700', '115', '1', 'true', '12')"
2024-05-31 18:25:41,113,Information,Microsoft-Windows-HttpService,DESKTOP-QUV3S97,"('18374686527453134893', 'http://*:2869/upnp/eventing/', '0', '11540', '\\Device\\HarddiskVolume3\\Windows\\System32\\svchost.exe', 'S-1-5-19')"
2024-05-31 18:25:48,507,Information,Microsoft-Windows-Kernel-Power,DESKTOP-QUV3S97,"('0', '47126436', '0', '0', '0', '47126436', '0', '89', 'false', '31', '0', '0', 'true', '0', '166198', 'false', 'true', '0', '7', '0', 'true', 'true', '117', 'false', '45700', '45700', '115', '60', '0', '47126436', '0', '0', '0', '0', '165008', 'false', '45700', '45700', '47124989', '0', '0', '0', '45700', '45700', '0', '0', '4', '0')"
2024-05-31 18:26:00,114,Information,Microsoft-Windows-HttpService,DESKTOP-QUV3S97,"('18302628929120239677', 'http://*:2869/upnp/eventing/', '11540', '\\Device\\HarddiskVolume3\\Windows\\System32\\svchost.exe', 'S-1-5-19')"
2024-05-31 18:26:01,113,Information,Microsoft-Windows-HttpService,DESKTOP-QUV3S97,"('18302628933415206957', 'http://*:2869/upnp/eventing/', '0', '11540', '\\Device\\HarddiskVolume3\\Windows\\System32\\svchost.exe', 'S-1-5-19')"
2024-05-31 18:28:08,7040,Information,Service Control Manager,DESKTOP-QUV3S97,"('Background Intelligent Transfer Service', 'auto start', 'demand start', 'BITS')"
2024-05-31 18:28:27,10016,Warning,DCOM,DESKTOP-QUV3S97,"('application-specific', 'Local', 'Activation', '{2593F8B9-4EAF-457C-B68A-50F6B8EA6B54}', '{15C20B67-12E7-4BB6-92BB-7AFF07997402}', 'DESKTOP-QUV3S97', 'Adnan', 'S-1-5-21-1915879001-2348363783-178924610-1001', 'LocalHost (Using LRPC)', 'Unavailable', 'Unavailable')"
2024-05-31 20:08:24,2,Information,Microsoft-Windows-IsolatedUserMode,DESKTOP-QUV3S97,"('0', '0', '0')"
2024-05-31 20:08:29,105,Information,Microsoft-Windows-Kernel-Power,DESKTOP-QUV3S97,"('false', '45580', '45580')"
2024-05-31 20:10:34,577,Information,Microsoft-Windows-Kernel-Power,DESKTOP-QUV3S97,"('0', 'false', '279')"
2024-05-31 20:10:44,12,Information,Microsoft-Windows-Kernel-General,DESKTOP-QUV3S97,"('10', '0', '22621', '3672', '0', '0', '2024-05-31T14:10:44.5000000Z')"
2024-05-31 20:10:46,6,Information,Microsoft-Windows-FilterManager,DESKTOP-QUV3S97,"('0x0', '10', '0', '8', 'FileInfo', '2079-02-27T04:03:00.0000000Z')"
2024-05-31 20:10:47,125,Information,Microsoft-Windows-Kernel-Power,DESKTOP-QUV3S97,"('9', '\\_TZ.TSZ0', '0', '0', '0', '0', '0', '0', '0', '0', '0', '0', '0', '0', '0', '0', '500', '385', '0', '0', '0', '0', '', '0')"
2024-05-31 20:10:48,98,Information,Microsoft-Windows-Ntfs,DESKTOP-QUV3S97,"('\\\\?\\Volume{de400b6d-8f73-4b05-81fb-e35dea7014a5}', '\\Device\\HarddiskVolume5', '0')"
2024-05-31 20:10:49,15,Information,Microsoft-Windows-Kernel-General,DESKTOP-QUV3S97,"('36', '\\SystemRoot\\System32\\Config\\SOFTWARE', '99676160', '95612928')"
2024-05-31 20:10:50,521,Information,Microsoft-Windows-Kernel-Power,DESKTOP-QUV3S97,"('0', '0', '0')"
2024-05-31 20:10:52,10118,Information,Microsoft-Windows-DriverFrameworks-UserMode,DESKTOP-QUV3S97,
2024-05-31 20:10:54,14,Information,Microsoft-Windows-Wininit,DESKTOP-QUV3S97,"('2', '0', '1')"
2024-05-31 20:10:58,1282,Information,Microsoft-Windows-TPM-WMI,DESKTOP-QUV3S97,
2024-05-31 20:10:59,16,Information,Microsoft-Windows-Kernel-General,DESKTOP-QUV3S97,"('45', '\\??\\C:\\Windows\\AppCompat\\Programs\\Amcache.hve', '3588', '1173')"
2024-05-31 20:11:04,15008,Information,HTTP,DESKTOP-QUV3S97,"('', 'https://+:3392/rdp/')"
2024-05-31 20:11:12,16,Information,Microsoft-Windows-Kernel-General,DESKTOP-QUV3S97,"('146', '\\??\\C:\\ProgramData\\Microsoft\\Windows\\AppRepository\\Packages\\Microsoft.WindowsAppRuntime.CBS_4000.1189.418.0_x64__8wekyb3d8bbwe\\ActivationStore.dat', '0', '0')"
2024-05-31 20:11:19,16,Information,Microsoft-Windows-Kernel-General,DESKTOP-QUV3S97,"('144', '\\??\\C:\\ProgramData\\Microsoft\\Windows\\AppRepository\\Packages\\MicrosoftWindows.Client.CBS_1000.22700.1009.0_x64__cw5n1h2txyewy\\ActivationStore.dat', '0', '0')"
2024-05-31 20:11:28,16,Information,Microsoft-Windows-Kernel-General,DESKTOP-QUV3S97,"('145', '\\??\\C:\\ProgramData\\Microsoft\\Windows\\AppRepository\\Packages\\MicrosoftWindows.Client.Core_1000.22700.1003.0_x64__cw5n1h2txyewy\\ActivationStore.dat', '0', '0')"
2024-05-31 20:11:30,16,Information,Microsoft-Windows-Kernel-General,DESKTOP-QUV3S97,"('148', '\\??\\C:\\ProgramData\\Microsoft\\Windows\\AppRepository\\Packages\\MicrosoftWindows.Client.FileExp_1000.22700.1000.0_x64__cw5n1h2txyewy\\ActivationStore.dat', '0', '0')"
2024-05-31 20:11:32,16,Information,Microsoft-Windows-Kernel-General,DESKTOP-QUV3S97,"('144', '\\??\\C:\\ProgramData\\Microsoft\\Windows\\AppRepository\\Packages\\MicrosoftWindows.Client.LKG_1000.22621.3672.0_x64__cw5n1h2txyewy\\ActivationStore.dat', '0', '0')"
2024-05-31 20:11:43,112,Information,Microsoft-Windows-HttpService,DESKTOP-QUV3S97,"('https://+:3392/rdp/', '0', '3620', '\\Device\\HarddiskVolume3\\Windows\\WinSxS\\amd64_microsoft-windows-servicingstack_31bf3856ad364e35_10.0.22621.3662_none_e93555b642ec4d03\\TiWorker.exe', 'S-1-5-18')"
2024-05-31 20:11:55,4001,Information,Microsoft-Windows-WLAN-AutoConfig,DESKTOP-QUV3S97,
2024-05-31 20:11:56,577,Information,Microsoft-Windows-Kernel-Power,DESKTOP-QUV3S97,"('0', 'false', '279')"
2024-06-01 10:01:00,12,Information,Microsoft-Windows-Kernel-General,DESKTOP-QUV3S97,"('10', '0', '22621', '3672', '0', '0', '2024-06-01T04:01:00.5000000Z')"
2024-06-01 10:01:01,6,Information,Microsoft-Windows-FilterManager,DESKTOP-QUV3S97,"('0x0', '10', '0', '8', 'FileInfo', '2079-02-27T04:03:00.0000000Z')"
2024-06-01 10:01:02,98,Information,Microsoft-Windows-Ntfs,DESKTOP-QUV3S97,"('D:', '\\Device\\HarddiskVolume4', '0')"
2024-06-01 10:01:03,98,Information,Microsoft-Windows-Ntfs,DESKTOP-QUV3S97,"('\\\\?\\Volume{de400b6d-8f73-4b05-81fb-e35dea7014a5}', '\\Device\\HarddiskVolume5', '0')"
2024-06-01 10:01:04,24,Information,Microsoft-Windows-Kernel-General,DESKTOP-QUV3S97,"('0', '-360', '0', '0', '0')"
2024-06-01 10:01:05,10118,Information,Microsoft-Windows-DriverFrameworks-UserMode,DESKTOP-QUV3S97,
2024-06-01 10:01:07,10118,Information,Microsoft-Windows-DriverFrameworks-UserMode,DESKTOP-QUV3S97,
2024-06-01 10:01:49,16,Information,Microsoft-Windows-Kernel-General,DESKTOP-QUV3S97,"('178', '\\??\\C:\\ProgramData\\Packages\\MicrosoftWindows.Client.WebExperience_cw5n1h2txyewy\\S-1-5-21-1915879001-2348363783-178924610-1001\\SystemAppData\\Helium\\Cache\\7f139caa59edc25_COM15.dat', '1', '1')"
2024-06-01 10:01:50,19,Information,Microsoft-Windows-WindowsUpdateClient,DESKTOP-QUV3S97,"('2024-05 Cumulative Update Preview for Windows 11 Version 23H2 for x64-based Systems (KB5037853)', '{33dff7cc-8068-4e7d-9a35-1ad2dda3509c}', '1', '{8b24b027-1dee-babb-9a95-3517dfb9c552}')"
2024-06-01 10:01:57,5,Information,Microsoft-Windows-IsolatedUserMode,DESKTOP-QUV3S97,"('0', '0', '0', 'NULL')"
2024-06-01 10:02:00,16,Information,Microsoft-Windows-Kernel-General,DESKTOP-QUV3S97,"('108', '\\??\\C:\\Users\\win11\\AppData\\Local\\Packages\\Microsoft.MicrosoftEdge.Stable_8wekyb3d8bbwe\\Settings\\settings.dat', '1', '1')"
2024-06-01 10:02:03,5,Information,Microsoft-Windows-IsolatedUserMode,DESKTOP-QUV3S97,"('0', '0', '0', 'NULL')"
2024-06-01 10:02:07,16,Information,Microsoft-Windows-Kernel-General,DESKTOP-QUV3S97,"('185', '\\??\\C:\\ProgramData\\Packages\\AdvancedMicroDevicesInc-2.AMDRadeonSoftware_0a9344xs7nr4m\\S-1-5-21-1915879001-2348363783-178924610-1001\\SystemAppData\\Helium\\Cache\\18c0106b80703c74_COM15.dat', '1', '1')"
2024-06-01 10:02:10,10016,Warning,DCOM,DESKTOP-QUV3S97,"('application-specific', 'Local', 'Activation', '{2593F8B9-4EAF-457C-B68A-50F6B8EA6B54}', '{15C20B67-12E7-4BB6-92BB-7AFF07997402}', 'DESKTOP-QUV3S97', 'Adnan', 'S-1-5-21-1915879001-2348363783-178924610-1001', 'LocalHost (Using LRPC)', 'Microsoft.SkypeApp_15.119.3201.0_x64__kzf8qxf38zg5c', 'Unavailable')"
2024-06-01 10:02:12,10016,Warning,DCOM,DESKTOP-QUV3S97,"('application-specific', 'Local', 'Activation', '{2593F8B9-4EAF-457C-B68A-50F6B8EA6B54}', '{15C20B67-12E7-4BB6-92BB-7AFF07997402}', 'DESKTOP-QUV3S97', 'Adnan', 'S-1-5-21-1915879001-2348363783-178924610-1001', 'LocalHost (Using LRPC)', 'Microsoft.SkypeApp_15.119.3201.0_x64__kzf8qxf38zg5c', 'Unavailable')"
2024-06-01 10:02:38,1074,Information,User32,DESKTOP-QUV3S97,"('C:\\Windows\\System32\\RuntimeBroker.exe (DESKTOP-QUV3S97)', 'DESKTOP-QUV3S97', 'Other (Unplanned)', '0x0', 'restart', '', 'DESKTOP-QUV3S97\\Adnan')"
2024-06-01 10:02:57,4001,Information,Microsoft-Windows-WLAN-AutoConfig,DESKTOP-QUV3S97,
2024-06-01 10:02:58,577,Information,Microsoft-Windows-Kernel-Power,DESKTOP-QUV3S97,"('0', 'false', '279')"
2024-06-01 10:03:07,12,Information,Microsoft-Windows-Kernel-General,DESKTOP-QUV3S97,"('10', '0', '22621', '3672', '0', '0', '2024-06-01T04:03:07.5000000Z')"
2024-06-01 10:03:08,6,Information,Microsoft-Windows-FilterManager,DESKTOP-QUV3S97,"('0x0', '10', '0', '8', 'FileInfo', '2079-02-27T04:03:00.0000000Z')"
2024-06-01 10:03:09,98,Information,Microsoft-Windows-Ntfs,DESKTOP-QUV3S97,"('C:', '\\Device\\HarddiskVolume3', '0')"
2024-06-01 10:03:10,125,Information,Microsoft-Windows-Kernel-Power,DESKTOP-QUV3S97,"('9', '\\_TZ.TSZ0', '0', '0', '0', '0', '0', '0', '0', '0', '0', '0', '0', '0', '0', '0', '500', '385', '0', '0', '0', '0', '', '0')"
2024-06-01 10:03:11,98,Information,Microsoft-Windows-Ntfs,DESKTOP-QUV3S97,"('\\\\?\\Volume{de400b6d-8f73-4b05-81fb-e35dea7014a5}', '\\Device\\HarddiskVolume5', '0')"
2024-06-01 10:03:12,10118,Information,Microsoft-Windows-DriverFrameworks-UserMode,DESKTOP-QUV3S97,
2024-06-01 10:03:14,10118,Information,Microsoft-Windows-DriverFrameworks-UserMode,DESKTOP-QUV3S97,
2024-06-01 10:03:23,5,Information,Microsoft-Windows-IsolatedUserMode,DESKTOP-QUV3S97,"('0', '0', '0', 'NULL')"
2024-06-01 10:03:29,5,Information,Microsoft-Windows-IsolatedUserMode,DESKTOP-QUV3S97,"('0', '0', '0', 'NULL')"
2024-06-01 10:03:32,10016,Warning,DCOM,DESKTOP-QUV3S97,"('application-specific', 'Local', 'Activation', '{2593F8B9-4EAF-457C-B68A-50F6B8EA6B54}', '{15C20B67-12E7-4BB6-92BB-7AFF07997402}', 'DESKTOP-QUV3S97', 'Adnan', 'S-1-5-21-1915879001-2348363783-178924610-1001', 'LocalHost (Using LRPC)', 'Microsoft.SkypeApp_15.119.3201.0_x64__kzf8qxf38zg5c', 'Unavailable')"
2024-06-01 10:03:33,10016,Warning,DCOM,DESKTOP-QUV3S97,"('application-specific', 'Local', 'Activation', '{2593F8B9-4EAF-457C-B68A-50F6B8EA6B54}', '{15C20B67-12E7-4BB6-92BB-7AFF07997402}', 'DESKTOP-QUV3S97', 'Adnan', 'S-1-5-21-1915879001-2348363783-178924610-1001', 'LocalHost (Using LRPC)', 'Microsoft.SkypeApp_15.119.3201.0_x64__kzf8qxf38zg5c', 'Unavailable')"
2024-06-01 10:03:57,566,Information,Microsoft-Windows-Kernel-Power,DESKTOP-QUV3S97,"('63', '12', '0', '0', '50228510', '0', '0', '45490', '45490', '1', '1', 'true', '12')"
2024-06-01 10:04:28,7040,Information,Service Control Manager,DESKTOP-QUV3S97,"('Background Intelligent Transfer Service', 'demand start', 'auto start', 'BITS')"
2024-06-01 10:04:32,113,Information,Microsoft-Windows-HttpService,DESKTOP-QUV3S97,"('18302628911940370433', 'http://*:2869/upnp/eventing/', '0', '14976', '\\Device\\HarddiskVolume3\\Windows\\System32\\svchost.exe', 'S-1-5-19')"
2024-06-01 10:04:37,114,Information,Microsoft-Windows-HttpService,DESKTOP-QUV3S97,"('18302628911940370433', 'http://*:2869/upnp/eventing/', '14976', '\\Device\\HarddiskVolume3\\Windows\\System32\\svchost.exe', 'S-1-5-19')"
2024-06-01 10:04:52,114,Information,Microsoft-Windows-HttpService,DESKTOP-QUV3S97,"('18302628886170566657', 'http://*:2869/upnp/eventing/', '14976', '\\Device\\HarddiskVolume3\\Windows\\System32\\svchost.exe', 'S-1-5-19')"
2024-06-01 10:04:56,114,Information,Microsoft-Windows-HttpService,DESKTOP-QUV3S97,"('18302628933415206913', 'http://*:2869/upnp/eventing/', '14976', '\\Device\\HarddiskVolume3\\Windows\\System32\\svchost.exe', 'S-1-5-19')"
2024-06-01 10:05:04,114,Information,Microsoft-Windows-HttpService,DESKTOP-QUV3S97,"('18302628920530305025', 'http://*:2869/upnp/eventing/', '14976', '\\Device\\HarddiskVolume3\\Windows\\System32\\svchost.exe', 'S-1-5-19')"
2024-06-01 10:05:05,113,Information,Microsoft-Windows-HttpService,DESKTOP-QUV3S97,"('18302628886170566658', 'http://*:2869/upnp/eventing/', '0', '14976', '\\Device\\HarddiskVolume3\\Windows\\System32\\svchost.exe', 'S-1-5-19')"
2024-06-01 10:05:20,37,Information,Microsoft-Windows-Time-Service,DESKTOP-QUV3S97,"('time.windows.com,0x9 (ntp.m|0x9|0.0.0.0:123->52.148.114.188:123)',)"
2024-06-01 10:05:33,24,Information,Microsoft-Windows-Kernel-General,DESKTOP-QUV3S97,"('0', '-360', '0', '0', '0')"
2024-06-01 10:07:07,7040,Information,Service Control Manager,DESKTOP-QUV3S97,"('Background Intelligent Transfer Service', 'auto start', 'demand start', 'BITS')"
2024-06-01 10:08:37,10016,Warning,DCOM,DESKTOP-QUV3S97,"('application-specific', 'Local', 'Activation', '{6B3B8D23-FA8D-40B9-8DBD-B950333E2C52}', '{4839DDB7-58C2-48F5-8283-E1D1807D0D7D}', 'NT AUTHORITY', 'LOCAL SERVICE', 'S-1-5-19', 'LocalHost (Using LRPC)', 'Unavailable', 'Unavailable')"
2024-06-01 10:12:47,507,Information,Microsoft-Windows-Kernel-Power,DESKTOP-QUV3S97,"('0', '531234919', '0', '0', '0', '531234919', '0', '89', 'false', '31', '0', '0', 'true', '0', '134699', 'false', 'true', '0', '7', '0', 'true', 'true', '3', 'false', '45490', '45490', '1', '63', '0', '531234919', '0', '0', '0', '0', '133651', 'false', '45490', '45490', '531235019', '0', '0', '0', '45490', '45490', '0', '0', '4', '0')"
2024-06-01 10:13:29,44,Information,Microsoft-Windows-WindowsUpdateClient,DESKTOP-QUV3S97,"('Security Intelligence Update for Microsoft Defender Antivirus - KB2267602 (Version 1.413.35.0) - Current Channel (Broad)', '{088589e2-fb9f-4303-9aa0-0ad7b7c5e5c2}', '200')"
2024-06-01 10:13:36,19,Information,Microsoft-Windows-WindowsUpdateClient,DESKTOP-QUV3S97,"('Security Intelligence Update for Microsoft Defender Antivirus - KB2267602 (Version 1.413.35.0) - Current Channel (Broad)', '{088589e2-fb9f-4303-9aa0-0ad7b7c5e5c2}', '200', '{9482f4b4-e343-43b6-b170-9a65bc822c77}')"
2024-06-01 10:14:52,7040,Information,Service Control Manager,DESKTOP-QUV3S97,"('Background Intelligent Transfer Service', 'demand start', 'auto start', 'BITS')"
2024-06-01 10:14:57,113,Information,Microsoft-Windows-HttpService,DESKTOP-QUV3S97,"('18302628911940370434', 'http://*:2869/upnp/eventing/', '0', '14976', '\\Device\\HarddiskVolume3\\Windows\\System32\\svchost.exe', 'S-1-5-19')"
2024-06-01 10:15:01,114,Information,Microsoft-Windows-HttpService,DESKTOP-QUV3S97,"('18302628911940370434', 'http://*:2869/upnp/eventing/', '14976', '\\Device\\HarddiskVolume3\\Windows\\System32\\svchost.exe', 'S-1-5-19')"
2024-06-01 10:15:13,114,Information,Microsoft-Windows-HttpService,DESKTOP-QUV3S97,"('18302628929120239620', 'http://*:2869/upnp/eventing/', '14976', '\\Device\\HarddiskVolume3\\Windows\\System32\\svchost.exe', 'S-1-5-19')"
2024-06-01 10:17:21,7040,Information,Service Control Manager,DESKTOP-QUV3S97,"('Background Intelligent Transfer Service', 'auto start', 'demand start', 'BITS')"
2024-06-01 10:22:37,158,Information,Microsoft-Windows-Time-Service,DESKTOP-QUV3S97,"('VMICTimeProvider',)"
2024-06-01 10:30:08,10016,Warning,DCOM,DESKTOP-QUV3S97,"('application-specific', 'Local', 'Activation', '{2593F8B9-4EAF-457C-B68A-50F6B8EA6B54}', '{15C20B67-12E7-4BB6-92BB-7AFF07997402}', 'DESKTOP-QUV3S97', 'Adnan', 'S-1-5-21-1915879001-2348363783-178924610-1001', 'LocalHost (Using LRPC)', 'Unavailable', 'Unavailable')"
2024-06-01 10:39:41,158,Information,Microsoft-Windows-Time-Service,DESKTOP-QUV3S97,"('VMICTimeProvider',)"
2024-06-01 10:40:22,10016,Warning,DCOM,DESKTOP-QUV3S97,"('application-specific', 'Local', 'Activation', '{2593F8B9-4EAF-457C-B68A-50F6B8EA6B54}', '{15C20B67-12E7-4BB6-92BB-7AFF07997402}', 'DESKTOP-QUV3S97', 'Adnan', 'S-1-5-21-1915879001-2348363783-178924610-1001', 'LocalHost (Using LRPC)', 'MicrosoftWindows.Client.WebExperience_524.13200.10.0_x64__cw5n1h2txyewy', 'Unavailable')"
2024-06-01 10:56:45,158,Information,Microsoft-Windows-Time-Service,DESKTOP-QUV3S97,"('VMICTimeProvider',)"
2024-06-01 11:03:28,5,Information,Microsoft-Windows-IsolatedUserMode,DESKTOP-QUV3S97,"('0', '0', '0', 'NULL')"
2024-06-01 11:03:29,2,Information,Microsoft-Windows-IsolatedUserMode,DESKTOP-QUV3S97,"('0', '0', '0')"
2024-06-01 11:04:29,7040,Information,Service Control Manager,DESKTOP-QUV3S97,"('Background Intelligent Transfer Service', 'demand start', 'auto start', 'BITS')"
2024-06-01 11:04:33,113,Information,Microsoft-Windows-HttpService,DESKTOP-QUV3S97,"('18302628929120239621', 'http://*:2869/upnp/eventing/', '0', '14976', '\\Device\\HarddiskVolume3\\Windows\\System32\\svchost.exe', 'S-1-5-19')"
2024-06-01 11:04:38,114,Information,Microsoft-Windows-HttpService,DESKTOP-QUV3S97,"('18302628929120239621', 'http://*:2869/upnp/eventing/', '14976', '\\Device\\HarddiskVolume3\\Windows\\System32\\svchost.exe', 'S-1-5-19')"
2024-06-01 11:04:53,114,Information,Microsoft-Windows-HttpService,DESKTOP-QUV3S97,"('18302628929120239622', 'http://*:2869/upnp/eventing/', '14976', '\\Device\\HarddiskVolume3\\Windows\\System32\\svchost.exe', 'S-1-5-19')"
2024-06-01 11:05:21,10016,Warning,DCOM,DESKTOP-QUV3S97,"('application-specific', 'Local', 'Activation', '{2593F8B9-4EAF-457C-B68A-50F6B8EA6B54}', '{15C20B67-12E7-4BB6-92BB-7AFF07997402}', 'DESKTOP-QUV3S97', 'Adnan', 'S-1-5-21-1915879001-2348363783-178924610-1001', 'LocalHost (Using LRPC)', 'Unavailable', 'Unavailable')"
2024-06-01 11:05:26,114,Information,Microsoft-Windows-HttpService,DESKTOP-QUV3S97,"('18302628911940370435', 'http://*:2869/upnp/eventing/', '14976', '\\Device\\HarddiskVolume3\\Windows\\System32\\svchost.exe', 'S-1-5-19')"
2024-06-01 11:07:30,7040,Information,Service Control Manager,DESKTOP-QUV3S97,"('Background Intelligent Transfer Service', 'auto start', 'demand start', 'BITS')"
2024-06-01 11:13:49,158,Information,Microsoft-Windows-Time-Service,DESKTOP-QUV3S97,"('VMICTimeProvider',)"
2024-06-01 11:29:42,44,Information,Microsoft-Windows-WindowsUpdateClient,DESKTOP-QUV3S97,"('9NBLGGH537C2-Microsoft.XboxGameOverlay', '{075a4121-db52-4709-91f0-1a3dbd9beb30}', '1')"
2024-06-01 11:29:48,44,Information,Microsoft-Windows-WindowsUpdateClient,DESKTOP-QUV3S97,"('9MZ95KL8MR0L-Microsoft.ScreenSketch', '{3a2d699b-fba2-42d2-9219-515a7d777cf2}', '1')"
2024-06-01 11:30:07,7040,Information,Service Control Manager,DESKTOP-QUV3S97,"('Windows Modules Installer', 'auto start', 'demand start', 'TrustedInstaller')"
2024-06-01 11:30:10,7040,Information,Service Control Manager,DESKTOP-QUV3S97,"('Windows Modules Installer', 'auto start', 'demand start', 'TrustedInstaller')"
2024-06-01 11:30:18,16,Information,Microsoft-Windows-Kernel-General,DESKTOP-QUV3S97,"('134', '\\??\\C:\\ProgramData\\Microsoft\\Windows\\AppRepository\\Packages\\Microsoft.ScreenSketch_11.2404.40.0_x64__8wekyb3d8bbwe\\ActivationStore.dat', '0', '0')"
2024-06-01 11:30:24,19,Information,Microsoft-Windows-WindowsUpdateClient,DESKTOP-QUV3S97,"('9MZ95KL8MR0L-Microsoft.ScreenSketch', '{3a2d699b-fba2-42d2-9219-515a7d777cf2}', '1', '{855e8a7c-ecb4-4ca3-b045-1dfa50104289}')"
2024-06-01 11:30:32,7040,Information,Service Control Manager,DESKTOP-QUV3S97,"('Windows Modules Installer', 'demand start', 'auto start', 'TrustedInstaller')"
2024-06-01 11:31:17,7040,Information,Service Control Manager,DESKTOP-QUV3S97,"('Windows Modules Installer', 'auto start', 'demand start', 'TrustedInstaller')"
2024-06-01 11:31:55,16,Information,Microsoft-Windows-Kernel-General,DESKTOP-QUV3S97,"('134', '\\??\\C:\\ProgramData\\Microsoft\\Windows\\AppRepository\\Packages\\5319275A.WhatsAppDesktop_2.2421.7.0_x64__cv1g1gvanyjgm\\ActivationStore.dat', '0', '0')"
2024-06-01 11:31:56,20,Error,Microsoft-Windows-WindowsUpdateClient,DESKTOP-QUV3S97,"('0x80073d02', '9NKSQGP7F2NH-5319275A.WhatsAppDesktop', '{b42a2915-9813-462c-a0f6-a523bb0db6ff}', '1', '{855e8a7c-ecb4-4ca3-b045-1dfa50104289}')"
2024-06-01 11:33:25,16,Information,Microsoft-Windows-Kernel-General,DESKTOP-QUV3S97,"('142', '\\??\\C:\\ProgramData\\Microsoft\\Windows\\AppRepository\\Packages\\Microsoft.Windows.Photos_2024.11050.29009.0_x64__8wekyb3d8bbwe\\ActivationStore.dat', '0', '0')"
2024-06-01 11:33:28,43,Information,Microsoft-Windows-WindowsUpdateClient,DESKTOP-QUV3S97,"('9WZDNCRFJBH4-Microsoft.Windows.Photos', '{218b3130-de44-4537-88dc-fc504e841b39}', '1')"
2024-06-01 11:33:30,19,Information,Microsoft-Windows-WindowsUpdateClient,DESKTOP-QUV3S97,"('9WZDNCRFJBH4-Microsoft.Windows.Photos', '{218b3130-de44-4537-88dc-fc504e841b39}', '1', '{855e8a7c-ecb4-4ca3-b045-1dfa50104289}')"
2024-06-01 12:00:00,6013,Information,EventLog,DESKTOP-QUV3S97,"('', '', '', '', '7014', '60', '')"
2024-06-01 12:02:49,2,Information,Microsoft-Windows-IsolatedUserMode,DESKTOP-QUV3S97,"('0', '0', '0')"
2024-06-01 12:02:53,42,Information,Microsoft-Windows-Kernel-Power,DESKTOP-QUV3S97,"('6', '5', '4', '0', '2')"
2024-06-01 12:02:55,107,Information,Microsoft-Windows-Kernel-Power,DESKTOP-QUV3S97,"('6', '5', '5', '1601-01-01T00:00:00.0000000Z', '1601-01-01T00:00:00.0000000Z', '0', '0')"
2024-06-02 10:45:41,1,Information,Microsoft-Windows-Kernel-General,DESKTOP-QUV3S97,"('2024-06-02T04:45:41.5000000Z', '2024-06-01T06:02:55.3353672Z', '81766164', '2', '', '4', '2024-06-02T10:45:41.5000000Z', '-360', 'false', 'false')"
2024-06-02 10:45:43,1,Information,Microsoft-Windows-Power-Troubleshooter,DESKTOP-QUV3S97,"('2024-06-01T06:02:52.6248914Z', '2024-06-02T04:45:42.0785270Z', '1416', '577', '540', '3552', '2278', '4584', '332076', '1979728129', '6', '5', '0', '0', '', '0', '0', '0', '', '', '13')"
2024-06-02 10:45:57,5,Information,Microsoft-Windows-IsolatedUserMode,DESKTOP-QUV3S97,"('0', '0', '0', 'NULL')"
2024-06-02 10:46:03,5,Information,Microsoft-Windows-IsolatedUserMode,DESKTOP-QUV3S97,"('0', '0', '0', 'NULL')"
2024-06-02 10:46:04,2,Information,Microsoft-Windows-IsolatedUserMode,DESKTOP-QUV3S97,"('0', '0', '0')"
2024-06-02 10:46:06,10016,Warning,DCOM,DESKTOP-QUV3S97,"('application-specific', 'Local', 'Activation', '{2593F8B9-4EAF-457C-B68A-50F6B8EA6B54}', '{15C20B67-12E7-4BB6-92BB-7AFF07997402}', 'DESKTOP-QUV3S97', 'Adnan', 'S-1-5-21-1915879001-2348363783-178924610-1001', 'LocalHost (Using LRPC)', 'Microsoft.SkypeApp_15.119.3201.0_x64__kzf8qxf38zg5c', 'Unavailable')"
2024-06-02 10:46:25,566,Information,Microsoft-Windows-Kernel-Power,DESKTOP-QUV3S97,"('63', '12', '7', '0', '40730019', '43110', '45650', '42900', '45650', '8', '1', 'false', '12')"
2024-06-02 10:46:27,37,Information,Microsoft-Windows-Time-Service,DESKTOP-QUV3S97,"('time.windows.com,0x9 (ntp.m|0x9|0.0.0.0:123->40.81.94.65:123)',)"
2024-06-02 10:46:29,105,Information,Microsoft-Windows-Kernel-Power,DESKTOP-QUV3S97,"('true', '42890', '45650')"
2024-06-02 10:46:43,35,Information,Microsoft-Windows-Time-Service,DESKTOP-QUV3S97,"('time.windows.com,0x9 (ntp.m|0x9|0.0.0.0:123->40.81.94.65:123)', '1096700200', '4')"
2024-06-02 10:47:03,16,Information,Microsoft-Windows-Kernel-General,DESKTOP-QUV3S97,"('109', '\\??\\C:\\Users\\win11\\AppData\\Local\\Packages\\AdobeNotificationClient_enpm4xejd91yc\\SystemAppData\\Helium\\User.dat', '1', '1')"
2024-06-02 10:47:08,113,Information,Microsoft-Windows-HttpService,DESKTOP-QUV3S97,"('18302628916235337730', 'http://*:2869/upnp/eventing/', '0', '14976', '\\Device\\HarddiskVolume3\\Windows\\System32\\svchost.exe', 'S-1-5-19')"
2024-06-02 10:47:12,114,Information,Microsoft-Windows-HttpService,DESKTOP-QUV3S97,"('18302628916235337730', 'http://*:2869/upnp/eventing/', '14976', '\\Device\\HarddiskVolume3\\Windows\\System32\\svchost.exe', 'S-1-5-19')"
2024-06-02 10:47:48,114,Information,Microsoft-Windows-HttpService,DESKTOP-QUV3S97,"('18302628920530305026', 'http://*:2869/upnp/eventing/', '14976', '\\Device\\HarddiskVolume3\\Windows\\System32\\svchost.exe', 'S-1-5-19')"
2024-06-02 10:47:49,113,Information,Microsoft-Windows-HttpService,DESKTOP-QUV3S97,"('18302628920530305027', 'http://*:2869/upnp/eventing/', '0', '14976', '\\Device\\HarddiskVolume3\\Windows\\System32\\svchost.exe', 'S-1-5-19')"
2024-06-02 10:47:53,114,Information,Microsoft-Windows-HttpService,DESKTOP-QUV3S97,"('18302628920530305027', 'http://*:2869/upnp/eventing/', '14976', '\\Device\\HarddiskVolume3\\Windows\\System32\\svchost.exe', 'S-1-5-19')"
2024-06-02 10:50:00,7040,Information,Service Control Manager,DESKTOP-QUV3S97,"('Background Intelligent Transfer Service', 'auto start', 'demand start', 'BITS')"
2024-06-02 10:56:38,44,Information,Microsoft-Windows-WindowsUpdateClient,DESKTOP-QUV3S97,"('Security Intelligence Update for Microsoft Defender Antivirus - KB2267602 (Version 1.413.51.0) - Current Channel (Broad)', '{89925e53-d5ae-47d0-ad99-072cf296c0eb}', '200')"
2024-06-02 10:56:40,43,Information,Microsoft-Windows-WindowsUpdateClient,DESKTOP-QUV3S97,"('Security Intelligence Update for Microsoft Defender Antivirus - KB2267602 (Version 1.413.51.0) - Current Channel (Broad)', '{89925e53-d5ae-47d0-ad99-072cf296c0eb}', '200')"
2024-06-02 10:56:44,19,Information,Microsoft-Windows-WindowsUpdateClient,DESKTOP-QUV3S97,"('Security Intelligence Update for Microsoft Defender Antivirus - KB2267602 (Version 1.413.51.0) - Current Channel (Broad)', '{89925e53-d5ae-47d0-ad99-072cf296c0eb}', '200', '{9482f4b4-e343-43b6-b170-9a65bc822c77}')"
2024-06-02 10:58:00,7040,Information,Service Control Manager,DESKTOP-QUV3S97,"('Background Intelligent Transfer Service', 'demand start', 'auto start', 'BITS')"
2024-06-02 11:00:04,7040,Information,Service Control Manager,DESKTOP-QUV3S97,"('Background Intelligent Transfer Service', 'auto start', 'demand start', 'BITS')"
2024-06-02 11:06:05,10016,Warning,DCOM,DESKTOP-QUV3S97,"('application-specific', 'Local', 'Activation', '{2593F8B9-4EAF-457C-B68A-50F6B8EA6B54}', '{15C20B67-12E7-4BB6-92BB-7AFF07997402}', 'DESKTOP-QUV3S97', 'Adnan', 'S-1-5-21-1915879001-2348363783-178924610-1001', 'LocalHost (Using LRPC)', 'MicrosoftWindows.Client.WebExperience_524.13200.10.0_x64__cw5n1h2txyewy', 'Unavailable')"
2024-06-02 11:06:43,7040,Information,Service Control Manager,DESKTOP-QUV3S97,"('Background Intelligent Transfer Service', 'demand start', 'auto start', 'BITS')"
2024-06-02 11:06:47,113,Information,Microsoft-Windows-HttpService,DESKTOP-QUV3S97,"('18302628924825272321', 'http://*:2869/upnp/eventing/', '0', '14976', '\\Device\\HarddiskVolume3\\Windows\\System32\\svchost.exe', 'S-1-5-19')"
2024-06-02 11:06:52,114,Information,Microsoft-Windows-HttpService,DESKTOP-QUV3S97,"('18302628924825272321', 'http://*:2869/upnp/eventing/', '14976', '\\Device\\HarddiskVolume3\\Windows\\System32\\svchost.exe', 'S-1-5-19')"
2024-06-02 11:08:59,7040,Information,Service Control Manager,DESKTOP-QUV3S97,"('Background Intelligent Transfer Service', 'auto start', 'demand start', 'BITS')"
2024-06-02 11:31:19,10016,Warning,DCOM,DESKTOP-QUV3S97,"('application-specific', 'Local', 'Activation', '{2593F8B9-4EAF-457C-B68A-50F6B8EA6B54}', '{15C20B67-12E7-4BB6-92BB-7AFF07997402}', 'DESKTOP-QUV3S97', 'Adnan', 'S-1-5-21-1915879001-2348363783-178924610-1001', 'LocalHost (Using LRPC)', 'Microsoft.SkypeApp_15.119.3201.0_x64__kzf8qxf38zg5c', 'Unavailable')"
2024-06-02 11:31:20,10016,Warning,DCOM,DESKTOP-QUV3S97,"('application-specific', 'Local', 'Activation', '{2593F8B9-4EAF-457C-B68A-50F6B8EA6B54}', '{15C20B67-12E7-4BB6-92BB-7AFF07997402}', 'DESKTOP-QUV3S97', 'Adnan', 'S-1-5-21-1915879001-2348363783-178924610-1001', 'LocalHost (Using LRPC)', 'Microsoft.SkypeApp_15.119.3201.0_x64__kzf8qxf38zg5c', 'Unavailable')"
2024-06-02 11:35:25,10016,Warning,DCOM,DESKTOP-QUV3S97,"('application-specific', 'Local', 'Activation', '{2593F8B9-4EAF-457C-B68A-50F6B8EA6B54}', '{15C20B67-12E7-4BB6-92BB-7AFF07997402}', 'DESKTOP-QUV3S97', 'Adnan', 'S-1-5-21-1915879001-2348363783-178924610-1001', 'LocalHost (Using LRPC)', 'Unavailable', 'Unavailable')"
2024-06-02 11:45:00,16,Information,Microsoft-Windows-Kernel-General,DESKTOP-QUV3S97,"('118', '\\??\\C:\\Users\\win11\\AppData\\Local\\Packages\\Microsoft.Windows.ContentDeliveryManager_cw5n1h2txyewy\\Settings\\settings.dat', '876', '52')"
2024-06-02 11:47:09,7040,Information,Service Control Manager,DESKTOP-QUV3S97,"('Background Intelligent Transfer Service', 'auto start', 'demand start', 'BITS')"
2024-06-02 12:00:00,6013,Information,EventLog,DESKTOP-QUV3S97,"('', '', '', '', '93413', '60', '')"
2024-06-02 13:57:27,105,Information,Microsoft-Windows-Kernel-Power,DESKTOP-QUV3S97,"('false', '45530', '45530')"
2024-06-02 14:04:45,105,Information,Microsoft-Windows-Kernel-Power,DESKTOP-QUV3S97,"('true', '44850', '45540')"
2024-06-02 14:13:45,10016,Warning,DCOM,DESKTOP-QUV3S97,"('application-specific', 'Local', 'Activation', '{2593F8B9-4EAF-457C-B68A-50F6B8EA6B54}', '{15C20B67-12E7-4BB6-92BB-7AFF07997402}', 'DESKTOP-QUV3S97', 'Adnan', 'S-1-5-21-1915879001-2348363783-178924610-1001', 'LocalHost (Using LRPC)', 'Unavailable', 'Unavailable')"
2024-06-02 14:16:01,16,Information,Microsoft-Windows-Kernel-General,DESKTOP-QUV3S97,"('105', '\\??\\C:\\Users\\win11\\AppData\\Local\\Packages\\AD2F1837.HPSupportAssistant_v10z8vjag6ke6\\Settings\\settings.dat', '9', '2')"
2024-06-02 15:51:42,16,Information,Microsoft-Windows-Kernel-General,DESKTOP-QUV3S97,"('113', '\\??\\C:\\Users\\win11\\AppData\\Local\\Packages\\microsoft.windowscommunicationsapps_8wekyb3d8bbwe\\Settings\\settings.dat', '30', '4')"
2024-06-02 16:06:42,7040,Information,Service Control Manager,DESKTOP-QUV3S97,"('Background Intelligent Transfer Service', 'demand start', 'auto start', 'BITS')"
2024-06-02 16:06:47,113,Information,Microsoft-Windows-HttpService,DESKTOP-QUV3S97,"('18302628929120239625', 'http://*:2869/upnp/eventing/', '0', '14976', '\\Device\\HarddiskVolume3\\Windows\\System32\\svchost.exe', 'S-1-5-19')"
2024-06-02 16:06:51,114,Information,Microsoft-Windows-HttpService,DESKTOP-QUV3S97,"('18302628929120239625', 'http://*:2869/upnp/eventing/', '14976', '\\Device\\HarddiskVolume3\\Windows\\System32\\svchost.exe', 'S-1-5-19')"
2024-06-02 16:07:07,114,Information,Microsoft-Windows-HttpService,DESKTOP-QUV3S97,"('18302628929120239626', 'http://*:2869/upnp/eventing/', '14976', '\\Device\\HarddiskVolume3\\Windows\\System32\\svchost.exe', 'S-1-5-19')"
2024-06-02 16:09:15,7040,Information,Service Control Manager,DESKTOP-QUV3S97,"('Background Intelligent Transfer Service', 'auto start', 'demand start', 'BITS')"
2024-06-02 16:54:55,566,Information,Microsoft-Windows-Kernel-Power,DESKTOP-QUV3S97,"('63', '12', '11', '1', '15132597', '45540', '45540', '45540', '45540', '12', '2', 'true', '12')"
2024-06-02 17:17:54,507,Information,Microsoft-Windows-Kernel-Power,DESKTOP-QUV3S97,"('0', '41488425', '12367661481', '32160124', '1353176365', '1394664790', '8', '89', 'false', '31', '0', '3301043', 'true', '1350475064', '357784', 'false', 'true', '677970', '7', '0', 'true', 'true', '13', 'false', '45540', '45540', '11', '63', '0', '18446744061364110577', '1353176365', '1350475064', '0', '0', '148540', 'true', '45540', '45540', '15132597', '45540', '45540', '1379532057', '45540', '45540', '45540', '45540', '4', '0')"
2024-06-02 17:57:26,44,Information,Microsoft-Windows-WindowsUpdateClient,DESKTOP-QUV3S97,"('Security Intelligence Update for Microsoft Defender Antivirus - KB2267602 (Version 1.413.56.0) - Current Channel (Broad)', '{8fd07c82-6f02-4939-b316-8eecca4eb35d}', '200')"
2024-06-02 17:57:30,19,Information,Microsoft-Windows-WindowsUpdateClient,DESKTOP-QUV3S97,"('Security Intelligence Update for Microsoft Defender Antivirus - KB2267602 (Version 1.413.56.0) - Current Channel (Broad)', '{8fd07c82-6f02-4939-b316-8eecca4eb35d}', '200', '{9482f4b4-e343-43b6-b170-9a65bc822c77}')"
2024-06-02 18:46:28,44,Information,Microsoft-Windows-WindowsUpdateClient,DESKTOP-QUV3S97,"('9NBLGGH537C2-Microsoft.XboxGameOverlay', '{075a4121-db52-4709-91f0-1a3dbd9beb30}', '1')"
2024-06-02 19:22:35,42,Information,Microsoft-Windows-Kernel-Power,DESKTOP-QUV3S97,"('6', '5', '4', '0', '6')"
2024-06-02 19:22:37,107,Information,Microsoft-Windows-Kernel-Power,DESKTOP-QUV3S97,"('6', '5', '5', '1601-01-01T00:00:00.0000000Z', '1601-01-01T00:00:00.0000000Z', '0', '0')"
2024-06-03 11:14:44,1,Information,Microsoft-Windows-Kernel-General,DESKTOP-QUV3S97,"('2024-06-03T05:14:44.5000000Z', '2024-06-02T13:22:37.3799494Z', '57127120', '2', '', '4', '2024-06-03T11:14:44.5000000Z', '-360', 'false', 'false')"
2024-06-03 11:14:46,1,Information,Microsoft-Windows-Power-Troubleshooter,DESKTOP-QUV3S97,"('2024-06-02T13:22:34.6773695Z', '2024-06-03T05:14:45.0779087Z', '1403', '577', '538', '3535', '2380', '4615', '341293', '1979728129', '6', '5', '0', '0', '', '0', '0', '0', '', '', '12')"
2024-06-03 11:14:54,5,Information,Microsoft-Windows-IsolatedUserMode,DESKTOP-QUV3S97,"('0', '0', '0', 'NULL')"
2024-06-03 11:15:00,5,Information,Microsoft-Windows-IsolatedUserMode,DESKTOP-QUV3S97,"('0', '0', '0', 'NULL')"
2024-06-03 11:15:01,2,Information,Microsoft-Windows-IsolatedUserMode,DESKTOP-QUV3S97,"('0', '0', '0')"
2024-06-03 11:15:03,10016,Warning,DCOM,DESKTOP-QUV3S97,"('application-specific', 'Local', 'Activation', '{2593F8B9-4EAF-457C-B68A-50F6B8EA6B54}', '{15C20B67-12E7-4BB6-92BB-7AFF07997402}', 'DESKTOP-QUV3S97', 'Adnan', 'S-1-5-21-1915879001-2348363783-178924610-1001', 'LocalHost (Using LRPC)', 'Microsoft.SkypeApp_15.119.3201.0_x64__kzf8qxf38zg5c', 'Unavailable')"
2024-06-03 11:15:04,10016,Warning,DCOM,DESKTOP-QUV3S97,"('application-specific', 'Local', 'Activation', '{2593F8B9-4EAF-457C-B68A-50F6B8EA6B54}', '{15C20B67-12E7-4BB6-92BB-7AFF07997402}', 'DESKTOP-QUV3S97', 'Adnan', 'S-1-5-21-1915879001-2348363783-178924610-1001', 'LocalHost (Using LRPC)', 'Microsoft.SkypeApp_15.119.3201.0_x64__kzf8qxf38zg5c', 'Unavailable')"
2024-06-03 11:15:23,566,Information,Microsoft-Windows-Kernel-Power,DESKTOP-QUV3S97,"('63', '12', '17', '0', '36148062', '45550', '45550', '45550', '45550', '18', '1', 'true', '12')"
2024-06-03 11:15:29,37,Information,Microsoft-Windows-Time-Service,DESKTOP-QUV3S97,"('time.windows.com,0x9 (ntp.m|0x9|0.0.0.0:123->40.81.94.65:123)',)"
2024-06-03 11:16:00,7040,Information,Service Control Manager,DESKTOP-QUV3S97,"('Background Intelligent Transfer Service', 'demand start', 'auto start', 'BITS')"
2024-06-03 11:16:05,113,Information,Microsoft-Windows-HttpService,DESKTOP-QUV3S97,"('18302628894760501249', 'http://*:2869/upnp/eventing/', '0', '14976', '\\Device\\HarddiskVolume3\\Windows\\System32\\svchost.exe', 'S-1-5-19')"
2024-06-03 11:16:09,114,Information,Microsoft-Windows-HttpService,DESKTOP-QUV3S97,"('18302628894760501249', 'http://*:2869/upnp/eventing/', '14976', '\\Device\\HarddiskVolume3\\Windows\\System32\\svchost.exe', 'S-1-5-19')"
2024-06-03 11:17:24,7045,Information,Service Control Manager,DESKTOP-QUV3S97,"('mc-wps-secdashboardservice', '""C:\\Program Files (x86)\\HP\\HP Support Framework\\Resources\\mc-wps-secdashboardservice.exe""', 'user mode service', 'demand start', 'LocalSystem')"
2024-06-03 11:17:53,114,Information,Microsoft-Windows-HttpService,DESKTOP-QUV3S97,"('18302628894760501250', 'http://*:2869/upnp/eventing/', '14976', '\\Device\\HarddiskVolume3\\Windows\\System32\\svchost.exe', 'S-1-5-19')"
2024-06-03 11:17:57,114,Information,Microsoft-Windows-HttpService,DESKTOP-QUV3S97,"('18302628911940370437', 'http://*:2869/upnp/eventing/', '14976', '\\Device\\HarddiskVolume3\\Windows\\System32\\svchost.exe', 'S-1-5-19')"
2024-06-03 11:17:58,114,Information,Microsoft-Windows-HttpService,DESKTOP-QUV3S97,"('18302628933415206919', 'http://*:2869/upnp/eventing/', '14976', '\\Device\\HarddiskVolume3\\Windows\\System32\\svchost.exe', 'S-1-5-19')"
2024-06-03 11:20:05,7040,Information,Service Control Manager,DESKTOP-QUV3S97,"('Background Intelligent Transfer Service', 'auto start', 'demand start', 'BITS')"
2024-06-03 11:21:08,507,Information,Microsoft-Windows-Kernel-Power,DESKTOP-QUV3S97,"('0', '345382797', '0', '0', '0', '345382797', '0', '89', 'false', '31', '0', '0', 'true', '0', '174064', 'false', 'true', '0', '7', '0', 'true', 'true', '20', 'false', '45550', '45550', '18', '63', '0', '345382797', '0', '0', '0', '0', '172366', 'false', '45550', '45550', '345382525', '0', '0', '0', '45550', '45550', '0', '0', '4', '0')"
2024-06-03 11:22:30,10016,Warning,DCOM,DESKTOP-QUV3S97,"('application-specific', 'Local', 'Activation', '{2593F8B9-4EAF-457C-B68A-50F6B8EA6B54}', '{15C20B67-12E7-4BB6-92BB-7AFF07997402}', 'DESKTOP-QUV3S97', 'Adnan', 'S-1-5-21-1915879001-2348363783-178924610-1001', 'LocalHost (Using LRPC)', 'Microsoft.SkypeApp_15.119.3201.0_x64__kzf8qxf38zg5c', 'Unavailable')"
2024-06-03 11:24:04,7040,Information,Service Control Manager,DESKTOP-QUV3S97,"('Background Intelligent Transfer Service', 'demand start', 'auto start', 'BITS')"
2024-06-03 11:24:09,113,Information,Microsoft-Windows-HttpService,DESKTOP-QUV3S97,"('18302628929120239627', 'http://*:2869/upnp/eventing/', '0', '14976', '\\Device\\HarddiskVolume3\\Windows\\System32\\svchost.exe', 'S-1-5-19')"
2024-06-03 11:24:13,114,Information,Microsoft-Windows-HttpService,DESKTOP-QUV3S97,"('18302628929120239627', 'http://*:2869/upnp/eventing/', '14976', '\\Device\\HarddiskVolume3\\Windows\\System32\\svchost.exe', 'S-1-5-19')"
2024-06-03 11:26:29,7040,Information,Service Control Manager,DESKTOP-QUV3S97,"('Background Intelligent Transfer Service', 'auto start', 'demand start', 'BITS')"
2024-06-03 11:35:05,10016,Warning,DCOM,DESKTOP-QUV3S97,"('application-specific', 'Local', 'Activation', '{2593F8B9-4EAF-457C-B68A-50F6B8EA6B54}', '{15C20B67-12E7-4BB6-92BB-7AFF07997402}', 'DESKTOP-QUV3S97', 'Adnan', 'S-1-5-21-1915879001-2348363783-178924610-1001', 'LocalHost (Using LRPC)', 'MicrosoftWindows.Client.WebExperience_524.13200.10.0_x64__cw5n1h2txyewy', 'Unavailable')"
2024-06-03 12:00:00,6013,Information,EventLog,DESKTOP-QUV3S97,"('', '', '', '', '179814', '60', '')"
2024-06-03 12:12:29,16,Information,Microsoft-Windows-Kernel-General,DESKTOP-QUV3S97,"('110', '\\??\\C:\\Users\\win11\\AppData\\Local\\Packages\\Microsoft.Windows.Photos_8wekyb3d8bbwe\\SystemAppData\\Helium\\User.dat', '1', '1')"
2024-06-03 12:12:30,16,Information,Microsoft-Windows-Kernel-General,DESKTOP-QUV3S97,"('102', '\\??\\C:\\Users\\win11\\AppData\\Local\\Packages\\Microsoft.Windows.Photos_8wekyb3d8bbwe\\Settings\\settings.dat', '19', '7')"
2024-06-03 13:21:28,566,Information,Microsoft-Windows-Kernel-Power,DESKTOP-QUV3S97,"('63', '12', '21', '1', '8878824', '45550', '45550', '45550', '45550', '22', '2', 'true', '12')"
2024-06-03 13:21:30,15,Information,Microsoft-Windows-Kernel-General,DESKTOP-QUV3S97,"('35', '\\SystemRoot\\System32\\config\\DRIVERS', '7557120', '6434816')"
2024-06-03 13:29:34,507,Information,Microsoft-Windows-Kernel-Power,DESKTOP-QUV3S97,"('509', '85986217', '4344806116', '45690352', '408635024', '494621241', '8', '89', 'true', '31', '61303252', '4651941', 'true', '405652950', '331467', 'false', 'true', '484753', '7', '0', 'true', 'true', '23', 'false', '45480', '45550', '21', '63', '0', '18446744069401725826', '408635024', '405652950', '0', '0', '114256', 'true', '45550', '45550', '8878824', '45550', '45480', '485741331', '45550', '45550', '45550', '45550', '4', '0')"
2024-06-03 13:30:53,10016,Warning,DCOM,DESKTOP-QUV3S97,"('application-specific', 'Local', 'Activation', '{2593F8B9-4EAF-457C-B68A-50F6B8EA6B54}', '{15C20B67-12E7-4BB6-92BB-7AFF07997402}', 'DESKTOP-QUV3S97', 'Adnan', 'S-1-5-21-1915879001-2348363783-178924610-1001', 'LocalHost (Using LRPC)', 'Unavailable', 'Unavailable')"
2024-06-03 13:55:10,16,Information,Microsoft-Windows-Kernel-General,DESKTOP-QUV3S97,"('110', '\\??\\C:\\Users\\win11\\AppData\\Local\\Packages\\Microsoft.WindowsNotepad_8wekyb3d8bbwe\\SystemAppData\\Helium\\User.dat', '9', '2')"
2024-06-03 13:55:11,16,Information,Microsoft-Windows-Kernel-General,DESKTOP-QUV3S97,"('102', '\\??\\C:\\Users\\win11\\AppData\\Local\\Packages\\Microsoft.WindowsNotepad_8wekyb3d8bbwe\\Settings\\settings.dat', '2', '1')"
2024-06-03 16:24:04,7040,Information,Service Control Manager,DESKTOP-QUV3S97,"('Background Intelligent Transfer Service', 'demand start', 'auto start', 'BITS')"
2024-06-03 16:24:08,113,Information,Microsoft-Windows-HttpService,DESKTOP-QUV3S97,"('18302628933415206920', 'http://*:2869/upnp/eventing/', '0', '14976', '\\Device\\HarddiskVolume3\\Windows\\System32\\svchost.exe', 'S-1-5-19')"
2024-06-03 16:24:13,114,Information,Microsoft-Windows-HttpService,DESKTOP-QUV3S97,"('18302628933415206920', 'http://*:2869/upnp/eventing/', '14976', '\\Device\\HarddiskVolume3\\Windows\\System32\\svchost.exe', 'S-1-5-19')"
2024-06-03 16:24:33,114,Information,Microsoft-Windows-HttpService,DESKTOP-QUV3S97,"('18302628933415206921', 'http://*:2869/upnp/eventing/', '14976', '\\Device\\HarddiskVolume3\\Windows\\System32\\svchost.exe', 'S-1-5-19')"
2024-06-03 16:26:41,7040,Information,Service Control Manager,DESKTOP-QUV3S97,"('Background Intelligent Transfer Service', 'auto start', 'demand start', 'BITS')"
2024-06-03 18:26:02,10016,Warning,DCOM,DESKTOP-QUV3S97,"('application-specific', 'Local', 'Activation', '{2593F8B9-4EAF-457C-B68A-50F6B8EA6B54}', '{15C20B67-12E7-4BB6-92BB-7AFF07997402}', 'DESKTOP-QUV3S97', 'Adnan', 'S-1-5-21-1915879001-2348363783-178924610-1001', 'LocalHost (Using LRPC)', 'Unavailable', 'Unavailable')"
2024-06-03 18:32:05,44,Information,Microsoft-Windows-WindowsUpdateClient,DESKTOP-QUV3S97,"('Security Intelligence Update for Microsoft Defender Antivirus - KB2267602 (Version 1.413.74.0) - Current Channel (Broad)', '{4d861579-7c2f-4ebf-9122-47d381d99c41}', '200')"
2024-06-03 18:32:10,19,Information,Microsoft-Windows-WindowsUpdateClient,DESKTOP-QUV3S97,"('Security Intelligence Update for Microsoft Defender Antivirus - KB2267602 (Version 1.413.74.0) - Current Channel (Broad)', '{4d861579-7c2f-4ebf-9122-47d381d99c41}', '200', '{9482f4b4-e343-43b6-b170-9a65bc822c77}')"
2024-06-03 18:32:44,43,Information,Microsoft-Windows-WindowsUpdateClient,DESKTOP-QUV3S97,"('HP Inc. - SoftwareComponent - 1.66.3762.0', '{9a26b079-0e90-4f82-b980-af2a6c09f4f5}', '1')"
2024-06-03 18:32:46,20003,Information,Microsoft-Windows-UserPnp,DESKTOP-QUV3S97,"('HPSysInfoCap', '%SystemRoot%\\System32\\DriverStore\\FileRepository\\hpcustomcapcomp.inf_amd64_8d4478517c71641a\\x64\\SysInfoCap.exe', 'SWD\\DRIVERENUM\\{30E20916-51CC-469C-AD2D-EAEEE7624B3B}#FUSIONSOFTWARE&3&152A1CB&0', 'false', 'true', '0')"
2024-06-03 18:59:42,107,Information,Microsoft-Windows-Kernel-Power,DESKTOP-QUV3S97,"('6', '5', '5', '1601-01-01T00:00:00.0000000Z', '1601-01-01T00:00:00.0000000Z', '0', '0')"
2024-06-04 09:46:04,1,Information,Microsoft-Windows-Kernel-General,DESKTOP-QUV3S97,"('2024-06-04T03:46:04.5000000Z', '2024-06-03T12:59:42.3155934Z', '53182184', '2', '', '4', '2024-06-04T09:46:04.5000000Z', '-360', 'false', 'false')"
2024-06-04 09:46:16,5,Information,Microsoft-Windows-IsolatedUserMode,DESKTOP-QUV3S97,"('0', '0', '0', 'NULL')"
2024-06-04 09:46:22,5,Information,Microsoft-Windows-IsolatedUserMode,DESKTOP-QUV3S97,"('0', '0', '0', 'NULL')"
2024-06-04 09:46:23,2,Information,Microsoft-Windows-IsolatedUserMode,DESKTOP-QUV3S97,"('0', '0', '0')"
2024-06-04 09:46:34,10016,Warning,DCOM,DESKTOP-QUV3S97,"('application-specific', 'Local', 'Activation', '{2593F8B9-4EAF-457C-B68A-50F6B8EA6B54}', '{15C20B67-12E7-4BB6-92BB-7AFF07997402}', 'DESKTOP-QUV3S97', 'Adnan', 'S-1-5-21-1915879001-2348363783-178924610-1001', 'LocalHost (Using LRPC)', 'Microsoft.SkypeApp_15.119.3201.0_x64__kzf8qxf38zg5c', 'Unavailable')"
2024-06-04 09:46:35,10016,Warning,DCOM,DESKTOP-QUV3S97,"('application-specific', 'Local', 'Activation', '{2593F8B9-4EAF-457C-B68A-50F6B8EA6B54}', '{15C20B67-12E7-4BB6-92BB-7AFF07997402}', 'DESKTOP-QUV3S97', 'Adnan', 'S-1-5-21-1915879001-2348363783-178924610-1001', 'LocalHost (Using LRPC)', 'Microsoft.SkypeApp_15.119.3201.0_x64__kzf8qxf38zg5c', 'Unavailable')"
2024-06-04 09:46:50,37,Information,Microsoft-Windows-Time-Service,DESKTOP-QUV3S97,"('time.windows.com,0x9 (ntp.m|0x9|0.0.0.0:123->40.81.94.65:123)',)"
2024-06-04 09:47:23,7040,Information,Service Control Manager,DESKTOP-QUV3S97,"('Background Intelligent Transfer Service', 'demand start', 'auto start', 'BITS')"
2024-06-04 09:47:27,113,Information,Microsoft-Windows-HttpService,DESKTOP-QUV3S97,"('18302628916235337731', 'http://*:2869/upnp/eventing/', '0', '14976', '\\Device\\HarddiskVolume3\\Windows\\System32\\svchost.exe', 'S-1-5-19')"
2024-06-04 09:47:32,114,Information,Microsoft-Windows-HttpService,DESKTOP-QUV3S97,"('18302628916235337731', 'http://*:2869/upnp/eventing/', '14976', '\\Device\\HarddiskVolume3\\Windows\\System32\\svchost.exe', 'S-1-5-19')"
2024-06-04 09:47:49,105,Information,Microsoft-Windows-Kernel-Power,DESKTOP-QUV3S97,"('true', '43640', '45580')"
2024-06-04 09:48:04,114,Information,Microsoft-Windows-HttpService,DESKTOP-QUV3S97,"('18302628890465533953', 'http://*:2869/upnp/eventing/', '14976', '\\Device\\HarddiskVolume3\\Windows\\System32\\svchost.exe', 'S-1-5-19')"
2024-06-04 09:48:08,114,Information,Microsoft-Windows-HttpService,DESKTOP-QUV3S97,"('18302628929120239630', 'http://*:2869/upnp/eventing/', '14976', '\\Device\\HarddiskVolume3\\Windows\\System32\\svchost.exe', 'S-1-5-19')"
