2024-06-10 11:18:39,19,Information,Microsoft-Windows-WindowsUpdateClient,DESKTOP-QUV3S97,"('Security Intelligence Update for Microsoft Defender Antivirus - KB2267602 (Version 1.413.203.0) - Current Channel (Broad)', '{b0b28c32-baa0-49bf-b42c-8a817915ea95}', '200', '{9482f4b4-e343-43b6-b170-9a65bc822c77}')"
2024-06-10 11:19:28,7045,Information,Service Control Manager,DESKTOP-QUV3S97,"('mc-wps-secdashboardservice', '""C:\\Program Files (x86)\\HP\\HP Support Framework\\Resources\\mc-wps-secdashboardservice.exe""', 'user mode service', 'demand start', 'LocalSystem')"
2024-06-10 12:00:00,6013,Information,EventLog,DESKTOP-QUV3S97,"('', '', '', '', '71793', '60', '')"
2024-06-10 12:18:00,10016,Warning,DCOM,DESKTOP-QUV3S97,"('application-specific', 'Local', 'Activation', '{2593F8B9-4EAF-457C-B68A-50F6B8EA6B54}', '{15C20B67-12E7-4BB6-92BB-7AFF07997402}', 'DESKTOP-QUV3S97', 'Adnan', 'S-1-5-21-1915879001-2348363783-178924610-1001', 'LocalHost (Using LRPC)', 'Microsoft.SkypeApp_15.119.3201.0_x64__kzf8qxf38zg5c', 'Unavailable')"
2024-06-10 12:18:01,10016,Warning,DCOM,DESKTOP-QUV3S97,"('application-specific', 'Local', 'Activation', '{2593F8B9-4EAF-457C-B68A-50F6B8EA6B54}', '{15C20B67-12E7-4BB6-92BB-7AFF07997402}', 'DESKTOP-QUV3S97', 'Adnan', 'S-1-5-21-1915879001-2348363783-178924610-1001', 'LocalHost (Using LRPC)', 'Microsoft.SkypeApp_15.119.3201.0_x64__kzf8qxf38zg5c', 'Unavailable')"
2024-06-10 13:02:54,10016,Warning,DCOM,DESKTOP-QUV3S97,"('application-specific', 'Local', 'Activation', '{2593F8B9-4EAF-457C-B68A-50F6B8EA6B54}', '{15C20B67-12E7-4BB6-92BB-7AFF07997402}', 'DESKTOP-QUV3S97', 'Adnan', 'S-1-5-21-1915879001-2348363783-178924610-1001', 'LocalHost (Using LRPC)', 'Unavailable', 'Unavailable')"
2024-06-10 14:07:10,10016,Warning,DCOM,DESKTOP-QUV3S97,"('application-specific', 'Local', 'Activation', '{2593F8B9-4EAF-457C-B68A-50F6B8EA6B54}', '{15C20B67-12E7-4BB6-92BB-7AFF07997402}', 'DESKTOP-QUV3S97', 'Adnan', 'S-1-5-21-1915879001-2348363783-178924610-1001', 'LocalHost (Using LRPC)', 'Unavailable', 'Unavailable')"
2024-06-10 14:55:34,10016,Warning,DCOM,DESKTOP-QUV3S97,"('application-specific', 'Local', 'Activation', '{2593F8B9-4EAF-457C-B68A-50F6B8EA6B54}', '{15C20B67-12E7-4BB6-92BB-7AFF07997402}', 'DESKTOP-QUV3S97', 'Adnan', 'S-1-5-21-1915879001-2348363783-178924610-1001', 'LocalHost (Using LRPC)', 'Unavailable', 'Unavailable')"
2024-06-10 16:02:56,7040,Information,Service Control Manager,DESKTOP-QUV3S97,"('Background Intelligent Transfer Service', 'demand start', 'auto start', 'BITS')"
2024-06-10 16:03:01,113,Information,Microsoft-Windows-HttpService,DESKTOP-QUV3S97,"('18302628894760501250', 'http://*:2869/upnp/eventing/', '0', '10816', '\\Device\\HarddiskVolume3\\Windows\\System32\\svchost.exe', 'S-1-5-19')"
2024-06-10 16:03:05,114,Information,Microsoft-Windows-HttpService,DESKTOP-QUV3S97,"('18302628894760501250', 'http://*:2869/upnp/eventing/', '10816', '\\Device\\HarddiskVolume3\\Windows\\System32\\svchost.exe', 'S-1-5-19')"
2024-06-10 16:04:02,16,Information,Microsoft-Windows-Kernel-General,DESKTOP-QUV3S97,"('110', '\\??\\C:\\Users\\win11\\AppData\\Local\\Packages\\Microsoft.Windows.Photos_8wekyb3d8bbwe\\SystemAppData\\Helium\\User.dat', '20', '1')"
2024-06-10 16:04:03,16,Information,Microsoft-Windows-Kernel-General,DESKTOP-QUV3S97,"('102', '\\??\\C:\\Users\\win11\\AppData\\Local\\Packages\\Microsoft.Windows.Photos_8wekyb3d8bbwe\\Settings\\settings.dat', '19', '6')"
2024-06-10 16:05:24,7040,Information,Service Control Manager,DESKTOP-QUV3S97,"('Background Intelligent Transfer Service', 'auto start', 'demand start', 'BITS')"
2024-06-10 16:40:25,42,Information,Microsoft-Windows-Kernel-Power,DESKTOP-QUV3S97,"('6', '5', '4', '0', '7')"
2024-06-11 13:48:38,6013,Information,EventLog,DESKTOP-QUV3S97,"('', '', '', '', '164711', '60', '')"
2024-06-10 16:40:27,107,Information,Microsoft-Windows-Kernel-Power,DESKTOP-QUV3S97,"('6', '5', '5', '1601-01-01T00:00:00.0000000Z', '1601-01-01T00:00:00.0000000Z', '0', '0')"
2024-06-11 13:48:40,1,Information,Microsoft-Windows-Power-Troubleshooter,DESKTOP-QUV3S97,"('2024-06-10T10:40:24.4783080Z', '2024-06-11T07:48:39.0792694Z', '2109', '578', '535', '3589', '2567', '4713', '361766', '1979728129', '6', '5', '0', '0', '', '0', '0', '0', '', '', '12')"
2024-06-11 13:48:58,5,Information,Microsoft-Windows-IsolatedUserMode,DESKTOP-QUV3S97,"('0', '0', '0', 'NULL')"
2024-06-11 13:49:04,5,Information,Microsoft-Windows-IsolatedUserMode,DESKTOP-QUV3S97,"('0', '0', '0', 'NULL')"
2024-06-11 13:49:09,10016,Warning,DCOM,DESKTOP-QUV3S97,"('application-specific', 'Local', 'Activation', '{2593F8B9-4EAF-457C-B68A-50F6B8EA6B54}', '{15C20B67-12E7-4BB6-92BB-7AFF07997402}', 'DESKTOP-QUV3S97', 'Adnan', 'S-1-5-21-1915879001-2348363783-178924610-1001', 'LocalHost (Using LRPC)', 'Microsoft.SkypeApp_15.119.3201.0_x64__kzf8qxf38zg5c', 'Unavailable')"
2024-06-11 13:49:11,10016,Warning,DCOM,DESKTOP-QUV3S97,"('application-specific', 'Local', 'Activation', '{2593F8B9-4EAF-457C-B68A-50F6B8EA6B54}', '{15C20B67-12E7-4BB6-92BB-7AFF07997402}', 'DESKTOP-QUV3S97', 'Adnan', 'S-1-5-21-1915879001-2348363783-178924610-1001', 'LocalHost (Using LRPC)', 'Microsoft.SkypeApp_15.119.3201.0_x64__kzf8qxf38zg5c', 'Unavailable')"
2024-06-11 13:49:24,37,Information,Microsoft-Windows-Time-Service,DESKTOP-QUV3S97,"('time.windows.com,0x9 (ntp.m|0x9|0.0.0.0:123->52.148.114.188:123)',)"
2024-06-11 13:49:38,24,Information,Microsoft-Windows-Kernel-General,DESKTOP-QUV3S97,"('0', '-360', '0', '0', '0')"
2024-06-11 13:50:00,7040,Information,Service Control Manager,DESKTOP-QUV3S97,"('Background Intelligent Transfer Service', 'demand start', 'auto start', 'BITS')"
2024-06-11 13:50:04,113,Information,Microsoft-Windows-HttpService,DESKTOP-QUV3S97,"('18302628890465533953', 'http://*:2869/upnp/eventing/', '0', '10816', '\\Device\\HarddiskVolume3\\Windows\\System32\\svchost.exe', 'S-1-5-19')"
2024-06-11 13:50:09,114,Information,Microsoft-Windows-HttpService,DESKTOP-QUV3S97,"('18302628890465533953', 'http://*:2869/upnp/eventing/', '10816', '\\Device\\HarddiskVolume3\\Windows\\System32\\svchost.exe', 'S-1-5-19')"
2024-06-11 13:50:21,105,Information,Microsoft-Windows-Kernel-Power,DESKTOP-QUV3S97,"('true', '45440', '46140')"
2024-06-11 13:50:51,114,Information,Microsoft-Windows-HttpService,DESKTOP-QUV3S97,"('18302628886170566659', 'http://*:2869/upnp/eventing/', '10816', '\\Device\\HarddiskVolume3\\Windows\\System32\\svchost.exe', 'S-1-5-19')"
2024-06-11 13:50:55,16,Information,Microsoft-Windows-Kernel-General,DESKTOP-QUV3S97,"('101', '\\??\\C:\\Users\\win11\\AppData\\Local\\Packages\\AdobeNotificationClient_enpm4xejd91yc\\Settings\\settings.dat', '2', '0')"
2024-06-11 13:51:09,114,Information,Microsoft-Windows-HttpService,DESKTOP-QUV3S97,"('18302628920530305025', 'http://*:2869/upnp/eventing/', '10816', '\\Device\\HarddiskVolume3\\Windows\\System32\\svchost.exe', 'S-1-5-19')"
2024-06-11 13:51:18,114,Information,Microsoft-Windows-HttpService,DESKTOP-QUV3S97,"('18302628924825272321', 'http://*:2869/upnp/eventing/', '10816', '\\Device\\HarddiskVolume3\\Windows\\System32\\svchost.exe', 'S-1-5-19')"
2024-06-11 13:51:26,114,Information,Microsoft-Windows-HttpService,DESKTOP-QUV3S97,"('18302628899055468546', 'http://*:2869/upnp/eventing/', '10816', '\\Device\\HarddiskVolume3\\Windows\\System32\\svchost.exe', 'S-1-5-19')"
2024-06-11 13:51:46,114,Information,Microsoft-Windows-HttpService,DESKTOP-QUV3S97,"('18302628929120239621', 'http://*:2869/upnp/eventing/', '10816', '\\Device\\HarddiskVolume3\\Windows\\System32\\svchost.exe', 'S-1-5-19')"
2024-06-11 13:51:47,114,Information,Microsoft-Windows-HttpService,DESKTOP-QUV3S97,"('18302628929120239623', 'http://*:2869/upnp/eventing/', '10816', '\\Device\\HarddiskVolume3\\Windows\\System32\\svchost.exe', 'S-1-5-19')"
2024-06-11 13:51:55,114,Information,Microsoft-Windows-HttpService,DESKTOP-QUV3S97,"('18302628933415206916', 'http://*:2869/upnp/eventing/', '10816', '\\Device\\HarddiskVolume3\\Windows\\System32\\svchost.exe', 'S-1-5-19')"
2024-06-11 13:53:59,7040,Information,Service Control Manager,DESKTOP-QUV3S97,"('Background Intelligent Transfer Service', 'auto start', 'demand start', 'BITS')"
2024-06-11 13:59:05,44,Information,Microsoft-Windows-WindowsUpdateClient,DESKTOP-QUV3S97,"('Security Intelligence Update for Microsoft Defender Antivirus - KB2267602 (Version 1.413.226.0) - Current Channel (Broad)', '{ed4d68bc-17be-4e1b-b352-bc55b52884cc}', '200')"
2024-06-11 13:59:11,19,Information,Microsoft-Windows-WindowsUpdateClient,DESKTOP-QUV3S97,"('Security Intelligence Update for Microsoft Defender Antivirus - KB2267602 (Version 1.413.226.0) - Current Channel (Broad)', '{ed4d68bc-17be-4e1b-b352-bc55b52884cc}', '200', '{9482f4b4-e343-43b6-b170-9a65bc822c77}')"
2024-06-11 14:05:21,44,Information,Microsoft-Windows-WindowsUpdateClient,DESKTOP-QUV3S97,"('9NP9QTRNK38Q-Microsoft.Ink.Handwriting.en-US.1.0', '{ca653f3c-6ebf-42c4-9097-f7c03a0f2b7c}', '1')"
2024-06-11 14:05:43,16,Information,Microsoft-Windows-Kernel-General,DESKTOP-QUV3S97,"('138', '\\??\\C:\\ProgramData\\Microsoft\\Windows\\AppRepository\\Packages\\Microsoft.WindowsCalculator_11.2405.2.0_x64__8wekyb3d8bbwe\\ActivationStore.dat', '0', '0')"
2024-06-11 14:05:44,43,Information,Microsoft-Windows-WindowsUpdateClient,DESKTOP-QUV3S97,"('9WZDNCRFHVN5-MICROSOFT.WINDOWSCALCULATOR', '{8c4cc44f-6d9a-4f8d-8ae7-c7f3b9f4f673}', '1')"
2024-06-11 14:05:45,19,Information,Microsoft-Windows-WindowsUpdateClient,DESKTOP-QUV3S97,"('9WZDNCRFHVN5-MICROSOFT.WINDOWSCALCULATOR', '{8c4cc44f-6d9a-4f8d-8ae7-c7f3b9f4f673}', '1', '{855e8a7c-ecb4-4ca3-b045-1dfa50104289}')"
2024-06-11 14:05:50,44,Information,Microsoft-Windows-WindowsUpdateClient,DESKTOP-QUV3S97,"('9WZDNCRFJBH4-Microsoft.Windows.Photos', '{9c1f5056-f648-4d51-94fb-a51bbd0a80f7}', '1')"
2024-06-11 14:05:53,16,Information,Microsoft-Windows-Kernel-General,DESKTOP-QUV3S97,"('144', '\\??\\C:\\ProgramData\\Microsoft\\Windows\\AppRepository\\Packages\\Microsoft.XboxIdentityProvider_12.113.31003.0_x64__8wekyb3d8bbwe\\ActivationStore.dat', '0', '0')"
2024-06-11 14:06:28,16,Information,Microsoft-Windows-Kernel-General,DESKTOP-QUV3S97,"('137', '\\??\\C:\\ProgramData\\Microsoft\\Windows\\AppRepository\\Packages\\Microsoft.WindowsCamera_2024.2405.18.0_x64__8wekyb3d8bbwe\\ActivationStore.dat', '0', '0')"
2024-06-11 14:06:29,43,Information,Microsoft-Windows-WindowsUpdateClient,DESKTOP-QUV3S97,"('9WZDNCRFJBBG-MICROSOFT.WINDOWSCAMERA', '{61ca0b3b-443c-4e76-843f-683b3194e0ed}', '1')"
2024-06-11 14:07:01,16,Information,Microsoft-Windows-Kernel-General,DESKTOP-QUV3S97,"('141', '\\??\\C:\\ProgramData\\Microsoft\\Windows\\AppRepository\\Packages\\Microsoft.Windows.Photos_2024.11060.6017.0_x64__8wekyb3d8bbwe\\ActivationStore.dat', '0', '0')"
2024-06-11 14:07:03,43,Information,Microsoft-Windows-WindowsUpdateClient,DESKTOP-QUV3S97,"('9WZDNCRFJBH4-Microsoft.Windows.Photos', '{9c1f5056-f648-4d51-94fb-a51bbd0a80f7}', '1')"
2024-06-11 14:07:04,10016,Warning,DCOM,DESKTOP-QUV3S97,"('application-specific', 'Local', 'Activation', '{2593F8B9-4EAF-457C-B68A-50F6B8EA6B54}', '{15C20B67-12E7-4BB6-92BB-7AFF07997402}', 'DESKTOP-QUV3S97', 'Adnan', 'S-1-5-21-1915879001-2348363783-178924610-1001', 'LocalHost (Using LRPC)', 'MicrosoftWindows.Client.WebExperience_524.13200.10.0_x64__cw5n1h2txyewy', 'Unavailable')"
2024-06-11 14:07:06,19,Information,Microsoft-Windows-WindowsUpdateClient,DESKTOP-QUV3S97,"('9WZDNCRFJBH4-Microsoft.Windows.Photos', '{9c1f5056-f648-4d51-94fb-a51bbd0a80f7}', '1', '{855e8a7c-ecb4-4ca3-b045-1dfa50104289}')"
2024-06-11 14:20:48,16,Information,Microsoft-Windows-Kernel-General,DESKTOP-QUV3S97,"('106', '\\??\\C:\\Users\\win11\\AppData\\Local\\Packages\\Microsoft.MicrosoftOfficeHub_8wekyb3d8bbwe\\Settings\\settings.dat', '3', '1')"
2024-06-11 16:10:09,10016,Warning,DCOM,DESKTOP-QUV3S97,"('application-specific', 'Local', 'Activation', '{2593F8B9-4EAF-457C-B68A-50F6B8EA6B54}', '{15C20B67-12E7-4BB6-92BB-7AFF07997402}', 'DESKTOP-QUV3S97', 'Adnan', 'S-1-5-21-1915879001-2348363783-178924610-1001', 'LocalHost (Using LRPC)', 'Microsoft.SkypeApp_15.119.3201.0_x64__kzf8qxf38zg5c', 'Unavailable')"
2024-06-11 17:33:05,10016,Warning,DCOM,DESKTOP-QUV3S97,"('application-specific', 'Local', 'Activation', '{2593F8B9-4EAF-457C-B68A-50F6B8EA6B54}', '{15C20B67-12E7-4BB6-92BB-7AFF07997402}', 'DESKTOP-QUV3S97', 'Adnan', 'S-1-5-21-1915879001-2348363783-178924610-1001', 'LocalHost (Using LRPC)', 'Unavailable', 'Unavailable')"
2024-06-11 17:36:07,10016,Warning,DCOM,DESKTOP-QUV3S97,"('application-specific', 'Local', 'Activation', '{2593F8B9-4EAF-457C-B68A-50F6B8EA6B54}', '{15C20B67-12E7-4BB6-92BB-7AFF07997402}', 'DESKTOP-QUV3S97', 'Adnan', 'S-1-5-21-1915879001-2348363783-178924610-1001', 'LocalHost (Using LRPC)', 'Unavailable', 'Unavailable')"
2024-06-11 18:50:00,7040,Information,Service Control Manager,DESKTOP-QUV3S97,"('Background Intelligent Transfer Service', 'demand start', 'auto start', 'BITS')"
2024-06-11 18:50:04,113,Information,Microsoft-Windows-HttpService,DESKTOP-QUV3S97,"('18302628933415206918', 'http://*:2869/upnp/eventing/', '0', '10816', '\\Device\\HarddiskVolume3\\Windows\\System32\\svchost.exe', 'S-1-5-19')"
2024-06-11 18:50:09,114,Information,Microsoft-Windows-HttpService,DESKTOP-QUV3S97,"('18302628933415206918', 'http://*:2869/upnp/eventing/', '10816', '\\Device\\HarddiskVolume3\\Windows\\System32\\svchost.exe', 'S-1-5-19')"
2024-06-11 18:52:24,7040,Information,Service Control Manager,DESKTOP-QUV3S97,"('Background Intelligent Transfer Service', 'auto start', 'demand start', 'BITS')"
2024-06-11 19:18:50,16,Information,Microsoft-Windows-Kernel-General,DESKTOP-QUV3S97,"('110', '\\??\\C:\\Users\\win11\\AppData\\Local\\Packages\\Microsoft.WindowsNotepad_8wekyb3d8bbwe\\SystemAppData\\Helium\\User.dat', '9', '1')"
2024-06-11 22:40:56,42,Information,Microsoft-Windows-Kernel-Power,DESKTOP-QUV3S97,"('6', '5', '4', '0', '9')"
2024-06-12 15:53:04,6013,Information,EventLog,DESKTOP-QUV3S97,"('', '', '', '', '258578', '60', '')"
2024-06-11 22:40:58,107,Information,Microsoft-Windows-Kernel-Power,DESKTOP-QUV3S97,"('6', '5', '5', '1601-01-01T00:00:00.0000000Z', '1601-01-01T00:00:00.0000000Z', '0', '0')"
2024-06-12 15:53:08,16,Information,Microsoft-Windows-Kernel-General,DESKTOP-QUV3S97,"('105', '\\??\\C:\\Users\\win11\\AppData\\Local\\Packages\\MicrosoftWindows.Client.CBS_cw5n1h2txyewy\\Settings\\settings.dat', '17', '7')"
2024-06-12 15:53:09,16,Information,Microsoft-Windows-Kernel-General,DESKTOP-QUV3S97,"('119', '\\??\\C:\\Users\\win11\\AppData\\Local\\Packages\\Microsoft.Windows.StartMenuExperienceHost_cw5n1h2txyewy\\Settings\\settings.dat', '9', '1')"
2024-06-12 15:53:12,16,Information,Microsoft-Windows-Kernel-General,DESKTOP-QUV3S97,"('95', '\\??\\C:\\Users\\win11\\AppData\\Local\\Packages\\Microsoft.LockApp_cw5n1h2txyewy\\Settings\\settings.dat', '3', '1')"
2024-06-12 15:53:18,16,Information,Microsoft-Windows-Kernel-General,DESKTOP-QUV3S97,"('97', '\\??\\C:\\Users\\win11\\AppData\\Local\\Packages\\Microsoft.YourPhone_8wekyb3d8bbwe\\Settings\\settings.dat', '49', '6')"
2024-06-12 15:53:19,16,Information,Microsoft-Windows-Kernel-General,DESKTOP-QUV3S97,"('105', '\\??\\C:\\Users\\win11\\AppData\\Local\\Packages\\Microsoft.YourPhone_8wekyb3d8bbwe\\SystemAppData\\Helium\\User.dat', '10', '1')"
2024-06-12 15:53:21,105,Information,Microsoft-Windows-Kernel-Power,DESKTOP-QUV3S97,"('true', '46150', '46150')"
2024-06-12 15:53:25,5,Information,Microsoft-Windows-IsolatedUserMode,DESKTOP-QUV3S97,"('0', '0', '0', 'NULL')"
2024-06-12 15:53:30,16,Information,Microsoft-Windows-Kernel-General,DESKTOP-QUV3S97,"('111', '\\??\\C:\\Users\\win11\\AppData\\Local\\Packages\\AD2F1837.HPThermalControl_v10z8vjag6ke6\\SystemAppData\\Helium\\User.dat', '7', '1')"
2024-06-12 15:53:31,5,Information,Microsoft-Windows-IsolatedUserMode,DESKTOP-QUV3S97,"('0', '0', '0', 'NULL')"
2024-06-12 15:53:32,2,Information,Microsoft-Windows-IsolatedUserMode,DESKTOP-QUV3S97,"('0', '0', '0')"
2024-06-12 15:53:33,16,Information,Microsoft-Windows-Kernel-General,DESKTOP-QUV3S97,"('129', '\\??\\C:\\Users\\win11\\AppData\\Local\\Packages\\AdvancedMicroDevicesInc-2.AMDRadeonSoftware_0a9344xs7nr4m\\SystemAppData\\Helium\\User.dat', '27', '3')"
2024-06-12 15:53:35,16,Information,Microsoft-Windows-Kernel-General,DESKTOP-QUV3S97,"('104', '\\??\\C:\\Users\\win11\\AppData\\Local\\Packages\\Microsoft.SkypeApp_kzf8qxf38zg5c\\SystemAppData\\Helium\\User.dat', '17', '2')"
2024-06-12 15:53:36,10016,Warning,DCOM,DESKTOP-QUV3S97,"('application-specific', 'Local', 'Activation', '{2593F8B9-4EAF-457C-B68A-50F6B8EA6B54}', '{15C20B67-12E7-4BB6-92BB-7AFF07997402}', 'DESKTOP-QUV3S97', 'Adnan', 'S-1-5-21-1915879001-2348363783-178924610-1001', 'LocalHost (Using LRPC)', 'Microsoft.SkypeApp_15.119.3201.0_x64__kzf8qxf38zg5c', 'Unavailable')"
2024-06-12 15:53:37,16,Information,Microsoft-Windows-Kernel-General,DESKTOP-QUV3S97,"('106', '\\??\\C:\\Users\\win11\\AppData\\Local\\Packages\\MicrosoftWindows.CrossDevice_cw5n1h2txyewy\\Settings\\settings.dat', '26', '2')"
2024-06-12 15:53:38,16,Information,Microsoft-Windows-Kernel-General,DESKTOP-QUV3S97,"('100', '\\??\\C:\\Users\\win11\\AppData\\Local\\Packages\\MicrosoftTeams_8wekyb3d8bbwe\\SystemAppData\\Helium\\User.dat', '39', '4')"
2024-06-12 15:53:39,16,Information,Microsoft-Windows-Kernel-General,DESKTOP-QUV3S97,"('92', '\\??\\C:\\Users\\win11\\AppData\\Local\\Packages\\MicrosoftTeams_8wekyb3d8bbwe\\Settings\\settings.dat', '2', '1')"
2024-06-12 15:53:49,37,Information,Microsoft-Windows-Time-Service,DESKTOP-QUV3S97,"('time.windows.com,0x9 (ntp.m|0x9|0.0.0.0:123->52.148.114.188:123)',)"
2024-06-12 15:54:29,7040,Information,Service Control Manager,DESKTOP-QUV3S97,"('Background Intelligent Transfer Service', 'demand start', 'auto start', 'BITS')"
2024-06-12 15:54:34,113,Information,Microsoft-Windows-HttpService,DESKTOP-QUV3S97,"('18302628899055468547', 'http://*:2869/upnp/eventing/', '0', '10816', '\\Device\\HarddiskVolume3\\Windows\\System32\\svchost.exe', 'S-1-5-19')"
2024-06-12 15:54:38,114,Information,Microsoft-Windows-HttpService,DESKTOP-QUV3S97,"('18302628899055468547', 'http://*:2869/upnp/eventing/', '10816', '\\Device\\HarddiskVolume3\\Windows\\System32\\svchost.exe', 'S-1-5-19')"
2024-06-12 15:54:45,114,Information,Microsoft-Windows-HttpService,DESKTOP-QUV3S97,"('18302628929120239625', 'http://*:2869/upnp/eventing/', '10816', '\\Device\\HarddiskVolume3\\Windows\\System32\\svchost.exe', 'S-1-5-19')"
2024-06-12 15:55:03,114,Information,Microsoft-Windows-HttpService,DESKTOP-QUV3S97,"('18302628929120239627', 'http://*:2869/upnp/eventing/', '10816', '\\Device\\HarddiskVolume3\\Windows\\System32\\svchost.exe', 'S-1-5-19')"
2024-06-12 15:55:11,16,Information,Microsoft-Windows-Kernel-General,DESKTOP-QUV3S97,"('166', '\\??\\C:\\ProgramData\\Packages\\Microsoft.WindowsTerminal_8wekyb3d8bbwe\\S-1-5-21-1915879001-2348363783-178924610-1001\\SystemAppData\\Helium\\Cache\\1e7d2dc91f14a48_COM15.dat', '1', '1')"
2024-06-12 15:55:27,114,Information,Microsoft-Windows-HttpService,DESKTOP-QUV3S97,"('18302628894760501251', 'http://*:2869/upnp/eventing/', '10816', '\\Device\\HarddiskVolume3\\Windows\\System32\\svchost.exe', 'S-1-5-19')"
2024-06-12 15:55:39,114,Information,Microsoft-Windows-HttpService,DESKTOP-QUV3S97,"('18302628916235337731', 'http://*:2869/upnp/eventing/', '10816', '\\Device\\HarddiskVolume3\\Windows\\System32\\svchost.exe', 'S-1-5-19')"
2024-06-12 15:55:59,114,Information,Microsoft-Windows-HttpService,DESKTOP-QUV3S97,"('18302628924825272323', 'http://*:2869/upnp/eventing/', '10816', '\\Device\\HarddiskVolume3\\Windows\\System32\\svchost.exe', 'S-1-5-19')"
2024-06-12 15:56:03,114,Information,Microsoft-Windows-HttpService,DESKTOP-QUV3S97,"('18302628924825272324', 'http://*:2869/upnp/eventing/', '10816', '\\Device\\HarddiskVolume3\\Windows\\System32\\svchost.exe', 'S-1-5-19')"
2024-06-12 15:58:07,7040,Information,Service Control Manager,DESKTOP-QUV3S97,"('Background Intelligent Transfer Service', 'auto start', 'demand start', 'BITS')"
2024-06-12 15:59:13,16,Information,Microsoft-Windows-Kernel-General,DESKTOP-QUV3S97,"('41', '\\??\\C:\\Windows\\System32\\config\\COMPONENTS', '64954', '7705')"
2024-06-12 16:04:00,44,Information,Microsoft-Windows-WindowsUpdateClient,DESKTOP-QUV3S97,"('Security Intelligence Update for Microsoft Defender Antivirus - KB2267602 (Version 1.413.234.0) - Current Channel (Broad)', '{cf08c456-93ca-4797-ad31-45b3f6f7c254}', '200')"
2024-06-12 16:04:02,43,Information,Microsoft-Windows-WindowsUpdateClient,DESKTOP-QUV3S97,"('Security Intelligence Update for Microsoft Defender Antivirus - KB2267602 (Version 1.413.234.0) - Current Channel (Broad)', '{cf08c456-93ca-4797-ad31-45b3f6f7c254}', '200')"
2024-06-12 16:04:08,19,Information,Microsoft-Windows-WindowsUpdateClient,DESKTOP-QUV3S97,"('Security Intelligence Update for Microsoft Defender Antivirus - KB2267602 (Version 1.413.234.0) - Current Channel (Broad)', '{cf08c456-93ca-4797-ad31-45b3f6f7c254}', '200', '{9482f4b4-e343-43b6-b170-9a65bc822c77}')"
2024-06-12 16:41:36,44,Information,Microsoft-Windows-WindowsUpdateClient,DESKTOP-QUV3S97,"('9NP9QTRNK38Q-Microsoft.Ink.Handwriting.en-US.1.0', '{ca653f3c-6ebf-42c4-9097-f7c03a0f2b7c}', '1')"
2024-06-12 16:41:41,44,Information,Microsoft-Windows-WindowsUpdateClient,DESKTOP-QUV3S97,"('9NH2SW16MQ7F-Microsoft.WindowsAppRuntime.1.5', '{78c3c459-c6df-4f02-8e48-e15535af7243}', '1')"
2024-06-12 16:41:47,44,Information,Microsoft-Windows-WindowsUpdateClient,DESKTOP-QUV3S97,"('Windows Malicious Software Removal Tool x64 - v5.125 (KB890830)', '{3d332b53-2a0f-48a8-a4c7-0305a1bb5bf9}', '200')"
2024-06-12 16:42:00,44,Information,Microsoft-Windows-WindowsUpdateClient,DESKTOP-QUV3S97,"('2024-06 Cumulative Update for Windows 11 Version 23H2 for x64-based Systems (KB5039212)', '{6ac520f0-efcc-4e9f-aae3-d344dfa18189}', '1')"
2024-06-12 16:42:25,16,Information,Microsoft-Windows-Kernel-General,DESKTOP-QUV3S97,"('144', '\\??\\C:\\ProgramData\\Microsoft\\Windows\\AppRepository\\Packages\\Microsoft.WindowsAppRuntime.1.5_5001.159.55.0_x86__8wekyb3d8bbwe\\ActivationStore.dat', '0', '0')"
2024-06-12 16:42:31,44,Information,Microsoft-Windows-WindowsUpdateClient,DESKTOP-QUV3S97,"('9NH2SW16MQ7F-Microsoft.WindowsAppRuntime.1.5', '{78c3c459-c6df-4f02-8e48-e15535af7243}', '1')"
2024-06-12 16:42:37,7040,Information,Service Control Manager,DESKTOP-QUV3S97,"('Windows Modules Installer', 'demand start', 'auto start', 'TrustedInstaller')"
2024-06-12 16:42:48,15,Information,Microsoft-Windows-Kernel-General,DESKTOP-QUV3S97,"('52', '\\??\\C:\\Windows\\System32\\SMI\\Store\\Machine\\schema.dat', '14192640', '10559488')"
2024-06-12 16:43:25,16,Information,Microsoft-Windows-Kernel-General,DESKTOP-QUV3S97,"('144', '\\??\\C:\\ProgramData\\Microsoft\\Windows\\AppRepository\\Packages\\Microsoft.WindowsAppRuntime.1.5_5001.159.55.0_x64__8wekyb3d8bbwe\\ActivationStore.dat', '0', '0')"
2024-06-12 16:43:32,44,Information,Microsoft-Windows-WindowsUpdateClient,DESKTOP-QUV3S97,"('9NH2SW16MQ7F-Microsoft.WindowsAppRuntime.1.5', '{78c3c459-c6df-4f02-8e48-e15535af7243}', '1')"
2024-06-12 16:43:38,7040,Information,Service Control Manager,DESKTOP-QUV3S97,"('Windows Modules Installer', 'auto start', 'demand start', 'TrustedInstaller')"
2024-06-12 16:44:23,43,Information,Microsoft-Windows-WindowsUpdateClient,DESKTOP-QUV3S97,"('Windows Malicious Software Removal Tool x64 - v5.125 (KB890830)', '{3d332b53-2a0f-48a8-a4c7-0305a1bb5bf9}', '200')"
2024-06-12 16:45:00,16,Information,Microsoft-Windows-Kernel-General,DESKTOP-QUV3S97,"('131', '\\??\\C:\\ProgramData\\Microsoft\\Windows\\AppRepository\\Packages\\Microsoft.SkypeApp_15.120.3207.0_x64__kzf8qxf38zg5c\\ActivationStore.dat', '0', '0')"
2024-06-12 16:45:14,43,Information,Microsoft-Windows-WindowsUpdateClient,DESKTOP-QUV3S97,"('9WZDNCRFJ364-MICROSOFT.SKYPEAPP', '{f82b17fd-4a90-47a9-aa77-39d40349061f}', '1')"
2024-06-12 16:45:15,20,Error,Microsoft-Windows-WindowsUpdateClient,DESKTOP-QUV3S97,"('0x80073d02', '9WZDNCRFJ364-MICROSOFT.SKYPEAPP', '{f82b17fd-4a90-47a9-aa77-39d40349061f}', '1', '{855e8a7c-ecb4-4ca3-b045-1dfa50104289}')"
2024-06-12 16:45:44,7040,Information,Service Control Manager,DESKTOP-QUV3S97,"('Background Intelligent Transfer Service', 'demand start', 'auto start', 'BITS')"
2024-06-12 16:46:12,19,Information,Microsoft-Windows-WindowsUpdateClient,DESKTOP-QUV3S97,"('Windows Malicious Software Removal Tool x64 - v5.125 (KB890830)', '{3d332b53-2a0f-48a8-a4c7-0305a1bb5bf9}', '200', '{9482f4b4-e343-43b6-b170-9a65bc822c77}')"
2024-06-12 16:47:33,10016,Warning,DCOM,DESKTOP-QUV3S97,"('application-specific', 'Local', 'Activation', '{2593F8B9-4EAF-457C-B68A-50F6B8EA6B54}', '{15C20B67-12E7-4BB6-92BB-7AFF07997402}', 'DESKTOP-QUV3S97', 'Adnan', 'S-1-5-21-1915879001-2348363783-178924610-1001', 'LocalHost (Using LRPC)', 'MicrosoftWindows.Client.WebExperience_524.13200.10.0_x64__cw5n1h2txyewy', 'Unavailable')"
2024-06-12 16:50:10,7040,Information,Service Control Manager,DESKTOP-QUV3S97,"('Background Intelligent Transfer Service', 'auto start', 'demand start', 'BITS')"
2024-06-12 17:05:38,43,Information,Microsoft-Windows-WindowsUpdateClient,DESKTOP-QUV3S97,"('2024-06 Cumulative Update for Windows 11 Version 23H2 for x64-based Systems (KB5039212)', '{6ac520f0-efcc-4e9f-aae3-d344dfa18189}', '1')"
2024-06-12 17:06:14,4500,Information,Microsoft-Windows-WinREAgent,DESKTOP-QUV3S97,
2024-06-12 17:06:27,15,Information,Microsoft-Windows-Kernel-General,DESKTOP-QUV3S97,"('65', '\\??\\C:\\$WinREAgent\\Scratch\\Mount\\Windows\\system32\\config\\SOFTWARE', '12267520', '11579392')"
2024-06-12 17:06:28,15,Information,Microsoft-Windows-Kernel-General,DESKTOP-QUV3S97,"('63', '\\??\\C:\\$WinREAgent\\Scratch\\Mount\\Windows\\System32\\config\\SYSTEM', '6873088', '6483968')"
2024-06-12 17:07:22,4502,Unknown Type,Microsoft-Windows-WinREAgent,DESKTOP-QUV3S97,"('2', '-2147467259')"
2024-06-12 17:07:23,7040,Information,Service Control Manager,DESKTOP-QUV3S97,"('Windows Modules Installer', 'demand start', 'auto start', 'TrustedInstaller')"
2024-06-12 18:00:01,1800,Warning,Microsoft-Windows-TPM-WMI,DESKTOP-QUV3S97,"('6',)"
2024-06-12 19:10:20,10016,Warning,DCOM,DESKTOP-QUV3S97,"('application-specific', 'Local', 'Activation', '{2593F8B9-4EAF-457C-B68A-50F6B8EA6B54}', '{15C20B67-12E7-4BB6-92BB-7AFF07997402}', 'DESKTOP-QUV3S97', 'Adnan', 'S-1-5-21-1915879001-2348363783-178924610-1001', 'LocalHost (Using LRPC)', 'Unavailable', 'Unavailable')"
2024-06-12 20:47:47,7040,Information,Service Control Manager,DESKTOP-QUV3S97,"('Background Intelligent Transfer Service', 'demand start', 'auto start', 'BITS')"
2024-06-12 20:49:51,7040,Information,Service Control Manager,DESKTOP-QUV3S97,"('Background Intelligent Transfer Service', 'auto start', 'demand start', 'BITS')"
2024-06-12 20:54:27,7040,Information,Service Control Manager,DESKTOP-QUV3S97,"('Background Intelligent Transfer Service', 'demand start', 'auto start', 'BITS')"
2024-06-12 20:54:31,113,Information,Microsoft-Windows-HttpService,DESKTOP-QUV3S97,"('18302628929120239630', 'http://*:2869/upnp/eventing/', '0', '10816', '\\Device\\HarddiskVolume3\\Windows\\System32\\svchost.exe', 'S-1-5-19')"
2024-06-12 20:54:36,114,Information,Microsoft-Windows-HttpService,DESKTOP-QUV3S97,"('18302628929120239630', 'http://*:2869/upnp/eventing/', '10816', '\\Device\\HarddiskVolume3\\Windows\\System32\\svchost.exe', 'S-1-5-19')"
2024-06-12 20:56:51,7040,Information,Service Control Manager,DESKTOP-QUV3S97,"('Background Intelligent Transfer Service', 'auto start', 'demand start', 'BITS')"
2024-06-12 21:02:21,2,Information,Microsoft-Windows-IsolatedUserMode,DESKTOP-QUV3S97,"('0', '0', '0')"
2024-06-12 21:02:34,109,Information,Microsoft-Windows-Kernel-Power,DESKTOP-QUV3S97,"('5', '0', '5')"
2024-06-12 21:02:36,577,Information,Microsoft-Windows-Kernel-Power,DESKTOP-QUV3S97,"('0', 'false', '279')"
2024-06-12 21:02:45,12,Information,Microsoft-Windows-Kernel-General,DESKTOP-QUV3S97,"('10', '0', '22621', '3672', '0', '0', '2024-06-12T15:02:45.5000000Z')"
2024-06-12 21:02:46,6,Information,Microsoft-Windows-FilterManager,DESKTOP-QUV3S97,"('0x0', '10', '0', '8', 'FileInfo', '2079-02-27T04:03:00.0000000Z')"
2024-06-12 21:02:47,98,Information,Microsoft-Windows-Ntfs,DESKTOP-QUV3S97,"('C:', '\\Device\\HarddiskVolume3', '0')"
2024-06-12 21:02:48,98,Information,Microsoft-Windows-Ntfs,DESKTOP-QUV3S97,"('\\\\?\\Volume{de400b6d-8f73-4b05-81fb-e35dea7014a5}', '\\Device\\HarddiskVolume5', '0')"
2024-06-12 21:02:49,55,Information,Microsoft-Windows-Kernel-Processor-Power,DESKTOP-QUV3S97,"('0', '0', '3', '4', '2301', '208', '48', '17', '3')"
2024-06-12 21:02:50,10118,Information,Microsoft-Windows-DriverFrameworks-UserMode,DESKTOP-QUV3S97,
2024-06-12 21:02:52,10118,Information,Microsoft-Windows-DriverFrameworks-UserMode,DESKTOP-QUV3S97,
2024-06-12 21:02:57,1282,Information,Microsoft-Windows-TPM-WMI,DESKTOP-QUV3S97,
2024-06-12 21:03:02,5,Information,Microsoft-Windows-IsolatedUserMode,DESKTOP-QUV3S97,"('0', '0', '0', 'NULL')"
2024-06-12 21:03:08,5,Information,Microsoft-Windows-IsolatedUserMode,DESKTOP-QUV3S97,"('0', '0', '0', 'NULL')"
2024-06-12 21:03:09,2,Information,Microsoft-Windows-IsolatedUserMode,DESKTOP-QUV3S97,"('0', '0', '0')"
2024-06-12 21:03:13,10016,Warning,DCOM,DESKTOP-QUV3S97,"('application-specific', 'Local', 'Activation', '{2593F8B9-4EAF-457C-B68A-50F6B8EA6B54}', '{15C20B67-12E7-4BB6-92BB-7AFF07997402}', 'DESKTOP-QUV3S97', 'Adnan', 'S-1-5-21-1915879001-2348363783-178924610-1001', 'LocalHost (Using LRPC)', 'Microsoft.SkypeApp_15.120.3207.0_x64__kzf8qxf38zg5c', 'Unavailable')"
2024-06-12 21:03:14,10016,Warning,DCOM,DESKTOP-QUV3S97,"('application-specific', 'Local', 'Activation', '{2593F8B9-4EAF-457C-B68A-50F6B8EA6B54}', '{15C20B67-12E7-4BB6-92BB-7AFF07997402}', 'DESKTOP-QUV3S97', 'Adnan', 'S-1-5-21-1915879001-2348363783-178924610-1001', 'LocalHost (Using LRPC)', 'Microsoft.SkypeApp_15.120.3207.0_x64__kzf8qxf38zg5c', 'Unavailable')"
2024-06-12 21:04:05,7040,Information,Service Control Manager,DESKTOP-QUV3S97,"('Background Intelligent Transfer Service', 'demand start', 'auto start', 'BITS')"
2024-06-12 21:04:10,113,Information,Microsoft-Windows-HttpService,DESKTOP-QUV3S97,"('18302628911940370433', 'http://*:2869/upnp/eventing/', '0', '8128', '\\Device\\HarddiskVolume3\\Windows\\System32\\svchost.exe', 'S-1-5-19')"
2024-06-12 21:04:14,114,Information,Microsoft-Windows-HttpService,DESKTOP-QUV3S97,"('18302628911940370433', 'http://*:2869/upnp/eventing/', '8128', '\\Device\\HarddiskVolume3\\Windows\\System32\\svchost.exe', 'S-1-5-19')"
2024-06-12 21:04:20,114,Information,Microsoft-Windows-HttpService,DESKTOP-QUV3S97,"('18302628894760501249', 'http://*:2869/upnp/eventing/', '8128', '\\Device\\HarddiskVolume3\\Windows\\System32\\svchost.exe', 'S-1-5-19')"
2024-06-12 21:04:42,114,Information,Microsoft-Windows-HttpService,DESKTOP-QUV3S97,"('18302628894760501250', 'http://*:2869/upnp/eventing/', '8128', '\\Device\\HarddiskVolume3\\Windows\\System32\\svchost.exe', 'S-1-5-19')"
2024-06-12 21:04:46,114,Information,Microsoft-Windows-HttpService,DESKTOP-QUV3S97,"('18302628933415206913', 'http://*:2869/upnp/eventing/', '8128', '\\Device\\HarddiskVolume3\\Windows\\System32\\svchost.exe', 'S-1-5-19')"
2024-06-12 21:04:53,114,Information,Microsoft-Windows-HttpService,DESKTOP-QUV3S97,"('18302628894760501251', 'http://*:2869/upnp/eventing/', '8128', '\\Device\\HarddiskVolume3\\Windows\\System32\\svchost.exe', 'S-1-5-19')"
2024-06-12 21:06:50,7040,Information,Service Control Manager,DESKTOP-QUV3S97,"('Background Intelligent Transfer Service', 'auto start', 'demand start', 'BITS')"
2024-06-12 21:07:24,10016,Warning,DCOM,DESKTOP-QUV3S97,"('application-specific', 'Local', 'Activation', '{6B3B8D23-FA8D-40B9-8DBD-B950333E2C52}', '{4839DDB7-58C2-48F5-8283-E1D1807D0D7D}', 'NT AUTHORITY', 'LOCAL SERVICE', 'S-1-5-19', 'LocalHost (Using LRPC)', 'Unavailable', 'Unavailable')"
2024-06-12 21:13:25,44,Information,Microsoft-Windows-WindowsUpdateClient,DESKTOP-QUV3S97,"('Security Intelligence Update for Microsoft Defender Antivirus - KB2267602 (Version 1.413.253.0) - Current Channel (Broad)', '{5ff85048-5315-4f9a-94ec-342c5a98a63b}', '200')"
2024-06-12 21:13:29,19,Information,Microsoft-Windows-WindowsUpdateClient,DESKTOP-QUV3S97,"('Security Intelligence Update for Microsoft Defender Antivirus - KB2267602 (Version 1.413.253.0) - Current Channel (Broad)', '{5ff85048-5315-4f9a-94ec-342c5a98a63b}', '200', '{9482f4b4-e343-43b6-b170-9a65bc822c77}')"
2024-06-12 21:20:41,16,Information,Microsoft-Windows-Kernel-General,DESKTOP-QUV3S97,"('85', '\\??\\C:\\ProgramData\\Microsoft\\Provisioning\\Microsoft-Desktop-Provisioning-Sequence.dat', '0', '0')"
2024-06-12 21:20:46,44,Information,Microsoft-Windows-WindowsUpdateClient,DESKTOP-QUV3S97,"('9NKSQGP7F2NH-5319275A.WhatsAppDesktop', '{70aa16b1-484d-41fe-9fea-3c3058f6c1be}', '1')"
2024-06-12 21:20:56,44,Information,Microsoft-Windows-WindowsUpdateClient,DESKTOP-QUV3S97,"('9NH2SW16MQ7F-Microsoft.WindowsAppRuntime.1.5', '{78c3c459-c6df-4f02-8e48-e15535af7243}', '1')"
2024-06-12 21:21:01,44,Information,Microsoft-Windows-WindowsUpdateClient,DESKTOP-QUV3S97,"('9NH2SW16MQ7F-Microsoft.WindowsAppRuntime.1.5', '{78c3c459-c6df-4f02-8e48-e15535af7243}', '1')"
2024-06-12 21:21:03,44,Information,Microsoft-Windows-WindowsUpdateClient,DESKTOP-QUV3S97,"('9NH2SW16MQ7F-Microsoft.WindowsAppRuntime.1.5', '{78c3c459-c6df-4f02-8e48-e15535af7243}', '1')"
2024-06-12 21:21:04,19,Information,Microsoft-Windows-WindowsUpdateClient,DESKTOP-QUV3S97,"('9NH2SW16MQ7F-Microsoft.WindowsAppRuntime.1.5', '{78c3c459-c6df-4f02-8e48-e15535af7243}', '1', '{855e8a7c-ecb4-4ca3-b045-1dfa50104289}')"
2024-06-12 21:22:12,16,Information,Microsoft-Windows-Kernel-General,DESKTOP-QUV3S97,"('134', '\\??\\C:\\ProgramData\\Microsoft\\Windows\\AppRepository\\Packages\\5319275A.WhatsAppDesktop_2.2423.7.0_x64__cv1g1gvanyjgm\\ActivationStore.dat', '0', '0')"
2024-06-12 21:22:13,43,Information,Microsoft-Windows-WindowsUpdateClient,DESKTOP-QUV3S97,"('9NKSQGP7F2NH-5319275A.WhatsAppDesktop', '{70aa16b1-484d-41fe-9fea-3c3058f6c1be}', '1')"
2024-06-12 21:22:16,158,Information,Microsoft-Windows-Time-Service,DESKTOP-QUV3S97,"('VMICTimeProvider',)"
2024-06-12 21:39:20,158,Information,Microsoft-Windows-Time-Service,DESKTOP-QUV3S97,"('VMICTimeProvider',)"
2024-06-12 21:40:00,10010,Error,DCOM,DESKTOP-QUV3S97,"('Microsoft.MicrosoftOfficeHub_18.2405.1221.0_x64__8wekyb3d8bbwe!Microsoft.MicrosoftOfficeHub.AppXvhez9tbpytkh6zv5q0bx5fj12yay14wg.mca',)"
2024-06-12 21:40:08,4001,Information,Microsoft-Windows-WLAN-AutoConfig,DESKTOP-QUV3S97,
2024-06-12 21:40:12,109,Information,Microsoft-Windows-Kernel-Power,DESKTOP-QUV3S97,"('5', '0', '5')"
2024-06-12 21:40:13,577,Information,Microsoft-Windows-Kernel-Power,DESKTOP-QUV3S97,"('0', 'false', '279')"
2024-06-12 21:40:23,12,Information,Microsoft-Windows-Kernel-General,DESKTOP-QUV3S97,"('10', '0', '22621', '3672', '0', '0', '2024-06-12T15:40:23.5000000Z')"
2024-06-12 21:40:24,6,Information,Microsoft-Windows-FilterManager,DESKTOP-QUV3S97,"('0x0', '10', '0', '8', 'FileInfo', '2079-02-27T04:03:00.0000000Z')"
2024-06-12 21:40:25,98,Information,Microsoft-Windows-Ntfs,DESKTOP-QUV3S97,"('C:', '\\Device\\HarddiskVolume3', '0')"
2024-06-12 21:40:26,98,Information,Microsoft-Windows-Ntfs,DESKTOP-QUV3S97,"('\\\\?\\Volume{de400b6d-8f73-4b05-81fb-e35dea7014a5}', '\\Device\\HarddiskVolume5', '0')"
2024-06-12 21:40:27,55,Information,Microsoft-Windows-Kernel-Processor-Power,DESKTOP-QUV3S97,"('0', '0', '3', '4', '2301', '208', '48', '17', '3')"
2024-06-12 21:40:29,10118,Information,Microsoft-Windows-DriverFrameworks-UserMode,DESKTOP-QUV3S97,
2024-06-12 21:40:31,14,Information,Microsoft-Windows-Wininit,DESKTOP-QUV3S97,"('2', '0', '1')"
2024-06-12 21:40:35,1282,Information,Microsoft-Windows-TPM-WMI,DESKTOP-QUV3S97,
2024-06-12 21:40:41,5,Information,Microsoft-Windows-IsolatedUserMode,DESKTOP-QUV3S97,"('0', '0', '0', 'NULL')"
2024-06-12 21:40:46,5,Information,Microsoft-Windows-IsolatedUserMode,DESKTOP-QUV3S97,"('0', '0', '0', 'NULL')"
2024-06-12 21:40:47,2,Information,Microsoft-Windows-IsolatedUserMode,DESKTOP-QUV3S97,"('0', '0', '0')"
2024-06-12 21:40:51,10016,Warning,DCOM,DESKTOP-QUV3S97,"('application-specific', 'Local', 'Activation', '{2593F8B9-4EAF-457C-B68A-50F6B8EA6B54}', '{15C20B67-12E7-4BB6-92BB-7AFF07997402}', 'DESKTOP-QUV3S97', 'Adnan', 'S-1-5-21-1915879001-2348363783-178924610-1001', 'LocalHost (Using LRPC)', 'Microsoft.SkypeApp_15.120.3207.0_x64__kzf8qxf38zg5c', 'Unavailable')"
2024-06-12 21:41:47,7040,Information,Service Control Manager,DESKTOP-QUV3S97,"('Background Intelligent Transfer Service', 'demand start', 'auto start', 'BITS')"
2024-06-12 21:41:52,113,Information,Microsoft-Windows-HttpService,DESKTOP-QUV3S97,"('18302628929120239617', 'http://*:2869/upnp/eventing/', '0', '17040', '\\Device\\HarddiskVolume3\\Windows\\System32\\svchost.exe', 'S-1-5-19')"
2024-06-12 21:41:56,114,Information,Microsoft-Windows-HttpService,DESKTOP-QUV3S97,"('18302628929120239617', 'http://*:2869/upnp/eventing/', '17040', '\\Device\\HarddiskVolume3\\Windows\\System32\\svchost.exe', 'S-1-5-19')"
2024-06-12 21:42:30,114,Information,Microsoft-Windows-HttpService,DESKTOP-QUV3S97,"('18302628929120239618', 'http://*:2869/upnp/eventing/', '17040', '\\Device\\HarddiskVolume3\\Windows\\System32\\svchost.exe', 'S-1-5-19')"
2024-06-12 21:44:54,10016,Warning,DCOM,DESKTOP-QUV3S97,"('application-specific', 'Local', 'Activation', '{6B3B8D23-FA8D-40B9-8DBD-B950333E2C52}', '{4839DDB7-58C2-48F5-8283-E1D1807D0D7D}', 'NT AUTHORITY', 'LOCAL SERVICE', 'S-1-5-19', 'LocalHost (Using LRPC)', 'Unavailable', 'Unavailable')"
2024-06-12 21:45:01,7040,Information,Service Control Manager,DESKTOP-QUV3S97,"('Background Intelligent Transfer Service', 'auto start', 'demand start', 'BITS')"
2024-06-12 21:47:08,10016,Warning,DCOM,DESKTOP-QUV3S97,"('application-specific', 'Local', 'Activation', '{2593F8B9-4EAF-457C-B68A-50F6B8EA6B54}', '{15C20B67-12E7-4BB6-92BB-7AFF07997402}', 'DESKTOP-QUV3S97', 'Adnan', 'S-1-5-21-1915879001-2348363783-178924610-1001', 'LocalHost (Using LRPC)', 'Microsoft.SkypeApp_15.120.3207.0_x64__kzf8qxf38zg5c', 'Unavailable')"
2024-06-12 21:53:03,10016,Warning,DCOM,DESKTOP-QUV3S97,"('application-specific', 'Local', 'Activation', '{2593F8B9-4EAF-457C-B68A-50F6B8EA6B54}', '{15C20B67-12E7-4BB6-92BB-7AFF07997402}', 'DESKTOP-QUV3S97', 'Adnan', 'S-1-5-21-1915879001-2348363783-178924610-1001', 'LocalHost (Using LRPC)', 'Unavailable', 'Unavailable')"
2024-06-12 21:59:55,158,Information,Microsoft-Windows-Time-Service,DESKTOP-QUV3S97,"('VMICTimeProvider',)"
2024-06-12 22:08:07,16,Information,Microsoft-Windows-Kernel-General,DESKTOP-QUV3S97,"('85', '\\??\\C:\\ProgramData\\Microsoft\\Provisioning\\Microsoft-Desktop-Provisioning-Sequence.dat', '0', '0')"
2024-06-12 22:16:59,158,Information,Microsoft-Windows-Time-Service,DESKTOP-QUV3S97,"('VMICTimeProvider',)"
2024-06-12 22:34:03,158,Information,Microsoft-Windows-Time-Service,DESKTOP-QUV3S97,"('VMICTimeProvider',)"
2024-06-12 22:51:07,158,Information,Microsoft-Windows-Time-Service,DESKTOP-QUV3S97,"('VMICTimeProvider',)"
2024-06-12 23:13:52,16,Information,Microsoft-Windows-Kernel-General,DESKTOP-QUV3S97,"('110', '\\??\\C:\\Users\\win11\\AppData\\Local\\Packages\\AD2F1837.BangOlufsenAudioControl_v10z8vjag6ke6\\Settings\\settings.dat', '2', '1')"
2024-06-12 23:13:53,10016,Warning,DCOM,DESKTOP-QUV3S97,"('application-specific', 'Local', 'Activation', '{2593F8B9-4EAF-457C-B68A-50F6B8EA6B54}', '{15C20B67-12E7-4BB6-92BB-7AFF07997402}', 'DESKTOP-QUV3S97', 'Adnan', 'S-1-5-21-1915879001-2348363783-178924610-1001', 'LocalHost (Using LRPC)', 'Unavailable', 'Unavailable')"
2024-06-12 23:27:46,16,Information,Microsoft-Windows-Kernel-General,DESKTOP-QUV3S97,"('163', '\\??\\C:\\ProgramData\\Packages\\WinRAR.ShellExtension_d9ma7nkbkv4rp\\S-1-5-21-1915879001-2348363783-178924610-1001\\SystemAppData\\Helium\\Cache\\47b86fda953346a8_COM15.dat', '1', '1')"
2024-06-13 00:14:06,42,Information,Microsoft-Windows-Kernel-Power,DESKTOP-QUV3S97,"('6', '5', '4', '0', '1')"
2024-06-13 12:03:55,6013,Information,EventLog,DESKTOP-QUV3S97,"('', '', '', '', '51812', '60', '')"
2024-06-13 00:14:08,107,Information,Microsoft-Windows-Kernel-Power,DESKTOP-QUV3S97,"('6', '5', '5', '1601-01-01T00:00:00.0000000Z', '1601-01-01T00:00:00.0000000Z', '0', '0')"
2024-06-13 12:04:14,5,Information,Microsoft-Windows-IsolatedUserMode,DESKTOP-QUV3S97,"('0', '0', '0', 'NULL')"
2024-06-13 12:04:15,2,Information,Microsoft-Windows-IsolatedUserMode,DESKTOP-QUV3S97,"('0', '0', '0')"
2024-06-13 12:04:16,16,Information,Microsoft-Windows-Kernel-General,DESKTOP-QUV3S97,"('156', '\\??\\C:\\ProgramData\\Packages\\MicrosoftTeams_8wekyb3d8bbwe\\S-1-5-21-1915879001-2348363783-178924610-1001\\SystemAppData\\Helium\\Cache\\2ec2946f8488f362_COM15.dat', '1', '1')"
2024-06-13 12:04:21,10016,Warning,DCOM,DESKTOP-QUV3S97,"('application-specific', 'Local', 'Activation', '{2593F8B9-4EAF-457C-B68A-50F6B8EA6B54}', '{15C20B67-12E7-4BB6-92BB-7AFF07997402}', 'DESKTOP-QUV3S97', 'Adnan', 'S-1-5-21-1915879001-2348363783-178924610-1001', 'LocalHost (Using LRPC)', 'Microsoft.SkypeApp_15.120.3207.0_x64__kzf8qxf38zg5c', 'Unavailable')"
2024-06-13 12:04:41,37,Information,Microsoft-Windows-Time-Service,DESKTOP-QUV3S97,"('time.windows.com,0x9 (ntp.m|0x9|0.0.0.0:123->40.81.94.65:123)',)"
2024-06-13 12:05:10,16,Information,Microsoft-Windows-Kernel-General,DESKTOP-QUV3S97,"('100', '\\??\\C:\\Users\\win11\\AppData\\Local\\Packages\\Microsoft.WindowsStore_8wekyb3d8bbwe\\Settings\\settings.dat', '20', '5')"
2024-06-13 12:05:11,7040,Information,Service Control Manager,DESKTOP-QUV3S97,"('Background Intelligent Transfer Service', 'demand start', 'auto start', 'BITS')"
2024-06-13 12:05:15,113,Information,Microsoft-Windows-HttpService,DESKTOP-QUV3S97,"('18302628899055468545', 'http://*:2869/upnp/eventing/', '0', '17040', '\\Device\\HarddiskVolume3\\Windows\\System32\\svchost.exe', 'S-1-5-19')"
2024-06-13 12:05:20,114,Information,Microsoft-Windows-HttpService,DESKTOP-QUV3S97,"('18302628899055468545', 'http://*:2869/upnp/eventing/', '17040', '\\Device\\HarddiskVolume3\\Windows\\System32\\svchost.exe', 'S-1-5-19')"
2024-06-13 12:05:33,114,Information,Microsoft-Windows-HttpService,DESKTOP-QUV3S97,"('18302628920530305025', 'http://*:2869/upnp/eventing/', '17040', '\\Device\\HarddiskVolume3\\Windows\\System32\\svchost.exe', 'S-1-5-19')"
2024-06-13 12:05:47,114,Information,Microsoft-Windows-HttpService,DESKTOP-QUV3S97,"('18302628916235337729', 'http://*:2869/upnp/eventing/', '17040', '\\Device\\HarddiskVolume3\\Windows\\System32\\svchost.exe', 'S-1-5-19')"
2024-06-13 12:05:55,114,Information,Microsoft-Windows-HttpService,DESKTOP-QUV3S97,"('18302628916235337730', 'http://*:2869/upnp/eventing/', '17040', '\\Device\\HarddiskVolume3\\Windows\\System32\\svchost.exe', 'S-1-5-19')"
2024-06-13 12:06:17,114,Information,Microsoft-Windows-HttpService,DESKTOP-QUV3S97,"('18302628907645403137', 'http://*:2869/upnp/eventing/', '17040', '\\Device\\HarddiskVolume3\\Windows\\System32\\svchost.exe', 'S-1-5-19')"
2024-06-13 12:06:30,114,Information,Microsoft-Windows-HttpService,DESKTOP-QUV3S97,"('18302628933415206913', 'http://*:2869/upnp/eventing/', '17040', '\\Device\\HarddiskVolume3\\Windows\\System32\\svchost.exe', 'S-1-5-19')"
2024-06-13 12:06:33,114,Information,Microsoft-Windows-HttpService,DESKTOP-QUV3S97,"('18302628907645403138', 'http://*:2869/upnp/eventing/', '17040', '\\Device\\HarddiskVolume3\\Windows\\System32\\svchost.exe', 'S-1-5-19')"
2024-06-13 12:06:40,114,Information,Microsoft-Windows-HttpService,DESKTOP-QUV3S97,"('18302628929120239622', 'http://*:2869/upnp/eventing/', '17040', '\\Device\\HarddiskVolume3\\Windows\\System32\\svchost.exe', 'S-1-5-19')"
2024-06-13 12:08:44,7040,Information,Service Control Manager,DESKTOP-QUV3S97,"('Background Intelligent Transfer Service', 'auto start', 'demand start', 'BITS')"
2024-06-13 12:09:55,1800,Warning,Microsoft-Windows-TPM-WMI,DESKTOP-QUV3S97,"('6',)"
2024-06-13 12:19:37,44,Information,Microsoft-Windows-WindowsUpdateClient,DESKTOP-QUV3S97,"('Security Intelligence Update for Microsoft Defender Antivirus - KB2267602 (Version 1.413.262.0) - Current Channel (Broad)', '{b1b424bb-4a87-43af-bfb4-d2905223ee05}', '200')"
2024-06-13 12:19:43,43,Information,Microsoft-Windows-WindowsUpdateClient,DESKTOP-QUV3S97,"('Security Intelligence Update for Microsoft Defender Antivirus - KB2267602 (Version 1.413.262.0) - Current Channel (Broad)', '{b1b424bb-4a87-43af-bfb4-d2905223ee05}', '200')"
2024-06-13 12:19:48,19,Information,Microsoft-Windows-WindowsUpdateClient,DESKTOP-QUV3S97,"('Security Intelligence Update for Microsoft Defender Antivirus - KB2267602 (Version 1.413.262.0) - Current Channel (Broad)', '{b1b424bb-4a87-43af-bfb4-d2905223ee05}', '200', '{9482f4b4-e343-43b6-b170-9a65bc822c77}')"
2024-06-13 12:24:10,7040,Information,Service Control Manager,DESKTOP-QUV3S97,"('Background Intelligent Transfer Service', 'demand start', 'auto start', 'BITS')"
2024-06-13 12:24:15,113,Information,Microsoft-Windows-HttpService,DESKTOP-QUV3S97,"('18302628929120239625', 'http://*:2869/upnp/eventing/', '0', '17040', '\\Device\\HarddiskVolume3\\Windows\\System32\\svchost.exe', 'S-1-5-19')"
2024-06-13 12:24:19,114,Information,Microsoft-Windows-HttpService,DESKTOP-QUV3S97,"('18302628929120239625', 'http://*:2869/upnp/eventing/', '17040', '\\Device\\HarddiskVolume3\\Windows\\System32\\svchost.exe', 'S-1-5-19')"
2024-06-13 12:24:20,113,Information,Microsoft-Windows-HttpService,DESKTOP-QUV3S97,"('18302628890465533953', 'http://*:2869/upnp/eventing/', '0', '17040', '\\Device\\HarddiskVolume3\\Windows\\System32\\svchost.exe', 'S-1-5-19')"
2024-06-13 12:26:39,7040,Information,Service Control Manager,DESKTOP-QUV3S97,"('Background Intelligent Transfer Service', 'auto start', 'demand start', 'BITS')"
2024-06-13 12:38:35,10016,Warning,DCOM,DESKTOP-QUV3S97,"('application-specific', 'Local', 'Activation', '{2593F8B9-4EAF-457C-B68A-50F6B8EA6B54}', '{15C20B67-12E7-4BB6-92BB-7AFF07997402}', 'DESKTOP-QUV3S97', 'Adnan', 'S-1-5-21-1915879001-2348363783-178924610-1001', 'LocalHost (Using LRPC)', 'Microsoft.SkypeApp_15.120.3207.0_x64__kzf8qxf38zg5c', 'Unavailable')"
2024-06-13 15:30:20,10016,Warning,DCOM,DESKTOP-QUV3S97,"('application-specific', 'Local', 'Activation', '{2593F8B9-4EAF-457C-B68A-50F6B8EA6B54}', '{15C20B67-12E7-4BB6-92BB-7AFF07997402}', 'DESKTOP-QUV3S97', 'Adnan', 'S-1-5-21-1915879001-2348363783-178924610-1001', 'LocalHost (Using LRPC)', 'Unavailable', 'Unavailable')"
2024-06-13 16:22:34,7040,Information,Service Control Manager,DESKTOP-QUV3S97,"('Background Intelligent Transfer Service', 'demand start', 'auto start', 'BITS')"
2024-06-13 16:24:38,7040,Information,Service Control Manager,DESKTOP-QUV3S97,"('Background Intelligent Transfer Service', 'auto start', 'demand start', 'BITS')"
2024-06-13 16:31:28,105,Information,Microsoft-Windows-Kernel-Power,DESKTOP-QUV3S97,"('false', '46090', '46090')"
2024-06-13 16:32:02,105,Information,Microsoft-Windows-Kernel-Power,DESKTOP-QUV3S97,"('true', '43860', '46090')"
2024-06-13 17:05:12,7040,Information,Service Control Manager,DESKTOP-QUV3S97,"('Background Intelligent Transfer Service', 'demand start', 'auto start', 'BITS')"
2024-06-13 17:05:16,113,Information,Microsoft-Windows-HttpService,DESKTOP-QUV3S97,"('18302628933415206915', 'http://*:2869/upnp/eventing/', '0', '17040', '\\Device\\HarddiskVolume3\\Windows\\System32\\svchost.exe', 'S-1-5-19')"
2024-06-13 17:05:21,114,Information,Microsoft-Windows-HttpService,DESKTOP-QUV3S97,"('18302628933415206915', 'http://*:2869/upnp/eventing/', '17040', '\\Device\\HarddiskVolume3\\Windows\\System32\\svchost.exe', 'S-1-5-19')"
2024-06-13 17:05:44,114,Information,Microsoft-Windows-HttpService,DESKTOP-QUV3S97,"('18302628929120239626', 'http://*:2869/upnp/eventing/', '17040', '\\Device\\HarddiskVolume3\\Windows\\System32\\svchost.exe', 'S-1-5-19')"
2024-06-13 17:07:52,7040,Information,Service Control Manager,DESKTOP-QUV3S97,"('Background Intelligent Transfer Service', 'auto start', 'demand start', 'BITS')"
2024-06-13 17:09:49,105,Information,Microsoft-Windows-Kernel-Power,DESKTOP-QUV3S97,"('false', '46090', '46090')"
2024-06-13 18:00:01,1800,Warning,Microsoft-Windows-TPM-WMI,DESKTOP-QUV3S97,"('6',)"
2024-06-13 18:29:40,105,Information,Microsoft-Windows-Kernel-Power,DESKTOP-QUV3S97,"('true', '32490', '46090')"
2024-06-19 15:08:15,6013,Information,EventLog,DESKTOP-QUV3S97,"('', '', '', '', '581271', '60', '')"
2024-06-13 19:26:46,107,Information,Microsoft-Windows-Kernel-Power,DESKTOP-QUV3S97,"('6', '5', '5', '1601-01-01T00:00:00.0000000Z', '1601-01-01T00:00:00.0000000Z', '0', '0')"
2024-06-19 15:08:37,16,Information,Microsoft-Windows-Kernel-General,DESKTOP-QUV3S97,"('167', '\\??\\C:\\ProgramData\\Packages\\AD2F1837.HPThermalControl_v10z8vjag6ke6\\S-1-5-21-1915879001-2348363783-178924610-1001\\SystemAppData\\Helium\\Cache\\d423ae2810f30f82_COM15.dat', '1', '1')"
2024-06-19 15:08:48,5,Information,Microsoft-Windows-IsolatedUserMode,DESKTOP-QUV3S97,"('0', '0', '0', 'NULL')"
2024-06-19 15:08:54,5,Information,Microsoft-Windows-IsolatedUserMode,DESKTOP-QUV3S97,"('0', '0', '0', 'NULL')"
2024-06-19 15:08:55,2,Information,Microsoft-Windows-IsolatedUserMode,DESKTOP-QUV3S97,"('0', '0', '0')"
