2024-05-28 11:44:00,16,Information,Microsoft-Windows-Kernel-General,DESKTOP-QUV3S97,"('96', '\\??\\C:\\Users\\win11\\AppData\\Local\\Packages\\Microsoft.SkypeApp_kzf8qxf38zg5c\\Settings\\settings.dat', '2', '1')"
2024-05-28 11:44:03,16,Information,Microsoft-Windows-Kernel-General,DESKTOP-QUV3S97,"('114', '\\??\\C:\\Users\\win11\\AppData\\Local\\Packages\\MicrosoftWindows.CrossDevice_cw5n1h2txyewy\\SystemAppData\\Helium\\User.dat', '1', '1')"
2024-05-28 11:44:05,16,Information,Microsoft-Windows-Kernel-General,DESKTOP-QUV3S97,"('106', '\\??\\C:\\Users\\win11\\AppData\\Local\\Packages\\MicrosoftWindows.CrossDevice_cw5n1h2txyewy\\Settings\\settings.dat', '26', '2')"
2024-05-28 11:44:12,44,Information,Microsoft-Windows-WindowsUpdateClient,DESKTOP-QUV3S97,"('Security Intelligence Update for Microsoft Defender Antivirus - KB2267602 (Version 1.411.404.0) - Current Channel (Broad)', '{4bb3df29-8ef9-44fc-b0b9-2af995f9a8ae}', '200')"
2024-05-28 11:44:13,43,Information,Microsoft-Windows-WindowsUpdateClient,DESKTOP-QUV3S97,"('Security Intelligence Update for Microsoft Defender Antivirus - KB2267602 (Version 1.411.404.0) - Current Channel (Broad)', '{4bb3df29-8ef9-44fc-b0b9-2af995f9a8ae}', '200')"
2024-05-28 11:44:15,37,Information,Microsoft-Windows-Time-Service,DESKTOP-QUV3S97,"('time.windows.com,0x9 (ntp.m|0x9|0.0.0.0:123->52.148.114.188:123)',)"
2024-05-28 11:44:21,105,Information,Microsoft-Windows-Kernel-Power,DESKTOP-QUV3S97,"('true', '35280', '45330')"
2024-05-28 11:44:22,19,Information,Microsoft-Windows-WindowsUpdateClient,DESKTOP-QUV3S97,"('Security Intelligence Update for Microsoft Defender Antivirus - KB2267602 (Version 1.411.404.0) - Current Channel (Broad)', '{4bb3df29-8ef9-44fc-b0b9-2af995f9a8ae}', '200', '{9482f4b4-e343-43b6-b170-9a65bc822c77}')"
2024-05-28 11:44:30,24,Information,Microsoft-Windows-Kernel-General,DESKTOP-QUV3S97,"('0', '-360', '0', '0', '0')"
2024-05-28 11:44:49,7040,Information,Service Control Manager,DESKTOP-QUV3S97,"('Background Intelligent Transfer Service', 'demand start', 'auto start', 'BITS')"
2024-05-28 11:44:51,16,Information,Microsoft-Windows-Kernel-General,DESKTOP-QUV3S97,"('167', '\\??\\C:\\ProgramData\\Packages\\Microsoft.WindowsTerminal_8wekyb3d8bbwe\\S-1-5-21-1915879001-2348363783-178924610-1001\\SystemAppData\\Helium\\Cache\\42e0eb1fcf960438_COM15.dat', '1', '1')"
2024-05-28 11:44:55,113,Information,Microsoft-Windows-HttpService,DESKTOP-QUV3S97,"('18302628916235337734', 'http://*:2869/upnp/eventing/', '0', '11540', '\\Device\\HarddiskVolume3\\Windows\\System32\\svchost.exe', 'S-1-5-19')"
2024-05-28 11:44:58,114,Information,Microsoft-Windows-HttpService,DESKTOP-QUV3S97,"('18302628916235337734', 'http://*:2869/upnp/eventing/', '11540', '\\Device\\HarddiskVolume3\\Windows\\System32\\svchost.exe', 'S-1-5-19')"
2024-05-28 11:45:09,114,Information,Microsoft-Windows-HttpService,DESKTOP-QUV3S97,"('18302628929120239666', 'http://*:2869/upnp/eventing/', '11540', '\\Device\\HarddiskVolume3\\Windows\\System32\\svchost.exe', 'S-1-5-19')"
2024-05-28 11:47:14,114,Information,Microsoft-Windows-HttpService,DESKTOP-QUV3S97,"('18302628933415206945', 'http://*:2869/upnp/eventing/', '11540', '\\Device\\HarddiskVolume3\\Windows\\System32\\svchost.exe', 'S-1-5-19')"
2024-05-28 11:47:15,113,Information,Microsoft-Windows-HttpService,DESKTOP-QUV3S97,"('18302628920530305041', 'http://*:2869/upnp/eventing/', '0', '11540', '\\Device\\HarddiskVolume3\\Windows\\System32\\svchost.exe', 'S-1-5-19')"
2024-05-28 11:47:20,114,Information,Microsoft-Windows-HttpService,DESKTOP-QUV3S97,"('18302628920530305041', 'http://*:2869/upnp/eventing/', '11540', '\\Device\\HarddiskVolume3\\Windows\\System32\\svchost.exe', 'S-1-5-19')"
2024-05-28 11:49:24,7040,Information,Service Control Manager,DESKTOP-QUV3S97,"('Background Intelligent Transfer Service', 'auto start', 'demand start', 'BITS')"
2024-05-28 11:49:37,7040,Information,Service Control Manager,DESKTOP-QUV3S97,"('Background Intelligent Transfer Service', 'demand start', 'auto start', 'BITS')"
2024-05-28 11:49:41,113,Information,Microsoft-Windows-HttpService,DESKTOP-QUV3S97,"('18302628933415206946', 'http://*:2869/upnp/eventing/', '0', '11540', '\\Device\\HarddiskVolume3\\Windows\\System32\\svchost.exe', 'S-1-5-19')"
2024-05-28 11:49:46,114,Information,Microsoft-Windows-HttpService,DESKTOP-QUV3S97,"('18302628933415206946', 'http://*:2869/upnp/eventing/', '11540', '\\Device\\HarddiskVolume3\\Windows\\System32\\svchost.exe', 'S-1-5-19')"
2024-05-28 11:50:06,114,Information,Microsoft-Windows-HttpService,DESKTOP-QUV3S97,"('18302628924825272327', 'http://*:2869/upnp/eventing/', '11540', '\\Device\\HarddiskVolume3\\Windows\\System32\\svchost.exe', 'S-1-5-19')"
2024-05-28 11:50:26,114,Information,Microsoft-Windows-HttpService,DESKTOP-QUV3S97,"('18302628933415206947', 'http://*:2869/upnp/eventing/', '11540', '\\Device\\HarddiskVolume3\\Windows\\System32\\svchost.exe', 'S-1-5-19')"
2024-05-28 11:52:30,7040,Information,Service Control Manager,DESKTOP-QUV3S97,"('Background Intelligent Transfer Service', 'auto start', 'demand start', 'BITS')"
2024-05-28 12:00:00,6013,Information,EventLog,DESKTOP-QUV3S97,"('', '', '', '', '865544', '60', '')"
2024-05-28 12:09:24,10016,Warning,DCOM,DESKTOP-QUV3S97,"('application-specific', 'Local', 'Activation', '{2593F8B9-4EAF-457C-B68A-50F6B8EA6B54}', '{15C20B67-12E7-4BB6-92BB-7AFF07997402}', 'DESKTOP-QUV3S97', 'Adnan', 'S-1-5-21-1915879001-2348363783-178924610-1001', 'LocalHost (Using LRPC)', 'Microsoft.SkypeApp_15.119.3201.0_x64__kzf8qxf38zg5c', 'Unavailable')"
2024-05-28 12:09:25,10016,Warning,DCOM,DESKTOP-QUV3S97,"('application-specific', 'Local', 'Activation', '{2593F8B9-4EAF-457C-B68A-50F6B8EA6B54}', '{15C20B67-12E7-4BB6-92BB-7AFF07997402}', 'DESKTOP-QUV3S97', 'Adnan', 'S-1-5-21-1915879001-2348363783-178924610-1001', 'LocalHost (Using LRPC)', 'Microsoft.SkypeApp_15.119.3201.0_x64__kzf8qxf38zg5c', 'Unavailable')"
2024-05-28 12:10:21,10016,Warning,DCOM,DESKTOP-QUV3S97,"('application-specific', 'Local', 'Activation', '{2593F8B9-4EAF-457C-B68A-50F6B8EA6B54}', '{15C20B67-12E7-4BB6-92BB-7AFF07997402}', 'DESKTOP-QUV3S97', 'Adnan', 'S-1-5-21-1915879001-2348363783-178924610-1001', 'LocalHost (Using LRPC)', 'MicrosoftWindows.Client.WebExperience_524.13200.10.0_x64__cw5n1h2txyewy', 'Unavailable')"
2024-05-28 12:26:29,10016,Warning,DCOM,DESKTOP-QUV3S97,"('application-specific', 'Local', 'Activation', '{2593F8B9-4EAF-457C-B68A-50F6B8EA6B54}', '{15C20B67-12E7-4BB6-92BB-7AFF07997402}', 'DESKTOP-QUV3S97', 'Adnan', 'S-1-5-21-1915879001-2348363783-178924610-1001', 'LocalHost (Using LRPC)', 'Unavailable', 'Unavailable')"
2024-05-28 13:25:31,1014,Warning,Microsoft-Windows-DNS-Client,DESKTOP-QUV3S97,"('config.extension.grammarly.com', '128', '02000000C0A80001000000000000000000000000000000000000000000000000000000000000000000000000000000000000000000000000000000000000000000000000000000000000000000000000000000000000000000000000000000000000000000000000000000000000000000000000000000000000000000000000', '11492')"
2024-05-28 13:26:06,1014,Warning,Microsoft-Windows-DNS-Client,DESKTOP-QUV3S97,"('azscus1-client-s.gateway.messenger.live.com', '128', '02000000C0A80001000000000000000000000000000000000000000000000000000000000000000000000000000000000000000000000000000000000000000000000000000000000000000000000000000000000000000000000000000000000000000000000000000000000000000000000000000000000000000000000000', '23760')"
2024-05-28 13:26:07,1014,Warning,Microsoft-Windows-DNS-Client,DESKTOP-QUV3S97,"('browser.pipe.aria.microsoft.com', '128', '02000000C0A80001000000000000000000000000000000000000000000000000000000000000000000000000000000000000000000000000000000000000000000000000000000000000000000000000000000000000000000000000000000000000000000000000000000000000000000000000000000000000000000000000', '23760')"
2024-05-28 13:26:33,1014,Warning,Microsoft-Windows-DNS-Client,DESKTOP-QUV3S97,"('trouter-azsc-asse-0-a.trouter.skype.com', '128', '02000000C0A80001000000000000000000000000000000000000000000000000000000000000000000000000000000000000000000000000000000000000000000000000000000000000000000000000000000000000000000000000000000000000000000000000000000000000000000000000000000000000000000000000', '10016')"
2024-05-28 13:26:37,4003,Warning,Microsoft-Windows-WLAN-AutoConfig,DESKTOP-QUV3S97,"('4', '0x0', '5', '0')"
2024-05-28 13:26:40,1014,Warning,Microsoft-Windows-DNS-Client,DESKTOP-QUV3S97,"('www.google.com', '128', '02000000C0A80001000000000000000000000000000000000000000000000000000000000000000000000000000000000000000000000000000000000000000000000000000000000000000000000000000000000000000000000000000000000000000000000000000000000000000000000000000000000000000000000000', '11492')"
2024-05-28 13:27:05,1014,Warning,Microsoft-Windows-DNS-Client,DESKTOP-QUV3S97,"('trouter-azsc-asse-0-a.trouter.skype.com', '128', '02000000C0A80001000000000000000000000000000000000000000000000000000000000000000000000000000000000000000000000000000000000000000000000000000000000000000000000000000000000000000000000000000000000000000000000000000000000000000000000000000000000000000000000000', '10016')"
2024-05-28 13:27:18,1014,Warning,Microsoft-Windows-DNS-Client,DESKTOP-QUV3S97,"('statics.teams.cdn.live.net', '128', '02000000C0A80001000000000000000000000000000000000000000000000000000000000000000000000000000000000000000000000000000000000000000000000000000000000000000000000000000000000000000000000000000000000000000000000000000000000000000000000000000000000000000000000000', '17176')"
2024-05-28 13:27:20,1014,Warning,Microsoft-Windows-DNS-Client,DESKTOP-QUV3S97,"('ic3.events.data.microsoft.com', '128', '02000000C0A80001000000000000000000000000000000000000000000000000000000000000000000000000000000000000000000000000000000000000000000000000000000000000000000000000000000000000000000000000000000000000000000000000000000000000000000000000000000000000000000000000', '10016')"
2024-05-28 16:43:50,5,Information,Microsoft-Windows-IsolatedUserMode,DESKTOP-QUV3S97,"('0', '0', '0', 'NULL')"
2024-05-28 16:43:51,2,Information,Microsoft-Windows-IsolatedUserMode,DESKTOP-QUV3S97,"('0', '0', '0')"
2024-05-28 16:44:51,7040,Information,Service Control Manager,DESKTOP-QUV3S97,"('Background Intelligent Transfer Service', 'demand start', 'auto start', 'BITS')"
2024-05-28 16:44:55,113,Information,Microsoft-Windows-HttpService,DESKTOP-QUV3S97,"('18302628929120239668', 'http://*:2869/upnp/eventing/', '0', '11540', '\\Device\\HarddiskVolume3\\Windows\\System32\\svchost.exe', 'S-1-5-19')"
2024-05-28 16:45:00,114,Information,Microsoft-Windows-HttpService,DESKTOP-QUV3S97,"('18302628929120239668', 'http://*:2869/upnp/eventing/', '11540', '\\Device\\HarddiskVolume3\\Windows\\System32\\svchost.exe', 'S-1-5-19')"
2024-05-28 16:45:24,114,Information,Microsoft-Windows-HttpService,DESKTOP-QUV3S97,"('18302628899055468554', 'http://*:2869/upnp/eventing/', '11540', '\\Device\\HarddiskVolume3\\Windows\\System32\\svchost.exe', 'S-1-5-19')"
2024-05-28 16:45:28,114,Information,Microsoft-Windows-HttpService,DESKTOP-QUV3S97,"('18302628929120239669', 'http://*:2869/upnp/eventing/', '11540', '\\Device\\HarddiskVolume3\\Windows\\System32\\svchost.exe', 'S-1-5-19')"
2024-05-28 16:46:16,114,Information,Microsoft-Windows-HttpService,DESKTOP-QUV3S97,"('18302628929120239670', 'http://*:2869/upnp/eventing/', '11540', '\\Device\\HarddiskVolume3\\Windows\\System32\\svchost.exe', 'S-1-5-19')"
2024-05-28 16:48:23,7040,Information,Service Control Manager,DESKTOP-QUV3S97,"('Background Intelligent Transfer Service', 'auto start', 'demand start', 'BITS')"
2024-05-28 20:50:23,37,Information,Microsoft-Windows-Time-Service,DESKTOP-QUV3S97,"('time.windows.com,0x9 (ntp.m|0x9|0.0.0.0:123->52.148.114.188:123)',)"
2024-05-28 21:51:22,107,Information,Microsoft-Windows-Kernel-Power,DESKTOP-QUV3S97,"('6', '5', '5', '1601-01-01T00:00:00.0000000Z', '1601-01-01T00:00:00.0000000Z', '0', '0')"
2024-05-29 10:59:06,1,Information,Microsoft-Windows-Kernel-General,DESKTOP-QUV3S97,"('2024-05-29T04:59:06.5000000Z', '2024-05-28T15:51:22.2286729Z', '47264271', '2', '', '4', '2024-05-29T10:59:06.5000000Z', '-360', 'false', 'false')"
2024-05-29 10:59:08,1,Information,Microsoft-Windows-Power-Troubleshooter,DESKTOP-QUV3S97,"('2024-05-28T15:51:19.1519250Z', '2024-05-29T04:59:07.0831807Z', '1760', '582', '548', '3525', '2830', '4305', '373882', '1979728129', '6', '5', '0', '0', '', '0', '0', '0', '', '', '14')"
2024-05-29 10:59:19,16,Information,Microsoft-Windows-Kernel-General,DESKTOP-QUV3S97,"('102', '\\??\\C:\\Users\\win11\\AppData\\Local\\Packages\\5319275A.WhatsAppDesktop_cv1g1gvanyjgm\\Settings\\settings.dat', '2', '1')"
2024-05-29 10:59:24,5,Information,Microsoft-Windows-IsolatedUserMode,DESKTOP-QUV3S97,"('0', '0', '0', 'NULL')"
2024-05-29 10:59:30,5,Information,Microsoft-Windows-IsolatedUserMode,DESKTOP-QUV3S97,"('0', '0', '0', 'NULL')"
2024-05-29 10:59:31,2,Information,Microsoft-Windows-IsolatedUserMode,DESKTOP-QUV3S97,"('0', '0', '0')"
2024-05-29 10:59:37,10016,Warning,DCOM,DESKTOP-QUV3S97,"('application-specific', 'Local', 'Activation', '{2593F8B9-4EAF-457C-B68A-50F6B8EA6B54}', '{15C20B67-12E7-4BB6-92BB-7AFF07997402}', 'DESKTOP-QUV3S97', 'Adnan', 'S-1-5-21-1915879001-2348363783-178924610-1001', 'LocalHost (Using LRPC)', 'Microsoft.SkypeApp_15.119.3201.0_x64__kzf8qxf38zg5c', 'Unavailable')"
2024-05-29 10:59:38,10016,Warning,DCOM,DESKTOP-QUV3S97,"('application-specific', 'Local', 'Activation', '{2593F8B9-4EAF-457C-B68A-50F6B8EA6B54}', '{15C20B67-12E7-4BB6-92BB-7AFF07997402}', 'DESKTOP-QUV3S97', 'Adnan', 'S-1-5-21-1915879001-2348363783-178924610-1001', 'LocalHost (Using LRPC)', 'Microsoft.SkypeApp_15.119.3201.0_x64__kzf8qxf38zg5c', 'Unavailable')"
2024-05-29 10:59:52,37,Information,Microsoft-Windows-Time-Service,DESKTOP-QUV3S97,"('time.windows.com,0x9 (ntp.m|0x9|0.0.0.0:123->40.81.94.65:123)',)"
2024-05-29 11:00:08,35,Information,Microsoft-Windows-Time-Service,DESKTOP-QUV3S97,"('time.windows.com,0x9 (ntp.m|0x9|0.0.0.0:123->40.81.94.65:123)', '1096700200', '4')"
2024-05-29 11:00:43,7040,Information,Service Control Manager,DESKTOP-QUV3S97,"('Background Intelligent Transfer Service', 'demand start', 'auto start', 'BITS')"
2024-05-29 11:00:47,113,Information,Microsoft-Windows-HttpService,DESKTOP-QUV3S97,"('18302628903350435853', 'http://*:2869/upnp/eventing/', '0', '11540', '\\Device\\HarddiskVolume3\\Windows\\System32\\svchost.exe', 'S-1-5-19')"
2024-05-29 11:00:52,114,Information,Microsoft-Windows-HttpService,DESKTOP-QUV3S97,"('18302628903350435853', 'http://*:2869/upnp/eventing/', '11540', '\\Device\\HarddiskVolume3\\Windows\\System32\\svchost.exe', 'S-1-5-19')"
2024-05-29 11:03:04,114,Information,Microsoft-Windows-HttpService,DESKTOP-QUV3S97,"('18302628899055468555', 'http://*:2869/upnp/eventing/', '11540', '\\Device\\HarddiskVolume3\\Windows\\System32\\svchost.exe', 'S-1-5-19')"
2024-05-29 11:03:09,114,Information,Microsoft-Windows-HttpService,DESKTOP-QUV3S97,"('18302628924825272329', 'http://*:2869/upnp/eventing/', '11540', '\\Device\\HarddiskVolume3\\Windows\\System32\\svchost.exe', 'S-1-5-19')"
2024-05-29 11:05:13,7040,Information,Service Control Manager,DESKTOP-QUV3S97,"('Background Intelligent Transfer Service', 'auto start', 'demand start', 'BITS')"
2024-05-29 11:18:03,10016,Warning,DCOM,DESKTOP-QUV3S97,"('application-specific', 'Local', 'Activation', '{2593F8B9-4EAF-457C-B68A-50F6B8EA6B54}', '{15C20B67-12E7-4BB6-92BB-7AFF07997402}', 'DESKTOP-QUV3S97', 'Adnan', 'S-1-5-21-1915879001-2348363783-178924610-1001', 'LocalHost (Using LRPC)', 'Unavailable', 'Unavailable')"
2024-05-29 11:42:16,10016,Warning,DCOM,DESKTOP-QUV3S97,"('application-specific', 'Local', 'Activation', '{2593F8B9-4EAF-457C-B68A-50F6B8EA6B54}', '{15C20B67-12E7-4BB6-92BB-7AFF07997402}', 'DESKTOP-QUV3S97', 'Adnan', 'S-1-5-21-1915879001-2348363783-178924610-1001', 'LocalHost (Using LRPC)', 'Microsoft.SkypeApp_15.119.3201.0_x64__kzf8qxf38zg5c', 'Unavailable')"
2024-05-29 11:42:17,10016,Warning,DCOM,DESKTOP-QUV3S97,"('application-specific', 'Local', 'Activation', '{2593F8B9-4EAF-457C-B68A-50F6B8EA6B54}', '{15C20B67-12E7-4BB6-92BB-7AFF07997402}', 'DESKTOP-QUV3S97', 'Adnan', 'S-1-5-21-1915879001-2348363783-178924610-1001', 'LocalHost (Using LRPC)', 'Microsoft.SkypeApp_15.119.3201.0_x64__kzf8qxf38zg5c', 'Unavailable')"
2024-05-29 11:51:28,16,Information,Microsoft-Windows-Kernel-General,DESKTOP-QUV3S97,"('115', '\\??\\C:\\Users\\win11\\AppData\\Local\\Packages\\Microsoft.Windows.ShellExperienceHost_cw5n1h2txyewy\\Settings\\settings.dat', '2', '1')"
2024-05-29 12:00:00,6013,Information,EventLog,DESKTOP-QUV3S97,"('', '', '', '', '951945', '60', '')"
2024-05-29 12:26:59,10010,Error,DCOM,DESKTOP-QUV3S97,"('{AB8902B4-09CA-4BB6-B78D-A8F59079A8D5}',)"
2024-05-29 12:27:00,10010,Error,DCOM,DESKTOP-QUV3S97,"('{AB8902B4-09CA-4BB6-B78D-A8F59079A8D5}',)"
2024-05-29 12:27:06,42,Information,Microsoft-Windows-Kernel-Power,DESKTOP-QUV3S97,"('6', '5', '4', '0', '39')"
2024-05-29 12:27:08,107,Information,Microsoft-Windows-Kernel-Power,DESKTOP-QUV3S97,"('6', '5', '5', '1601-01-01T00:00:00.0000000Z', '1601-01-01T00:00:00.0000000Z', '0', '0')"
2024-05-29 13:56:03,1,Information,Microsoft-Windows-Kernel-General,DESKTOP-QUV3S97,"('2024-05-29T07:56:03.5000000Z', '2024-05-29T06:27:08.9795153Z', '5334520', '2', '', '4', '2024-05-29T13:56:03.5000000Z', '-360', 'false', 'false')"
2024-05-29 13:56:05,1,Information,Microsoft-Windows-Power-Troubleshooter,DESKTOP-QUV3S97,"('2024-05-29T06:27:05.1801269Z', '2024-05-29T07:56:04.0751672Z', '1866', '574', '535', '3521', '3687', '4281', '359739', '1979728129', '6', '5', '0', '0', '', '0', '0', '0', '', '', '25')"
2024-05-29 13:56:17,5,Information,Microsoft-Windows-IsolatedUserMode,DESKTOP-QUV3S97,"('0', '0', '0', 'NULL')"
2024-05-29 13:56:23,5,Information,Microsoft-Windows-IsolatedUserMode,DESKTOP-QUV3S97,"('0', '0', '0', 'NULL')"
2024-05-29 13:56:24,2,Information,Microsoft-Windows-IsolatedUserMode,DESKTOP-QUV3S97,"('0', '0', '0')"
2024-05-29 13:56:26,10016,Warning,DCOM,DESKTOP-QUV3S97,"('application-specific', 'Local', 'Activation', '{2593F8B9-4EAF-457C-B68A-50F6B8EA6B54}', '{15C20B67-12E7-4BB6-92BB-7AFF07997402}', 'DESKTOP-QUV3S97', 'Adnan', 'S-1-5-21-1915879001-2348363783-178924610-1001', 'LocalHost (Using LRPC)', 'Microsoft.SkypeApp_15.119.3201.0_x64__kzf8qxf38zg5c', 'Unavailable')"
2024-05-29 13:56:27,10016,Warning,DCOM,DESKTOP-QUV3S97,"('application-specific', 'Local', 'Activation', '{2593F8B9-4EAF-457C-B68A-50F6B8EA6B54}', '{15C20B67-12E7-4BB6-92BB-7AFF07997402}', 'DESKTOP-QUV3S97', 'Adnan', 'S-1-5-21-1915879001-2348363783-178924610-1001', 'LocalHost (Using LRPC)', 'Microsoft.SkypeApp_15.119.3201.0_x64__kzf8qxf38zg5c', 'Unavailable')"
2024-05-29 13:56:53,10016,Warning,DCOM,DESKTOP-QUV3S97,"('application-specific', 'Local', 'Activation', '{2593F8B9-4EAF-457C-B68A-50F6B8EA6B54}', '{15C20B67-12E7-4BB6-92BB-7AFF07997402}', 'DESKTOP-QUV3S97', 'Adnan', 'S-1-5-21-1915879001-2348363783-178924610-1001', 'LocalHost (Using LRPC)', 'Microsoft.SkypeApp_15.119.3201.0_x64__kzf8qxf38zg5c', 'Unavailable')"
2024-05-29 13:57:21,7040,Information,Service Control Manager,DESKTOP-QUV3S97,"('Background Intelligent Transfer Service', 'demand start', 'auto start', 'BITS')"
2024-05-29 13:57:25,113,Information,Microsoft-Windows-HttpService,DESKTOP-QUV3S97,"('18302628916235337736', 'http://*:2869/upnp/eventing/', '0', '11540', '\\Device\\HarddiskVolume3\\Windows\\System32\\svchost.exe', 'S-1-5-19')"
2024-05-29 13:57:30,114,Information,Microsoft-Windows-HttpService,DESKTOP-QUV3S97,"('18302628916235337736', 'http://*:2869/upnp/eventing/', '11540', '\\Device\\HarddiskVolume3\\Windows\\System32\\svchost.exe', 'S-1-5-19')"
2024-05-29 13:57:42,114,Information,Microsoft-Windows-HttpService,DESKTOP-QUV3S97,"('18302628920530305043', 'http://*:2869/upnp/eventing/', '11540', '\\Device\\HarddiskVolume3\\Windows\\System32\\svchost.exe', 'S-1-5-19')"
2024-05-29 13:57:47,114,Information,Microsoft-Windows-HttpService,DESKTOP-QUV3S97,"('18158513698094710789', 'http://*:2869/upnp/eventing/', '11540', '\\Device\\HarddiskVolume3\\Windows\\System32\\svchost.exe', 'S-1-5-19')"
2024-05-29 13:58:02,114,Information,Microsoft-Windows-HttpService,DESKTOP-QUV3S97,"('18302628907645403143', 'http://*:2869/upnp/eventing/', '11540', '\\Device\\HarddiskVolume3\\Windows\\System32\\svchost.exe', 'S-1-5-19')"
2024-05-29 13:58:36,114,Information,Microsoft-Windows-HttpService,DESKTOP-QUV3S97,"('18302628890465533965', 'http://*:2869/upnp/eventing/', '11540', '\\Device\\HarddiskVolume3\\Windows\\System32\\svchost.exe', 'S-1-5-19')"
2024-05-29 13:59:04,105,Information,Microsoft-Windows-Kernel-Power,DESKTOP-QUV3S97,"('true', '29730', '45400')"
2024-05-29 14:00:40,7040,Information,Service Control Manager,DESKTOP-QUV3S97,"('Background Intelligent Transfer Service', 'auto start', 'demand start', 'BITS')"
2024-05-29 14:02:03,7040,Information,Service Control Manager,DESKTOP-QUV3S97,"('Background Intelligent Transfer Service', 'demand start', 'auto start', 'BITS')"
2024-05-29 14:02:07,113,Information,Microsoft-Windows-HttpService,DESKTOP-QUV3S97,"('18302628933415206948', 'http://*:2869/upnp/eventing/', '0', '11540', '\\Device\\HarddiskVolume3\\Windows\\System32\\svchost.exe', 'S-1-5-19')"
2024-05-29 14:02:12,114,Information,Microsoft-Windows-HttpService,DESKTOP-QUV3S97,"('18302628933415206948', 'http://*:2869/upnp/eventing/', '11540', '\\Device\\HarddiskVolume3\\Windows\\System32\\svchost.exe', 'S-1-5-19')"
2024-05-29 14:02:27,114,Information,Microsoft-Windows-HttpService,DESKTOP-QUV3S97,"('18302628894760501256', 'http://*:2869/upnp/eventing/', '11540', '\\Device\\HarddiskVolume3\\Windows\\System32\\svchost.exe', 'S-1-5-19')"
2024-05-29 14:04:35,7040,Information,Service Control Manager,DESKTOP-QUV3S97,"('Background Intelligent Transfer Service', 'auto start', 'demand start', 'BITS')"
2024-05-29 14:06:11,44,Information,Microsoft-Windows-WindowsUpdateClient,DESKTOP-QUV3S97,"('Security Intelligence Update for Microsoft Defender Antivirus - KB2267602 (Version 1.411.423.0) - Current Channel (Broad)', '{b1e25eba-e82b-47eb-9b81-08ca6aa4945d}', '200')"
2024-05-29 14:06:16,19,Information,Microsoft-Windows-WindowsUpdateClient,DESKTOP-QUV3S97,"('Security Intelligence Update for Microsoft Defender Antivirus - KB2267602 (Version 1.411.423.0) - Current Channel (Broad)', '{b1e25eba-e82b-47eb-9b81-08ca6aa4945d}', '200', '{9482f4b4-e343-43b6-b170-9a65bc822c77}')"
2024-05-29 14:11:08,10016,Warning,DCOM,DESKTOP-QUV3S97,"('application-specific', 'Local', 'Activation', '{2593F8B9-4EAF-457C-B68A-50F6B8EA6B54}', '{15C20B67-12E7-4BB6-92BB-7AFF07997402}', 'DESKTOP-QUV3S97', 'Adnan', 'S-1-5-21-1915879001-2348363783-178924610-1001', 'LocalHost (Using LRPC)', 'Unavailable', 'Unavailable')"
2024-05-29 14:37:58,44,Information,Microsoft-Windows-WindowsUpdateClient,DESKTOP-QUV3S97,"('9P086NHDNB9W-Microsoft.XboxSpeechtoTextOverlay', '{0fe9b276-1904-4c51-a604-b9d791936b3d}', '1')"
2024-05-29 14:37:59,44,Information,Microsoft-Windows-WindowsUpdateClient,DESKTOP-QUV3S97,"('9NBLGGH537C2-Microsoft.XboxGameOverlay', '{075a4121-db52-4709-91f0-1a3dbd9beb30}', '1')"
2024-05-29 16:06:01,10016,Warning,DCOM,DESKTOP-QUV3S97,"('application-specific', 'Local', 'Activation', '{2593F8B9-4EAF-457C-B68A-50F6B8EA6B54}', '{15C20B67-12E7-4BB6-92BB-7AFF07997402}', 'DESKTOP-QUV3S97', 'Adnan', 'S-1-5-21-1915879001-2348363783-178924610-1001', 'LocalHost (Using LRPC)', 'MicrosoftWindows.Client.WebExperience_524.13200.10.0_x64__cw5n1h2txyewy', 'Unavailable')"
2024-05-29 16:23:10,10016,Warning,DCOM,DESKTOP-QUV3S97,"('application-specific', 'Local', 'Activation', '{2593F8B9-4EAF-457C-B68A-50F6B8EA6B54}', '{15C20B67-12E7-4BB6-92BB-7AFF07997402}', 'DESKTOP-QUV3S97', 'Adnan', 'S-1-5-21-1915879001-2348363783-178924610-1001', 'LocalHost (Using LRPC)', 'Unavailable', 'Unavailable')"
2024-05-29 18:03:44,44,Information,Microsoft-Windows-WindowsUpdateClient,DESKTOP-QUV3S97,"('Security Intelligence Update for Microsoft Defender Antivirus - KB2267602 (Version 1.411.424.0) - Current Channel (Broad)', '{2a7df578-f1c6-41d7-b38c-aa7cf41b96be}', '200')"
2024-05-29 18:05:58,43,Information,Microsoft-Windows-WindowsUpdateClient,DESKTOP-QUV3S97,"('Security Intelligence Update for Microsoft Defender Antivirus - KB2267602 (Version 1.411.424.0) - Current Channel (Broad)', '{2a7df578-f1c6-41d7-b38c-aa7cf41b96be}', '200')"
2024-05-29 18:06:03,19,Information,Microsoft-Windows-WindowsUpdateClient,DESKTOP-QUV3S97,"('Security Intelligence Update for Microsoft Defender Antivirus - KB2267602 (Version 1.411.424.0) - Current Channel (Broad)', '{2a7df578-f1c6-41d7-b38c-aa7cf41b96be}', '200', '{9482f4b4-e343-43b6-b170-9a65bc822c77}')"
2024-05-29 18:36:56,10016,Warning,DCOM,DESKTOP-QUV3S97,"('application-specific', 'Local', 'Activation', '{2593F8B9-4EAF-457C-B68A-50F6B8EA6B54}', '{15C20B67-12E7-4BB6-92BB-7AFF07997402}', 'DESKTOP-QUV3S97', 'Adnan', 'S-1-5-21-1915879001-2348363783-178924610-1001', 'LocalHost (Using LRPC)', 'Unavailable', 'Unavailable')"
2024-05-29 18:55:07,16,Information,Microsoft-Windows-Kernel-General,DESKTOP-QUV3S97,"('100', '\\??\\C:\\Users\\win11\\AppData\\Local\\Packages\\Microsoft.WindowsStore_8wekyb3d8bbwe\\Settings\\settings.dat', '14', '5')"
2024-05-29 19:02:03,7040,Information,Service Control Manager,DESKTOP-QUV3S97,"('Background Intelligent Transfer Service', 'demand start', 'auto start', 'BITS')"
2024-05-29 19:02:07,113,Information,Microsoft-Windows-HttpService,DESKTOP-QUV3S97,"('18302628929120239672', 'http://*:2869/upnp/eventing/', '0', '11540', '\\Device\\HarddiskVolume3\\Windows\\System32\\svchost.exe', 'S-1-5-19')"
2024-05-29 19:02:12,114,Information,Microsoft-Windows-HttpService,DESKTOP-QUV3S97,"('18302628929120239672', 'http://*:2869/upnp/eventing/', '11540', '\\Device\\HarddiskVolume3\\Windows\\System32\\svchost.exe', 'S-1-5-19')"
2024-05-29 19:02:35,114,Information,Microsoft-Windows-HttpService,DESKTOP-QUV3S97,"('18302628929120239673', 'http://*:2869/upnp/eventing/', '11540', '\\Device\\HarddiskVolume3\\Windows\\System32\\svchost.exe', 'S-1-5-19')"
2024-05-29 19:04:43,7040,Information,Service Control Manager,DESKTOP-QUV3S97,"('Background Intelligent Transfer Service', 'auto start', 'demand start', 'BITS')"
2024-05-29 19:09:02,187,Information,Microsoft-Windows-Kernel-Power,DESKTOP-QUV3S97,"('53', '\\Device\\HarddiskVolume3\\Windows\\System32\\winlogon.exe', '3', '2')"
2024-05-29 19:09:04,107,Information,Microsoft-Windows-Kernel-Power,DESKTOP-QUV3S97,"('6', '5', '5', '1601-01-01T00:00:00.0000000Z', '1601-01-01T00:00:00.0000000Z', '0', '0')"
2024-05-29 21:08:04,1,Information,Microsoft-Windows-Kernel-General,DESKTOP-QUV3S97,"('2024-05-29T15:08:04.5000000Z', '2024-05-29T13:09:04.8131361Z', '7139686', '2', '', '4', '2024-05-29T21:08:04.5000000Z', '-360', 'false', 'false')"
2024-05-29 21:08:05,30,Information,Microsoft-Windows-Kernel-Boot,DESKTOP-QUV3S97,"('0', '3256', '3524', '7899', '7933')"
2024-05-29 21:08:06,1,Information,Microsoft-Windows-Power-Troubleshooter,DESKTOP-QUV3S97,"('2024-05-29T13:09:02.0061462Z', '2024-05-29T15:08:05.0837716Z', '1372', '583', '544', '3524', '2361', '4733', '350295', '1979728129', '6', '5', '0', '0', '', '0', '0', '0', '', '', '11')"
2024-05-29 21:08:08,134,Warning,Microsoft-Windows-Time-Service,DESKTOP-QUV3S97,"('No such host is known. (0x80072AF9)', '15', 'time.windows.com,0x9')"
2024-05-29 21:08:17,5,Information,Microsoft-Windows-IsolatedUserMode,DESKTOP-QUV3S97,"('0', '0', '0', 'NULL')"
2024-05-29 21:08:23,5,Information,Microsoft-Windows-IsolatedUserMode,DESKTOP-QUV3S97,"('0', '0', '0', 'NULL')"
2024-05-29 21:08:24,2,Information,Microsoft-Windows-IsolatedUserMode,DESKTOP-QUV3S97,"('0', '0', '0')"
2024-05-29 21:08:27,10016,Warning,DCOM,DESKTOP-QUV3S97,"('application-specific', 'Local', 'Activation', '{2593F8B9-4EAF-457C-B68A-50F6B8EA6B54}', '{15C20B67-12E7-4BB6-92BB-7AFF07997402}', 'DESKTOP-QUV3S97', 'Adnan', 'S-1-5-21-1915879001-2348363783-178924610-1001', 'LocalHost (Using LRPC)', 'Microsoft.SkypeApp_15.119.3201.0_x64__kzf8qxf38zg5c', 'Unavailable')"
2024-05-29 21:08:28,10016,Warning,DCOM,DESKTOP-QUV3S97,"('application-specific', 'Local', 'Activation', '{2593F8B9-4EAF-457C-B68A-50F6B8EA6B54}', '{15C20B67-12E7-4BB6-92BB-7AFF07997402}', 'DESKTOP-QUV3S97', 'Adnan', 'S-1-5-21-1915879001-2348363783-178924610-1001', 'LocalHost (Using LRPC)', 'Microsoft.SkypeApp_15.119.3201.0_x64__kzf8qxf38zg5c', 'Unavailable')"
2024-05-29 21:08:50,134,Warning,Microsoft-Windows-Time-Service,DESKTOP-QUV3S97,"('No such host is known. (0x80072AF9)', '15', 'time.windows.com,0x9')"
2024-05-29 21:17:23,105,Information,Microsoft-Windows-Kernel-Power,DESKTOP-QUV3S97,"('true', '44250', '45390')"
2024-05-29 21:17:27,10016,Warning,DCOM,DESKTOP-QUV3S97,"('application-specific', 'Local', 'Activation', '{2593F8B9-4EAF-457C-B68A-50F6B8EA6B54}', '{15C20B67-12E7-4BB6-92BB-7AFF07997402}', 'DESKTOP-QUV3S97', 'Adnan', 'S-1-5-21-1915879001-2348363783-178924610-1001', 'LocalHost (Using LRPC)', 'Microsoft.SkypeApp_15.119.3201.0_x64__kzf8qxf38zg5c', 'Unavailable')"
2024-05-29 21:17:28,10016,Warning,DCOM,DESKTOP-QUV3S97,"('application-specific', 'Local', 'Activation', '{2593F8B9-4EAF-457C-B68A-50F6B8EA6B54}', '{15C20B67-12E7-4BB6-92BB-7AFF07997402}', 'DESKTOP-QUV3S97', 'Adnan', 'S-1-5-21-1915879001-2348363783-178924610-1001', 'LocalHost (Using LRPC)', 'Microsoft.SkypeApp_15.119.3201.0_x64__kzf8qxf38zg5c', 'Unavailable')"
2024-05-29 21:18:42,37,Information,Microsoft-Windows-Time-Service,DESKTOP-QUV3S97,"('time.windows.com,0x9 (ntp.m|0x9|0.0.0.0:123->52.148.114.188:123)',)"
2024-05-29 21:18:41,24,Information,Microsoft-Windows-Kernel-General,DESKTOP-QUV3S97,"('0', '-360', '0', '0', '0')"
2024-05-29 21:25:25,10016,Warning,DCOM,DESKTOP-QUV3S97,"('application-specific', 'Local', 'Activation', '{2593F8B9-4EAF-457C-B68A-50F6B8EA6B54}', '{15C20B67-12E7-4BB6-92BB-7AFF07997402}', 'DESKTOP-QUV3S97', 'Adnan', 'S-1-5-21-1915879001-2348363783-178924610-1001', 'LocalHost (Using LRPC)', 'Unavailable', 'Unavailable')"
2024-05-29 22:54:04,10016,Warning,DCOM,DESKTOP-QUV3S97,"('application-specific', 'Local', 'Activation', '{2593F8B9-4EAF-457C-B68A-50F6B8EA6B54}', '{15C20B67-12E7-4BB6-92BB-7AFF07997402}', 'DESKTOP-QUV3S97', 'Adnan', 'S-1-5-21-1915879001-2348363783-178924610-1001', 'LocalHost (Using LRPC)', 'Unavailable', 'Unavailable')"
2024-05-29 22:56:14,42,Information,Microsoft-Windows-Kernel-Power,DESKTOP-QUV3S97,"('6', '5', '4', '0', '43')"
2024-05-29 22:56:16,107,Information,Microsoft-Windows-Kernel-Power,DESKTOP-QUV3S97,"('6', '5', '5', '1601-01-01T00:00:00.0000000Z', '1601-01-01T00:00:00.0000000Z', '0', '0')"
2024-05-30 11:00:05,1,Information,Microsoft-Windows-Kernel-General,DESKTOP-QUV3S97,"('2024-05-30T05:00:05.5000000Z', '2024-05-29T16:56:16.6859272Z', '43428814', '2', '', '4', '2024-05-30T11:00:05.5000000Z', '-360', 'false', 'false')"
2024-05-30 11:00:07,1,Information,Microsoft-Windows-Power-Troubleshooter,DESKTOP-QUV3S97,"('2024-05-29T16:56:13.9139538Z', '2024-05-30T05:00:06.0843971Z', '1464', '583', '545', '3515', '2791', '4798', '361170', '1979728129', '6', '5', '0', '0', '', '0', '0', '0', '', '', '15')"
2024-05-30 11:00:09,10016,Warning,DCOM,DESKTOP-QUV3S97,"('application-specific', 'Local', 'Activation', '{6B3B8D23-FA8D-40B9-8DBD-B950333E2C52}', '{4839DDB7-58C2-48F5-8283-E1D1807D0D7D}', 'NT AUTHORITY', 'LOCAL SERVICE', 'S-1-5-19', 'LocalHost (Using LRPC)', 'Unavailable', 'Unavailable')"
2024-05-30 11:00:23,5,Information,Microsoft-Windows-IsolatedUserMode,DESKTOP-QUV3S97,"('0', '0', '0', 'NULL')"
2024-05-30 11:00:28,5,Information,Microsoft-Windows-IsolatedUserMode,DESKTOP-QUV3S97,"('0', '0', '0', 'NULL')"
2024-05-30 11:00:29,2,Information,Microsoft-Windows-IsolatedUserMode,DESKTOP-QUV3S97,"('0', '0', '0')"
2024-05-30 11:00:33,16,Information,Microsoft-Windows-Kernel-General,DESKTOP-QUV3S97,"('159', '\\??\\C:\\ProgramData\\Packages\\Microsoft.SkypeApp_kzf8qxf38zg5c\\S-1-5-21-1915879001-2348363783-178924610-1001\\SystemAppData\\Helium\\Cache\\1e4e89d938a584b_COM15.dat', '1', '1')"
2024-05-30 11:00:34,10016,Warning,DCOM,DESKTOP-QUV3S97,"('application-specific', 'Local', 'Activation', '{2593F8B9-4EAF-457C-B68A-50F6B8EA6B54}', '{15C20B67-12E7-4BB6-92BB-7AFF07997402}', 'DESKTOP-QUV3S97', 'Adnan', 'S-1-5-21-1915879001-2348363783-178924610-1001', 'LocalHost (Using LRPC)', 'Microsoft.SkypeApp_15.119.3201.0_x64__kzf8qxf38zg5c', 'Unavailable')"
2024-05-30 11:00:36,10016,Warning,DCOM,DESKTOP-QUV3S97,"('application-specific', 'Local', 'Activation', '{2593F8B9-4EAF-457C-B68A-50F6B8EA6B54}', '{15C20B67-12E7-4BB6-92BB-7AFF07997402}', 'DESKTOP-QUV3S97', 'Adnan', 'S-1-5-21-1915879001-2348363783-178924610-1001', 'LocalHost (Using LRPC)', 'Microsoft.SkypeApp_15.119.3201.0_x64__kzf8qxf38zg5c', 'Unavailable')"
2024-05-30 11:00:39,105,Information,Microsoft-Windows-Kernel-Power,DESKTOP-QUV3S97,"('true', '45390', '45390')"
2024-05-30 11:00:51,37,Information,Microsoft-Windows-Time-Service,DESKTOP-QUV3S97,"('time.windows.com,0x9 (ntp.m|0x9|0.0.0.0:123->40.81.94.65:123)',)"
2024-05-30 11:01:07,35,Information,Microsoft-Windows-Time-Service,DESKTOP-QUV3S97,"('time.windows.com,0x9 (ntp.m|0x9|0.0.0.0:123->40.81.94.65:123)', '1096700200', '4')"
2024-05-30 11:01:26,7040,Information,Service Control Manager,DESKTOP-QUV3S97,"('Background Intelligent Transfer Service', 'demand start', 'auto start', 'BITS')"
2024-05-30 11:01:30,113,Information,Microsoft-Windows-HttpService,DESKTOP-QUV3S97,"('18302628894760501257', 'http://*:2869/upnp/eventing/', '0', '11540', '\\Device\\HarddiskVolume3\\Windows\\System32\\svchost.exe', 'S-1-5-19')"
2024-05-30 11:01:35,114,Information,Microsoft-Windows-HttpService,DESKTOP-QUV3S97,"('18302628894760501257', 'http://*:2869/upnp/eventing/', '11540', '\\Device\\HarddiskVolume3\\Windows\\System32\\svchost.exe', 'S-1-5-19')"
2024-05-30 11:01:46,114,Information,Microsoft-Windows-HttpService,DESKTOP-QUV3S97,"('18302628894760501258', 'http://*:2869/upnp/eventing/', '11540', '\\Device\\HarddiskVolume3\\Windows\\System32\\svchost.exe', 'S-1-5-19')"
2024-05-30 11:02:27,114,Information,Microsoft-Windows-HttpService,DESKTOP-QUV3S97,"('18302628933415206951', 'http://*:2869/upnp/eventing/', '11540', '\\Device\\HarddiskVolume3\\Windows\\System32\\svchost.exe', 'S-1-5-19')"
2024-05-30 11:02:33,114,Information,Microsoft-Windows-HttpService,DESKTOP-QUV3S97,"('18302628920530305045', 'http://*:2869/upnp/eventing/', '11540', '\\Device\\HarddiskVolume3\\Windows\\System32\\svchost.exe', 'S-1-5-19')"
2024-05-30 11:02:47,114,Information,Microsoft-Windows-HttpService,DESKTOP-QUV3S97,"('18302628890465533966', 'http://*:2869/upnp/eventing/', '11540', '\\Device\\HarddiskVolume3\\Windows\\System32\\svchost.exe', 'S-1-5-19')"
2024-05-30 11:02:59,114,Information,Microsoft-Windows-HttpService,DESKTOP-QUV3S97,"('18302628929120239675', 'http://*:2869/upnp/eventing/', '11540', '\\Device\\HarddiskVolume3\\Windows\\System32\\svchost.exe', 'S-1-5-19')"
2024-05-30 11:03:00,114,Information,Microsoft-Windows-HttpService,DESKTOP-QUV3S97,"('18302628933415206953', 'http://*:2869/upnp/eventing/', '11540', '\\Device\\HarddiskVolume3\\Windows\\System32\\svchost.exe', 'S-1-5-19')"
2024-05-30 11:05:03,7040,Information,Service Control Manager,DESKTOP-QUV3S97,"('Background Intelligent Transfer Service', 'auto start', 'demand start', 'BITS')"
2024-05-30 11:05:49,10016,Warning,DCOM,DESKTOP-QUV3S97,"('application-specific', 'Local', 'Activation', '{2593F8B9-4EAF-457C-B68A-50F6B8EA6B54}', '{15C20B67-12E7-4BB6-92BB-7AFF07997402}', 'DESKTOP-QUV3S97', 'Adnan', 'S-1-5-21-1915879001-2348363783-178924610-1001', 'LocalHost (Using LRPC)', 'Unavailable', 'Unavailable')"
2024-05-30 11:37:28,10016,Warning,DCOM,DESKTOP-QUV3S97,"('application-specific', 'Local', 'Activation', '{2593F8B9-4EAF-457C-B68A-50F6B8EA6B54}', '{15C20B67-12E7-4BB6-92BB-7AFF07997402}', 'DESKTOP-QUV3S97', 'Adnan', 'S-1-5-21-1915879001-2348363783-178924610-1001', 'LocalHost (Using LRPC)', 'Microsoft.SkypeApp_15.119.3201.0_x64__kzf8qxf38zg5c', 'Unavailable')"
2024-05-30 12:00:00,6013,Information,EventLog,DESKTOP-QUV3S97,"('', '', '', '', '1038346', '60', '')"
2024-05-30 13:15:59,7040,Information,Service Control Manager,DESKTOP-QUV3S97,"('Background Intelligent Transfer Service', 'demand start', 'auto start', 'BITS')"
2024-05-30 13:16:03,113,Information,Microsoft-Windows-HttpService,DESKTOP-QUV3S97,"('18302628933415206954', 'http://*:2869/upnp/eventing/', '0', '11540', '\\Device\\HarddiskVolume3\\Windows\\System32\\svchost.exe', 'S-1-5-19')"
2024-05-30 13:16:08,114,Information,Microsoft-Windows-HttpService,DESKTOP-QUV3S97,"('18302628933415206954', 'http://*:2869/upnp/eventing/', '11540', '\\Device\\HarddiskVolume3\\Windows\\System32\\svchost.exe', 'S-1-5-19')"
2024-05-30 13:21:05,114,Information,Microsoft-Windows-HttpService,DESKTOP-QUV3S97,"('18302628899055468557', 'http://*:2869/upnp/eventing/', '11540', '\\Device\\HarddiskVolume3\\Windows\\System32\\svchost.exe', 'S-1-5-19')"
2024-05-30 13:24:13,7040,Information,Service Control Manager,DESKTOP-QUV3S97,"('Background Intelligent Transfer Service', 'auto start', 'demand start', 'BITS')"
2024-05-30 14:23:52,10016,Warning,DCOM,DESKTOP-QUV3S97,"('application-specific', 'Local', 'Activation', '{2593F8B9-4EAF-457C-B68A-50F6B8EA6B54}', '{15C20B67-12E7-4BB6-92BB-7AFF07997402}', 'DESKTOP-QUV3S97', 'Adnan', 'S-1-5-21-1915879001-2348363783-178924610-1001', 'LocalHost (Using LRPC)', 'MicrosoftWindows.Client.WebExperience_524.13200.10.0_x64__cw5n1h2txyewy', 'Unavailable')"
2024-05-30 14:54:04,44,Information,Microsoft-Windows-WindowsUpdateClient,DESKTOP-QUV3S97,"('9NMPJ99VJBWV-Microsoft.YourPhone', '{7f6d6ecd-261e-4eb3-bc13-865c33e1ad6c}', '1')"
2024-05-30 14:54:26,16,Information,Microsoft-Windows-Kernel-General,DESKTOP-QUV3S97,"('140', '\\??\\C:\\ProgramData\\Microsoft\\Windows\\AppRepository\\Packages\\MicrosoftWindows.CrossDevice_1.24051.39.0_x64__cw5n1h2txyewy\\ActivationStore.dat', '0', '0')"
2024-05-30 14:54:27,43,Information,Microsoft-Windows-WindowsUpdateClient,DESKTOP-QUV3S97,"('9NTXGKQ8P7N0-MicrosoftWindows.CrossDevice', '{2862ebcc-485c-45dc-8074-08a13bbf725a}', '1')"
2024-05-30 14:54:28,19,Information,Microsoft-Windows-WindowsUpdateClient,DESKTOP-QUV3S97,"('9NTXGKQ8P7N0-MicrosoftWindows.CrossDevice', '{2862ebcc-485c-45dc-8074-08a13bbf725a}', '1', '{855e8a7c-ecb4-4ca3-b045-1dfa50104289}')"
2024-05-30 16:01:49,16,Information,Microsoft-Windows-Kernel-General,DESKTOP-QUV3S97,"('132', '\\??\\C:\\ProgramData\\Microsoft\\Windows\\AppRepository\\Packages\\Microsoft.YourPhone_1.24051.101.0_x64__8wekyb3d8bbwe\\ActivationStore.dat', '0', '0')"
2024-05-30 16:01:51,43,Information,Microsoft-Windows-WindowsUpdateClient,DESKTOP-QUV3S97,"('9NMPJ99VJBWV-Microsoft.YourPhone', '{7f6d6ecd-261e-4eb3-bc13-865c33e1ad6c}', '1')"
2024-05-30 16:01:52,19,Information,Microsoft-Windows-WindowsUpdateClient,DESKTOP-QUV3S97,"('9NMPJ99VJBWV-Microsoft.YourPhone', '{7f6d6ecd-261e-4eb3-bc13-865c33e1ad6c}', '1', '{855e8a7c-ecb4-4ca3-b045-1dfa50104289}')"
2024-05-30 16:04:23,7040,Information,Service Control Manager,DESKTOP-QUV3S97,"('Background Intelligent Transfer Service', 'demand start', 'auto start', 'BITS')"
2024-05-30 16:04:29,113,Information,Microsoft-Windows-HttpService,DESKTOP-QUV3S97,"('18302628916235337738', 'http://*:2869/upnp/eventing/', '0', '11540', '\\Device\\HarddiskVolume3\\Windows\\System32\\svchost.exe', 'S-1-5-19')"
2024-05-30 16:04:32,114,Information,Microsoft-Windows-HttpService,DESKTOP-QUV3S97,"('18302628916235337738', 'http://*:2869/upnp/eventing/', '11540', '\\Device\\HarddiskVolume3\\Windows\\System32\\svchost.exe', 'S-1-5-19')"
2024-05-30 16:04:39,114,Information,Microsoft-Windows-HttpService,DESKTOP-QUV3S97,"('18302628916235337739', 'http://*:2869/upnp/eventing/', '11540', '\\Device\\HarddiskVolume3\\Windows\\System32\\svchost.exe', 'S-1-5-19')"
2024-05-30 16:04:40,113,Information,Microsoft-Windows-HttpService,DESKTOP-QUV3S97,"('18302628933415206956', 'http://*:2869/upnp/eventing/', '0', '11540', '\\Device\\HarddiskVolume3\\Windows\\System32\\svchost.exe', 'S-1-5-19')"
2024-05-30 16:06:43,7040,Information,Service Control Manager,DESKTOP-QUV3S97,"('Background Intelligent Transfer Service', 'auto start', 'demand start', 'BITS')"
2024-05-30 17:30:49,10016,Warning,DCOM,DESKTOP-QUV3S97,"('application-specific', 'Local', 'Activation', '{2593F8B9-4EAF-457C-B68A-50F6B8EA6B54}', '{15C20B67-12E7-4BB6-92BB-7AFF07997402}', 'DESKTOP-QUV3S97', 'Adnan', 'S-1-5-21-1915879001-2348363783-178924610-1001', 'LocalHost (Using LRPC)', 'Unavailable', 'Unavailable')"
2024-05-30 18:14:37,44,Information,Microsoft-Windows-WindowsUpdateClient,DESKTOP-QUV3S97,"('Security Intelligence Update for Microsoft Defender Antivirus - KB2267602 (Version 1.413.5.0) - Current Channel (Broad)', '{c12008c0-d2f4-4a0b-b1a1-bd8fbc6597b4}', '200')"
2024-05-30 18:14:50,44,Information,Microsoft-Windows-WindowsUpdateClient,DESKTOP-QUV3S97,"('2024-05 Cumulative Update Preview for Windows 11 Version 23H2 for x64-based Systems (KB5037853)', '{33dff7cc-8068-4e7d-9a35-1ad2dda3509c}', '1')"
2024-05-30 18:14:57,43,Information,Microsoft-Windows-WindowsUpdateClient,DESKTOP-QUV3S97,"('Security Intelligence Update for Microsoft Defender Antivirus - KB2267602 (Version 1.413.5.0) - Current Channel (Broad)', '{c12008c0-d2f4-4a0b-b1a1-bd8fbc6597b4}', '200')"
2024-05-30 18:15:18,7040,Information,Service Control Manager,DESKTOP-QUV3S97,"('Windows Modules Installer', 'demand start', 'auto start', 'TrustedInstaller')"
2024-05-30 18:15:28,19,Information,Microsoft-Windows-WindowsUpdateClient,DESKTOP-QUV3S97,"('Security Intelligence Update for Microsoft Defender Antivirus - KB2267602 (Version 1.413.5.0) - Current Channel (Broad)', '{c12008c0-d2f4-4a0b-b1a1-bd8fbc6597b4}', '200', '{9482f4b4-e343-43b6-b170-9a65bc822c77}')"
2024-05-30 18:15:29,16,Information,Microsoft-Windows-Kernel-General,DESKTOP-QUV3S97,"('52', '\\??\\C:\\Windows\\System32\\SMI\\Store\\Machine\\schema.dat', '14468', '2465')"
2024-05-30 18:16:39,7040,Information,Service Control Manager,DESKTOP-QUV3S97,"('Windows Modules Installer', 'auto start', 'demand start', 'TrustedInstaller')"
2024-05-30 18:38:12,44,Information,Microsoft-Windows-WindowsUpdateClient,DESKTOP-QUV3S97,"('9NKSQGP7F2NH-5319275A.WhatsAppDesktop', '{f8cf16dd-b67c-4f2f-a821-7327fecd7ac8}', '1')"
2024-05-30 18:38:16,44,Information,Microsoft-Windows-WindowsUpdateClient,DESKTOP-QUV3S97,"('9P1J8S7CCWWT-Clipchamp.Clipchamp', '{1324cb42-8849-4162-8ef7-600b9abfa232}', '1')"
2024-05-30 18:38:25,16,Information,Microsoft-Windows-Kernel-General,DESKTOP-QUV3S97,"('135', '\\??\\C:\\ProgramData\\Microsoft\\Windows\\AppRepository\\Packages\\5319275A.WhatsAppDesktop_2.2419.12.0_x64__cv1g1gvanyjgm\\ActivationStore.dat', '0', '0')"
2024-05-30 18:38:26,43,Information,Microsoft-Windows-WindowsUpdateClient,DESKTOP-QUV3S97,"('9NKSQGP7F2NH-5319275A.WhatsAppDesktop', '{f8cf16dd-b67c-4f2f-a821-7327fecd7ac8}', '1')"
2024-05-30 18:38:31,16,Information,Microsoft-Windows-Kernel-General,DESKTOP-QUV3S97,"('134', '\\??\\C:\\ProgramData\\Microsoft\\Windows\\AppRepository\\Packages\\Clipchamp.Clipchamp_3.1.10420.0_neutral__yxz26nhyzhsrt\\ActivationStore.dat', '0', '0')"
2024-05-30 18:38:32,43,Information,Microsoft-Windows-WindowsUpdateClient,DESKTOP-QUV3S97,"('9P1J8S7CCWWT-Clipchamp.Clipchamp', '{1324cb42-8849-4162-8ef7-600b9abfa232}', '1')"
2024-05-30 18:38:34,19,Information,Microsoft-Windows-WindowsUpdateClient,DESKTOP-QUV3S97,"('9P1J8S7CCWWT-Clipchamp.Clipchamp', '{1324cb42-8849-4162-8ef7-600b9abfa232}', '1', '{855e8a7c-ecb4-4ca3-b045-1dfa50104289}')"
2024-05-30 18:38:50,4500,Information,Microsoft-Windows-WinREAgent,DESKTOP-QUV3S97,
2024-05-30 18:39:02,15,Information,Microsoft-Windows-Kernel-General,DESKTOP-QUV3S97,"('65', '\\??\\C:\\$WinREAgent\\Scratch\\Mount\\Windows\\system32\\config\\SOFTWARE', '12267520', '11579392')"
2024-05-30 18:39:03,15,Information,Microsoft-Windows-Kernel-General,DESKTOP-QUV3S97,"('63', '\\??\\C:\\$WinREAgent\\Scratch\\Mount\\Windows\\System32\\config\\SYSTEM', '6873088', '6483968')"
2024-05-30 18:40:22,4502,Unknown Type,Microsoft-Windows-WinREAgent,DESKTOP-QUV3S97,"('2', '-2147467259')"
2024-05-30 18:40:38,7040,Information,Service Control Manager,DESKTOP-QUV3S97,"('Windows Modules Installer', 'auto start', 'demand start', 'TrustedInstaller')"
2024-05-30 18:40:42,7040,Information,Service Control Manager,DESKTOP-QUV3S97,"('Windows Modules Installer', 'demand start', 'auto start', 'TrustedInstaller')"
2024-05-30 19:31:46,16,Information,Microsoft-Windows-Kernel-General,DESKTOP-QUV3S97,"('105', '\\??\\C:\\Users\\win11\\AppData\\Local\\Packages\\Microsoft.WindowsCalculator_8wekyb3d8bbwe\\Settings\\settings.dat', '2', '1')"
2024-05-30 19:46:46,2,Information,Microsoft-Windows-IsolatedUserMode,DESKTOP-QUV3S97,"('0', '0', '0')"
2024-05-30 19:46:51,105,Information,Microsoft-Windows-Kernel-Power,DESKTOP-QUV3S97,"('false', '45540', '45540')"
2024-05-30 19:46:54,42,Information,Microsoft-Windows-Kernel-Power,DESKTOP-QUV3S97,"('6', '5', '4', '0', '45')"
2024-05-30 19:46:56,107,Information,Microsoft-Windows-Kernel-Power,DESKTOP-QUV3S97,"('6', '5', '5', '1601-01-01T00:00:00.0000000Z', '1601-01-01T00:00:00.0000000Z', '0', '0')"
2024-05-31 08:02:07,1,Information,Microsoft-Windows-Kernel-General,DESKTOP-QUV3S97,"('2024-05-31T02:02:07.5000000Z', '2024-05-30T13:46:56.6879377Z', '44110812', '2', '', '4', '2024-05-31T08:02:07.5000000Z', '-360', 'false', 'false')"
2024-05-31 08:02:19,5,Information,Microsoft-Windows-IsolatedUserMode,DESKTOP-QUV3S97,"('0', '0', '0', 'NULL')"
2024-05-31 08:02:25,5,Information,Microsoft-Windows-IsolatedUserMode,DESKTOP-QUV3S97,"('0', '0', '0', 'NULL')"
2024-05-31 08:02:40,10016,Warning,DCOM,DESKTOP-QUV3S97,"('application-specific', 'Local', 'Activation', '{2593F8B9-4EAF-457C-B68A-50F6B8EA6B54}', '{15C20B67-12E7-4BB6-92BB-7AFF07997402}', 'DESKTOP-QUV3S97', 'Adnan', 'S-1-5-21-1915879001-2348363783-178924610-1001', 'LocalHost (Using LRPC)', 'Microsoft.SkypeApp_15.119.3201.0_x64__kzf8qxf38zg5c', 'Unavailable')"
2024-05-31 08:02:53,37,Information,Microsoft-Windows-Time-Service,DESKTOP-QUV3S97,"('time.windows.com,0x9 (ntp.m|0x9|0.0.0.0:123->52.148.114.188:123)',)"
2024-05-31 08:02:55,566,Information,Microsoft-Windows-Kernel-Power,DESKTOP-QUV3S97,"('60', '12', '105', '0', '46685425', '42760', '45540', '42540', '45540', '106', '1', 'false', '12')"
2024-05-31 08:02:56,16,Information,Microsoft-Windows-Kernel-General,DESKTOP-QUV3S97,"('105', '\\??\\C:\\Users\\win11\\AppData\\Local\\Packages\\Microsoft.XboxGamingOverlay_8wekyb3d8bbwe\\Settings\\settings.dat', '8', '3')"
2024-05-31 08:03:09,35,Information,Microsoft-Windows-Time-Service,DESKTOP-QUV3S97,"('time.windows.com,0x9 (ntp.m|0x9|0.0.0.0:123->52.148.114.188:123)', '3161625652', '4')"
2024-05-31 08:03:10,507,Information,Microsoft-Windows-Kernel-Power,DESKTOP-QUV3S97,"('9439', '15255503', '0', '0', '0', '15255503', '0', '89', 'false', '31', '0', '0', 'false', '0', '122229', 'true', 'true', '0', '7', '0', 'true', 'true', '108', 'false', '42500', '45540', '106', '60', '0', '15255503', '0', '0', '0', '0', '121286', 'false', '42540', '42500', '15254911', '0', '0', '0', '45540', '45540', '0', '0', '4', '0')"
2024-05-31 08:03:16,105,Information,Microsoft-Windows-Kernel-Power,DESKTOP-QUV3S97,"('true', '42500', '45540')"
2024-05-31 08:03:32,7040,Information,Service Control Manager,DESKTOP-QUV3S97,"('Background Intelligent Transfer Service', 'demand start', 'auto start', 'BITS')"
2024-05-31 08:03:37,113,Information,Microsoft-Windows-HttpService,DESKTOP-QUV3S97,"('18302628890465533967', 'http://*:2869/upnp/eventing/', '0', '11540', '\\Device\\HarddiskVolume3\\Windows\\System32\\svchost.exe', 'S-1-5-19')"
2024-05-31 08:03:42,114,Information,Microsoft-Windows-HttpService,DESKTOP-QUV3S97,"('18302628890465533967', 'http://*:2869/upnp/eventing/', '11540', '\\Device\\HarddiskVolume3\\Windows\\System32\\svchost.exe', 'S-1-5-19')"
2024-05-31 08:04:49,114,Information,Microsoft-Windows-HttpService,DESKTOP-QUV3S97,"('18302628920530305046', 'http://*:2869/upnp/eventing/', '11540', '\\Device\\HarddiskVolume3\\Windows\\System32\\svchost.exe', 'S-1-5-19')"
2024-05-31 08:04:50,113,Information,Microsoft-Windows-HttpService,DESKTOP-QUV3S97,"('18302628924825272331', 'http://*:2869/upnp/eventing/', '0', '11540', '\\Device\\HarddiskVolume3\\Windows\\System32\\svchost.exe', 'S-1-5-19')"
2024-05-31 08:04:59,114,Information,Microsoft-Windows-HttpService,DESKTOP-QUV3S97,"('18302628924825272332', 'http://*:2869/upnp/eventing/', '11540', '\\Device\\HarddiskVolume3\\Windows\\System32\\svchost.exe', 'S-1-5-19')"
2024-05-31 08:05:06,114,Information,Microsoft-Windows-HttpService,DESKTOP-QUV3S97,"('18302628894760501259', 'http://*:2869/upnp/eventing/', '11540', '\\Device\\HarddiskVolume3\\Windows\\System32\\svchost.exe', 'S-1-5-19')"
2024-05-31 08:05:07,114,Information,Microsoft-Windows-HttpService,DESKTOP-QUV3S97,"('18302628903350435855', 'http://*:2869/upnp/eventing/', '11540', '\\Device\\HarddiskVolume3\\Windows\\System32\\svchost.exe', 'S-1-5-19')"
2024-05-31 08:05:19,114,Information,Microsoft-Windows-HttpService,DESKTOP-QUV3S97,"('18302628929120239676', 'http://*:2869/upnp/eventing/', '11540', '\\Device\\HarddiskVolume3\\Windows\\System32\\svchost.exe', 'S-1-5-19')"
2024-05-31 08:05:28,114,Information,Microsoft-Windows-HttpService,DESKTOP-QUV3S97,"('18302628907645403145', 'http://*:2869/upnp/eventing/', '11540', '\\Device\\HarddiskVolume3\\Windows\\System32\\svchost.exe', 'S-1-5-19')"
2024-05-31 08:07:31,7040,Information,Service Control Manager,DESKTOP-QUV3S97,"('Background Intelligent Transfer Service', 'auto start', 'demand start', 'BITS')"
2024-05-31 08:07:44,10016,Warning,DCOM,DESKTOP-QUV3S97,"('application-specific', 'Local', 'Activation', '{2593F8B9-4EAF-457C-B68A-50F6B8EA6B54}', '{15C20B67-12E7-4BB6-92BB-7AFF07997402}', 'DESKTOP-QUV3S97', 'Adnan', 'S-1-5-21-1915879001-2348363783-178924610-1001', 'LocalHost (Using LRPC)', 'Unavailable', 'Unavailable')"
2024-05-31 08:08:08,1800,Warning,Microsoft-Windows-TPM-WMI,DESKTOP-QUV3S97,"('6',)"
2024-05-31 08:19:18,44,Information,Microsoft-Windows-WindowsUpdateClient,DESKTOP-QUV3S97,"('Security Intelligence Update for Microsoft Defender Antivirus - KB2267602 (Version 1.413.14.0) - Current Channel (Broad)', '{2d09ee32-0939-40c5-8e56-160a83de0461}', '200')"
