2024-06-04 09:48:12,114,Information,Microsoft-Windows-HttpService,DESKTOP-QUV3S97,"('18302628886170566659', 'http://*:2869/upnp/eventing/', '14976', '\\Device\\HarddiskVolume3\\Windows\\System32\\svchost.exe', 'S-1-5-19')"
2024-06-04 09:48:14,16,Information,Microsoft-Windows-Kernel-General,DESKTOP-QUV3S97,"('101', '\\??\\C:\\Users\\win11\\AppData\\Local\\Packages\\AdobeNotificationClient_enpm4xejd91yc\\Settings\\settings.dat', '2', '1')"
2024-06-04 09:50:16,7040,Information,Service Control Manager,DESKTOP-QUV3S97,"('Background Intelligent Transfer Service', 'auto start', 'demand start', 'BITS')"
2024-06-04 09:50:18,7040,Information,Service Control Manager,DESKTOP-QUV3S97,"('Background Intelligent Transfer Service', 'demand start', 'auto start', 'BITS')"
2024-06-04 09:50:22,113,Information,Microsoft-Windows-HttpService,DESKTOP-QUV3S97,"('18302628933415206923', 'http://*:2869/upnp/eventing/', '0', '14976', '\\Device\\HarddiskVolume3\\Windows\\System32\\svchost.exe', 'S-1-5-19')"
2024-06-04 09:50:27,114,Information,Microsoft-Windows-HttpService,DESKTOP-QUV3S97,"('18302628933415206923', 'http://*:2869/upnp/eventing/', '14976', '\\Device\\HarddiskVolume3\\Windows\\System32\\svchost.exe', 'S-1-5-19')"
2024-06-04 09:50:43,114,Information,Microsoft-Windows-HttpService,DESKTOP-QUV3S97,"('18302628920530305030', 'http://*:2869/upnp/eventing/', '14976', '\\Device\\HarddiskVolume3\\Windows\\System32\\svchost.exe', 'S-1-5-19')"
2024-06-04 09:50:55,114,Information,Microsoft-Windows-HttpService,DESKTOP-QUV3S97,"('18302628933415206924', 'http://*:2869/upnp/eventing/', '14976', '\\Device\\HarddiskVolume3\\Windows\\System32\\svchost.exe', 'S-1-5-19')"
2024-06-04 09:52:59,7040,Information,Service Control Manager,DESKTOP-QUV3S97,"('Background Intelligent Transfer Service', 'auto start', 'demand start', 'BITS')"
2024-06-04 09:59:43,10016,Warning,DCOM,DESKTOP-QUV3S97,"('application-specific', 'Local', 'Activation', '{2593F8B9-4EAF-457C-B68A-50F6B8EA6B54}', '{15C20B67-12E7-4BB6-92BB-7AFF07997402}', 'DESKTOP-QUV3S97', 'Adnan', 'S-1-5-21-1915879001-2348363783-178924610-1001', 'LocalHost (Using LRPC)', 'Microsoft.SkypeApp_15.119.3201.0_x64__kzf8qxf38zg5c', 'Unavailable')"
2024-06-04 09:59:44,10016,Warning,DCOM,DESKTOP-QUV3S97,"('application-specific', 'Local', 'Activation', '{2593F8B9-4EAF-457C-B68A-50F6B8EA6B54}', '{15C20B67-12E7-4BB6-92BB-7AFF07997402}', 'DESKTOP-QUV3S97', 'Adnan', 'S-1-5-21-1915879001-2348363783-178924610-1001', 'LocalHost (Using LRPC)', 'Microsoft.SkypeApp_15.119.3201.0_x64__kzf8qxf38zg5c', 'Unavailable')"
2024-06-04 10:01:49,44,Information,Microsoft-Windows-WindowsUpdateClient,DESKTOP-QUV3S97,"('Security Intelligence Update for Microsoft Defender Antivirus - KB2267602 (Version 1.413.88.0) - Current Channel (Broad)', '{8abdd782-9d53-4576-8c35-fbb46360e48f}', '200')"
2024-06-04 10:02:40,43,Information,Microsoft-Windows-WindowsUpdateClient,DESKTOP-QUV3S97,"('Security Intelligence Update for Microsoft Defender Antivirus - KB2267602 (Version 1.413.88.0) - Current Channel (Broad)', '{8abdd782-9d53-4576-8c35-fbb46360e48f}', '200')"
2024-06-04 10:02:45,19,Information,Microsoft-Windows-WindowsUpdateClient,DESKTOP-QUV3S97,"('Security Intelligence Update for Microsoft Defender Antivirus - KB2267602 (Version 1.413.88.0) - Current Channel (Broad)', '{8abdd782-9d53-4576-8c35-fbb46360e48f}', '200', '{9482f4b4-e343-43b6-b170-9a65bc822c77}')"
2024-06-04 10:04:40,44,Information,Microsoft-Windows-WindowsUpdateClient,DESKTOP-QUV3S97,"('9NBLGGH537C2-Microsoft.XboxGameOverlay', '{075a4121-db52-4709-91f0-1a3dbd9beb30}', '1')"
2024-06-04 10:04:41,44,Information,Microsoft-Windows-WindowsUpdateClient,DESKTOP-QUV3S97,"('9WZDNCRD1HKW-Microsoft.XboxIdentityProvider', '{6d815a67-83e9-47ce-9f91-5f0dee792c33}', '1')"
2024-06-04 10:04:54,44,Information,Microsoft-Windows-WindowsUpdateClient,DESKTOP-QUV3S97,"('9WZDNCRFJ3Q2-Microsoft.BingWeather', '{be2d4667-ccfd-4ebc-b0d2-1324d64dc36e}', '1')"
2024-06-04 10:05:14,16,Information,Microsoft-Windows-Kernel-General,DESKTOP-QUV3S97,"('137', '\\??\\C:\\ProgramData\\Microsoft\\Windows\\AppRepository\\Packages\\Microsoft.WindowsTerminal_1.20.11381.0_x64__8wekyb3d8bbwe\\ActivationStore.dat', '0', '0')"
2024-06-04 10:05:15,43,Information,Microsoft-Windows-WindowsUpdateClient,DESKTOP-QUV3S97,"('9N0DX20HK701-Microsoft.WindowsTerminal', '{af184bd1-1e82-4592-aa41-5c4000b4d62e}', '1')"
2024-06-04 10:05:17,16,Information,Microsoft-Windows-Kernel-General,DESKTOP-QUV3S97,"('136', '\\??\\C:\\ProgramData\\Microsoft\\Windows\\AppRepository\\Packages\\Microsoft.WindowsNotepad_11.2404.10.0_x64__8wekyb3d8bbwe\\ActivationStore.dat', '0', '0')"
2024-06-04 10:05:18,43,Information,Microsoft-Windows-WindowsUpdateClient,DESKTOP-QUV3S97,"('9MSMLRH6LZF3-Microsoft.WindowsNotepad', '{0ef1005e-0022-4bc9-aa47-71c821841d2d}', '1')"
2024-06-04 10:05:28,16,Information,Microsoft-Windows-Kernel-General,DESKTOP-QUV3S97,"('133', '\\??\\C:\\ProgramData\\Microsoft\\Windows\\AppRepository\\Packages\\Microsoft.BingWeather_4.53.61401.0_x64__8wekyb3d8bbwe\\ActivationStore.dat', '0', '0')"
2024-06-04 10:05:29,43,Information,Microsoft-Windows-WindowsUpdateClient,DESKTOP-QUV3S97,"('9WZDNCRFJ3Q2-Microsoft.BingWeather', '{be2d4667-ccfd-4ebc-b0d2-1324d64dc36e}', '1')"
2024-06-04 10:05:30,19,Information,Microsoft-Windows-WindowsUpdateClient,DESKTOP-QUV3S97,"('9WZDNCRFJ3Q2-Microsoft.BingWeather', '{be2d4667-ccfd-4ebc-b0d2-1324d64dc36e}', '1', '{855e8a7c-ecb4-4ca3-b045-1dfa50104289}')"
2024-06-04 10:36:46,10016,Warning,DCOM,DESKTOP-QUV3S97,"('application-specific', 'Local', 'Activation', '{2593F8B9-4EAF-457C-B68A-50F6B8EA6B54}', '{15C20B67-12E7-4BB6-92BB-7AFF07997402}', 'DESKTOP-QUV3S97', 'Adnan', 'S-1-5-21-1915879001-2348363783-178924610-1001', 'LocalHost (Using LRPC)', 'MicrosoftWindows.Client.WebExperience_524.13200.10.0_x64__cw5n1h2txyewy', 'Unavailable')"
2024-06-04 12:00:00,6013,Information,EventLog,DESKTOP-QUV3S97,"('', '', '', '', '266213', '60', '')"
2024-06-04 13:01:52,10016,Warning,DCOM,DESKTOP-QUV3S97,"('application-specific', 'Local', 'Activation', '{2593F8B9-4EAF-457C-B68A-50F6B8EA6B54}', '{15C20B67-12E7-4BB6-92BB-7AFF07997402}', 'DESKTOP-QUV3S97', 'Adnan', 'S-1-5-21-1915879001-2348363783-178924610-1001', 'LocalHost (Using LRPC)', 'Unavailable', 'Unavailable')"
2024-06-04 14:50:18,7040,Information,Service Control Manager,DESKTOP-QUV3S97,"('Background Intelligent Transfer Service', 'demand start', 'auto start', 'BITS')"
2024-06-04 14:50:22,113,Information,Microsoft-Windows-HttpService,DESKTOP-QUV3S97,"('18302628899055468547', 'http://*:2869/upnp/eventing/', '0', '14976', '\\Device\\HarddiskVolume3\\Windows\\System32\\svchost.exe', 'S-1-5-19')"
2024-06-04 14:50:27,114,Information,Microsoft-Windows-HttpService,DESKTOP-QUV3S97,"('18302628899055468547', 'http://*:2869/upnp/eventing/', '14976', '\\Device\\HarddiskVolume3\\Windows\\System32\\svchost.exe', 'S-1-5-19')"
2024-06-04 14:52:38,7040,Information,Service Control Manager,DESKTOP-QUV3S97,"('Background Intelligent Transfer Service', 'auto start', 'demand start', 'BITS')"
2024-06-04 15:08:47,16,Information,Microsoft-Windows-Kernel-General,DESKTOP-QUV3S97,"('163', '\\??\\C:\\ProgramData\\Packages\\WinRAR.ShellExtension_d9ma7nkbkv4rp\\S-1-5-21-1915879001-2348363783-178924610-1001\\SystemAppData\\Helium\\Cache\\47b86fda953346a8_COM15.dat', '1', '1')"
2024-06-04 15:48:54,566,Information,Microsoft-Windows-Kernel-Power,DESKTOP-QUV3S97,"('63', '12', '28', '1', '6716346', '45380', '45380', '45380', '45380', '29', '2', 'true', '12')"
2024-06-04 16:20:28,507,Information,Microsoft-Windows-Kernel-Power,DESKTOP-QUV3S97,"('0', '263090946', '17087657344', '44458975', '1637450157', '1900541103', '45', '88', 'true', '44', '44842072', '27033385', 'true', '1621573182', '348285', 'false', 'true', '2953034', '7', '0', 'true', 'true', '30', 'false', '45420', '45380', '28', '63', '0', '18446744056727635481', '1637450157', '1621573182', '0', '0', '146819', 'true', '45380', '45380', '6716346', '45380', '45420', '1893790660', '45380', '45380', '45380', '45380', '4', '0')"
2024-06-04 16:43:24,44,Information,Microsoft-Windows-WindowsUpdateClient,DESKTOP-QUV3S97,"('Security Intelligence Update for Microsoft Defender Antivirus - KB2267602 (Version 1.413.92.0) - Current Channel (Broad)', '{c8efa92e-d0ce-4166-aca7-4a8b0e2c68d2}', '200')"
2024-06-04 16:43:29,19,Information,Microsoft-Windows-WindowsUpdateClient,DESKTOP-QUV3S97,"('Security Intelligence Update for Microsoft Defender Antivirus - KB2267602 (Version 1.413.92.0) - Current Channel (Broad)', '{c8efa92e-d0ce-4166-aca7-4a8b0e2c68d2}', '200', '{9482f4b4-e343-43b6-b170-9a65bc822c77}')"
2024-06-04 17:53:37,10016,Warning,DCOM,DESKTOP-QUV3S97,"('application-specific', 'Local', 'Activation', '{2593F8B9-4EAF-457C-B68A-50F6B8EA6B54}', '{15C20B67-12E7-4BB6-92BB-7AFF07997402}', 'DESKTOP-QUV3S97', 'Adnan', 'S-1-5-21-1915879001-2348363783-178924610-1001', 'LocalHost (Using LRPC)', 'Unavailable', 'Unavailable')"
2024-06-04 18:13:51,107,Information,Microsoft-Windows-Kernel-Power,DESKTOP-QUV3S97,"('6', '5', '5', '1601-01-01T00:00:00.0000000Z', '1601-01-01T00:00:00.0000000Z', '0', '0')"
2024-06-05 07:56:40,1,Information,Microsoft-Windows-Power-Troubleshooter,DESKTOP-QUV3S97,"('2024-06-04T12:13:47.8005952Z', '2024-06-05T01:56:39.0695669Z', '2704', '567', '542', '3529', '2304', '4623', '344549', '1979728129', '6', '5', '0', '0', '', '0', '0', '0', '', '', '47')"
2024-06-05 07:56:41,16,Information,Microsoft-Windows-Kernel-General,DESKTOP-QUV3S97,"('105', '\\??\\C:\\Users\\win11\\AppData\\Local\\Packages\\MicrosoftWindows.Client.CBS_cw5n1h2txyewy\\Settings\\settings.dat', '89', '11')"
2024-06-05 07:56:42,16,Information,Microsoft-Windows-Kernel-General,DESKTOP-QUV3S97,"('119', '\\??\\C:\\Users\\win11\\AppData\\Local\\Packages\\Microsoft.Windows.StartMenuExperienceHost_cw5n1h2txyewy\\Settings\\settings.dat', '9', '1')"
2024-06-05 07:56:46,16,Information,Microsoft-Windows-Kernel-General,DESKTOP-QUV3S97,"('97', '\\??\\C:\\Users\\win11\\AppData\\Local\\Packages\\Microsoft.YourPhone_8wekyb3d8bbwe\\Settings\\settings.dat', '49', '6')"
2024-06-05 07:56:50,5,Information,Microsoft-Windows-IsolatedUserMode,DESKTOP-QUV3S97,"('0', '0', '0', 'NULL')"
2024-06-05 07:56:56,5,Information,Microsoft-Windows-IsolatedUserMode,DESKTOP-QUV3S97,"('0', '0', '0', 'NULL')"
2024-06-05 07:56:57,2,Information,Microsoft-Windows-IsolatedUserMode,DESKTOP-QUV3S97,"('0', '0', '0')"
2024-06-05 07:56:58,16,Information,Microsoft-Windows-Kernel-General,DESKTOP-QUV3S97,"('129', '\\??\\C:\\Users\\win11\\AppData\\Local\\Packages\\AdvancedMicroDevicesInc-2.AMDRadeonSoftware_0a9344xs7nr4m\\SystemAppData\\Helium\\User.dat', '27', '3')"
2024-06-05 07:57:00,16,Information,Microsoft-Windows-Kernel-General,DESKTOP-QUV3S97,"('111', '\\??\\C:\\Users\\win11\\AppData\\Local\\Packages\\AD2F1837.HPThermalControl_v10z8vjag6ke6\\SystemAppData\\Helium\\User.dat', '7', '1')"
2024-06-05 07:57:01,16,Information,Microsoft-Windows-Kernel-General,DESKTOP-QUV3S97,"('103', '\\??\\C:\\Users\\win11\\AppData\\Local\\Packages\\AD2F1837.HPThermalControl_v10z8vjag6ke6\\Settings\\settings.dat', '5', '1')"
2024-06-05 07:57:02,16,Information,Microsoft-Windows-Kernel-General,DESKTOP-QUV3S97,"('104', '\\??\\C:\\Users\\win11\\AppData\\Local\\Packages\\Microsoft.SkypeApp_kzf8qxf38zg5c\\SystemAppData\\Helium\\User.dat', '22', '4')"
2024-06-05 07:57:03,10016,Warning,DCOM,DESKTOP-QUV3S97,"('application-specific', 'Local', 'Activation', '{2593F8B9-4EAF-457C-B68A-50F6B8EA6B54}', '{15C20B67-12E7-4BB6-92BB-7AFF07997402}', 'DESKTOP-QUV3S97', 'Adnan', 'S-1-5-21-1915879001-2348363783-178924610-1001', 'LocalHost (Using LRPC)', 'Microsoft.SkypeApp_15.119.3201.0_x64__kzf8qxf38zg5c', 'Unavailable')"
2024-06-05 07:57:04,10016,Warning,DCOM,DESKTOP-QUV3S97,"('application-specific', 'Local', 'Activation', '{2593F8B9-4EAF-457C-B68A-50F6B8EA6B54}', '{15C20B67-12E7-4BB6-92BB-7AFF07997402}', 'DESKTOP-QUV3S97', 'Adnan', 'S-1-5-21-1915879001-2348363783-178924610-1001', 'LocalHost (Using LRPC)', 'Microsoft.SkypeApp_15.119.3201.0_x64__kzf8qxf38zg5c', 'Unavailable')"
2024-06-05 07:57:05,16,Information,Microsoft-Windows-Kernel-General,DESKTOP-QUV3S97,"('100', '\\??\\C:\\Users\\win11\\AppData\\Local\\Packages\\MicrosoftTeams_8wekyb3d8bbwe\\SystemAppData\\Helium\\User.dat', '39', '4')"
2024-06-05 07:57:06,16,Information,Microsoft-Windows-Kernel-General,DESKTOP-QUV3S97,"('96', '\\??\\C:\\Users\\win11\\AppData\\Local\\Packages\\Microsoft.SkypeApp_kzf8qxf38zg5c\\Settings\\settings.dat', '2', '1')"
2024-06-05 07:57:09,16,Information,Microsoft-Windows-Kernel-General,DESKTOP-QUV3S97,"('114', '\\??\\C:\\Users\\win11\\AppData\\Local\\Packages\\MicrosoftWindows.CrossDevice_cw5n1h2txyewy\\SystemAppData\\Helium\\User.dat', '1', '1')"
2024-06-05 07:57:10,16,Information,Microsoft-Windows-Kernel-General,DESKTOP-QUV3S97,"('106', '\\??\\C:\\Users\\win11\\AppData\\Local\\Packages\\MicrosoftWindows.CrossDevice_cw5n1h2txyewy\\Settings\\settings.dat', '26', '2')"
2024-06-05 07:57:24,37,Information,Microsoft-Windows-Time-Service,DESKTOP-QUV3S97,"('time.windows.com,0x9 (ntp.m|0x9|0.0.0.0:123->52.148.114.188:123)',)"
2024-06-05 07:57:36,16,Information,Microsoft-Windows-Kernel-General,DESKTOP-QUV3S97,"('171', '\\??\\C:\\ProgramData\\Packages\\Microsoft.DesktopAppInstaller_8wekyb3d8bbwe\\S-1-5-21-1915879001-2348363783-178924610-1001\\SystemAppData\\Helium\\Cache\\42c384ef2eedaf58_COM15.dat', '1', '1')"
2024-06-05 07:57:37,16,Information,Microsoft-Windows-Kernel-General,DESKTOP-QUV3S97,"('107', '\\??\\C:\\Users\\win11\\AppData\\Local\\Packages\\Microsoft.DesktopAppInstaller_8wekyb3d8bbwe\\Settings\\settings.dat', '2', '1')"
2024-06-05 07:57:40,35,Information,Microsoft-Windows-Time-Service,DESKTOP-QUV3S97,"('time.windows.com,0x9 (ntp.m|0x9|0.0.0.0:123->52.148.114.188:123)', '3161625652', '4')"
2024-06-05 07:57:57,7040,Information,Service Control Manager,DESKTOP-QUV3S97,"('Background Intelligent Transfer Service', 'demand start', 'auto start', 'BITS')"
2024-06-05 07:58:01,113,Information,Microsoft-Windows-HttpService,DESKTOP-QUV3S97,"('18302628911940370439', 'http://*:2869/upnp/eventing/', '0', '14976', '\\Device\\HarddiskVolume3\\Windows\\System32\\svchost.exe', 'S-1-5-19')"
2024-06-05 07:58:06,114,Information,Microsoft-Windows-HttpService,DESKTOP-QUV3S97,"('18302628911940370439', 'http://*:2869/upnp/eventing/', '14976', '\\Device\\HarddiskVolume3\\Windows\\System32\\svchost.exe', 'S-1-5-19')"
2024-06-05 07:58:22,114,Information,Microsoft-Windows-HttpService,DESKTOP-QUV3S97,"('18302628899055468548', 'http://*:2869/upnp/eventing/', '14976', '\\Device\\HarddiskVolume3\\Windows\\System32\\svchost.exe', 'S-1-5-19')"
2024-06-05 07:58:32,114,Information,Microsoft-Windows-HttpService,DESKTOP-QUV3S97,"('18302628894760501253', 'http://*:2869/upnp/eventing/', '14976', '\\Device\\HarddiskVolume3\\Windows\\System32\\svchost.exe', 'S-1-5-19')"
2024-06-05 07:58:37,114,Information,Microsoft-Windows-HttpService,DESKTOP-QUV3S97,"('18302628886170566662', 'http://*:2869/upnp/eventing/', '14976', '\\Device\\HarddiskVolume3\\Windows\\System32\\svchost.exe', 'S-1-5-19')"
2024-06-05 07:58:55,114,Information,Microsoft-Windows-HttpService,DESKTOP-QUV3S97,"('18302628907645403137', 'http://*:2869/upnp/eventing/', '14976', '\\Device\\HarddiskVolume3\\Windows\\System32\\svchost.exe', 'S-1-5-19')"
2024-06-05 08:00:59,7040,Information,Service Control Manager,DESKTOP-QUV3S97,"('Background Intelligent Transfer Service', 'auto start', 'demand start', 'BITS')"
2024-06-05 08:03:44,7040,Information,Service Control Manager,DESKTOP-QUV3S97,"('Background Intelligent Transfer Service', 'demand start', 'auto start', 'BITS')"
2024-06-05 08:03:48,113,Information,Microsoft-Windows-HttpService,DESKTOP-QUV3S97,"('18302628924825272322', 'http://*:2869/upnp/eventing/', '0', '14976', '\\Device\\HarddiskVolume3\\Windows\\System32\\svchost.exe', 'S-1-5-19')"
2024-06-05 08:03:53,114,Information,Microsoft-Windows-HttpService,DESKTOP-QUV3S97,"('18302628924825272322', 'http://*:2869/upnp/eventing/', '14976', '\\Device\\HarddiskVolume3\\Windows\\System32\\svchost.exe', 'S-1-5-19')"
2024-06-05 08:04:33,114,Information,Microsoft-Windows-HttpService,DESKTOP-QUV3S97,"('18302628907645403139', 'http://*:2869/upnp/eventing/', '14976', '\\Device\\HarddiskVolume3\\Windows\\System32\\svchost.exe', 'S-1-5-19')"
2024-06-05 08:06:37,7040,Information,Service Control Manager,DESKTOP-QUV3S97,"('Background Intelligent Transfer Service', 'auto start', 'demand start', 'BITS')"
2024-06-05 08:56:57,5,Information,Microsoft-Windows-IsolatedUserMode,DESKTOP-QUV3S97,"('0', '0', '0', 'NULL')"
2024-06-05 08:56:58,2,Information,Microsoft-Windows-IsolatedUserMode,DESKTOP-QUV3S97,"('0', '0', '0')"
2024-06-05 08:57:58,7040,Information,Service Control Manager,DESKTOP-QUV3S97,"('Background Intelligent Transfer Service', 'demand start', 'auto start', 'BITS')"
2024-06-05 08:58:02,113,Information,Microsoft-Windows-HttpService,DESKTOP-QUV3S97,"('18302628907645403140', 'http://*:2869/upnp/eventing/', '0', '14976', '\\Device\\HarddiskVolume3\\Windows\\System32\\svchost.exe', 'S-1-5-19')"
2024-06-05 08:58:07,114,Information,Microsoft-Windows-HttpService,DESKTOP-QUV3S97,"('18302628907645403140', 'http://*:2869/upnp/eventing/', '14976', '\\Device\\HarddiskVolume3\\Windows\\System32\\svchost.exe', 'S-1-5-19')"
2024-06-05 08:58:19,114,Information,Microsoft-Windows-HttpService,DESKTOP-QUV3S97,"('18302628894760501255', 'http://*:2869/upnp/eventing/', '14976', '\\Device\\HarddiskVolume3\\Windows\\System32\\svchost.exe', 'S-1-5-19')"
2024-06-05 08:58:36,114,Information,Microsoft-Windows-HttpService,DESKTOP-QUV3S97,"('18302628886170566664', 'http://*:2869/upnp/eventing/', '14976', '\\Device\\HarddiskVolume3\\Windows\\System32\\svchost.exe', 'S-1-5-19')"
2024-06-05 09:00:40,7040,Information,Service Control Manager,DESKTOP-QUV3S97,"('Background Intelligent Transfer Service', 'auto start', 'demand start', 'BITS')"
2024-06-05 09:28:35,16,Information,Microsoft-Windows-Kernel-General,DESKTOP-QUV3S97,"('95', '\\??\\C:\\Users\\win11\\AppData\\Local\\Packages\\Microsoft.LockApp_cw5n1h2txyewy\\Settings\\settings.dat', '3', '1')"
2024-06-05 09:28:36,566,Information,Microsoft-Windows-Kernel-Power,DESKTOP-QUV3S97,"('63', '12', '35', '1', '3200453', '29420', '45530', '29420', '45530', '36', '2', 'false', '12')"
2024-06-05 09:28:42,172,Information,Microsoft-Windows-Kernel-Power,DESKTOP-QUV3S97,"('2', '7')"
2024-06-05 09:31:00,172,Information,Microsoft-Windows-Kernel-Power,DESKTOP-QUV3S97,"('0', '0')"
2024-06-05 09:40:10,15,Information,Microsoft-Windows-Kernel-General,DESKTOP-QUV3S97,"('41', '\\??\\C:\\Windows\\System32\\config\\components', '50294784', '34746368')"
2024-06-05 10:26:09,566,Information,Microsoft-Windows-Kernel-Power,DESKTOP-QUV3S97,"('63', '12', '37', '0', '3309167118', '29330', '45530', '44190', '45530', '38', '1', 'true', '12')"
2024-06-05 10:26:16,10016,Warning,DCOM,DESKTOP-QUV3S97,"('application-specific', 'Local', 'Activation', '{2593F8B9-4EAF-457C-B68A-50F6B8EA6B54}', '{15C20B67-12E7-4BB6-92BB-7AFF07997402}', 'DESKTOP-QUV3S97', 'Adnan', 'S-1-5-21-1915879001-2348363783-178924610-1001', 'LocalHost (Using LRPC)', 'MicrosoftWindows.Client.WebExperience_524.13200.10.0_x64__cw5n1h2txyewy', 'Unavailable')"
2024-06-05 10:26:26,566,Information,Microsoft-Windows-Kernel-Power,DESKTOP-QUV3S97,"('63', '12', '38', '1', '16574143', '44190', '45530', '44210', '45530', '39', '2', 'true', '12')"
2024-06-05 11:09:37,507,Information,Microsoft-Windows-Kernel-Power,DESKTOP-QUV3S97,"('0', '55677114', '23292464063', '24933544', '2551938538', '2607615652', '12', '89', 'false', '31', '0', '1623708', 'true', '2548170769', '297036', 'false', 'true', '702952', '7', '0', 'true', 'true', '40', 'false', '45540', '45530', '38', '63', '0', '18446744050461450932', '2551938538', '2548170769', '0', '0', '101793', 'true', '44190', '44210', '16574143', '44210', '45540', '2591041999', '45530', '45530', '45530', '45530', '4', '0')"
2024-06-05 11:16:14,10016,Warning,DCOM,DESKTOP-QUV3S97,"('application-specific', 'Local', 'Activation', '{2593F8B9-4EAF-457C-B68A-50F6B8EA6B54}', '{15C20B67-12E7-4BB6-92BB-7AFF07997402}', 'DESKTOP-QUV3S97', 'Adnan', 'S-1-5-21-1915879001-2348363783-178924610-1001', 'LocalHost (Using LRPC)', 'Microsoft.SkypeApp_15.119.3201.0_x64__kzf8qxf38zg5c', 'Unavailable')"
2024-06-05 11:16:15,10016,Warning,DCOM,DESKTOP-QUV3S97,"('application-specific', 'Local', 'Activation', '{2593F8B9-4EAF-457C-B68A-50F6B8EA6B54}', '{15C20B67-12E7-4BB6-92BB-7AFF07997402}', 'DESKTOP-QUV3S97', 'Adnan', 'S-1-5-21-1915879001-2348363783-178924610-1001', 'LocalHost (Using LRPC)', 'Microsoft.SkypeApp_15.119.3201.0_x64__kzf8qxf38zg5c', 'Unavailable')"
2024-06-05 11:17:13,16,Information,Microsoft-Windows-Kernel-General,DESKTOP-QUV3S97,"('103', '\\??\\C:\\Users\\win11\\AppData\\Local\\Packages\\Microsoft.WindowsTerminal_8wekyb3d8bbwe\\Settings\\settings.dat', '1', '1')"
2024-06-05 11:22:03,111,Information,Microsoft-Windows-HttpService,DESKTOP-QUV3S97,"('18302628903350435842', '0', '19148', '\\Device\\HarddiskVolume3\\Windows\\System32\\svchost.exe', 'S-1-5-19')"
2024-06-05 11:22:11,10016,Warning,DCOM,DESKTOP-QUV3S97,"('application-specific', 'Local', 'Activation', '{2593F8B9-4EAF-457C-B68A-50F6B8EA6B54}', '{15C20B67-12E7-4BB6-92BB-7AFF07997402}', 'DESKTOP-QUV3S97', 'Adnan', 'S-1-5-21-1915879001-2348363783-178924610-1001', 'LocalHost (Using LRPC)', 'Unavailable', 'Unavailable')"
2024-06-05 12:00:00,6013,Information,EventLog,DESKTOP-QUV3S97,"('', '', '', '', '352614', '60', '')"
2024-06-05 14:58:07,1014,Warning,Microsoft-Windows-DNS-Client,DESKTOP-QUV3S97,"('screenshotmonitor.com', '128', '02000000C0A80001000000000000000000000000000000000000000000000000000000000000000000000000000000000000000000000000000000000000000000000000000000000000000000000000000000000000000000000000000000000000000000000000000000000000000000000000000000000000000000000000', '13788')"
2024-06-05 15:06:40,1014,Warning,Microsoft-Windows-DNS-Client,DESKTOP-QUV3S97,"('screenshotmonitor.com', '128', '02000000C0A80001000000000000000000000000000000000000000000000000000000000000000000000000000000000000000000000000000000000000000000000000000000000000000000000000000000000000000000000000000000000000000000000000000000000000000000000000000000000000000000000000', '13788')"
2024-06-05 15:06:42,1014,Warning,Microsoft-Windows-DNS-Client,DESKTOP-QUV3S97,"('browser.pipe.aria.microsoft.com', '128', '02000000C0A80001000000000000000000000000000000000000000000000000000000000000000000000000000000000000000000000000000000000000000000000000000000000000000000000000000000000000000000000000000000000000000000000000000000000000000000000000000000000000000000000000', '14192')"
2024-06-05 15:45:08,16,Information,Microsoft-Windows-Kernel-General,DESKTOP-QUV3S97,"('110', '\\??\\C:\\Users\\win11\\AppData\\Local\\Packages\\AD2F1837.BangOlufsenAudioControl_v10z8vjag6ke6\\Settings\\settings.dat', '2', '1')"
2024-06-05 15:52:34,44,Information,Microsoft-Windows-WindowsUpdateClient,DESKTOP-QUV3S97,"('Update for Microsoft Defender Antivirus antimalware platform - KB4052623 (Version 4.18.24050.7) - Current Channel (Broad)', '{28facac6-b366-4845-a057-b634c0ee206e}', '200')"
2024-06-05 15:53:04,43,Information,Microsoft-Windows-WindowsUpdateClient,DESKTOP-QUV3S97,"('Security Intelligence Update for Microsoft Defender Antivirus - KB2267602 (Version 1.413.114.0) - Current Channel (Broad)', '{4189eaa4-8f84-4ae1-81a7-495858d3833a}', '201')"
2024-06-05 15:53:10,19,Information,Microsoft-Windows-WindowsUpdateClient,DESKTOP-QUV3S97,"('Security Intelligence Update for Microsoft Defender Antivirus - KB2267602 (Version 1.413.114.0) - Current Channel (Broad)', '{4189eaa4-8f84-4ae1-81a7-495858d3833a}', '201', '{9482f4b4-e343-43b6-b170-9a65bc822c77}')"
2024-06-05 15:53:26,43,Information,Microsoft-Windows-WindowsUpdateClient,DESKTOP-QUV3S97,"('Update for Microsoft Defender Antivirus antimalware platform - KB4052623 (Version 4.18.24050.7) - Current Channel (Broad)', '{28facac6-b366-4845-a057-b634c0ee206e}', '200')"
2024-06-05 15:53:30,1,Information,Microsoft-Windows-FilterManager,DESKTOP-QUV3S97,"('0x0', '10', '0', '8', 'WdFilter', '2024-04-15T00:21:22.0000000Z')"
2024-06-05 15:53:37,6,Information,Microsoft-Windows-FilterManager,DESKTOP-QUV3S97,"('0x0', '10', '0', '8', 'WdFilter', '2055-04-21T02:48:29.0000000Z')"
2024-06-05 15:53:41,19,Information,Microsoft-Windows-WindowsUpdateClient,DESKTOP-QUV3S97,"('Update for Microsoft Defender Antivirus antimalware platform - KB4052623 (Version 4.18.24050.7) - Current Channel (Broad)', '{28facac6-b366-4845-a057-b634c0ee206e}', '200', '{9482f4b4-e343-43b6-b170-9a65bc822c77}')"
2024-06-05 16:39:25,7040,Information,Service Control Manager,DESKTOP-QUV3S97,"('Background Intelligent Transfer Service', 'demand start', 'auto start', 'BITS')"
2024-06-05 16:41:29,7040,Information,Service Control Manager,DESKTOP-QUV3S97,"('Background Intelligent Transfer Service', 'auto start', 'demand start', 'BITS')"
2024-06-05 17:03:32,37,Information,Microsoft-Windows-Time-Service,DESKTOP-QUV3S97,"('time.windows.com,0x9 (ntp.m|0x9|0.0.0.0:123->52.148.114.188:123)',)"
2024-06-05 19:27:14,16,Information,Microsoft-Windows-Kernel-General,DESKTOP-QUV3S97,"('169', '\\??\\C:\\ProgramData\\Packages\\Microsoft.XboxGamingOverlay_8wekyb3d8bbwe\\S-1-5-21-1915879001-2348363783-178924610-1001\\SystemAppData\\Helium\\Cache\\bedb6ee97625da33_COM15.dat', '1', '1')"
2024-06-05 19:39:57,566,Information,Microsoft-Windows-Kernel-Power,DESKTOP-QUV3S97,"('63', '12', '40', '0', '30620248238', '45540', '45530', '45650', '45650', '41', '1', 'true', '12')"
2024-06-05 19:40:19,566,Information,Microsoft-Windows-Kernel-Power,DESKTOP-QUV3S97,"('63', '12', '41', '1', '21829276', '45650', '45650', '45650', '45650', '42', '2', 'true', '12')"
2024-06-05 20:33:29,507,Information,Microsoft-Windows-Kernel-Power,DESKTOP-QUV3S97,"('0', '64708471', '28665840189', '30103762', '3146837499', '3211545970', '12', '89', 'false', '31', '0', '2467115', 'true', '3143008203', '395426', 'false', 'true', '746786', '7', '0', 'true', 'true', '43', 'false', '45650', '45650', '41', '63', '0', '18446744045079012077', '3146837499', '3143008203', '0', '0', '124841', 'true', '45650', '45650', '21829276', '45650', '45650', '3189717010', '45650', '45650', '45650', '45650', '4', '0')"
2024-06-05 20:34:29,42,Information,Microsoft-Windows-Kernel-Power,DESKTOP-QUV3S97,"('6', '5', '4', '0', '18')"
2024-06-05 20:34:31,107,Information,Microsoft-Windows-Kernel-Power,DESKTOP-QUV3S97,"('6', '5', '5', '1601-01-01T00:00:00.0000000Z', '1601-01-01T00:00:00.0000000Z', '0', '0')"
2024-06-06 10:42:14,1,Information,Microsoft-Windows-Kernel-General,DESKTOP-QUV3S97,"('2024-06-06T04:42:14.5000000Z', '2024-06-05T14:34:31.1004560Z', '50863399', '2', '', '4', '2024-06-06T10:42:14.5000000Z', '-360', 'false', 'false')"
2024-06-06 10:42:26,5,Information,Microsoft-Windows-IsolatedUserMode,DESKTOP-QUV3S97,"('0', '0', '0', 'NULL')"
2024-06-06 10:42:28,16,Information,Microsoft-Windows-Kernel-General,DESKTOP-QUV3S97,"('102', '\\??\\C:\\Users\\win11\\AppData\\Local\\Packages\\5319275A.WhatsAppDesktop_cv1g1gvanyjgm\\Settings\\settings.dat', '2', '1')"
2024-06-06 10:42:31,5,Information,Microsoft-Windows-IsolatedUserMode,DESKTOP-QUV3S97,"('0', '0', '0', 'NULL')"
2024-06-06 10:42:32,2,Information,Microsoft-Windows-IsolatedUserMode,DESKTOP-QUV3S97,"('0', '0', '0')"
2024-06-06 10:42:37,10016,Warning,DCOM,DESKTOP-QUV3S97,"('application-specific', 'Local', 'Activation', '{2593F8B9-4EAF-457C-B68A-50F6B8EA6B54}', '{15C20B67-12E7-4BB6-92BB-7AFF07997402}', 'DESKTOP-QUV3S97', 'Adnan', 'S-1-5-21-1915879001-2348363783-178924610-1001', 'LocalHost (Using LRPC)', 'Microsoft.SkypeApp_15.119.3201.0_x64__kzf8qxf38zg5c', 'Unavailable')"
2024-06-06 10:42:38,10016,Warning,DCOM,DESKTOP-QUV3S97,"('application-specific', 'Local', 'Activation', '{2593F8B9-4EAF-457C-B68A-50F6B8EA6B54}', '{15C20B67-12E7-4BB6-92BB-7AFF07997402}', 'DESKTOP-QUV3S97', 'Adnan', 'S-1-5-21-1915879001-2348363783-178924610-1001', 'LocalHost (Using LRPC)', 'Microsoft.SkypeApp_15.119.3201.0_x64__kzf8qxf38zg5c', 'Unavailable')"
2024-06-06 10:42:51,566,Information,Microsoft-Windows-Kernel-Power,DESKTOP-QUV3S97,"('63', '12', '47', '0', '35969394', '45200', '45650', '45020', '45650', '48', '1', 'false', '12')"
2024-06-06 10:43:08,37,Information,Microsoft-Windows-Time-Service,DESKTOP-QUV3S97,"('time.windows.com,0x9 (ntp.m|0x9|0.0.0.0:123->40.81.94.65:123)',)"
2024-06-06 10:43:11,24,Information,Microsoft-Windows-Kernel-General,DESKTOP-QUV3S97,"('0', '-360', '0', '0', '0')"
2024-06-06 10:44:28,7040,Information,Service Control Manager,DESKTOP-QUV3S97,"('Background Intelligent Transfer Service', 'demand start', 'auto start', 'BITS')"
2024-06-06 10:44:33,113,Information,Microsoft-Windows-HttpService,DESKTOP-QUV3S97,"('18302628894760501256', 'http://*:2869/upnp/eventing/', '0', '14976', '\\Device\\HarddiskVolume3\\Windows\\System32\\svchost.exe', 'S-1-5-19')"
2024-06-06 10:44:37,114,Information,Microsoft-Windows-HttpService,DESKTOP-QUV3S97,"('18302628894760501256', 'http://*:2869/upnp/eventing/', '14976', '\\Device\\HarddiskVolume3\\Windows\\System32\\svchost.exe', 'S-1-5-19')"
2024-06-06 10:46:48,7040,Information,Service Control Manager,DESKTOP-QUV3S97,"('Background Intelligent Transfer Service', 'auto start', 'demand start', 'BITS')"
2024-06-06 10:47:47,507,Information,Microsoft-Windows-Kernel-Power,DESKTOP-QUV3S97,"('7053', '301119827', '0', '0', '0', '301119827', '0', '89', 'false', '6', '0', '0', 'false', '0', '162499', 'true', 'true', '0', '7', '0', 'true', 'true', '50', 'false', '44430', '45650', '48', '63', '0', '301119827', '0', '0', '0', '0', '160481', 'false', '45020', '44430', '301119936', '0', '0', '0', '45650', '45650', '0', '0', '4', '0')"
2024-06-06 10:47:48,16,Information,Microsoft-Windows-Kernel-General,DESKTOP-QUV3S97,"('100', '\\??\\C:\\Users\\win11\\AppData\\Local\\Packages\\Microsoft.WindowsStore_8wekyb3d8bbwe\\Settings\\settings.dat', '15', '5')"
2024-06-06 10:48:13,566,Information,Microsoft-Windows-Kernel-Power,DESKTOP-QUV3S97,"('63', '0', '50', '0', '25841030', '44430', '45650', '44360', '45650', '51', '1', 'false', '0')"
2024-06-06 10:48:21,172,Information,Microsoft-Windows-Kernel-Power,DESKTOP-QUV3S97,"('2', '7')"
2024-06-06 10:53:28,105,Information,Microsoft-Windows-Kernel-Power,DESKTOP-QUV3S97,"('true', '44360', '45650')"
2024-06-06 10:53:29,507,Information,Microsoft-Windows-Kernel-Power,DESKTOP-QUV3S97,"('0', '45036046', '2791734360', '38566269', '270762863', '315798909', '7', '89', 'true', '5', '3527372', '2042242', 'false', '265884061', '299822', 'true', 'true', '249083', '7', '0', 'true', 'true', '53', 'false', '45650', '45650', '51', '63', '0', '18446744070926213452', '270762863', '265884061', '0', '0', '88363', 'true', '44360', '44360', '416277', '44360', '45650', '315383918', '45650', '45650', '45650', '45650', '4', '0')"
2024-06-06 11:01:13,7040,Information,Service Control Manager,DESKTOP-QUV3S97,"('Background Intelligent Transfer Service', 'demand start', 'auto start', 'BITS')"
2024-06-06 11:01:17,113,Information,Microsoft-Windows-HttpService,DESKTOP-QUV3S97,"('18302628929120239635', 'http://*:2869/upnp/eventing/', '0', '14976', '\\Device\\HarddiskVolume3\\Windows\\System32\\svchost.exe', 'S-1-5-19')"
2024-06-06 11:01:22,114,Information,Microsoft-Windows-HttpService,DESKTOP-QUV3S97,"('18302628929120239635', 'http://*:2869/upnp/eventing/', '14976', '\\Device\\HarddiskVolume3\\Windows\\System32\\svchost.exe', 'S-1-5-19')"
2024-06-06 11:01:37,114,Information,Microsoft-Windows-HttpService,DESKTOP-QUV3S97,"('18302628894760501257', 'http://*:2869/upnp/eventing/', '14976', '\\Device\\HarddiskVolume3\\Windows\\System32\\svchost.exe', 'S-1-5-19')"
2024-06-06 11:02:02,114,Information,Microsoft-Windows-HttpService,DESKTOP-QUV3S97,"('18302628929120239637', 'http://*:2869/upnp/eventing/', '14976', '\\Device\\HarddiskVolume3\\Windows\\System32\\svchost.exe', 'S-1-5-19')"
2024-06-06 11:02:10,114,Information,Microsoft-Windows-HttpService,DESKTOP-QUV3S97,"('18302628933415206926', 'http://*:2869/upnp/eventing/', '14976', '\\Device\\HarddiskVolume3\\Windows\\System32\\svchost.exe', 'S-1-5-19')"
2024-06-06 11:02:19,114,Information,Microsoft-Windows-HttpService,DESKTOP-QUV3S97,"('18302628929120239639', 'http://*:2869/upnp/eventing/', '14976', '\\Device\\HarddiskVolume3\\Windows\\System32\\svchost.exe', 'S-1-5-19')"
2024-06-06 11:02:31,114,Information,Microsoft-Windows-HttpService,DESKTOP-QUV3S97,"('18302628929120239640', 'http://*:2869/upnp/eventing/', '14976', '\\Device\\HarddiskVolume3\\Windows\\System32\\svchost.exe', 'S-1-5-19')"
2024-06-06 11:02:32,114,Information,Microsoft-Windows-HttpService,DESKTOP-QUV3S97,"('18302628924825272323', 'http://*:2869/upnp/eventing/', '14976', '\\Device\\HarddiskVolume3\\Windows\\System32\\svchost.exe', 'S-1-5-19')"
2024-06-06 11:04:39,7040,Information,Service Control Manager,DESKTOP-QUV3S97,"('Background Intelligent Transfer Service', 'auto start', 'demand start', 'BITS')"
2024-06-06 11:08:11,44,Information,Microsoft-Windows-WindowsUpdateClient,DESKTOP-QUV3S97,"('9NZKPSTSNW4P-Microsoft.XboxGamingOverlay', '{f1d4f2ce-0e92-4c68-8579-3e06e80e8516}', '1')"
2024-06-06 11:08:42,44,Information,Microsoft-Windows-WindowsUpdateClient,DESKTOP-QUV3S97,"('9WZDNCRFJ3PT-MICROSOFT.ZUNEMUSIC', '{873828c3-cfc7-4f14-bd1c-1f2eb0887654}', '1')"
2024-06-06 11:09:09,16,Information,Microsoft-Windows-Kernel-General,DESKTOP-QUV3S97,"('130', '\\??\\C:\\ProgramData\\Microsoft\\Windows\\AppRepository\\Packages\\Microsoft.ZuneMusic_11.2405.8.0_x64__8wekyb3d8bbwe\\ActivationStore.dat', '0', '0')"
2024-06-06 11:09:11,43,Information,Microsoft-Windows-WindowsUpdateClient,DESKTOP-QUV3S97,"('9WZDNCRFJ3PT-MICROSOFT.ZUNEMUSIC', '{873828c3-cfc7-4f14-bd1c-1f2eb0887654}', '1')"
2024-06-06 11:09:12,19,Information,Microsoft-Windows-WindowsUpdateClient,DESKTOP-QUV3S97,"('9WZDNCRFJ3PT-MICROSOFT.ZUNEMUSIC', '{873828c3-cfc7-4f14-bd1c-1f2eb0887654}', '1', '{855e8a7c-ecb4-4ca3-b045-1dfa50104289}')"
2024-06-06 11:09:15,44,Information,Microsoft-Windows-WindowsUpdateClient,DESKTOP-QUV3S97,"('9WZDNCRFHVQM-MICROSOFT.WINDOWSCOMMUNICATIONSAPPS', '{f354122b-adfa-48e5-8788-7eaec0a5e6bc}', '1')"
2024-06-06 11:10:12,16,Information,Microsoft-Windows-Kernel-General,DESKTOP-QUV3S97,"('127', '\\??\\C:\\ProgramData\\Microsoft\\Windows\\AppRepository\\Packages\\Microsoft.Paint_11.2404.45.0_x64__8wekyb3d8bbwe\\ActivationStore.dat', '0', '0')"
2024-06-06 11:10:13,43,Information,Microsoft-Windows-WindowsUpdateClient,DESKTOP-QUV3S97,"('9PCFS5B6T72H-Microsoft.Paint', '{48687305-9482-4bc8-81a0-048ede2a816d}', '1')"
2024-06-06 11:10:14,19,Information,Microsoft-Windows-WindowsUpdateClient,DESKTOP-QUV3S97,"('9PCFS5B6T72H-Microsoft.Paint', '{48687305-9482-4bc8-81a0-048ede2a816d}', '1', '{855e8a7c-ecb4-4ca3-b045-1dfa50104289}')"
2024-06-06 11:10:56,16,Information,Microsoft-Windows-Kernel-General,DESKTOP-QUV3S97,"('139', '\\??\\C:\\ProgramData\\Microsoft\\Windows\\AppRepository\\Packages\\Microsoft.XboxGamingOverlay_7.124.5142.0_x64__8wekyb3d8bbwe\\ActivationStore.dat', '0', '0')"
2024-06-06 11:10:57,19,Information,Microsoft-Windows-WindowsUpdateClient,DESKTOP-QUV3S97,"('9NZKPSTSNW4P-Microsoft.XboxGamingOverlay', '{f1d4f2ce-0e92-4c68-8579-3e06e80e8516}', '1', '{855e8a7c-ecb4-4ca3-b045-1dfa50104289}')"
2024-06-06 11:21:27,16,Information,Microsoft-Windows-Kernel-General,DESKTOP-QUV3S97,"('154', '\\??\\C:\\ProgramData\\Microsoft\\Windows\\AppRepository\\Packages\\microsoft.windowscommunicationsapps_16005.14326.21944.0_x64__8wekyb3d8bbwe\\ActivationStore.dat', '0', '0')"
2024-06-06 11:21:28,43,Information,Microsoft-Windows-WindowsUpdateClient,DESKTOP-QUV3S97,"('9WZDNCRFHVQM-MICROSOFT.WINDOWSCOMMUNICATIONSAPPS', '{f354122b-adfa-48e5-8788-7eaec0a5e6bc}', '1')"
2024-06-06 11:21:29,19,Information,Microsoft-Windows-WindowsUpdateClient,DESKTOP-QUV3S97,"('9WZDNCRFHVQM-MICROSOFT.WINDOWSCOMMUNICATIONSAPPS', '{f354122b-adfa-48e5-8788-7eaec0a5e6bc}', '1', '{855e8a7c-ecb4-4ca3-b045-1dfa50104289}')"
2024-06-06 12:00:00,6013,Information,EventLog,DESKTOP-QUV3S97,"('', '', '', '', '439018', '60', '')"
2024-06-06 12:11:03,10016,Warning,DCOM,DESKTOP-QUV3S97,"('application-specific', 'Local', 'Activation', '{2593F8B9-4EAF-457C-B68A-50F6B8EA6B54}', '{15C20B67-12E7-4BB6-92BB-7AFF07997402}', 'DESKTOP-QUV3S97', 'Adnan', 'S-1-5-21-1915879001-2348363783-178924610-1001', 'LocalHost (Using LRPC)', 'Unavailable', 'Unavailable')"
2024-06-06 14:44:08,1014,Warning,Microsoft-Windows-DNS-Client,DESKTOP-QUV3S97,"('outlook.office.com', '128', '020000007C06E004000000000000000000000000000000000000000000000000000000000000000000000000000000000000000000000000000000000000000000000000000000000000000000000000000000000000000000000000000000000000000000000000000000000000000000000000000000000000000000000000', '8976')"
2024-06-06 14:44:13,4003,Warning,Microsoft-Windows-WLAN-AutoConfig,DESKTOP-QUV3S97,"('4', '0x0', '7', '0')"
2024-06-06 14:44:14,172,Information,Microsoft-Windows-Kernel-Power,DESKTOP-QUV3S97,"('0', '0')"
2024-06-06 14:44:31,1014,Warning,Microsoft-Windows-DNS-Client,DESKTOP-QUV3S97,"('trouter-jpea-0-b.trouter.skype.com', '128', '020000007C06E004000000000000000000000000000000000000000000000000000000000000000000000000000000000000000000000000000000000000000000000000000000000000000000000000000000000000000000000000000000000000000000000000000000000000000000000000000000000000000000000000', '23112')"
2024-06-06 14:44:49,1014,Warning,Microsoft-Windows-DNS-Client,DESKTOP-QUV3S97,"('api.asm.skype.com', '128', '020000007C06E004000000000000000000000000000000000000000000000000000000000000000000000000000000000000000000000000000000000000000000000000000000000000000000000000000000000000000000000000000000000000000000000000000000000000000000000000000000000000000000000000', '22256')"
2024-06-06 14:46:50,1014,Warning,Microsoft-Windows-DNS-Client,DESKTOP-QUV3S97,"('trouter-jpea-0-b.trouter.skype.com', '128', '020000007C06E004000000000000000000000000000000000000000000000000000000000000000000000000000000000000000000000000000000000000000000000000000000000000000000000000000000000000000000000000000000000000000000000000000000000000000000000000000000000000000000000000', '23112')"
2024-06-06 14:46:54,1014,Warning,Microsoft-Windows-DNS-Client,DESKTOP-QUV3S97,"('browser.pipe.aria.microsoft.com', '128', '020000007C06E004000000000000000000000000000000000000000000000000000000000000000000000000000000000000000000000000000000000000000000000000000000000000000000000000000000000000000000000000000000000000000000000000000000000000000000000000000000000000000000000000', '22256')"
2024-06-06 14:47:40,1014,Warning,Microsoft-Windows-DNS-Client,DESKTOP-QUV3S97,"('teams.live.com', '128', '020000007C06E004000000000000000000000000000000000000000000000000000000000000000000000000000000000000000000000000000000000000000000000000000000000000000000000000000000000000000000000000000000000000000000000000000000000000000000000000000000000000000000000000', '19232')"
2024-06-06 14:48:15,1014,Warning,Microsoft-Windows-DNS-Client,DESKTOP-QUV3S97,"('go.trouter.skype.com', '128', '020000007C06E004000000000000000000000000000000000000000000000000000000000000000000000000000000000000000000000000000000000000000000000000000000000000000000000000000000000000000000000000000000000000000000000000000000000000000000000000000000000000000000000000', '23112')"
2024-06-06 14:48:58,1014,Warning,Microsoft-Windows-DNS-Client,DESKTOP-QUV3S97,"('outlook.office.com', '128', '020000007C06E004000000000000000000000000000000000000000000000000000000000000000000000000000000000000000000000000000000000000000000000000000000000000000000000000000000000000000000000000000000000000000000000000000000000000000000000000000000000000000000000000', '8976')"
2024-06-06 14:49:32,1014,Warning,Microsoft-Windows-DNS-Client,DESKTOP-QUV3S97,"('go.trouter.skype.com', '128', '020000007C06E004000000000000000000000000000000000000000000000000000000000000000000000000000000000000000000000000000000000000000000000000000000000000000000000000000000000000000000000000000000000000000000000000000000000000000000000000000000000000000000000000', '23112')"
2024-06-06 14:49:53,1014,Warning,Microsoft-Windows-DNS-Client,DESKTOP-QUV3S97,"('www.figma.com', '128', '020000007C06E004000000000000000000000000000000000000000000000000000000000000000000000000000000000000000000000000000000000000000000000000000000000000000000000000000000000000000000000000000000000000000000000000000000000000000000000000000000000000000000000000', '8976')"
2024-06-06 15:03:36,566,Information,Microsoft-Windows-Kernel-Power,DESKTOP-QUV3S97,"('63', '12', '54', '1', '19345483', '45650', '45650', '45650', '45650', '55', '2', 'true', '12')"
2024-06-06 15:17:35,507,Information,Microsoft-Windows-Kernel-Power,DESKTOP-QUV3S97,"('0', '42954587', '7497349550', '27556265', '814729880', '857684467', '9', '89', 'false', '31', '0', '3750652', 'true', '811406305', '298723', 'false', 'true', '568375', '7', '0', 'true', 'true', '56', 'false', '45650', '45650', '54', '63', '0', '18446744066238566841', '814729880', '811406305', '0', '0', '96042', 'true', '45650', '45650', '19345483', '45650', '45650', '838338831', '45650', '45650', '45650', '45650', '4', '0')"
2024-06-06 15:53:37,10016,Warning,DCOM,DESKTOP-QUV3S97,"('application-specific', 'Local', 'Activation', '{2593F8B9-4EAF-457C-B68A-50F6B8EA6B54}', '{15C20B67-12E7-4BB6-92BB-7AFF07997402}', 'DESKTOP-QUV3S97', 'Adnan', 'S-1-5-21-1915879001-2348363783-178924610-1001', 'LocalHost (Using LRPC)', 'Unavailable', 'Unavailable')"
2024-06-06 16:01:13,7040,Information,Service Control Manager,DESKTOP-QUV3S97,"('Background Intelligent Transfer Service', 'demand start', 'auto start', 'BITS')"
2024-06-06 16:01:17,113,Information,Microsoft-Windows-HttpService,DESKTOP-QUV3S97,"('18302628933415206927', 'http://*:2869/upnp/eventing/', '0', '14976', '\\Device\\HarddiskVolume3\\Windows\\System32\\svchost.exe', 'S-1-5-19')"
2024-06-06 16:01:22,114,Information,Microsoft-Windows-HttpService,DESKTOP-QUV3S97,"('18302628933415206927', 'http://*:2869/upnp/eventing/', '14976', '\\Device\\HarddiskVolume3\\Windows\\System32\\svchost.exe', 'S-1-5-19')"
2024-06-06 16:03:33,7040,Information,Service Control Manager,DESKTOP-QUV3S97,"('Background Intelligent Transfer Service', 'auto start', 'demand start', 'BITS')"
2024-06-06 16:06:08,10016,Warning,DCOM,DESKTOP-QUV3S97,"('application-specific', 'Local', 'Activation', '{2593F8B9-4EAF-457C-B68A-50F6B8EA6B54}', '{15C20B67-12E7-4BB6-92BB-7AFF07997402}', 'DESKTOP-QUV3S97', 'Adnan', 'S-1-5-21-1915879001-2348363783-178924610-1001', 'LocalHost (Using LRPC)', 'MicrosoftWindows.Client.WebExperience_524.13200.10.0_x64__cw5n1h2txyewy', 'Unavailable')"
2024-06-06 16:11:42,10016,Warning,DCOM,DESKTOP-QUV3S97,"('application-specific', 'Local', 'Activation', '{2593F8B9-4EAF-457C-B68A-50F6B8EA6B54}', '{15C20B67-12E7-4BB6-92BB-7AFF07997402}', 'DESKTOP-QUV3S97', 'Adnan', 'S-1-5-21-1915879001-2348363783-178924610-1001', 'LocalHost (Using LRPC)', 'Unavailable', 'Unavailable')"
2024-06-06 16:24:02,7040,Information,Service Control Manager,DESKTOP-QUV3S97,"('Background Intelligent Transfer Service', 'demand start', 'auto start', 'BITS')"
2024-06-06 16:24:06,113,Information,Microsoft-Windows-HttpService,DESKTOP-QUV3S97,"('18302628894760501259', 'http://*:2869/upnp/eventing/', '0', '14976', '\\Device\\HarddiskVolume3\\Windows\\System32\\svchost.exe', 'S-1-5-19')"
2024-06-06 16:24:11,114,Information,Microsoft-Windows-HttpService,DESKTOP-QUV3S97,"('18302628894760501259', 'http://*:2869/upnp/eventing/', '14976', '\\Device\\HarddiskVolume3\\Windows\\System32\\svchost.exe', 'S-1-5-19')"
2024-06-06 16:24:38,114,Information,Microsoft-Windows-HttpService,DESKTOP-QUV3S97,"('18302628933415206929', 'http://*:2869/upnp/eventing/', '14976', '\\Device\\HarddiskVolume3\\Windows\\System32\\svchost.exe', 'S-1-5-19')"
2024-06-06 16:27:10,7040,Information,Service Control Manager,DESKTOP-QUV3S97,"('Background Intelligent Transfer Service', 'auto start', 'demand start', 'BITS')"
2024-06-06 17:18:39,10016,Warning,DCOM,DESKTOP-QUV3S97,"('application-specific', 'Local', 'Activation', '{2593F8B9-4EAF-457C-B68A-50F6B8EA6B54}', '{15C20B67-12E7-4BB6-92BB-7AFF07997402}', 'DESKTOP-QUV3S97', 'Adnan', 'S-1-5-21-1915879001-2348363783-178924610-1001', 'LocalHost (Using LRPC)', 'Microsoft.SkypeApp_15.119.3201.0_x64__kzf8qxf38zg5c', 'Unavailable')"
2024-06-06 17:18:40,10016,Warning,DCOM,DESKTOP-QUV3S97,"('application-specific', 'Local', 'Activation', '{2593F8B9-4EAF-457C-B68A-50F6B8EA6B54}', '{15C20B67-12E7-4BB6-92BB-7AFF07997402}', 'DESKTOP-QUV3S97', 'Adnan', 'S-1-5-21-1915879001-2348363783-178924610-1001', 'LocalHost (Using LRPC)', 'Microsoft.SkypeApp_15.119.3201.0_x64__kzf8qxf38zg5c', 'Unavailable')"
2024-06-06 18:26:38,44,Information,Microsoft-Windows-WindowsUpdateClient,DESKTOP-QUV3S97,"('Security Intelligence Update for Microsoft Defender Antivirus - KB2267602 (Version 1.413.136.0) - Current Channel (Broad)', '{a42a4664-2ee1-409a-999b-98d1f2ca9f08}', '200')"
2024-06-06 18:26:43,19,Information,Microsoft-Windows-WindowsUpdateClient,DESKTOP-QUV3S97,"('Security Intelligence Update for Microsoft Defender Antivirus - KB2267602 (Version 1.413.136.0) - Current Channel (Broad)', '{a42a4664-2ee1-409a-999b-98d1f2ca9f08}', '200', '{9482f4b4-e343-43b6-b170-9a65bc822c77}')"
2024-06-06 18:26:44,19,Information,Microsoft-Windows-WindowsUpdateClient,DESKTOP-QUV3S97,"('Realtek - Net - 11.15.327.2024', '{4084a34b-8046-4cd5-9932-e1550b141e66}', '1', '{8b24b027-1dee-babb-9a95-3517dfb9c552}')"
2024-06-06 18:38:31,42,Information,Microsoft-Windows-Kernel-Power,DESKTOP-QUV3S97,"('6', '5', '4', '0', '23')"
2024-06-06 18:38:32,107,Information,Microsoft-Windows-Kernel-Power,DESKTOP-QUV3S97,"('6', '5', '5', '1601-01-01T00:00:00.0000000Z', '1601-01-01T00:00:00.0000000Z', '0', '0')"
2024-06-07 09:41:07,1,Information,Microsoft-Windows-Kernel-General,DESKTOP-QUV3S97,"('2024-06-07T03:41:07.5000000Z', '2024-06-06T12:38:32.9334904Z', '54154566', '2', '', '4', '2024-06-07T09:41:07.5000000Z', '-360', 'false', 'false')"
2024-06-07 09:41:08,30,Information,Microsoft-Windows-Kernel-Boot,DESKTOP-QUV3S97,"('0', '4825', '5095', '9377', '9411')"
2024-06-07 09:41:09,1,Information,Microsoft-Windows-Power-Troubleshooter,DESKTOP-QUV3S97,"('2024-06-06T12:38:30.5034906Z', '2024-06-07T03:41:08.0739184Z', '957', '573', '529', '5096', '2238', '4611', '340118', '1979728129', '6', '5', '0', '0', '', '0', '0', '0', '', '', '11')"
2024-06-07 09:41:14,7045,Information,Service Control Manager,DESKTOP-QUV3S97,"('Realtek USB FE/1GbE/2.5GbE/5GbE/10GbE NIC Family KMDF NetAdapterCx 2.2 64-bit Driver', '\\SystemRoot\\System32\\DriverStore\\FileRepository\\rtucx22x64.inf_amd64_a6eb3abe5befec7d\\rtucx22x64.sys', 'kernel mode driver', 'demand start', '')"
2024-06-07 09:41:17,7040,Information,Service Control Manager,DESKTOP-QUV3S97,"('Background Intelligent Transfer Service', 'demand start', 'auto start', 'BITS')"
2024-06-07 09:41:18,5,Information,Microsoft-Windows-IsolatedUserMode,DESKTOP-QUV3S97,"('0', '0', '0', 'NULL')"
2024-06-07 09:41:22,113,Information,Microsoft-Windows-HttpService,DESKTOP-QUV3S97,"('18302628929120239644', 'http://*:2869/upnp/eventing/', '0', '14976', '\\Device\\HarddiskVolume3\\Windows\\System32\\svchost.exe', 'S-1-5-19')"
2024-06-07 09:41:24,5,Information,Microsoft-Windows-IsolatedUserMode,DESKTOP-QUV3S97,"('0', '0', '0', 'NULL')"
2024-06-07 09:41:25,2,Information,Microsoft-Windows-IsolatedUserMode,DESKTOP-QUV3S97,"('0', '0', '0')"
2024-06-07 09:41:26,16,Information,Microsoft-Windows-Kernel-General,DESKTOP-QUV3S97,"('170', '\\??\\C:\\ProgramData\\Packages\\MicrosoftWindows.CrossDevice_cw5n1h2txyewy\\S-1-5-21-1915879001-2348363783-178924610-1001\\SystemAppData\\Helium\\Cache\\1b5e0918131e91df_COM15.dat', '1', '1')"
2024-06-07 09:41:27,113,Information,Microsoft-Windows-HttpService,DESKTOP-QUV3S97,"('18302628899055468550', 'http://*:2869/upnp/eventing/', '0', '14976', '\\Device\\HarddiskVolume3\\Windows\\System32\\svchost.exe', 'S-1-5-19')"
2024-06-07 09:41:46,566,Information,Microsoft-Windows-Kernel-Power,DESKTOP-QUV3S97,"('63', '12', '60', '0', '36128506', '46200', '46200', '46200', '46200', '61', '1', 'true', '12')"
2024-06-07 09:41:52,507,Information,Microsoft-Windows-Kernel-Power,DESKTOP-QUV3S97,"('0', '5834367', '0', '0', '0', '5834367', '0', '90', 'false', '44', '0', '0', 'true', '0', '188790', 'false', 'true', '0', '7', '0', 'true', 'true', '63', 'false', '46200', '46200', '61', '63', '0', '5834367', '0', '0', '0', '0', '187908', 'false', '46200', '46200', '5834375', '0', '0', '0', '46200', '46200', '0', '0', '4', '0')"
2024-06-07 09:41:56,37,Information,Microsoft-Windows-Time-Service,DESKTOP-QUV3S97,"('time.windows.com,0x9 (ntp.m|0x9|0.0.0.0:123->52.148.114.188:123)',)"
2024-06-07 09:42:11,24,Information,Microsoft-Windows-Kernel-General,DESKTOP-QUV3S97,"('0', '-360', '0', '0', '0')"
2024-06-07 09:42:22,16,Information,Microsoft-Windows-Kernel-General,DESKTOP-QUV3S97,"('106', '\\??\\C:\\Users\\win11\\AppData\\Local\\Packages\\Microsoft.WindowsFeedbackHub_8wekyb3d8bbwe\\Settings\\settings.dat', '4', '1')"
2024-06-07 09:42:32,114,Information,Microsoft-Windows-HttpService,DESKTOP-QUV3S97,"('18302628899055468550', 'http://*:2869/upnp/eventing/', '14976', '\\Device\\HarddiskVolume3\\Windows\\System32\\svchost.exe', 'S-1-5-19')"
2024-06-07 09:42:35,113,Information,Microsoft-Windows-HttpService,DESKTOP-QUV3S97,"('18302628890465533955', 'http://*:2869/upnp/eventing/', '0', '14976', '\\Device\\HarddiskVolume3\\Windows\\System32\\svchost.exe', 'S-1-5-19')"
2024-06-07 09:42:41,114,Information,Microsoft-Windows-HttpService,DESKTOP-QUV3S97,"('18302628929120239645', 'http://*:2869/upnp/eventing/', '14976', '\\Device\\HarddiskVolume3\\Windows\\System32\\svchost.exe', 'S-1-5-19')"
2024-06-07 09:42:42,113,Information,Microsoft-Windows-HttpService,DESKTOP-QUV3S97,"('18158513715274579969', 'http://*:2869/upnp/eventing/', '0', '14976', '\\Device\\HarddiskVolume3\\Windows\\System32\\svchost.exe', 'S-1-5-19')"
2024-06-07 09:42:46,114,Information,Microsoft-Windows-HttpService,DESKTOP-QUV3S97,"('18158513715274579969', 'http://*:2869/upnp/eventing/', '14976', '\\Device\\HarddiskVolume3\\Windows\\System32\\svchost.exe', 'S-1-5-19')"
